#
# A fatal error has been detected by the Java Runtime Environment:
#
#  EXCEPTION_ACCESS_VIOLATION (0xc0000005) at pc=0x00007ffb4f66300c, pid=23516, tid=18704
#
# JRE version: Java(TM) SE Runtime Environment (11.0.2+9) (build 11.0.2+9-LTS)
# Java VM: Java HotSpot(TM) 64-Bit Server VM (11.0.2+9-LTS, mixed mode, tiered, compressed oops, g1 gc, windows-amd64)
# Problematic frame:
# C  [OpenCL.dll+0x300c]
#
# No core dump will be written. Minidumps are not enabled by default on client versions of Windows
#
# If you would like to submit a bug report, please visit:
#   http://bugreport.java.com/bugreport/crash.jsp
# The crash happened outside the Java Virtual Machine in native code.
# See problematic frame for where to report the bug.
#

---------------  S U M M A R Y ------------

Command Line: -Dorg.gradle.native=false -javaagent:build/tmp/expandedArchives/org.jacoco.agent-0.8.5.jar_6a2df60c47de373ea127d14406367999/jacocoagent.jar=destfile=build/jacoco/test.exec,append=true,inclnolocationclasses=false,dumponexit=true,output=file,jmx=false -Xmx512m -Dfile.encoding=windows-1252 -Duser.country=AT -Duser.language=de -Duser.variant -ea worker.org.gradle.process.internal.worker.GradleWorkerMain 'Gradle Test Executor 16'

Host: Intel(R) Core(TM) i7-8750H CPU @ 2.20GHz, 12 cores, 15G,  Windows 10 , 64 bit Build 18362 (10.0.18362.329)
Time: Wed Nov 20 00:25:16 2019 Mitteleuropäische Zeit elapsed time: 21 seconds (0d 0h 0m 21s)

---------------  T H R E A D  ---------------

Current thread (0x000001de37606000):  JavaThread "Cleaner-0" daemon [_thread_in_native, id=18704, stack(0x000000639f700000,0x000000639f800000)]

Stack: [0x000000639f700000,0x000000639f800000],  sp=0x000000639f7fef58,  free space=1019k
Native frames: (J=compiled Java code, j=interpreted, Vv=VM code, C=native code)
C  [OpenCL.dll+0x300c]

Java frames: (J=compiled Java code, j=interpreted, Vv=VM code)
j  org.jocl.CL.clReleaseMemObjectNative(Lorg/jocl/cl_mem;)I+0
j  org.jocl.CL.clReleaseMemObject(Lorg/jocl/cl_mem;)I+5
j  neureka.core.device.openCL.OpenCLDevice._rmv(Lneureka/core/device/WeakTensorReference;)V+43
j  neureka.core.device.openCL.OpenCLDevice.lambda$_add$3(Lneureka/core/device/WeakTensorReference;)V+9
j  neureka.core.device.openCL.OpenCLDevice$$Lambda$178.run()V+8
J 859 c1 jdk.internal.ref.CleanerImpl$PhantomCleanableRef.performCleanup()V java.base@11.0.2 (10 bytes) @ 0x000001de1b688b5c [0x000001de1b688a60+0x00000000000000fc]
J 1061 c1 jdk.internal.ref.PhantomCleanable.clean()V java.base@11.0.2 (16 bytes) @ 0x000001de1b70850c [0x000001de1b708360+0x00000000000001ac]
j  jdk.internal.ref.CleanerImpl.run()V+77 java.base@11.0.2
j  java.lang.Thread.run()V+11 java.base@11.0.2
j  jdk.internal.misc.InnocuousThread.run()V+20 java.base@11.0.2
v  ~StubRoutines::call_stub

siginfo: EXCEPTION_ACCESS_VIOLATION (0xc0000005), reading address 0x0000000000000090


Register to memory mapping:

RIP=0x00007ffb4f66300c OpenCL.dll
RAX=0x0 is NULL
RBX={method} {0x000001de36668040} 'clReleaseMemObjectNative' '(Lorg/jocl/cl_mem;)I' in 'org/jocl/CL'
RCX=0x000001de31d4f130 points into unknown readable memory: 00 00 00 00 00 00 00 00
RDX=0x000000639f7feff8 is pointing into the stack for thread: 0x000001de37606000
RSP=0x000000639f7fef58 is pointing into the stack for thread: 0x000001de37606000
RBP=0x000000639f7fefd8 is pointing into the stack for thread: 0x000001de37606000
RSI=0x0000000000000140 is an unknown value
RDI=0x000000000000038d is an unknown value
R8 =0x0000000000000042 is an unknown value
R9 =0x00000000e61df258 is an oop: org.jocl.cl_mem 
{0x00000000e61df258} - klass: 'org/jocl/cl_mem'
R10=0x00000000000001e6 is an unknown value
R11=0x00007ffadd42e0e8 jvm.dll
R12=0x0 is NULL
R13={method} {0x000001de36668040} 'clReleaseMemObjectNative' '(Lorg/jocl/cl_mem;)I' in 'org/jocl/CL'
R14=0x000000639f7feff8 is pointing into the stack for thread: 0x000001de37606000
R15=0x000001de37606000 is a thread


Registers:
RAX=0x0000000000000000, RBX=0x000001de36668038, RCX=0x000001de31d4f130, RDX=0x000000639f7feff8
RSP=0x000000639f7fef58, RBP=0x000000639f7fefd8, RSI=0x0000000000000140, RDI=0x000000000000038d
R8 =0x0000000000000042, R9 =0x00000000e61df258, R10=0x00000000000001e6, R11=0x00007ffadd42e0e8
R12=0x0000000000000000, R13=0x000001de36668038, R14=0x000000639f7feff8, R15=0x000001de37606000
RIP=0x00007ffb4f66300c, EFLAGS=0x0000000000010206

Top of Stack: (sp=0x000000639f7fef58)
0x000000639f7fef58:   000001de1af1f037 000001de36668038
0x000000639f7fef68:   0000000000000000 000000639f7ff048
0x000000639f7fef78:   000001de1bc44fbc 000001de1bc4a47c
0x000000639f7fef88:   0000000000000000 000000639f7fef90
0x000000639f7fef98:   0000000000000000 000000639f7feff8
0x000000639f7fefa8:   000001de36673f00 0000000000000000
0x000000639f7fefb8:   00000000e6173db8 000001de36668038
0x000000639f7fefc8:   0000000000000000 000000639f7feff8
0x000000639f7fefd8:   000000639f7ff048 000001de1af19840
0x000000639f7fefe8:   00000000e6173db8 000001de1af1bf96
0x000000639f7feff8:   00000000e61df258 000000639f7ff000
0x000000639f7ff008:   000001de36667f85 000000639f7ff060
0x000000639f7ff018:   000001de36673f00 0000000000000000
0x000000639f7ff028:   00000000e6173db8 000001de36667fa8
0x000000639f7ff038:   000000639f7feff8 000000639f7ff060
0x000000639f7ff048:   000000639f7ff0b0 000001de1af19840 

Instructions: (pc=0x00007ffb4f66300c)
0x00007ffb4f662fec:   48 ff a0 28 01 00 00 cc cc cc cc cc cc cc cc cc
0x00007ffb4f662ffc:   cc cc cc cc 48 85 c9 75 04 8d 41 da c3 48 8b 01
0x00007ffb4f66300c:   48 ff a0 90 00 00 00 cc cc cc cc cc cc cc cc cc
0x00007ffb4f66301c:   cc cc cc cc 48 85 c9 75 04 8d 41 d4 c3 48 8b 01 


Stack slot to memory mapping:
stack at sp + 0 slots: 0x000001de1af1f037 is at code_begin+1047 in an Interpreter codelet
method entry point (kind = native)  [0x000001de1af1ec20, 0x000001de1af1f780]  2912 bytes
stack at sp + 1 slots: {method} {0x000001de36668040} 'clReleaseMemObjectNative' '(Lorg/jocl/cl_mem;)I' in 'org/jocl/CL'
stack at sp + 2 slots: 0x0 is NULL
stack at sp + 3 slots: 0x000000639f7ff048 is pointing into the stack for thread: 0x000001de37606000
stack at sp + 4 slots: 0x000001de1bc44fbc is at entry_point+60 in (nmethod*)0x000001de1bc44d90
stack at sp + 5 slots: 0x000001de1bc4a47c is at entry_point+380 in (nmethod*)0x000001de1bc4a110
stack at sp + 6 slots: 0x0 is NULL
stack at sp + 7 slots: 0x000000639f7fef90 is pointing into the stack for thread: 0x000001de37606000


---------------  P R O C E S S  ---------------

Threads class SMR info:
_java_thread_list=0x000001de2fb114f0, length=21, elements={
0x000001de113d4800, 0x000001de2f337000, 0x000001de2f363000, 0x000001de2f3b9800,
0x000001de2f3ba800, 0x000001de2f3bf000, 0x000001de2f3c4000, 0x000001de2f3ca000,
0x000001de2f559800, 0x000001de2f8b8000, 0x000001de30a39000, 0x000001de306f6800,
0x000001de307d7800, 0x000001de30667800, 0x000001de30840000, 0x000001de312ab000,
0x000001de322fb000, 0x000001de33290000, 0x000001de37606000, 0x000001de30bd6000,
0x000001de30576000
}

Java Threads: ( => current thread )
  0x000001de113d4800 JavaThread "main" [_thread_blocked, id=12476, stack(0x000000639c500000,0x000000639c600000)]
  0x000001de2f337000 JavaThread "Reference Handler" daemon [_thread_blocked, id=30996, stack(0x000000639cc00000,0x000000639cd00000)]
  0x000001de2f363000 JavaThread "Finalizer" daemon [_thread_blocked, id=24044, stack(0x000000639cd00000,0x000000639ce00000)]
  0x000001de2f3b9800 JavaThread "Signal Dispatcher" daemon [_thread_blocked, id=19340, stack(0x000000639ce00000,0x000000639cf00000)]
  0x000001de2f3ba800 JavaThread "Attach Listener" daemon [_thread_blocked, id=31496, stack(0x000000639cf00000,0x000000639d000000)]
  0x000001de2f3bf000 JavaThread "C2 CompilerThread0" daemon [_thread_in_native, id=32088, stack(0x000000639d000000,0x000000639d100000)]
  0x000001de2f3c4000 JavaThread "C1 CompilerThread0" daemon [_thread_blocked, id=19520, stack(0x000000639d100000,0x000000639d200000)]
  0x000001de2f3ca000 JavaThread "Sweeper thread" daemon [_thread_blocked, id=32324, stack(0x000000639d200000,0x000000639d300000)]
  0x000001de2f559800 JavaThread "Common-Cleaner" daemon [_thread_blocked, id=21360, stack(0x000000639d300000,0x000000639d400000)]
  0x000001de2f8b8000 JavaThread "Service Thread" daemon [_thread_blocked, id=23560, stack(0x000000639d400000,0x000000639d500000)]
  0x000001de30a39000 JavaThread "Test worker" [_thread_in_Java, id=15092, stack(0x000000639de00000,0x000000639df00000)]
  0x000001de306f6800 JavaThread "/127.0.0.1:62755 to /127.0.0.1:62749 workers Thread 2" [_thread_blocked, id=32500, stack(0x000000639d600000,0x000000639d700000)]
  0x000001de307d7800 JavaThread "/127.0.0.1:62755 to /127.0.0.1:62749 workers Thread 3" [_thread_in_native, id=25708, stack(0x000000639d700000,0x000000639d800000)]
  0x000001de30667800 JavaThread "Java2D Disposer" daemon [_thread_blocked, id=30776, stack(0x000000639e100000,0x000000639e200000)]
  0x000001de30840000 JavaThread "AWT-Shutdown" [_thread_blocked, id=15352, stack(0x000000639e200000,0x000000639e300000)]
  0x000001de312ab000 JavaThread "AWT-Windows" daemon [_thread_in_native, id=28604, stack(0x000000639e300000,0x000000639e400000)]
  0x000001de322fb000 JavaThread "AWT-EventQueue-0" [_thread_blocked, id=30768, stack(0x000000639e400000,0x000000639e500000)]
  0x000001de33290000 JavaThread "TimerQueue" daemon [_thread_blocked, id=14380, stack(0x000000639ee00000,0x000000639ef00000)]
=>0x000001de37606000 JavaThread "Cleaner-0" daemon [_thread_in_native, id=18704, stack(0x000000639f700000,0x000000639f800000)]
  0x000001de30bd6000 JavaThread "C2 CompilerThread1" daemon [_thread_in_native, id=32428, stack(0x000000639df00000,0x000000639e000000)]
  0x000001de30576000 JavaThread "C2 CompilerThread2" daemon [_thread_in_native, id=3548, stack(0x000000639f800000,0x000000639f900000)]

Other Threads:
  0x000001de2f333800 VMThread "VM Thread" [stack: 0x000000639cb00000,0x000000639cc00000] [id=17712]
  0x000001de2f651000 WatcherThread [stack: 0x000000639d500000,0x000000639d600000] [id=30268]
  0x000001de113ec800 GCTaskThread "GC Thread#0" [stack: 0x000000639c600000,0x000000639c700000] [id=22472]
  0x000001de30720800 GCTaskThread "GC Thread#1" [stack: 0x000000639d800000,0x000000639d900000] [id=6068]
  0x000001de308dd000 GCTaskThread "GC Thread#2" [stack: 0x000000639d900000,0x000000639da00000] [id=18352]
  0x000001de308de000 GCTaskThread "GC Thread#3" [stack: 0x000000639da00000,0x000000639db00000] [id=30496]
  0x000001de30729800 GCTaskThread "GC Thread#4" [stack: 0x000000639db00000,0x000000639dc00000] [id=22724]
  0x000001de3072a000 GCTaskThread "GC Thread#5" [stack: 0x000000639dc00000,0x000000639dd00000] [id=22664]
  0x000001de30de1000 GCTaskThread "GC Thread#6" [stack: 0x000000639e500000,0x000000639e600000] [id=25868]
  0x000001de31a48000 GCTaskThread "GC Thread#7" [stack: 0x000000639e600000,0x000000639e700000] [id=27180]
  0x000001de322fb800 GCTaskThread "GC Thread#8" [stack: 0x000000639e700000,0x000000639e800000] [id=26912]
  0x000001de2f8d8000 GCTaskThread "GC Thread#9" [stack: 0x000000639e800000,0x000000639e900000] [id=32760]
  0x000001de113fe000 ConcurrentGCThread "G1 Main Marker" [stack: 0x000000639c700000,0x000000639c800000] [id=31892]
  0x000001de11400000 ConcurrentGCThread "G1 Conc#0" [stack: 0x000000639c800000,0x000000639c900000] [id=25816]
  0x000001de30aeb000 ConcurrentGCThread "G1 Conc#1" [stack: 0x000000639e900000,0x000000639ea00000] [id=18368]
  0x000001de30a9c000 ConcurrentGCThread "G1 Conc#2" [stack: 0x000000639ea00000,0x000000639eb00000] [id=3748]
  0x000001de1149e800 ConcurrentGCThread "G1 Refine#0" [stack: 0x000000639c900000,0x000000639ca00000] [id=32272]
  0x000001de2e999800 ConcurrentGCThread "G1 Young RemSet Sampling" [stack: 0x000000639ca00000,0x000000639cb00000] [id=6624]

Threads with active compile tasks:
C2 CompilerThread03879 %     4       javax.swing.text.PlainView::updateDamage @ 155 (354 bytes)
C2 CompilerThread13789   !   4       javax.swing.text.PlainDocument::insertUpdate (410 bytes)
C2 CompilerThread23885       4       javax.swing.text.PlainView::calculateLongestLine (98 bytes)

VM state:not at safepoint (normal execution)

VM Mutex/Monitor currently owned by a thread: None

Heap address: 0x00000000e0000000, size: 512 MB, Compressed Oops mode: 32-bit
Narrow klass base: 0x0000000000000000, Narrow klass shift: 3
Compressed class space size: 1073741824 Address: 0x0000000100000000

Heap:
 garbage-first heap   total 258048K, used 29642K [0x00000000e0000000, 0x0000000100000000)
  region size 1024K, 24 young (24576K), 8 survivors (8192K)
 Metaspace       used 30276K, capacity 31409K, committed 31744K, reserved 1077248K
  class space    used 3248K, capacity 3750K, committed 3840K, reserved 1048576K
Heap Regions: E=young(eden), S=young(survivor), O=old, HS=humongous(starts), HC=humongous(continues), CS=collection set, F=free, A=archive, TAMS=top-at-mark-start (previous, next)
|   0|0x00000000e0000000, 0x00000000e0100000, 0x00000000e0100000|100%| O|  |TAMS 0x00000000e001fa00, 0x00000000e0000000| Untracked 
|   1|0x00000000e0100000, 0x00000000e0200000, 0x00000000e0200000|100%|HS|  |TAMS 0x00000000e0100000, 0x00000000e0100000| Complete 
|   2|0x00000000e0200000, 0x00000000e0300000, 0x00000000e0300000|100%|HC|  |TAMS 0x00000000e0200000, 0x00000000e0200000| Complete 
|   3|0x00000000e0300000, 0x00000000e0400000, 0x00000000e0400000|100%|HC|  |TAMS 0x00000000e0300000, 0x00000000e0300000| Complete 
|   4|0x00000000e0400000, 0x00000000e0500000, 0x00000000e0500000|100%| O|  |TAMS 0x00000000e0400000, 0x00000000e0400000| Untracked 
|   5|0x00000000e0500000, 0x00000000e05f8400, 0x00000000e0600000| 96%| O|  |TAMS 0x00000000e0500000, 0x00000000e0500000| Untracked 
|   6|0x00000000e0600000, 0x00000000e0600000, 0x00000000e0700000|  0%| F|  |TAMS 0x00000000e0600000, 0x00000000e0600000| Untracked 
|   7|0x00000000e0700000, 0x00000000e0700000, 0x00000000e0800000|  0%| F|  |TAMS 0x00000000e0700000, 0x00000000e0700000| Untracked 
|   8|0x00000000e0800000, 0x00000000e0800000, 0x00000000e0900000|  0%| F|  |TAMS 0x00000000e0800000, 0x00000000e0800000| Untracked 
|   9|0x00000000e0900000, 0x00000000e0900000, 0x00000000e0a00000|  0%| F|  |TAMS 0x00000000e0900000, 0x00000000e0900000| Untracked 
|  10|0x00000000e0a00000, 0x00000000e0a00000, 0x00000000e0b00000|  0%| F|  |TAMS 0x00000000e0a00000, 0x00000000e0a00000| Untracked 
|  11|0x00000000e0b00000, 0x00000000e0b00000, 0x00000000e0c00000|  0%| F|  |TAMS 0x00000000e0b00000, 0x00000000e0b00000| Untracked 
|  12|0x00000000e0c00000, 0x00000000e0c00000, 0x00000000e0d00000|  0%| F|  |TAMS 0x00000000e0c00000, 0x00000000e0c00000| Untracked 
|  13|0x00000000e0d00000, 0x00000000e0d00000, 0x00000000e0e00000|  0%| F|  |TAMS 0x00000000e0d00000, 0x00000000e0d00000| Untracked 
|  14|0x00000000e0e00000, 0x00000000e0e00000, 0x00000000e0f00000|  0%| F|  |TAMS 0x00000000e0e00000, 0x00000000e0e00000| Untracked 
|  15|0x00000000e0f00000, 0x00000000e0f00000, 0x00000000e1000000|  0%| F|  |TAMS 0x00000000e0f00000, 0x00000000e0f00000| Untracked 
|  16|0x00000000e1000000, 0x00000000e1000000, 0x00000000e1100000|  0%| F|  |TAMS 0x00000000e1000000, 0x00000000e1000000| Untracked 
|  17|0x00000000e1100000, 0x00000000e1100000, 0x00000000e1200000|  0%| F|  |TAMS 0x00000000e1100000, 0x00000000e1100000| Untracked 
|  18|0x00000000e1200000, 0x00000000e1200000, 0x00000000e1300000|  0%| F|  |TAMS 0x00000000e1200000, 0x00000000e1200000| Untracked 
|  19|0x00000000e1300000, 0x00000000e1300000, 0x00000000e1400000|  0%| F|  |TAMS 0x00000000e1300000, 0x00000000e1300000| Untracked 
|  20|0x00000000e1400000, 0x00000000e1400000, 0x00000000e1500000|  0%| F|  |TAMS 0x00000000e1400000, 0x00000000e1400000| Untracked 
|  21|0x00000000e1500000, 0x00000000e1500000, 0x00000000e1600000|  0%| F|  |TAMS 0x00000000e1500000, 0x00000000e1500000| Untracked 
|  22|0x00000000e1600000, 0x00000000e1600000, 0x00000000e1700000|  0%| F|  |TAMS 0x00000000e1600000, 0x00000000e1600000| Untracked 
|  23|0x00000000e1700000, 0x00000000e1700000, 0x00000000e1800000|  0%| F|  |TAMS 0x00000000e1700000, 0x00000000e1700000| Untracked 
|  24|0x00000000e1800000, 0x00000000e1800000, 0x00000000e1900000|  0%| F|  |TAMS 0x00000000e1800000, 0x00000000e1800000| Untracked 
|  25|0x00000000e1900000, 0x00000000e1900000, 0x00000000e1a00000|  0%| F|  |TAMS 0x00000000e1900000, 0x00000000e1900000| Untracked 
|  26|0x00000000e1a00000, 0x00000000e1a00000, 0x00000000e1b00000|  0%| F|  |TAMS 0x00000000e1a00000, 0x00000000e1a00000| Untracked 
|  27|0x00000000e1b00000, 0x00000000e1b00000, 0x00000000e1c00000|  0%| F|  |TAMS 0x00000000e1b00000, 0x00000000e1b00000| Untracked 
|  28|0x00000000e1c00000, 0x00000000e1c00000, 0x00000000e1d00000|  0%| F|  |TAMS 0x00000000e1c00000, 0x00000000e1c00000| Untracked 
|  29|0x00000000e1d00000, 0x00000000e1d00000, 0x00000000e1e00000|  0%| F|  |TAMS 0x00000000e1d00000, 0x00000000e1d00000| Untracked 
|  30|0x00000000e1e00000, 0x00000000e1e00000, 0x00000000e1f00000|  0%| F|  |TAMS 0x00000000e1e00000, 0x00000000e1e00000| Untracked 
|  31|0x00000000e1f00000, 0x00000000e1f00000, 0x00000000e2000000|  0%| F|  |TAMS 0x00000000e1f00000, 0x00000000e1f00000| Untracked 
|  32|0x00000000e2000000, 0x00000000e2000000, 0x00000000e2100000|  0%| F|  |TAMS 0x00000000e2000000, 0x00000000e2000000| Untracked 
|  33|0x00000000e2100000, 0x00000000e2100000, 0x00000000e2200000|  0%| F|  |TAMS 0x00000000e2100000, 0x00000000e2100000| Untracked 
|  34|0x00000000e2200000, 0x00000000e2200000, 0x00000000e2300000|  0%| F|  |TAMS 0x00000000e2200000, 0x00000000e2200000| Untracked 
|  35|0x00000000e2300000, 0x00000000e2300000, 0x00000000e2400000|  0%| F|  |TAMS 0x00000000e2300000, 0x00000000e2300000| Untracked 
|  36|0x00000000e2400000, 0x00000000e2400000, 0x00000000e2500000|  0%| F|  |TAMS 0x00000000e2400000, 0x00000000e2400000| Untracked 
|  37|0x00000000e2500000, 0x00000000e2500000, 0x00000000e2600000|  0%| F|  |TAMS 0x00000000e2500000, 0x00000000e2500000| Untracked 
|  38|0x00000000e2600000, 0x00000000e2600000, 0x00000000e2700000|  0%| F|  |TAMS 0x00000000e2600000, 0x00000000e2600000| Untracked 
|  39|0x00000000e2700000, 0x00000000e2700000, 0x00000000e2800000|  0%| F|  |TAMS 0x00000000e2700000, 0x00000000e2700000| Untracked 
|  40|0x00000000e2800000, 0x00000000e2800000, 0x00000000e2900000|  0%| F|  |TAMS 0x00000000e2800000, 0x00000000e2800000| Untracked 
|  41|0x00000000e2900000, 0x00000000e2900000, 0x00000000e2a00000|  0%| F|  |TAMS 0x00000000e2900000, 0x00000000e2900000| Untracked 
|  42|0x00000000e2a00000, 0x00000000e2a00000, 0x00000000e2b00000|  0%| F|  |TAMS 0x00000000e2a00000, 0x00000000e2a00000| Untracked 
|  43|0x00000000e2b00000, 0x00000000e2b00000, 0x00000000e2c00000|  0%| F|  |TAMS 0x00000000e2b00000, 0x00000000e2b00000| Untracked 
|  44|0x00000000e2c00000, 0x00000000e2c00000, 0x00000000e2d00000|  0%| F|  |TAMS 0x00000000e2c00000, 0x00000000e2c00000| Untracked 
|  45|0x00000000e2d00000, 0x00000000e2d00000, 0x00000000e2e00000|  0%| F|  |TAMS 0x00000000e2d00000, 0x00000000e2d00000| Untracked 
|  46|0x00000000e2e00000, 0x00000000e2e00000, 0x00000000e2f00000|  0%| F|  |TAMS 0x00000000e2e00000, 0x00000000e2e00000| Untracked 
|  47|0x00000000e2f00000, 0x00000000e2f00000, 0x00000000e3000000|  0%| F|  |TAMS 0x00000000e2f00000, 0x00000000e2f00000| Untracked 
|  48|0x00000000e3000000, 0x00000000e3000000, 0x00000000e3100000|  0%| F|  |TAMS 0x00000000e3000000, 0x00000000e3000000| Untracked 
|  49|0x00000000e3100000, 0x00000000e3100000, 0x00000000e3200000|  0%| F|  |TAMS 0x00000000e3100000, 0x00000000e3100000| Untracked 
|  50|0x00000000e3200000, 0x00000000e3200000, 0x00000000e3300000|  0%| F|  |TAMS 0x00000000e3200000, 0x00000000e3200000| Untracked 
|  51|0x00000000e3300000, 0x00000000e3300000, 0x00000000e3400000|  0%| F|  |TAMS 0x00000000e3300000, 0x00000000e3300000| Untracked 
|  52|0x00000000e3400000, 0x00000000e3400000, 0x00000000e3500000|  0%| F|  |TAMS 0x00000000e3400000, 0x00000000e3400000| Untracked 
|  53|0x00000000e3500000, 0x00000000e3500000, 0x00000000e3600000|  0%| F|  |TAMS 0x00000000e3500000, 0x00000000e3500000| Untracked 
|  54|0x00000000e3600000, 0x00000000e3600000, 0x00000000e3700000|  0%| F|  |TAMS 0x00000000e3600000, 0x00000000e3600000| Untracked 
|  55|0x00000000e3700000, 0x00000000e3700000, 0x00000000e3800000|  0%| F|  |TAMS 0x00000000e3700000, 0x00000000e3700000| Untracked 
|  56|0x00000000e3800000, 0x00000000e3800000, 0x00000000e3900000|  0%| F|  |TAMS 0x00000000e3800000, 0x00000000e3800000| Untracked 
|  57|0x00000000e3900000, 0x00000000e3900000, 0x00000000e3a00000|  0%| F|  |TAMS 0x00000000e3900000, 0x00000000e3900000| Untracked 
|  58|0x00000000e3a00000, 0x00000000e3a00000, 0x00000000e3b00000|  0%| F|  |TAMS 0x00000000e3a00000, 0x00000000e3a00000| Untracked 
|  59|0x00000000e3b00000, 0x00000000e3b00000, 0x00000000e3c00000|  0%| F|  |TAMS 0x00000000e3b00000, 0x00000000e3b00000| Untracked 
|  60|0x00000000e3c00000, 0x00000000e3c00000, 0x00000000e3d00000|  0%| F|  |TAMS 0x00000000e3c00000, 0x00000000e3c00000| Untracked 
|  61|0x00000000e3d00000, 0x00000000e3d00000, 0x00000000e3e00000|  0%| F|  |TAMS 0x00000000e3d00000, 0x00000000e3d00000| Untracked 
|  62|0x00000000e3e00000, 0x00000000e3e00000, 0x00000000e3f00000|  0%| F|  |TAMS 0x00000000e3e00000, 0x00000000e3e00000| Untracked 
|  63|0x00000000e3f00000, 0x00000000e3f00000, 0x00000000e4000000|  0%| F|  |TAMS 0x00000000e3f00000, 0x00000000e3f00000| Untracked 
|  64|0x00000000e4000000, 0x00000000e4000000, 0x00000000e4100000|  0%| F|  |TAMS 0x00000000e4000000, 0x00000000e4000000| Untracked 
|  65|0x00000000e4100000, 0x00000000e4100000, 0x00000000e4200000|  0%| F|  |TAMS 0x00000000e4100000, 0x00000000e4100000| Untracked 
|  66|0x00000000e4200000, 0x00000000e4200000, 0x00000000e4300000|  0%| F|  |TAMS 0x00000000e4200000, 0x00000000e4200000| Untracked 
|  67|0x00000000e4300000, 0x00000000e4300000, 0x00000000e4400000|  0%| F|  |TAMS 0x00000000e4300000, 0x00000000e4300000| Untracked 
|  68|0x00000000e4400000, 0x00000000e4400000, 0x00000000e4500000|  0%| F|  |TAMS 0x00000000e4400000, 0x00000000e4400000| Untracked 
|  69|0x00000000e4500000, 0x00000000e4500000, 0x00000000e4600000|  0%| F|  |TAMS 0x00000000e4500000, 0x00000000e4500000| Untracked 
|  70|0x00000000e4600000, 0x00000000e4600000, 0x00000000e4700000|  0%| F|  |TAMS 0x00000000e4600000, 0x00000000e4600000| Untracked 
|  71|0x00000000e4700000, 0x00000000e4700000, 0x00000000e4800000|  0%| F|  |TAMS 0x00000000e4700000, 0x00000000e4700000| Untracked 
|  72|0x00000000e4800000, 0x00000000e4800000, 0x00000000e4900000|  0%| F|  |TAMS 0x00000000e4800000, 0x00000000e4800000| Untracked 
|  73|0x00000000e4900000, 0x00000000e4900000, 0x00000000e4a00000|  0%| F|  |TAMS 0x00000000e4900000, 0x00000000e4900000| Untracked 
|  74|0x00000000e4a00000, 0x00000000e4a00000, 0x00000000e4b00000|  0%| F|  |TAMS 0x00000000e4a00000, 0x00000000e4a00000| Untracked 
|  75|0x00000000e4b00000, 0x00000000e4b00000, 0x00000000e4c00000|  0%| F|  |TAMS 0x00000000e4b00000, 0x00000000e4b00000| Untracked 
|  76|0x00000000e4c00000, 0x00000000e4c00000, 0x00000000e4d00000|  0%| F|  |TAMS 0x00000000e4c00000, 0x00000000e4c00000| Untracked 
|  77|0x00000000e4d00000, 0x00000000e4d00000, 0x00000000e4e00000|  0%| F|  |TAMS 0x00000000e4d00000, 0x00000000e4d00000| Untracked 
|  78|0x00000000e4e00000, 0x00000000e4e00000, 0x00000000e4f00000|  0%| F|  |TAMS 0x00000000e4e00000, 0x00000000e4e00000| Untracked 
|  79|0x00000000e4f00000, 0x00000000e4f00000, 0x00000000e5000000|  0%| F|  |TAMS 0x00000000e4f00000, 0x00000000e4f00000| Untracked 
|  80|0x00000000e5000000, 0x00000000e5000000, 0x00000000e5100000|  0%| F|  |TAMS 0x00000000e5000000, 0x00000000e5000000| Untracked 
|  81|0x00000000e5100000, 0x00000000e5100000, 0x00000000e5200000|  0%| F|  |TAMS 0x00000000e5100000, 0x00000000e5100000| Untracked 
|  82|0x00000000e5200000, 0x00000000e5200000, 0x00000000e5300000|  0%| F|  |TAMS 0x00000000e5200000, 0x00000000e5200000| Untracked 
|  83|0x00000000e5300000, 0x00000000e5300000, 0x00000000e5400000|  0%| F|  |TAMS 0x00000000e5300000, 0x00000000e5300000| Untracked 
|  84|0x00000000e5400000, 0x00000000e5400000, 0x00000000e5500000|  0%| F|  |TAMS 0x00000000e5400000, 0x00000000e5400000| Untracked 
|  85|0x00000000e5500000, 0x00000000e5500000, 0x00000000e5600000|  0%| F|  |TAMS 0x00000000e5500000, 0x00000000e5500000| Untracked 
|  86|0x00000000e5600000, 0x00000000e5600000, 0x00000000e5700000|  0%| F|  |TAMS 0x00000000e5600000, 0x00000000e5600000| Untracked 
|  87|0x00000000e5700000, 0x00000000e5700000, 0x00000000e5800000|  0%| F|  |TAMS 0x00000000e5700000, 0x00000000e5700000| Untracked 
|  88|0x00000000e5800000, 0x00000000e5800000, 0x00000000e5900000|  0%| F|  |TAMS 0x00000000e5800000, 0x00000000e5800000| Untracked 
|  89|0x00000000e5900000, 0x00000000e5900000, 0x00000000e5a00000|  0%| F|  |TAMS 0x00000000e5900000, 0x00000000e5900000| Untracked 
|  90|0x00000000e5a00000, 0x00000000e5a00000, 0x00000000e5b00000|  0%| F|  |TAMS 0x00000000e5a00000, 0x00000000e5a00000| Untracked 
|  91|0x00000000e5b00000, 0x00000000e5b00000, 0x00000000e5c00000|  0%| F|  |TAMS 0x00000000e5b00000, 0x00000000e5b00000| Untracked 
|  92|0x00000000e5c00000, 0x00000000e5cfa5f0, 0x00000000e5d00000| 97%| S|CS|TAMS 0x00000000e5c00000, 0x00000000e5c00000| Complete 
|  93|0x00000000e5d00000, 0x00000000e5e00000, 0x00000000e5e00000|100%| S|CS|TAMS 0x00000000e5d00000, 0x00000000e5d00000| Complete 
|  94|0x00000000e5e00000, 0x00000000e5f00000, 0x00000000e5f00000|100%| S|CS|TAMS 0x00000000e5e00000, 0x00000000e5e00000| Complete 
|  95|0x00000000e5f00000, 0x00000000e6000000, 0x00000000e6000000|100%| S|CS|TAMS 0x00000000e5f00000, 0x00000000e5f00000| Complete 
|  96|0x00000000e6000000, 0x00000000e6100000, 0x00000000e6100000|100%| S|CS|TAMS 0x00000000e6000000, 0x00000000e6000000| Complete 
|  97|0x00000000e6100000, 0x00000000e6200000, 0x00000000e6200000|100%| S|CS|TAMS 0x00000000e6100000, 0x00000000e6100000| Complete 
|  98|0x00000000e6200000, 0x00000000e6300000, 0x00000000e6300000|100%| S|CS|TAMS 0x00000000e6200000, 0x00000000e6200000| Complete 
|  99|0x00000000e6300000, 0x00000000e6400000, 0x00000000e6400000|100%| S|CS|TAMS 0x00000000e6300000, 0x00000000e6300000| Complete 
| 100|0x00000000e6400000, 0x00000000e6400000, 0x00000000e6500000|  0%| F|  |TAMS 0x00000000e6400000, 0x00000000e6400000| Untracked 
| 101|0x00000000e6500000, 0x00000000e6500000, 0x00000000e6600000|  0%| F|  |TAMS 0x00000000e6500000, 0x00000000e6500000| Untracked 
| 102|0x00000000e6600000, 0x00000000e6600000, 0x00000000e6700000|  0%| F|  |TAMS 0x00000000e6600000, 0x00000000e6600000| Untracked 
| 103|0x00000000e6700000, 0x00000000e6700000, 0x00000000e6800000|  0%| F|  |TAMS 0x00000000e6700000, 0x00000000e6700000| Untracked 
| 104|0x00000000e6800000, 0x00000000e6800000, 0x00000000e6900000|  0%| F|  |TAMS 0x00000000e6800000, 0x00000000e6800000| Untracked 
| 105|0x00000000e6900000, 0x00000000e6900000, 0x00000000e6a00000|  0%| F|  |TAMS 0x00000000e6900000, 0x00000000e6900000| Untracked 
| 106|0x00000000e6a00000, 0x00000000e6a00000, 0x00000000e6b00000|  0%| F|  |TAMS 0x00000000e6a00000, 0x00000000e6a00000| Untracked 
| 107|0x00000000e6b00000, 0x00000000e6b00000, 0x00000000e6c00000|  0%| F|  |TAMS 0x00000000e6b00000, 0x00000000e6b00000| Untracked 
| 108|0x00000000e6c00000, 0x00000000e6c00000, 0x00000000e6d00000|  0%| F|  |TAMS 0x00000000e6c00000, 0x00000000e6c00000| Untracked 
| 109|0x00000000e6d00000, 0x00000000e6d00000, 0x00000000e6e00000|  0%| F|  |TAMS 0x00000000e6d00000, 0x00000000e6d00000| Untracked 
| 110|0x00000000e6e00000, 0x00000000e6e00000, 0x00000000e6f00000|  0%| F|  |TAMS 0x00000000e6e00000, 0x00000000e6e00000| Untracked 
| 111|0x00000000e6f00000, 0x00000000e6f00000, 0x00000000e7000000|  0%| F|  |TAMS 0x00000000e6f00000, 0x00000000e6f00000| Untracked 
| 112|0x00000000e7000000, 0x00000000e7000000, 0x00000000e7100000|  0%| F|  |TAMS 0x00000000e7000000, 0x00000000e7000000| Untracked 
| 113|0x00000000e7100000, 0x00000000e7100000, 0x00000000e7200000|  0%| F|  |TAMS 0x00000000e7100000, 0x00000000e7100000| Untracked 
| 114|0x00000000e7200000, 0x00000000e7200000, 0x00000000e7300000|  0%| F|  |TAMS 0x00000000e7200000, 0x00000000e7200000| Untracked 
| 115|0x00000000e7300000, 0x00000000e7300000, 0x00000000e7400000|  0%| F|  |TAMS 0x00000000e7300000, 0x00000000e7300000| Untracked 
| 116|0x00000000e7400000, 0x00000000e7400000, 0x00000000e7500000|  0%| F|  |TAMS 0x00000000e7400000, 0x00000000e7400000| Untracked 
| 117|0x00000000e7500000, 0x00000000e7500000, 0x00000000e7600000|  0%| F|  |TAMS 0x00000000e7500000, 0x00000000e7500000| Untracked 
| 118|0x00000000e7600000, 0x00000000e7600000, 0x00000000e7700000|  0%| F|  |TAMS 0x00000000e7600000, 0x00000000e7600000| Untracked 
| 119|0x00000000e7700000, 0x00000000e7700000, 0x00000000e7800000|  0%| F|  |TAMS 0x00000000e7700000, 0x00000000e7700000| Untracked 
| 120|0x00000000e7800000, 0x00000000e7800000, 0x00000000e7900000|  0%| F|  |TAMS 0x00000000e7800000, 0x00000000e7800000| Untracked 
| 121|0x00000000e7900000, 0x00000000e7900000, 0x00000000e7a00000|  0%| F|  |TAMS 0x00000000e7900000, 0x00000000e7900000| Untracked 
| 122|0x00000000e7a00000, 0x00000000e7a00000, 0x00000000e7b00000|  0%| F|  |TAMS 0x00000000e7a00000, 0x00000000e7a00000| Untracked 
| 123|0x00000000e7b00000, 0x00000000e7b00000, 0x00000000e7c00000|  0%| F|  |TAMS 0x00000000e7b00000, 0x00000000e7b00000| Untracked 
| 124|0x00000000e7c00000, 0x00000000e7c00000, 0x00000000e7d00000|  0%| F|  |TAMS 0x00000000e7c00000, 0x00000000e7c00000| Untracked 
| 125|0x00000000e7d00000, 0x00000000e7d00000, 0x00000000e7e00000|  0%| F|  |TAMS 0x00000000e7d00000, 0x00000000e7d00000| Untracked 
| 126|0x00000000e7e00000, 0x00000000e7e00000, 0x00000000e7f00000|  0%| F|  |TAMS 0x00000000e7e00000, 0x00000000e7e00000| Untracked 
| 127|0x00000000e7f00000, 0x00000000e7f00000, 0x00000000e8000000|  0%| F|  |TAMS 0x00000000e7f00000, 0x00000000e7f00000| Untracked 
| 128|0x00000000e8000000, 0x00000000e8000000, 0x00000000e8100000|  0%| F|  |TAMS 0x00000000e8000000, 0x00000000e8000000| Untracked 
| 129|0x00000000e8100000, 0x00000000e8100000, 0x00000000e8200000|  0%| F|  |TAMS 0x00000000e8100000, 0x00000000e8100000| Untracked 
| 130|0x00000000e8200000, 0x00000000e8200000, 0x00000000e8300000|  0%| F|  |TAMS 0x00000000e8200000, 0x00000000e8200000| Untracked 
| 131|0x00000000e8300000, 0x00000000e8300000, 0x00000000e8400000|  0%| F|  |TAMS 0x00000000e8300000, 0x00000000e8300000| Untracked 
| 132|0x00000000e8400000, 0x00000000e8400000, 0x00000000e8500000|  0%| F|  |TAMS 0x00000000e8400000, 0x00000000e8400000| Untracked 
| 133|0x00000000e8500000, 0x00000000e8500000, 0x00000000e8600000|  0%| F|  |TAMS 0x00000000e8500000, 0x00000000e8500000| Untracked 
| 134|0x00000000e8600000, 0x00000000e8600000, 0x00000000e8700000|  0%| F|  |TAMS 0x00000000e8600000, 0x00000000e8600000| Untracked 
| 135|0x00000000e8700000, 0x00000000e8700000, 0x00000000e8800000|  0%| F|  |TAMS 0x00000000e8700000, 0x00000000e8700000| Untracked 
| 136|0x00000000e8800000, 0x00000000e8800000, 0x00000000e8900000|  0%| F|  |TAMS 0x00000000e8800000, 0x00000000e8800000| Untracked 
| 137|0x00000000e8900000, 0x00000000e8900000, 0x00000000e8a00000|  0%| F|  |TAMS 0x00000000e8900000, 0x00000000e8900000| Untracked 
| 138|0x00000000e8a00000, 0x00000000e8a00000, 0x00000000e8b00000|  0%| F|  |TAMS 0x00000000e8a00000, 0x00000000e8a00000| Untracked 
| 139|0x00000000e8b00000, 0x00000000e8b00000, 0x00000000e8c00000|  0%| F|  |TAMS 0x00000000e8b00000, 0x00000000e8b00000| Untracked 
| 140|0x00000000e8c00000, 0x00000000e8c00000, 0x00000000e8d00000|  0%| F|  |TAMS 0x00000000e8c00000, 0x00000000e8c00000| Untracked 
| 141|0x00000000e8d00000, 0x00000000e8d00000, 0x00000000e8e00000|  0%| F|  |TAMS 0x00000000e8d00000, 0x00000000e8d00000| Untracked 
| 142|0x00000000e8e00000, 0x00000000e8e00000, 0x00000000e8f00000|  0%| F|  |TAMS 0x00000000e8e00000, 0x00000000e8e00000| Untracked 
| 143|0x00000000e8f00000, 0x00000000e8f00000, 0x00000000e9000000|  0%| F|  |TAMS 0x00000000e8f00000, 0x00000000e8f00000| Untracked 
| 144|0x00000000e9000000, 0x00000000e9000000, 0x00000000e9100000|  0%| F|  |TAMS 0x00000000e9000000, 0x00000000e9000000| Untracked 
| 145|0x00000000e9100000, 0x00000000e9100000, 0x00000000e9200000|  0%| F|  |TAMS 0x00000000e9100000, 0x00000000e9100000| Untracked 
| 146|0x00000000e9200000, 0x00000000e9200000, 0x00000000e9300000|  0%| F|  |TAMS 0x00000000e9200000, 0x00000000e9200000| Untracked 
| 147|0x00000000e9300000, 0x00000000e9300000, 0x00000000e9400000|  0%| F|  |TAMS 0x00000000e9300000, 0x00000000e9300000| Untracked 
| 148|0x00000000e9400000, 0x00000000e9400000, 0x00000000e9500000|  0%| F|  |TAMS 0x00000000e9400000, 0x00000000e9400000| Untracked 
| 149|0x00000000e9500000, 0x00000000e9500000, 0x00000000e9600000|  0%| F|  |TAMS 0x00000000e9500000, 0x00000000e9500000| Untracked 
| 150|0x00000000e9600000, 0x00000000e9600000, 0x00000000e9700000|  0%| F|  |TAMS 0x00000000e9600000, 0x00000000e9600000| Untracked 
| 151|0x00000000e9700000, 0x00000000e9700000, 0x00000000e9800000|  0%| F|  |TAMS 0x00000000e9700000, 0x00000000e9700000| Untracked 
| 152|0x00000000e9800000, 0x00000000e9800000, 0x00000000e9900000|  0%| F|  |TAMS 0x00000000e9800000, 0x00000000e9800000| Untracked 
| 153|0x00000000e9900000, 0x00000000e9900000, 0x00000000e9a00000|  0%| F|  |TAMS 0x00000000e9900000, 0x00000000e9900000| Untracked 
| 154|0x00000000e9a00000, 0x00000000e9a00000, 0x00000000e9b00000|  0%| F|  |TAMS 0x00000000e9a00000, 0x00000000e9a00000| Untracked 
| 155|0x00000000e9b00000, 0x00000000e9b00000, 0x00000000e9c00000|  0%| F|  |TAMS 0x00000000e9b00000, 0x00000000e9b00000| Untracked 
| 156|0x00000000e9c00000, 0x00000000e9c00000, 0x00000000e9d00000|  0%| F|  |TAMS 0x00000000e9c00000, 0x00000000e9c00000| Untracked 
| 157|0x00000000e9d00000, 0x00000000e9d00000, 0x00000000e9e00000|  0%| F|  |TAMS 0x00000000e9d00000, 0x00000000e9d00000| Untracked 
| 158|0x00000000e9e00000, 0x00000000e9e00000, 0x00000000e9f00000|  0%| F|  |TAMS 0x00000000e9e00000, 0x00000000e9e00000| Untracked 
| 159|0x00000000e9f00000, 0x00000000e9f00000, 0x00000000ea000000|  0%| F|  |TAMS 0x00000000e9f00000, 0x00000000e9f00000| Untracked 
| 160|0x00000000ea000000, 0x00000000ea000000, 0x00000000ea100000|  0%| F|  |TAMS 0x00000000ea000000, 0x00000000ea000000| Untracked 
| 161|0x00000000ea100000, 0x00000000ea100000, 0x00000000ea200000|  0%| F|  |TAMS 0x00000000ea100000, 0x00000000ea100000| Untracked 
| 162|0x00000000ea200000, 0x00000000ea200000, 0x00000000ea300000|  0%| F|  |TAMS 0x00000000ea200000, 0x00000000ea200000| Untracked 
| 163|0x00000000ea300000, 0x00000000ea300000, 0x00000000ea400000|  0%| F|  |TAMS 0x00000000ea300000, 0x00000000ea300000| Untracked 
| 164|0x00000000ea400000, 0x00000000ea400000, 0x00000000ea500000|  0%| F|  |TAMS 0x00000000ea400000, 0x00000000ea400000| Untracked 
| 165|0x00000000ea500000, 0x00000000ea500000, 0x00000000ea600000|  0%| F|  |TAMS 0x00000000ea500000, 0x00000000ea500000| Untracked 
| 166|0x00000000ea600000, 0x00000000ea600000, 0x00000000ea700000|  0%| F|  |TAMS 0x00000000ea600000, 0x00000000ea600000| Untracked 
| 167|0x00000000ea700000, 0x00000000ea700000, 0x00000000ea800000|  0%| F|  |TAMS 0x00000000ea700000, 0x00000000ea700000| Untracked 
| 168|0x00000000ea800000, 0x00000000ea800000, 0x00000000ea900000|  0%| F|  |TAMS 0x00000000ea800000, 0x00000000ea800000| Untracked 
| 169|0x00000000ea900000, 0x00000000ea900000, 0x00000000eaa00000|  0%| F|  |TAMS 0x00000000ea900000, 0x00000000ea900000| Untracked 
| 170|0x00000000eaa00000, 0x00000000eaa00000, 0x00000000eab00000|  0%| F|  |TAMS 0x00000000eaa00000, 0x00000000eaa00000| Untracked 
| 171|0x00000000eab00000, 0x00000000eab00000, 0x00000000eac00000|  0%| F|  |TAMS 0x00000000eab00000, 0x00000000eab00000| Untracked 
| 172|0x00000000eac00000, 0x00000000eac00000, 0x00000000ead00000|  0%| F|  |TAMS 0x00000000eac00000, 0x00000000eac00000| Untracked 
| 173|0x00000000ead00000, 0x00000000ead00000, 0x00000000eae00000|  0%| F|  |TAMS 0x00000000ead00000, 0x00000000ead00000| Untracked 
| 174|0x00000000eae00000, 0x00000000eae00000, 0x00000000eaf00000|  0%| F|  |TAMS 0x00000000eae00000, 0x00000000eae00000| Untracked 
| 175|0x00000000eaf00000, 0x00000000eaf00000, 0x00000000eb000000|  0%| F|  |TAMS 0x00000000eaf00000, 0x00000000eaf00000| Untracked 
| 176|0x00000000eb000000, 0x00000000eb000000, 0x00000000eb100000|  0%| F|  |TAMS 0x00000000eb000000, 0x00000000eb000000| Untracked 
| 177|0x00000000eb100000, 0x00000000eb100000, 0x00000000eb200000|  0%| F|  |TAMS 0x00000000eb100000, 0x00000000eb100000| Untracked 
| 178|0x00000000eb200000, 0x00000000eb200000, 0x00000000eb300000|  0%| F|  |TAMS 0x00000000eb200000, 0x00000000eb200000| Untracked 
| 179|0x00000000eb300000, 0x00000000eb300000, 0x00000000eb400000|  0%| F|  |TAMS 0x00000000eb300000, 0x00000000eb300000| Untracked 
| 180|0x00000000eb400000, 0x00000000eb400000, 0x00000000eb500000|  0%| F|  |TAMS 0x00000000eb400000, 0x00000000eb400000| Untracked 
| 181|0x00000000eb500000, 0x00000000eb500000, 0x00000000eb600000|  0%| F|  |TAMS 0x00000000eb500000, 0x00000000eb500000| Untracked 
| 182|0x00000000eb600000, 0x00000000eb600000, 0x00000000eb700000|  0%| F|  |TAMS 0x00000000eb600000, 0x00000000eb600000| Untracked 
| 183|0x00000000eb700000, 0x00000000eb700000, 0x00000000eb800000|  0%| F|  |TAMS 0x00000000eb700000, 0x00000000eb700000| Untracked 
| 184|0x00000000eb800000, 0x00000000eb800000, 0x00000000eb900000|  0%| F|  |TAMS 0x00000000eb800000, 0x00000000eb800000| Untracked 
| 185|0x00000000eb900000, 0x00000000eb900000, 0x00000000eba00000|  0%| F|  |TAMS 0x00000000eb900000, 0x00000000eb900000| Untracked 
| 186|0x00000000eba00000, 0x00000000eba00000, 0x00000000ebb00000|  0%| F|  |TAMS 0x00000000eba00000, 0x00000000eba00000| Untracked 
| 187|0x00000000ebb00000, 0x00000000ebb00000, 0x00000000ebc00000|  0%| F|  |TAMS 0x00000000ebb00000, 0x00000000ebb00000| Untracked 
| 188|0x00000000ebc00000, 0x00000000ebc00000, 0x00000000ebd00000|  0%| F|  |TAMS 0x00000000ebc00000, 0x00000000ebc00000| Untracked 
| 189|0x00000000ebd00000, 0x00000000ebd00000, 0x00000000ebe00000|  0%| F|  |TAMS 0x00000000ebd00000, 0x00000000ebd00000| Untracked 
| 190|0x00000000ebe00000, 0x00000000ebe00000, 0x00000000ebf00000|  0%| F|  |TAMS 0x00000000ebe00000, 0x00000000ebe00000| Untracked 
| 191|0x00000000ebf00000, 0x00000000ebf00000, 0x00000000ec000000|  0%| F|  |TAMS 0x00000000ebf00000, 0x00000000ebf00000| Untracked 
| 192|0x00000000ec000000, 0x00000000ec000000, 0x00000000ec100000|  0%| F|  |TAMS 0x00000000ec000000, 0x00000000ec000000| Untracked 
| 193|0x00000000ec100000, 0x00000000ec100000, 0x00000000ec200000|  0%| F|  |TAMS 0x00000000ec100000, 0x00000000ec100000| Untracked 
| 194|0x00000000ec200000, 0x00000000ec200000, 0x00000000ec300000|  0%| F|  |TAMS 0x00000000ec200000, 0x00000000ec200000| Untracked 
| 195|0x00000000ec300000, 0x00000000ec300000, 0x00000000ec400000|  0%| F|  |TAMS 0x00000000ec300000, 0x00000000ec300000| Untracked 
| 196|0x00000000ec400000, 0x00000000ec400000, 0x00000000ec500000|  0%| F|  |TAMS 0x00000000ec400000, 0x00000000ec400000| Untracked 
| 197|0x00000000ec500000, 0x00000000ec500000, 0x00000000ec600000|  0%| F|  |TAMS 0x00000000ec500000, 0x00000000ec500000| Untracked 
| 198|0x00000000ec600000, 0x00000000ec600000, 0x00000000ec700000|  0%| F|  |TAMS 0x00000000ec600000, 0x00000000ec600000| Untracked 
| 199|0x00000000ec700000, 0x00000000ec700000, 0x00000000ec800000|  0%| F|  |TAMS 0x00000000ec700000, 0x00000000ec700000| Untracked 
| 200|0x00000000ec800000, 0x00000000ec800000, 0x00000000ec900000|  0%| F|  |TAMS 0x00000000ec800000, 0x00000000ec800000| Untracked 
| 201|0x00000000ec900000, 0x00000000ec900000, 0x00000000eca00000|  0%| F|  |TAMS 0x00000000ec900000, 0x00000000ec900000| Untracked 
| 202|0x00000000eca00000, 0x00000000eca00000, 0x00000000ecb00000|  0%| F|  |TAMS 0x00000000eca00000, 0x00000000eca00000| Untracked 
| 203|0x00000000ecb00000, 0x00000000ecb00000, 0x00000000ecc00000|  0%| F|  |TAMS 0x00000000ecb00000, 0x00000000ecb00000| Untracked 
| 204|0x00000000ecc00000, 0x00000000ecc00000, 0x00000000ecd00000|  0%| F|  |TAMS 0x00000000ecc00000, 0x00000000ecc00000| Untracked 
| 205|0x00000000ecd00000, 0x00000000ecd00000, 0x00000000ece00000|  0%| F|  |TAMS 0x00000000ecd00000, 0x00000000ecd00000| Untracked 
| 206|0x00000000ece00000, 0x00000000ece00000, 0x00000000ecf00000|  0%| F|  |TAMS 0x00000000ece00000, 0x00000000ece00000| Untracked 
| 207|0x00000000ecf00000, 0x00000000ecf00000, 0x00000000ed000000|  0%| F|  |TAMS 0x00000000ecf00000, 0x00000000ecf00000| Untracked 
| 208|0x00000000ed000000, 0x00000000ed000000, 0x00000000ed100000|  0%| F|  |TAMS 0x00000000ed000000, 0x00000000ed000000| Untracked 
| 209|0x00000000ed100000, 0x00000000ed100000, 0x00000000ed200000|  0%| F|  |TAMS 0x00000000ed100000, 0x00000000ed100000| Untracked 
| 210|0x00000000ed200000, 0x00000000ed200000, 0x00000000ed300000|  0%| F|  |TAMS 0x00000000ed200000, 0x00000000ed200000| Untracked 
| 211|0x00000000ed300000, 0x00000000ed300000, 0x00000000ed400000|  0%| F|  |TAMS 0x00000000ed300000, 0x00000000ed300000| Untracked 
| 212|0x00000000ed400000, 0x00000000ed400000, 0x00000000ed500000|  0%| F|  |TAMS 0x00000000ed400000, 0x00000000ed400000| Untracked 
| 213|0x00000000ed500000, 0x00000000ed500000, 0x00000000ed600000|  0%| F|  |TAMS 0x00000000ed500000, 0x00000000ed500000| Untracked 
| 214|0x00000000ed600000, 0x00000000ed600000, 0x00000000ed700000|  0%| F|  |TAMS 0x00000000ed600000, 0x00000000ed600000| Untracked 
| 215|0x00000000ed700000, 0x00000000ed700000, 0x00000000ed800000|  0%| F|  |TAMS 0x00000000ed700000, 0x00000000ed700000| Untracked 
| 216|0x00000000ed800000, 0x00000000ed800000, 0x00000000ed900000|  0%| F|  |TAMS 0x00000000ed800000, 0x00000000ed800000| Untracked 
| 217|0x00000000ed900000, 0x00000000ed900000, 0x00000000eda00000|  0%| F|  |TAMS 0x00000000ed900000, 0x00000000ed900000| Untracked 
| 218|0x00000000eda00000, 0x00000000eda00000, 0x00000000edb00000|  0%| F|  |TAMS 0x00000000eda00000, 0x00000000eda00000| Untracked 
| 219|0x00000000edb00000, 0x00000000edb00000, 0x00000000edc00000|  0%| F|  |TAMS 0x00000000edb00000, 0x00000000edb00000| Untracked 
| 220|0x00000000edc00000, 0x00000000edc00000, 0x00000000edd00000|  0%| F|  |TAMS 0x00000000edc00000, 0x00000000edc00000| Untracked 
| 221|0x00000000edd00000, 0x00000000edd00000, 0x00000000ede00000|  0%| F|  |TAMS 0x00000000edd00000, 0x00000000edd00000| Untracked 
| 222|0x00000000ede00000, 0x00000000ede00000, 0x00000000edf00000|  0%| F|  |TAMS 0x00000000ede00000, 0x00000000ede00000| Untracked 
| 223|0x00000000edf00000, 0x00000000edf00000, 0x00000000ee000000|  0%| F|  |TAMS 0x00000000edf00000, 0x00000000edf00000| Untracked 
| 224|0x00000000ee000000, 0x00000000ee000000, 0x00000000ee100000|  0%| F|  |TAMS 0x00000000ee000000, 0x00000000ee000000| Untracked 
| 225|0x00000000ee100000, 0x00000000ee100000, 0x00000000ee200000|  0%| F|  |TAMS 0x00000000ee100000, 0x00000000ee100000| Untracked 
| 226|0x00000000ee200000, 0x00000000ee200000, 0x00000000ee300000|  0%| F|  |TAMS 0x00000000ee200000, 0x00000000ee200000| Untracked 
| 227|0x00000000ee300000, 0x00000000ee300000, 0x00000000ee400000|  0%| F|  |TAMS 0x00000000ee300000, 0x00000000ee300000| Untracked 
| 228|0x00000000ee400000, 0x00000000ee400000, 0x00000000ee500000|  0%| F|  |TAMS 0x00000000ee400000, 0x00000000ee400000| Untracked 
| 229|0x00000000ee500000, 0x00000000ee500000, 0x00000000ee600000|  0%| F|  |TAMS 0x00000000ee500000, 0x00000000ee500000| Untracked 
| 230|0x00000000ee600000, 0x00000000ee600000, 0x00000000ee700000|  0%| F|  |TAMS 0x00000000ee600000, 0x00000000ee600000| Untracked 
| 231|0x00000000ee700000, 0x00000000ee700000, 0x00000000ee800000|  0%| F|  |TAMS 0x00000000ee700000, 0x00000000ee700000| Untracked 
| 232|0x00000000ee800000, 0x00000000ee800000, 0x00000000ee900000|  0%| F|  |TAMS 0x00000000ee800000, 0x00000000ee800000| Untracked 
| 233|0x00000000ee900000, 0x00000000ee9843c8, 0x00000000eea00000| 51%| E|  |TAMS 0x00000000ee900000, 0x00000000ee900000| Complete 
| 234|0x00000000eea00000, 0x00000000eeb00000, 0x00000000eeb00000|100%| E|CS|TAMS 0x00000000eea00000, 0x00000000eea00000| Complete 
| 235|0x00000000eeb00000, 0x00000000eec00000, 0x00000000eec00000|100%| E|CS|TAMS 0x00000000eeb00000, 0x00000000eeb00000| Complete 
| 236|0x00000000eec00000, 0x00000000eed00000, 0x00000000eed00000|100%| E|CS|TAMS 0x00000000eec00000, 0x00000000eec00000| Complete 
| 237|0x00000000eed00000, 0x00000000eee00000, 0x00000000eee00000|100%| E|CS|TAMS 0x00000000eed00000, 0x00000000eed00000| Complete 
| 238|0x00000000eee00000, 0x00000000eef00000, 0x00000000eef00000|100%| E|CS|TAMS 0x00000000eee00000, 0x00000000eee00000| Complete 
| 239|0x00000000eef00000, 0x00000000ef000000, 0x00000000ef000000|100%| E|CS|TAMS 0x00000000eef00000, 0x00000000eef00000| Complete 
| 240|0x00000000ef000000, 0x00000000ef100000, 0x00000000ef100000|100%| E|CS|TAMS 0x00000000ef000000, 0x00000000ef000000| Complete 
| 241|0x00000000ef100000, 0x00000000ef200000, 0x00000000ef200000|100%| E|CS|TAMS 0x00000000ef100000, 0x00000000ef100000| Complete 
| 242|0x00000000ef200000, 0x00000000ef300000, 0x00000000ef300000|100%| E|CS|TAMS 0x00000000ef200000, 0x00000000ef200000| Complete 
| 243|0x00000000ef300000, 0x00000000ef400000, 0x00000000ef400000|100%| E|CS|TAMS 0x00000000ef300000, 0x00000000ef300000| Complete 
| 244|0x00000000ef400000, 0x00000000ef500000, 0x00000000ef500000|100%| E|CS|TAMS 0x00000000ef400000, 0x00000000ef400000| Complete 
| 245|0x00000000ef500000, 0x00000000ef600000, 0x00000000ef600000|100%| E|CS|TAMS 0x00000000ef500000, 0x00000000ef500000| Complete 
| 246|0x00000000ef600000, 0x00000000ef700000, 0x00000000ef700000|100%| E|CS|TAMS 0x00000000ef600000, 0x00000000ef600000| Complete 
| 247|0x00000000ef700000, 0x00000000ef800000, 0x00000000ef800000|100%| E|CS|TAMS 0x00000000ef700000, 0x00000000ef700000| Complete 
| 248|0x00000000ef800000, 0x00000000ef900000, 0x00000000ef900000|100%| E|CS|TAMS 0x00000000ef800000, 0x00000000ef800000| Complete 
| 249|0x00000000ef900000, 0x00000000efa00000, 0x00000000efa00000|100%| E|CS|TAMS 0x00000000ef900000, 0x00000000ef900000| Complete 
| 250|0x00000000efa00000, 0x00000000efb00000, 0x00000000efb00000|100%| E|CS|TAMS 0x00000000efa00000, 0x00000000efa00000| Complete 
| 251|0x00000000efb00000, 0x00000000efc00000, 0x00000000efc00000|100%| E|CS|TAMS 0x00000000efb00000, 0x00000000efb00000| Complete 

Card table byte_map: [0x000001de2ac90000,0x000001de2ad90000] _byte_map_base: 0x000001de2a590000

Marking Bits (Prev, Next): (CMBitMap*) 0x000001de113fb110, (CMBitMap*) 0x000001de113fb0d8
 Prev Bits: [0x000001de2b690000, 0x000001de2be90000)
 Next Bits: [0x000001de2ae90000, 0x000001de2b690000)

Polling page: 0x000001de11290000

Metaspace:

Usage:
  Non-class:     27.01 MB capacity,    26.39 MB ( 98%) used,   514.03 KB (  2%) free+waste,   116.94 KB ( <1%) overhead. 
      Class:      3.66 MB capacity,     3.17 MB ( 87%) used,   442.00 KB ( 12%) free+waste,    59.38 KB (  2%) overhead. 
       Both:     30.67 MB capacity,    29.57 MB ( 96%) used,   956.03 KB (  3%) free+waste,   176.31 KB ( <1%) overhead. 

Virtual space:
  Non-class space:       28.00 MB reserved,      27.25 MB ( 97%) committed 
      Class space:        1.00 GB reserved,       3.75 MB ( <1%) committed 
             Both:        1.03 GB reserved,      31.00 MB (  3%) committed 

Chunk freelists:
   Non-Class:  128 bytes
       Class:  0 bytes
        Both:  128 bytes

CodeHeap 'non-profiled nmethods': size=120000Kb used=2374Kb max_used=2374Kb free=117625Kb
 bounds [0x000001de229e0000, 0x000001de22c50000, 0x000001de29f10000]
CodeHeap 'profiled nmethods': size=120000Kb used=8635Kb max_used=8635Kb free=111364Kb
 bounds [0x000001de1b4b0000, 0x000001de1bd20000, 0x000001de229e0000]
CodeHeap 'non-nmethods': size=5760Kb used=2322Kb max_used=2396Kb free=3438Kb
 bounds [0x000001de1af10000, 0x000001de1b180000, 0x000001de1b4b0000]
 total_blobs=5738 nmethods=3888 adapters=850
 compilation: enabled
              stopped_count=0, restarted_count=0
 full_count=0

Compilation events (10 events):
Event: 21.319 Thread 0x000001de2f3c4000 3878       3       javax.swing.text.AbstractDocument::handleRemove (123 bytes)
Event: 21.322 Thread 0x000001de2f3c4000 nmethod 3878 0x000001de1bcff010 code [0x000001de1bcff3c0, 0x000001de1bd00f20]
Event: 21.322 Thread 0x000001de2f3c4000 3883       3       java.lang.ref.ReferenceQueue::remove (6 bytes)
Event: 21.322 Thread 0x000001de2f3c4000 nmethod 3883 0x000001de1bd01790 code [0x000001de1bd01940, 0x000001de1bd01b70]
Event: 21.322 Thread 0x000001de2f3c4000 3886       3       sun.java2d.DefaultDisposerRecord::dispose (12 bytes)
Event: 21.323 Thread 0x000001de2f3c4000 nmethod 3886 0x000001de1bd01c10 code [0x000001de1bd01dc0, 0x000001de1bd01f50]
Event: 21.323 Thread 0x000001de2f3c4000 3866       3       java.lang.StringConcatHelper::prepend (18 bytes)
Event: 21.323 Thread 0x000001de2f3c4000 nmethod 3866 0x000001de1bd02010 code [0x000001de1bd021e0, 0x000001de1bd023e0]
Event: 21.323 Thread 0x000001de2f3c4000 3868       3       java.util.concurrent.locks.AbstractQueuedSynchronizer$ConditionObject::signalAll (33 bytes)
Event: 21.323 Thread 0x000001de2f3c4000 nmethod 3868 0x000001de1bd02490 code [0x000001de1bd02680, 0x000001de1bd02a10]

GC Heap History (8 events):
Event: 0.467 GC heap before
{Heap before GC invocations=0 (full 0):
 garbage-first heap   total 258048K, used 23552K [0x00000000e0000000, 0x0000000100000000)
  region size 1024K, 24 young (24576K), 0 survivors (0K)
 Metaspace       used 10916K, capacity 11080K, committed 11136K, reserved 1058816K
  class space    used 1062K, capacity 1142K, committed 1152K, reserved 1048576K
}
Event: 0.469 GC heap after
{Heap after GC invocations=1 (full 0):
 garbage-first heap   total 258048K, used 3198K [0x00000000e0000000, 0x0000000100000000)
  region size 1024K, 3 young (3072K), 3 survivors (3072K)
 Metaspace       used 10916K, capacity 11080K, committed 11136K, reserved 1058816K
  class space    used 1062K, capacity 1142K, committed 1152K, reserved 1048576K
}
Event: 1.191 GC heap before
{Heap before GC invocations=1 (full 0):
 garbage-first heap   total 258048K, used 43134K [0x00000000e0000000, 0x0000000100000000)
  region size 1024K, 43 young (44032K), 3 survivors (3072K)
 Metaspace       used 20604K, capacity 21170K, committed 21248K, reserved 1069056K
  class space    used 2262K, capacity 2487K, committed 2560K, reserved 1048576K
}
Event: 1.197 GC heap after
{Heap after GC invocations=2 (full 0):
 garbage-first heap   total 258048K, used 5268K [0x00000000e0000000, 0x0000000100000000)
  region size 1024K, 6 young (6144K), 6 survivors (6144K)
 Metaspace       used 20604K, capacity 21170K, committed 21248K, reserved 1069056K
  class space    used 2262K, capacity 2487K, committed 2560K, reserved 1048576K
}
Event: 19.065 GC heap before
{Heap before GC invocations=3 (full 0):
 garbage-first heap   total 258048K, used 65684K [0x00000000e0000000, 0x0000000100000000)
  region size 1024K, 63 young (64512K), 6 survivors (6144K)
 Metaspace       used 25695K, capacity 26575K, committed 26880K, reserved 1073152K
  class space    used 2859K, capacity 3251K, committed 3328K, reserved 1048576K
}
Event: 19.075 GC heap after
{Heap after GC invocations=4 (full 0):
 garbage-first heap   total 258048K, used 10127K [0x00000000e0000000, 0x0000000100000000)
  region size 1024K, 4 young (4096K), 4 survivors (4096K)
 Metaspace       used 25695K, capacity 26575K, committed 26880K, reserved 1073152K
  class space    used 2859K, capacity 3251K, committed 3328K, reserved 1048576K
}
Event: 21.304 GC heap before
{Heap before GC invocations=4 (full 0):
 garbage-first heap   total 258048K, used 170895K [0x00000000e0000000, 0x0000000100000000)
  region size 1024K, 152 young (155648K), 4 survivors (4096K)
 Metaspace       used 30185K, capacity 31346K, committed 31488K, reserved 1077248K
  class space    used 3238K, capacity 3731K, committed 3840K, reserved 1048576K
}
Event: 21.315 GC heap after
{Heap after GC invocations=5 (full 0):
 garbage-first heap   total 258048K, used 14282K [0x00000000e0000000, 0x0000000100000000)
  region size 1024K, 8 young (8192K), 8 survivors (8192K)
 Metaspace       used 30185K, capacity 31346K, committed 31488K, reserved 1077248K
  class space    used 3238K, capacity 3731K, committed 3840K, reserved 1048576K
}

Deoptimization events (10 events):
Event: 18.972 Thread 0x000001de30a39000 Uncommon trap: reason=unstable_if action=reinterpret pc=0x000001de22b5a6dc method=org.jacoco.agent.rt.internal_43f5073.asm.ClassReader.computeImplicitFrame(Lorg/jacoco/agent/rt/internal_43f5073/asm/Context;)V @ 86 c2
Event: 19.243 Thread 0x000001de30a39000 Uncommon trap: reason=unstable_if action=reinterpret pc=0x000001de22a19294 method=org.jacoco.agent.rt.internal_43f5073.asm.MethodVisitor.visitVarInsn(II)V @ 4 c2
Event: 19.243 Thread 0x000001de30a39000 Uncommon trap: reason=unstable_if action=reinterpret pc=0x000001de22a1fab0 method=org.jacoco.agent.rt.internal_43f5073.asm.MethodVisitor.visitLocalVariable(Ljava/lang/String;Ljava/lang/String;Ljava/lang/String;Lorg/jacoco/agent/rt/internal_43f5073/asm/Lab
Event: 19.260 Thread 0x000001de30a39000 Uncommon trap: reason=unstable_if action=reinterpret pc=0x000001de22b1add4 method=org.jacoco.agent.rt.internal_43f5073.asm.MethodVisitor.visitLdcInsn(Ljava/lang/Object;)V @ 75 c2
Event: 19.610 Thread 0x000001de30a39000 Uncommon trap: reason=predicate action=maybe_recompile pc=0x000001de22b17cb8 method=java.util.Arrays.binarySearch0([Ljava/lang/Object;IILjava/lang/Object;Ljava/util/Comparator;)I @ 25 c2
Event: 19.996 Thread 0x000001de30a39000 Uncommon trap: reason=unstable_if action=reinterpret pc=0x000001de22b4420c method=javax.swing.text.GapContent.findSortIndex(Ljavax/swing/text/GapContent$MarkData;)I @ 17 c2
Event: 20.055 Thread 0x000001de30a39000 Uncommon trap: reason=unstable_if action=reinterpret pc=0x000001de22b90aa4 method=org.jacoco.agent.rt.internal_43f5073.asm.commons.AnalyzerAdapter.pop(Ljava/lang/String;)V @ 77 c2
Event: 20.061 Thread 0x000001de30a39000 Uncommon trap: reason=unstable_if action=reinterpret pc=0x000001de22aebe44 method=java.lang.invoke.InvokerBytecodeGenerator.loadInsnOpcode(Ljava/lang/invoke/LambdaForm$BasicType;)I @ 8 c2
Event: 20.120 Thread 0x000001de30a39000 Uncommon trap: reason=unstable_if action=reinterpret pc=0x000001de22aa3b9c method=jdk.internal.org.objectweb.asm.Frame.execute(IILjdk/internal/org/objectweb/asm/ClassWriter;Ljdk/internal/org/objectweb/asm/Item;)V @ 1 c2
Event: 20.700 Thread 0x000001de30a39000 Uncommon trap: reason=bimorphic_or_optimized_type_check action=maybe_recompile pc=0x000001de22a8e644 method=java.util.HashMap.putVal(ILjava/lang/Object;Ljava/lang/Object;ZZ)Ljava/lang/Object; @ 203 c2

Classes redefined (0 events):
No events

Internal exceptions (10 events):
Event: 20.698 Thread 0x000001de30a39000 Exception <a 'java/lang/ClassNotFoundException'{0x00000000e8d9f898}: java/util/AbstractCollectionBeanInfo> (0x00000000e8d9f898) thrown at [t:/workspace/open/src/hotspot/share/classfile/systemDictionary.cpp, line 231]
Event: 20.698 Thread 0x000001de30a39000 Exception <a 'java/lang/ClassNotFoundException'{0x00000000e8da0b58}: java/util/AbstractCollectionCustomizer> (0x00000000e8da0b58) thrown at [t:/workspace/open/src/hotspot/share/classfile/systemDictionary.cpp, line 231]
Event: 20.700 Thread 0x000001de30a39000 Exception <a 'java/lang/ClassNotFoundException'{0x00000000e8dad578}: java/util/AbstractListCustomizer> (0x00000000e8dad578) thrown at [t:/workspace/open/src/hotspot/share/classfile/systemDictionary.cpp, line 231]
Event: 20.701 Thread 0x000001de30a39000 Exception <a 'java/lang/ClassNotFoundException'{0x00000000e8dbaec8}: java/util/ArrayListCustomizer> (0x00000000e8dbaec8) thrown at [t:/workspace/open/src/hotspot/share/classfile/systemDictionary.cpp, line 231]
Event: 20.742 Thread 0x000001de30a39000 Exception <a 'java/lang/ClassNotFoundException'{0x00000000e8c0e948}: neureka/core/device/openCL/OpenCLDeviceBeanInfo> (0x00000000e8c0e948) thrown at [t:/workspace/open/src/hotspot/share/classfile/systemDictionary.cpp, line 231]
Event: 20.743 Thread 0x000001de30a39000 Exception <a 'java/lang/ClassNotFoundException'{0x00000000e8c14468}: neureka/core/device/openCL/OpenCLDeviceCustomizer> (0x00000000e8c14468) thrown at [t:/workspace/open/src/hotspot/share/classfile/systemDictionary.cpp, line 231]
Event: 21.057 Thread 0x000001de30a39000 Exception <a 'java/lang/reflect/InvocationTargetException'{0x00000000e7439508}> (0x00000000e7439508) thrown at [t:/workspace/open/src/hotspot/share/runtime/reflection.cpp, line 1242]
Event: 21.159 Thread 0x000001de30a39000 Exception <a 'java/lang/NoSuchMethodError'{0x00000000e724aae0}: java.lang.invoke.DirectMethodHandle$Holder.invokeStatic(Ljava/lang/Object;Ljava/lang/Object;Ljava/lang/Object;Ljava/lang/Object;Ljava/lang/Object;Ljava/lang/Object;Ljava/lang/Object;Ljava/lan
Event: 21.163 Thread 0x000001de30a39000 Exception <a 'java/lang/NoSuchMethodError'{0x00000000e726abf8}: java.lang.invoke.DirectMethodHandle$Holder.invokeStatic(Ljava/lang/Object;Ljava/lang/Object;Ljava/lang/Object;Ljava/lang/Object;Ljava/lang/Object;Ljava/lang/Object;Ljava/lang/Object;Ljava/lan
Event: 21.166 Thread 0x000001de30a39000 Exception <a 'java/lang/NoSuchMethodError'{0x00000000e72f3878}: java.lang.invoke.DirectMethodHandle$Holder.invokeStatic(Ljava/lang/Object;Ljava/lang/Object;Ljava/lang/Object;Ljava/lang/Object;Ljava/lang/Object;Ljava/lang/Object;Ljava/lang/Object;Ljava/lan

Events (10 events):
Event: 21.298 Thread 0x000001de30a39000 DEOPT PACKING pc=0x000001de1b9ea05c sp=0x000000639defb8c0
Event: 21.298 Thread 0x000001de30a39000 DEOPT UNPACKING pc=0x000001de1af38d4e sp=0x000000639defae90 mode 0
Event: 21.299 Thread 0x000001de30a39000 DEOPT PACKING pc=0x000001de1b9ea05c sp=0x000000639defb8d0
Event: 21.299 Thread 0x000001de30a39000 DEOPT UNPACKING pc=0x000001de1af38d4e sp=0x000000639defaea0 mode 0
Event: 21.303 Executing VM operation: G1CollectForAllocation
Event: 21.303 Executing VM operation: G1CollectForAllocation done
Event: 21.303 Executing VM operation: G1CollectForAllocation
Event: 21.315 Executing VM operation: G1CollectForAllocation done
Event: 21.315 Thread 0x000001de30a39000 DEOPT PACKING pc=0x000001de1b9ea05c sp=0x000000639defb8c0
Event: 21.316 Thread 0x000001de30a39000 DEOPT UNPACKING pc=0x000001de1af38d4e sp=0x000000639defae90 mode 0


Dynamic libraries:
0x00007ff677950000 - 0x00007ff677997000 	C:\Program Files\Java\jdk-11.0.2\bin\java.exe
0x00007ffb56ea0000 - 0x00007ffb57090000 	C:\WINDOWS\SYSTEM32\ntdll.dll
0x00007ffb55740000 - 0x00007ffb557f2000 	C:\WINDOWS\System32\KERNEL32.DLL
0x00007ffb54100000 - 0x00007ffb543a3000 	C:\WINDOWS\System32\KERNELBASE.dll
0x00007ffb51860000 - 0x00007ffb518ef000 	C:\WINDOWS\SYSTEM32\apphelp.dll
0x00007ffb558b0000 - 0x00007ffb55953000 	C:\WINDOWS\System32\ADVAPI32.dll
0x00007ffb55800000 - 0x00007ffb5589e000 	C:\WINDOWS\System32\msvcrt.dll
0x00007ffb56410000 - 0x00007ffb564a7000 	C:\WINDOWS\System32\sechost.dll
0x00007ffb55a10000 - 0x00007ffb55b30000 	C:\WINDOWS\System32\RPCRT4.dll
0x00007ffb555a0000 - 0x00007ffb55734000 	C:\WINDOWS\System32\USER32.dll
0x00007ffb53f30000 - 0x00007ffb53f51000 	C:\WINDOWS\System32\win32u.dll
0x00007ffb563e0000 - 0x00007ffb56406000 	C:\WINDOWS\System32\GDI32.dll
0x00007ffb53f60000 - 0x00007ffb540f4000 	C:\WINDOWS\System32\gdi32full.dll
0x00007ffb54400000 - 0x00007ffb5449e000 	C:\WINDOWS\System32\msvcp_win.dll
0x00007ffb53e30000 - 0x00007ffb53f2a000 	C:\WINDOWS\System32\ucrtbase.dll
0x00007ffb37ec0000 - 0x00007ffb38145000 	C:\WINDOWS\WinSxS\amd64_microsoft.windows.common-controls_6595b64144ccf1df_6.0.18362.476_none_e6c4b11b130f2595\COMCTL32.dll
0x00007ffb4b220000 - 0x00007ffb4b22a000 	C:\WINDOWS\SYSTEM32\VERSION.dll
0x00007ffb54f50000 - 0x00007ffb55286000 	C:\WINDOWS\System32\combase.dll
0x00007ffb544a0000 - 0x00007ffb54520000 	C:\WINDOWS\System32\bcryptPrimitives.dll
0x00007ffb553f0000 - 0x00007ffb5541e000 	C:\WINDOWS\System32\IMM32.DLL
0x00007ffb37b40000 - 0x00007ffb37b56000 	C:\Program Files\Java\jdk-11.0.2\bin\vcruntime140.dll
0x00007ffb269b0000 - 0x00007ffb26a5a000 	C:\Program Files\Java\jdk-11.0.2\bin\msvcp140.dll
0x00007ffadc9c0000 - 0x00007ffadd4e7000 	C:\Program Files\Java\jdk-11.0.2\bin\server\jvm.dll
0x00007ffb55580000 - 0x00007ffb55588000 	C:\WINDOWS\System32\PSAPI.DLL
0x00007ffb50200000 - 0x00007ffb50224000 	C:\WINDOWS\SYSTEM32\WINMM.dll
0x00007ffb34470000 - 0x00007ffb34479000 	C:\WINDOWS\SYSTEM32\WSOCK32.dll
0x00007ffb55290000 - 0x00007ffb552ff000 	C:\WINDOWS\System32\WS2_32.dll
0x00007ffb4ff70000 - 0x00007ffb4ff9d000 	C:\WINDOWS\SYSTEM32\WINMMBASE.dll
0x00007ffb54f00000 - 0x00007ffb54f4a000 	C:\WINDOWS\System32\cfgmgr32.dll
0x00007ffb53d80000 - 0x00007ffb53d91000 	C:\WINDOWS\System32\kernel.appcore.dll
0x00007ffb37300000 - 0x00007ffb37311000 	C:\Program Files\Java\jdk-11.0.2\bin\verify.dll
0x00007ffb52740000 - 0x00007ffb52934000 	C:\WINDOWS\SYSTEM32\DBGHELP.DLL
0x00007ffb2cd30000 - 0x00007ffb2cd5a000 	C:\WINDOWS\SYSTEM32\dbgcore.DLL
0x00007ffb36d10000 - 0x00007ffb36d39000 	C:\Program Files\Java\jdk-11.0.2\bin\java.dll
0x00007ffb37070000 - 0x00007ffb3709f000 	C:\Program Files\Java\jdk-11.0.2\bin\instrument.dll
0x00007ffb371a0000 - 0x00007ffb371b6000 	C:\Program Files\Java\jdk-11.0.2\bin\zip.dll
0x00007ffb37c90000 - 0x00007ffb37c9a000 	C:\Program Files\Java\jdk-11.0.2\bin\jimage.dll
0x00007ffb55cf0000 - 0x00007ffb563d5000 	C:\WINDOWS\System32\SHELL32.dll
0x00007ffb55960000 - 0x00007ffb55a09000 	C:\WINDOWS\System32\shcore.dll
0x00007ffb545d0000 - 0x00007ffb54d4e000 	C:\WINDOWS\System32\windows.storage.dll
0x00007ffb53e10000 - 0x00007ffb53e2f000 	C:\WINDOWS\System32\profapi.dll
0x00007ffb53da0000 - 0x00007ffb53dea000 	C:\WINDOWS\System32\powrprof.dll
0x00007ffb53d70000 - 0x00007ffb53d80000 	C:\WINDOWS\System32\UMPDC.dll
0x00007ffb55520000 - 0x00007ffb55572000 	C:\WINDOWS\System32\shlwapi.dll
0x00007ffb543e0000 - 0x00007ffb543f7000 	C:\WINDOWS\System32\cryptsp.dll
0x00007ffb36cf0000 - 0x00007ffb36d09000 	C:\Program Files\Java\jdk-11.0.2\bin\net.dll
0x00007ffb3a1c0000 - 0x00007ffb3a396000 	C:\WINDOWS\SYSTEM32\urlmon.dll
0x00007ffb4f280000 - 0x00007ffb4f370000 	C:\WINDOWS\SYSTEM32\WINHTTP.dll
0x00007ffb3c570000 - 0x00007ffb3c816000 	C:\WINDOWS\SYSTEM32\iertutil.dll
0x00007ffb537b0000 - 0x00007ffb537bc000 	C:\WINDOWS\SYSTEM32\CRYPTBASE.DLL
0x00007ffb535e0000 - 0x00007ffb53647000 	C:\WINDOWS\system32\mswsock.dll
0x00007ffb30490000 - 0x00007ffb304a3000 	C:\Program Files\Java\jdk-11.0.2\bin\nio.dll
0x00007ffb1ec60000 - 0x00007ffb1ec76000 	C:\WINDOWS\system32\napinsp.dll
0x00007ffb1ec20000 - 0x00007ffb1ec3a000 	C:\WINDOWS\system32\pnrpnsp.dll
0x00007ffb53330000 - 0x00007ffb533fa000 	C:\WINDOWS\SYSTEM32\DNSAPI.dll
0x00007ffb55590000 - 0x00007ffb55598000 	C:\WINDOWS\System32\NSI.dll
0x00007ffb532f0000 - 0x00007ffb5332a000 	C:\WINDOWS\SYSTEM32\IPHLPAPI.DLL
0x00007ffb1ec10000 - 0x00007ffb1ec1e000 	C:\WINDOWS\System32\winrnr.dll
0x00007ffb4f540000 - 0x00007ffb4f55c000 	C:\WINDOWS\system32\NLAapi.dll
0x00007ffb4f560000 - 0x00007ffb4f575000 	C:\WINDOWS\system32\wshbth.dll
0x00007ffb4bad0000 - 0x00007ffb4bada000 	C:\Windows\System32\rasadhlp.dll
0x00007ffb45790000 - 0x00007ffb45807000 	C:\WINDOWS\System32\fwpuclnt.dll
0x00007ffb543b0000 - 0x00007ffb543d6000 	C:\WINDOWS\System32\bcrypt.dll
0x00007ffb53150000 - 0x00007ffb53183000 	C:\WINDOWS\system32\rsaenh.dll
0x00007ffb53c90000 - 0x00007ffb53cb5000 	C:\WINDOWS\SYSTEM32\USERENV.dll
0x00007ffb4a0d0000 - 0x00007ffb4a0e6000 	C:\WINDOWS\SYSTEM32\dhcpcsvc6.DLL
0x00007ffb4b3a0000 - 0x00007ffb4b3bc000 	C:\WINDOWS\SYSTEM32\dhcpcsvc.DLL
0x00007ffafdfc0000 - 0x00007ffafe15f000 	C:\Program Files\Java\jdk-11.0.2\bin\awt.dll
0x00007ffb55300000 - 0x00007ffb553c4000 	C:\WINDOWS\System32\OLEAUT32.dll
0x00007ffb4f9b0000 - 0x00007ffb4ff70000 	C:\WINDOWS\SYSTEM32\d2d1.dll
0x00007ffb51f70000 - 0x00007ffb51f9d000 	C:\WINDOWS\system32\DWMAPI.DLL
0x00007ffb51b60000 - 0x00007ffb51bf9000 	C:\WINDOWS\system32\uxtheme.dll
0x00007ffb1deb0000 - 0x00007ffb1e006000 	C:\WINDOWS\system32\opengl32.dll
0x00007ffb1efe0000 - 0x00007ffb1f00c000 	C:\WINDOWS\SYSTEM32\GLU32.dll
0x00007ffb529e0000 - 0x00007ffb52a00000 	C:\WINDOWS\SYSTEM32\dxcore.dll
0x00007ffb56b30000 - 0x00007ffb56c66000 	C:\WINDOWS\System32\MSCTF.dll
0x00007ffb55b30000 - 0x00007ffb55c86000 	C:\WINDOWS\System32\ole32.dll
0x00007ffb0a130000 - 0x00007ffb0a1b0000 	C:\Program Files\Java\jdk-11.0.2\bin\freetype.dll
0x00007ffb09550000 - 0x00007ffb095bf000 	C:\Program Files\Java\jdk-11.0.2\bin\fontmanager.dll
0x00007ffb56c70000 - 0x00007ffb56d12000 	C:\WINDOWS\System32\clbcatq.dll
0x00007ffb4d6b0000 - 0x00007ffb4d85f000 	C:\WINDOWS\SYSTEM32\WindowsCodecs.dll
0x00007ffb1d2a0000 - 0x00007ffb1d2da000 	C:\WINDOWS\system32\dataexchange.dll
0x00007ffb50bb0000 - 0x00007ffb50d8b000 	C:\WINDOWS\system32\dcomp.dll
0x00007ffb4ffa0000 - 0x00007ffb501fb000 	C:\WINDOWS\system32\d3d11.dll
0x00007ffb52a70000 - 0x00007ffb52b5b000 	C:\WINDOWS\system32\dxgi.dll
0x00007ffb51d10000 - 0x00007ffb51f6a000 	C:\WINDOWS\system32\twinapi.appcore.dll
0x00007ffb52230000 - 0x00007ffb52259000 	C:\WINDOWS\system32\RMCLIENT.dll
0x00007ffb3bbc0000 - 0x00007ffb3bc5e000 	C:\WINDOWS\System32\TextInputFramework.dll
0x00007ffb4d8a0000 - 0x00007ffb4dbca000 	C:\WINDOWS\System32\CoreUIComponents.dll
0x00007ffb506f0000 - 0x00007ffb507c4000 	C:\WINDOWS\System32\CoreMessaging.dll
0x00007ffb52dd0000 - 0x00007ffb52e01000 	C:\WINDOWS\SYSTEM32\ntmarta.dll
0x00007ffb4f850000 - 0x00007ffb4f9a3000 	C:\WINDOWS\SYSTEM32\wintypes.dll
0x00007ffb38cf0000 - 0x00007ffb38d55000 	C:\WINDOWS\system32\Oleacc.dll
0x00007ffb2c630000 - 0x00007ffb2c66d000 	C:\Users\Daglemino\AppData\Local\Temp\JOCL_2_0_0-windows-x86_64.dll
0x00007ffb4f660000 - 0x00007ffb4f67d000 	C:\WINDOWS\SYSTEM32\OpenCL.dll
0x00007ffad5d00000 - 0x00007ffad7380000 	C:\WINDOWS\System32\DriverStore\FileRepository\nvhm.inf_amd64_d1c40a54a36b6122\nvopencl64.dll
0x00007ffb564b0000 - 0x00007ffb56920000 	C:\WINDOWS\System32\SETUPAPI.dll
0x00007ffb08660000 - 0x00007ffb08782000 	C:\WINDOWS\SYSTEM32\nvfatbinaryLoader.dll
0x00007ffb39830000 - 0x00007ffb39d28000 	C:\WINDOWS\system32\nvapi64.dll
0x00007ffb53b70000 - 0x00007ffb53b9a000 	C:\WINDOWS\SYSTEM32\DEVOBJ.dll
0x00007ffb54ea0000 - 0x00007ffb54efc000 	C:\WINDOWS\System32\WINTRUST.dll
0x00007ffb53df0000 - 0x00007ffb53e02000 	C:\WINDOWS\System32\MSASN1.dll
0x00007ffb54d50000 - 0x00007ffb54e99000 	C:\WINDOWS\System32\CRYPT32.dll
0x00007ffaef040000 - 0x00007ffaef1c5000 	C:\WINDOWS\System32\DriverStore\FileRepository\iigd_dch.inf_amd64_8f062540d3fd067f\IntelOpenCL64.dll
0x00007ffafba20000 - 0x00007ffafbb81000 	C:\WINDOWS\System32\DriverStore\FileRepository\iigd_dch.inf_amd64_8f062540d3fd067f\ocl\bin\x64\intelocl64.dll
0x00007ffb09020000 - 0x00007ffb0908e000 	C:\WINDOWS\System32\DriverStore\FileRepository\iigd_dch.inf_amd64_8f062540d3fd067f\ocl\bin\x64\task_executor64.dll
0x00007ffb08f00000 - 0x00007ffb08f86000 	C:\WINDOWS\System32\DriverStore\FileRepository\iigd_dch.inf_amd64_8f062540d3fd067f\ocl\bin\x64\cpu_device64.dll
0x00007ffae75f0000 - 0x00007ffae794b000 	C:\WINDOWS\System32\DriverStore\FileRepository\iigd_dch.inf_amd64_8f062540d3fd067f\igdrcl64.dll
0x00007ffb47b20000 - 0x00007ffb47c3d000 	C:\WINDOWS\System32\DriverStore\FileRepository\iigd_dch.inf_amd64_8f062540d3fd067f\igdgmm64.dll
0x00007ffaf2750000 - 0x00007ffaf2814000 	C:\WINDOWS\System32\DriverStore\FileRepository\iigd_dch.inf_amd64_8f062540d3fd067f\igdfcl64.dll
0x00007ffb45810000 - 0x00007ffb47ab5000 	C:\WINDOWS\System32\DriverStore\FileRepository\iigd_dch.inf_amd64_8f062540d3fd067f\igc64.dll
0x00007ffac2b50000 - 0x00007ffac51ba000 	C:\WINDOWS\system32\nvcompiler.dll
0x00007ffadbaa0000 - 0x00007ffadc9b2000 	C:\WINDOWS\system32\nvptxJitCompiler.dll
0x00007ffaee980000 - 0x00007ffaeea66000 	C:\WINDOWS\System32\DriverStore\FileRepository\iigd_dch.inf_amd64_8f062540d3fd067f\ocl\bin\x64\tbb\ocltbb64.dll
0x00007ffad1b40000 - 0x00007ffad318a000 	C:\WINDOWS\System32\DriverStore\FileRepository\iigd_dch.inf_amd64_8f062540d3fd067f\ocl\bin\x64\OclCpuBackEnd64.dll
0x00007ffae63c0000 - 0x00007ffae6a10000 	C:\WINDOWS\System32\DriverStore\FileRepository\iigd_dch.inf_amd64_8f062540d3fd067f\ocl\bin\x64\__ocl_svml_l9.dll
0x00007ffae5fd0000 - 0x00007ffae63be000 	C:\WINDOWS\System32\DriverStore\FileRepository\iigd_dch.inf_amd64_8f062540d3fd067f\ocl\bin\x64\clang_compiler64.dll
0x00007ffabe790000 - 0x00007ffac2b46000 	C:\WINDOWS\System32\DriverStore\FileRepository\iigd_dch.inf_amd64_8f062540d3fd067f\common_clang64.dll

dbghelp: loaded successfully - version: 4.0.5 - missing functions: none
symbol engine: initialized successfully - sym options: 0x614 - pdb path: .;C:\Program Files\Java\jdk-11.0.2\bin;C:\WINDOWS\SYSTEM32;C:\WINDOWS\WinSxS\amd64_microsoft.windows.common-controls_6595b64144ccf1df_6.0.18362.476_none_e6c4b11b130f2595;C:\Program Files\Java\jdk-11.0.2\bin\server;C:\Users\Daglemino\AppData\Local\Temp;C:\WINDOWS\System32\DriverStore\FileRepository\nvhm.inf_amd64_d1c40a54a36b6122;C:\WINDOWS\System32\DriverStore\FileRepository\iigd_dch.inf_amd64_8f062540d3fd067f;C:\WINDOWS\System32\DriverStore\FileRepository\iigd_dch.inf_amd64_8f062540d3fd067f\ocl\bin\x64;C:\WINDOWS\System32\DriverStore\FileRepository\iigd_dch.inf_amd64_8f062540d3fd067f\ocl\bin\x64\tbb

VM Arguments:
jvm_args: -Dorg.gradle.native=false -javaagent:build/tmp/expandedArchives/org.jacoco.agent-0.8.5.jar_6a2df60c47de373ea127d14406367999/jacocoagent.jar=destfile=build/jacoco/test.exec,append=true,inclnolocationclasses=false,dumponexit=true,output=file,jmx=false -Xmx512m -Dfile.encoding=windows-1252 -Duser.country=AT -Duser.language=de -Duser.variant -ea 
java_command: worker.org.gradle.process.internal.worker.GradleWorkerMain 'Gradle Test Executor 16'
java_class_path (initial): C:\\Users\\Daglemino\\.gradle\\caches\\5.6.2\\workerMain\\gradle-worker.jar;D:\\development\\java\\studium\\neureka\\build\\classes\\java\\test;D:\\development\\java\\studium\\neureka\\build\\classes\\groovy\\test;D:\\development\\java\\studium\\neureka\\build\\resources\\test;D:\\development\\java\\studium\\neureka\\build\\classes\\java\\main;D:\\development\\java\\studium\\neureka\\build\\classes\\groovy\\main;D:\\development\\java\\studium\\neureka\\build\\resources\\main;C:\\Users\\Daglemino\\.gradle\\caches\\modules-2\\files-2.1\\org.jocl\\jocl\\2.0.0\\79c9e57adcea8bed6c8eeec9df964467d80105fe\\jocl-2.0.0.jar;C:\\Users\\Daglemino\\.gradle\\caches\\modules-2\\files-2.1\\org.jetbrains\\annotations\\16.0.2\\dab5655eb9abe23f2245c34e66c9813c7daf4563\\annotations-16.0.2.jar;C:\\Users\\Daglemino\\.gradle\\caches\\modules-2\\files-2.1\\org.codehaus.groovy\\groovy-all\\2.4.14\\cd1a8ce914f5fe86c00a917b0577da6f367edcf9\\groovy-all-2.4.14.jar;C:\\Users\\Daglemino\\.gradle\\caches\\modules-2\\files-2.1\\junit\\junit\\4.12\\2973d150c0dc1fefe998f834810d68f278ea58ec\\junit-4.12.jar;C:\\Users\\Daglemino\\.gradle\\caches\\modules-2\\files-2.1\\org.hamcrest\\hamcrest-core\\1.3\\42a25dc3219429f0e5d060061f71acb49bf010a0\\hamcrest-core-1.3.jar
Launcher Type: SUN_STANDARD

[Global flags]
     intx CICompilerCount                          = 4                                         {product} {ergonomic}
     uint ConcGCThreads                            = 3                                         {product} {ergonomic}
     uint G1ConcRefinementThreads                  = 10                                        {product} {ergonomic}
   size_t G1HeapRegionSize                         = 1048576                                   {product} {ergonomic}
    uintx GCDrainStackTargetSize                   = 64                                        {product} {ergonomic}
   size_t InitialHeapSize                          = 264241152                                 {product} {ergonomic}
   size_t MarkStackSize                            = 4194304                                   {product} {ergonomic}
   size_t MaxHeapSize                              = 536870912                                 {product} {command line}
   size_t MaxNewSize                               = 321912832                                 {product} {ergonomic}
   size_t MinHeapDeltaBytes                        = 1048576                                   {product} {ergonomic}
    uintx NonNMethodCodeHeapSize                   = 5835340                                {pd product} {ergonomic}
    uintx NonProfiledCodeHeapSize                  = 122911450                              {pd product} {ergonomic}
    uintx ProfiledCodeHeapSize                     = 122911450                              {pd product} {ergonomic}
    uintx ReservedCodeCacheSize                    = 251658240                              {pd product} {ergonomic}
     bool SegmentedCodeCache                       = true                                      {product} {ergonomic}
     bool UseCompressedClassPointers               = true                                 {lp64_product} {ergonomic}
     bool UseCompressedOops                        = true                                 {lp64_product} {ergonomic}
     bool UseG1GC                                  = true                                      {product} {ergonomic}
     bool UseLargePagesIndividualAllocation        = false                                  {pd product} {ergonomic}

Logging:
Log output configuration:
 #0: stdout all=warning uptime,level,tags
 #1: stderr all=off uptime,level,tags

Environment Variables:
JAVA_HOME=C:\Program Files\Java\jdk-12.0.2
PATH=C:\Program Files (x86)\Common Files\Oracle\Java\javapath;C:\windows\system32;C:\windows;C:\windows\System32\Wbem;C:\windows\System32\WindowsPowerShell\v1.0\;C:\windows\System32\OpenSSH\;C:\Program Files (x86)\NVIDIA Corporation\PhysX\Common;D:\development\version control\Git\cmd;D:\Software\posgres\pg11\bin;C:\Program Files\Intel\WiFi\bin\;C:\Program Files\Common Files\Intel\WirelessCommon\;C:\Program Files (x86)\Windows Kits\10\Windows Performance Toolkit\;C:\Program Files\Java\jdk-12.0.2\lib;C:\WINDOWS\system32;C:\WINDOWS;C:\WINDOWS\System32\Wbem;C:\WINDOWS\System32\WindowsPowerShell\v1.0\;C:\WINDOWS\System32\OpenSSH\;;C:\Program Files (x86)\Gpg4win\..\GnuPG\bin;C:\Users\Daglemino\AppData\Local\Programs\Python\Python36-32\Scripts\;C:\Users\Daglemino\AppData\Local\Programs\Python\Python36-32\;C:\Users\Daglemino\AppData\Local\Microsoft\WindowsApps
USERNAME=Daglemino
OS=Windows_NT
PROCESSOR_IDENTIFIER=Intel64 Family 6 Model 158 Stepping 10, GenuineIntel



---------------  S Y S T E M  ---------------

OS: Windows 10 , 64 bit Build 18362 (10.0.18362.329)

CPU:total 12 (initial active 12) (6 cores per cpu, 2 threads per core) family 6 model 158 stepping 10, cmov, cx8, fxsr, mmx, sse, sse2, sse3, ssse3, sse4.1, sse4.2, popcnt, avx, avx2, aes, clmul, erms, 3dnowpref, lzcnt, ht, tsc, tscinvbit, bmi1, bmi2, adx, fma

Memory: 4k page, system-wide physical 16122M (4385M free)
TotalPageFile size 29376M (AvailPageFile size 4543M)
current process WorkingSet (physical memory assigned to process): 545M, peak: 545M
current process commit charge ("private bytes"): 668M, peak: 674M

vm_info: Java HotSpot(TM) 64-Bit Server VM (11.0.2+9-LTS) for windows-amd64 JRE (11.0.2+9-LTS), built on Jan 18 2019 05:24:10 by "mach5one" with MS VC++ 15.5 (VS2017)

END.
