#
# A fatal error has been detected by the Java Runtime Environment:
#
#  EXCEPTION_ACCESS_VIOLATION (0xc0000005) at pc=0x00007ffeb47e398c, pid=21728, tid=17376
#
# JRE version: Java(TM) SE Runtime Environment (11.0.2+9) (build 11.0.2+9-LTS)
# Java VM: Java HotSpot(TM) 64-Bit Server VM (11.0.2+9-LTS, mixed mode, tiered, compressed oops, g1 gc, windows-amd64)
# Problematic frame:
# C  [nvopencl64.dll+0x19398c]
#
# No core dump will be written. Minidumps are not enabled by default on client versions of Windows
#
# If you would like to submit a bug report, please visit:
#   http://bugreport.java.com/bugreport/crash.jsp
# The crash happened outside the Java Virtual Machine in native code.
# See problematic frame for where to report the bug.
#

---------------  S U M M A R Y ------------

Command Line: -Dorg.gradle.native=false -javaagent:build/tmp/expandedArchives/org.jacoco.agent-0.8.5.jar_6a2df60c47de373ea127d14406367999/jacocoagent.jar=destfile=build/jacoco/test.exec,append=true,inclnolocationclasses=false,dumponexit=true,output=file,jmx=false -Xmx512m -Dfile.encoding=windows-1252 -Duser.country=AT -Duser.language=de -Duser.variant -ea worker.org.gradle.process.internal.worker.GradleWorkerMain 'Gradle Test Executor 12'

Host: Intel(R) Core(TM) i7-8750H CPU @ 2.20GHz, 12 cores, 15G,  Windows 10 , 64 bit Build 18362 (10.0.18362.329)
Time: Thu Nov 21 08:56:12 2019 Mitteleuropäische Zeit elapsed time: 10 seconds (0d 0h 0m 10s)

---------------  T H R E A D  ---------------

Current thread (0x000001e1055e8000):  JavaThread "Test worker" [_thread_in_native, id=17376, stack(0x000000ca72500000,0x000000ca72600000)]

Stack: [0x000000ca72500000,0x000000ca72600000],  sp=0x000000ca725fb260,  free space=1004k
Native frames: (J=compiled Java code, j=interpreted, Vv=VM code, C=native code)
C  [nvopencl64.dll+0x19398c]

Java frames: (J=compiled Java code, j=interpreted, Vv=VM code)
j  org.jocl.CL.clEnqueueReadBufferNative(Lorg/jocl/cl_command_queue;Lorg/jocl/cl_mem;ZJJLorg/jocl/Pointer;I[Lorg/jocl/cl_event;Lorg/jocl/cl_event;)I+0
j  org.jocl.CL.clEnqueueReadBuffer(Lorg/jocl/cl_command_queue;Lorg/jocl/cl_mem;ZJJLorg/jocl/Pointer;I[Lorg/jocl/cl_event;Lorg/jocl/cl_event;)I+76
j  neureka.core.device.openCL.OpenCLDevice.value32Of(Lneureka/core/Tsr;Z)[F+97
j  neureka.core.device.openCL.OpenCLDevice.value64Of(Lneureka/core/Tsr;Z)[D+39
J 3491 c1 neureka.core.Tsr.value64()[D (259 bytes) @ 0x000001e170b9f5c4 [0x000001e170b9e4a0+0x0000000000001124]
j  neureka.core.Tsr._toString(Ljava/lang/String;Ljava/lang/String;)Ljava/lang/String;+339
j  neureka.core.Tsr.toString(Ljava/lang/String;)Ljava/lang/String;+36
j  neureka.core.Tsr.toString()Ljava/lang/String;+10
j  neureka.core.Tsr$toString$5.call(Ljava/lang/Object;)Ljava/lang/Object;+16
j  TestExamples._testReadmeExamples(Lneureka/core/device/Device;)V+2755
j  TestExamples$_testReadmeExamples.callCurrent(Lgroovy/lang/GroovyObject;[Ljava/lang/Object;)Ljava/lang/Object;+23
j  org.codehaus.groovy.runtime.callsite.CallSiteArray.defaultCallCurrent(Lorg/codehaus/groovy/runtime/callsite/CallSite;Lgroovy/lang/GroovyObject;[Ljava/lang/Object;)Ljava/lang/Object;+21
j  org.codehaus.groovy.runtime.callsite.AbstractCallSite.callCurrent(Lgroovy/lang/GroovyObject;[Ljava/lang/Object;)Ljava/lang/Object;+7
j  org.codehaus.groovy.runtime.callsite.AbstractCallSite.callCurrent(Lgroovy/lang/GroovyObject;Ljava/lang/Object;)Ljava/lang/Object;+50
j  TestExamples.testOne()V+186
v  ~StubRoutines::call_stub
j  jdk.internal.reflect.NativeMethodAccessorImpl.invoke0(Ljava/lang/reflect/Method;Ljava/lang/Object;[Ljava/lang/Object;)Ljava/lang/Object;+0 java.base@11.0.2
j  jdk.internal.reflect.NativeMethodAccessorImpl.invoke(Ljava/lang/Object;[Ljava/lang/Object;)Ljava/lang/Object;+100 java.base@11.0.2
j  jdk.internal.reflect.DelegatingMethodAccessorImpl.invoke(Ljava/lang/Object;[Ljava/lang/Object;)Ljava/lang/Object;+6 java.base@11.0.2
j  java.lang.reflect.Method.invoke(Ljava/lang/Object;[Ljava/lang/Object;)Ljava/lang/Object;+59 java.base@11.0.2
j  org.junit.runners.model.FrameworkMethod$1.runReflectiveCall()Ljava/lang/Object;+19
j  org.junit.internal.runners.model.ReflectiveCallable.run()Ljava/lang/Object;+5
j  org.junit.runners.model.FrameworkMethod.invokeExplosively(Ljava/lang/Object;[Ljava/lang/Object;)Ljava/lang/Object;+14
j  org.junit.internal.runners.statements.InvokeMethod.evaluate()V+16
j  org.junit.runners.ParentRunner.runLeaf(Lorg/junit/runners/model/Statement;Lorg/junit/runner/Description;Lorg/junit/runner/notification/RunNotifier;)V+34
j  org.junit.runners.BlockJUnit4ClassRunner.runChild(Lorg/junit/runners/model/FrameworkMethod;Lorg/junit/runner/notification/RunNotifier;)V+49
j  org.junit.runners.BlockJUnit4ClassRunner.runChild(Ljava/lang/Object;Lorg/junit/runner/notification/RunNotifier;)V+10
j  org.junit.runners.ParentRunner$3.run()V+16
j  org.junit.runners.ParentRunner$1.schedule(Ljava/lang/Runnable;)V+5
j  org.junit.runners.ParentRunner.runChildren(Lorg/junit/runner/notification/RunNotifier;)V+66
j  org.junit.runners.ParentRunner.access$000(Lorg/junit/runners/ParentRunner;Lorg/junit/runner/notification/RunNotifier;)V+6
j  org.junit.runners.ParentRunner$2.evaluate()V+12
j  org.junit.runners.ParentRunner.run(Lorg/junit/runner/notification/RunNotifier;)V+36
j  org.gradle.api.internal.tasks.testing.junit.JUnitTestClassExecutor.runTestClass(Ljava/lang/String;)V+486
j  org.gradle.api.internal.tasks.testing.junit.JUnitTestClassExecutor.execute(Ljava/lang/String;)V+22
j  org.gradle.api.internal.tasks.testing.junit.JUnitTestClassExecutor.execute(Ljava/lang/Object;)V+9
j  org.gradle.api.internal.tasks.testing.junit.AbstractJUnitTestClassProcessor.processTestClass(Lorg/gradle/api/internal/tasks/testing/TestClassRunInfo;)V+34
j  org.gradle.api.internal.tasks.testing.SuiteTestClassProcessor.processTestClass(Lorg/gradle/api/internal/tasks/testing/TestClassRunInfo;)V+9
v  ~StubRoutines::call_stub
j  jdk.internal.reflect.NativeMethodAccessorImpl.invoke0(Ljava/lang/reflect/Method;Ljava/lang/Object;[Ljava/lang/Object;)Ljava/lang/Object;+0 java.base@11.0.2
j  jdk.internal.reflect.NativeMethodAccessorImpl.invoke(Ljava/lang/Object;[Ljava/lang/Object;)Ljava/lang/Object;+100 java.base@11.0.2
j  jdk.internal.reflect.DelegatingMethodAccessorImpl.invoke(Ljava/lang/Object;[Ljava/lang/Object;)Ljava/lang/Object;+6 java.base@11.0.2
j  java.lang.reflect.Method.invoke(Ljava/lang/Object;[Ljava/lang/Object;)Ljava/lang/Object;+59 java.base@11.0.2
j  org.gradle.internal.dispatch.ReflectionDispatch.dispatch(Lorg/gradle/internal/dispatch/MethodInvocation;)V+31
j  org.gradle.internal.dispatch.ReflectionDispatch.dispatch(Ljava/lang/Object;)V+9
j  org.gradle.internal.dispatch.ContextClassLoaderDispatch.dispatch(Ljava/lang/Object;)V+34
j  org.gradle.internal.dispatch.ProxyDispatchAdapter$DispatchingInvocationHandler.invoke(Ljava/lang/Object;Ljava/lang/reflect/Method;[Ljava/lang/Object;)Ljava/lang/Object;+288
j  com.sun.proxy.$Proxy5.processTestClass(Lorg/gradle/api/internal/tasks/testing/TestClassRunInfo;)V+16
j  org.gradle.api.internal.tasks.testing.worker.TestWorker.processTestClass(Lorg/gradle/api/internal/tasks/testing/TestClassRunInfo;)V+22
v  ~StubRoutines::call_stub
j  jdk.internal.reflect.NativeMethodAccessorImpl.invoke0(Ljava/lang/reflect/Method;Ljava/lang/Object;[Ljava/lang/Object;)Ljava/lang/Object;+0 java.base@11.0.2
j  jdk.internal.reflect.NativeMethodAccessorImpl.invoke(Ljava/lang/Object;[Ljava/lang/Object;)Ljava/lang/Object;+100 java.base@11.0.2
j  jdk.internal.reflect.DelegatingMethodAccessorImpl.invoke(Ljava/lang/Object;[Ljava/lang/Object;)Ljava/lang/Object;+6 java.base@11.0.2
j  java.lang.reflect.Method.invoke(Ljava/lang/Object;[Ljava/lang/Object;)Ljava/lang/Object;+59 java.base@11.0.2
j  org.gradle.internal.dispatch.ReflectionDispatch.dispatch(Lorg/gradle/internal/dispatch/MethodInvocation;)V+31
j  org.gradle.internal.dispatch.ReflectionDispatch.dispatch(Ljava/lang/Object;)V+9
j  org.gradle.internal.remote.internal.hub.MessageHubBackedObjectConnection$DispatchWrapper.dispatch(Lorg/gradle/internal/dispatch/MethodInvocation;)V+9
j  org.gradle.internal.remote.internal.hub.MessageHubBackedObjectConnection$DispatchWrapper.dispatch(Ljava/lang/Object;)V+9
j  org.gradle.internal.remote.internal.hub.MessageHub$Handler.run()V+245
j  org.gradle.internal.concurrent.ExecutorPolicy$CatchAndRecordFailures.onExecute(Ljava/lang/Runnable;)V+5
j  org.gradle.internal.concurrent.ManagedExecutorImpl$1.run()V+33
j  java.util.concurrent.ThreadPoolExecutor.runWorker(Ljava/util/concurrent/ThreadPoolExecutor$Worker;)V+92 java.base@11.0.2
j  java.util.concurrent.ThreadPoolExecutor$Worker.run()V+5 java.base@11.0.2
j  org.gradle.internal.concurrent.ThreadFactoryImpl$ManagedThreadRunnable.run()V+15
j  java.lang.Thread.run()V+11 java.base@11.0.2
v  ~StubRoutines::call_stub

siginfo: EXCEPTION_ACCESS_VIOLATION (0xc0000005), reading address 0x0000000000000070


Register to memory mapping:

RIP=0x00007ffeb47e398c nvopencl64.dll
RAX=0x0 is NULL
RBX=0x0000000000000001 is an unknown value
RCX=0x0 is NULL
RDX=0x0000000000000001 is an unknown value
RSP=0x000000ca725fb260 is pointing into the stack for thread: 0x000001e1055e8000
RBP=0x0000000000000001 is an unknown value
RSI=0x000000ca725fb730 is pointing into the stack for thread: 0x000001e1055e8000
RDI=0x000000ca725fb630 is pointing into the stack for thread: 0x000001e1055e8000
R8 =0x0000000000000001 is an unknown value
R9 =0x0000000000000001 is an unknown value
R10=0x0000000000000060 is an unknown value
R11=0x000000ca725fb740 is pointing into the stack for thread: 0x000001e1055e8000
R12=0x0 is NULL
R13=0x000001e107181990 points into unknown readable memory: 80 c4 17 07 e1 01 00 00
R14=0x000001e107181990 points into unknown readable memory: 80 c4 17 07 e1 01 00 00
R15=0x000001e1078051a0 points into unknown readable memory: 10 bb 20 03 e1 01 00 00


Registers:
RAX=0x0000000000000000, RBX=0x0000000000000001, RCX=0x0000000000000000, RDX=0x0000000000000001
RSP=0x000000ca725fb260, RBP=0x0000000000000001, RSI=0x000000ca725fb730, RDI=0x000000ca725fb630
R8 =0x0000000000000001, R9 =0x0000000000000001, R10=0x0000000000000060, R11=0x000000ca725fb740
R12=0x0000000000000000, R13=0x000001e107181990, R14=0x000001e107181990, R15=0x000001e1078051a0
RIP=0x00007ffeb47e398c, EFLAGS=0x0000000000010246

Top of Stack: (sp=0x000000ca725fb260)
0x000000ca725fb260:   0000000000000000 00007ffebb8d9000
0x000000ca725fb270:   000001e1055e8000 0000000000000000
0x000000ca725fb280:   000000ca725fb630 00007ffeb47e3aee
0x000000ca725fb290:   000000ca725fc0a8 000000ca725fb500
0x000000ca725fb2a0:   000001e11cb0ba90 0000000021237f78
0x000000ca725fb2b0:   000001e1211b84e0 000000ca0af91b60
0x000000ca725fb2c0:   000001e106782240 000001e1211e0930
0x000000ca725fb2d0:   00000000e6d4a810 000001e10717c480
0x000000ca725fb2e0:   000001e1051f1ac8 000001e1055e8000
0x000000ca725fb2f0:   000000ca725fc0a8 000001e170b4eaf4
0x000000ca725fb300:   000001e1055e8000 00007ffebbb07386
0x000000ca725fb310:   000001e1051f1ac8 00007ffebb7f30cf
0x000000ca725fb320:   000001e1211e3440 000001e167ac8290
0x000000ca725fb330:   0000000000000000 00000000e37bcde8
0x000000ca725fb340:   000000ca725fc0a8 000001e170a22691
0x000000ca725fb350:   00000000e6d48d88 000001e10af124c8 

Instructions: (pc=0x00007ffeb47e398c)
0x00007ffeb47e396c:   00 00 00 b8 01 00 00 00 48 8b 6c 24 38 48 8b 74
0x00007ffeb47e397c:   24 40 48 83 c4 20 5f c3 48 8b 4f 08 48 8b 47 68
0x00007ffeb47e398c:   44 8b 41 70 49 3b c0 73 23 49 03 c2 49 3b c0 77
0x00007ffeb47e399c:   1b 8b 41 10 85 c0 74 29 44 8b c0 48 8b 47 70 49 


Stack slot to memory mapping:
stack at sp + 0 slots: 0x0 is NULL
stack at sp + 1 slots: 0x00007ffebb8d9000 jvm.dll
stack at sp + 2 slots: 0x000001e1055e8000 is a thread
stack at sp + 3 slots: 0x0 is NULL
stack at sp + 4 slots: 0x000000ca725fb630 is pointing into the stack for thread: 0x000001e1055e8000
stack at sp + 5 slots: 0x00007ffeb47e3aee nvopencl64.dll
stack at sp + 6 slots: 0x000000ca725fc0a8 is pointing into the stack for thread: 0x000001e1055e8000
stack at sp + 7 slots: 0x000000ca725fb500 is pointing into the stack for thread: 0x000001e1055e8000


---------------  P R O C E S S  ---------------

Threads class SMR info:
_java_thread_list=0x000001e11a47ec40, length=21, elements={
0x000001e167ac5000, 0x000001e103bcc800, 0x000001e103bd5800, 0x000001e103c32000,
0x000001e103c33000, 0x000001e103c37800, 0x000001e103c59000, 0x000001e103c5c000,
0x000001e103dd1000, 0x000001e104203000, 0x000001e1055e8000, 0x000001e106f99800,
0x000001e104762800, 0x000001e10776f800, 0x000001e104f9c800, 0x000001e106d7b000,
0x000001e10712f000, 0x000001e107808000, 0x000001e10b928800, 0x000001e11c07e800,
0x000001e1047e9800
}

Java Threads: ( => current thread )
  0x000001e167ac5000 JavaThread "main" [_thread_blocked, id=7868, stack(0x000000ca70c00000,0x000000ca70d00000)]
  0x000001e103bcc800 JavaThread "Reference Handler" daemon [_thread_blocked, id=3340, stack(0x000000ca71300000,0x000000ca71400000)]
  0x000001e103bd5800 JavaThread "Finalizer" daemon [_thread_blocked, id=13280, stack(0x000000ca71400000,0x000000ca71500000)]
  0x000001e103c32000 JavaThread "Signal Dispatcher" daemon [_thread_blocked, id=12916, stack(0x000000ca71500000,0x000000ca71600000)]
  0x000001e103c33000 JavaThread "Attach Listener" daemon [_thread_blocked, id=19440, stack(0x000000ca71600000,0x000000ca71700000)]
  0x000001e103c37800 JavaThread "C2 CompilerThread0" daemon [_thread_in_native, id=2584, stack(0x000000ca71700000,0x000000ca71800000)]
  0x000001e103c59000 JavaThread "C1 CompilerThread0" daemon [_thread_blocked, id=21760, stack(0x000000ca71800000,0x000000ca71900000)]
  0x000001e103c5c000 JavaThread "Sweeper thread" daemon [_thread_blocked, id=21720, stack(0x000000ca71900000,0x000000ca71a00000)]
  0x000001e103dd1000 JavaThread "Common-Cleaner" daemon [_thread_blocked, id=5384, stack(0x000000ca71a00000,0x000000ca71b00000)]
  0x000001e104203000 JavaThread "Service Thread" daemon [_thread_blocked, id=9880, stack(0x000000ca71c00000,0x000000ca71d00000)]
=>0x000001e1055e8000 JavaThread "Test worker" [_thread_in_native, id=17376, stack(0x000000ca72500000,0x000000ca72600000)]
  0x000001e106f99800 JavaThread "/127.0.0.1:51981 to /127.0.0.1:51980 workers Thread 2" [_thread_blocked, id=6588, stack(0x000000ca72600000,0x000000ca72700000)]
  0x000001e104762800 JavaThread "/127.0.0.1:51981 to /127.0.0.1:51980 workers Thread 3" [_thread_in_native, id=5084, stack(0x000000ca72700000,0x000000ca72800000)]
  0x000001e10776f800 JavaThread "Java2D Disposer" daemon [_thread_blocked, id=11452, stack(0x000000ca72800000,0x000000ca72900000)]
  0x000001e104f9c800 JavaThread "AWT-Shutdown" [_thread_blocked, id=2972, stack(0x000000ca72900000,0x000000ca72a00000)]
  0x000001e106d7b000 JavaThread "AWT-Windows" daemon [_thread_in_native, id=3396, stack(0x000000ca72a00000,0x000000ca72b00000)]
  0x000001e10712f000 JavaThread "AWT-EventQueue-0" [_thread_blocked, id=752, stack(0x000000ca72b00000,0x000000ca72c00000)]
  0x000001e107808000 JavaThread "TimerQueue" daemon [_thread_blocked, id=720, stack(0x000000ca73500000,0x000000ca73600000)]
  0x000001e10b928800 JavaThread "Cleaner-0" daemon [_thread_blocked, id=19224, stack(0x000000ca73c00000,0x000000ca73d00000)]
  0x000001e11c07e800 JavaThread "C2 CompilerThread1" daemon [_thread_in_native, id=18500, stack(0x000000ca73d00000,0x000000ca73e00000)]
  0x000001e1047e9800 JavaThread "C2 CompilerThread2" daemon [_thread_in_native, id=22004, stack(0x000000ca73f00000,0x000000ca74000000)]

Other Threads:
  0x000001e103ba6000 VMThread "VM Thread" [stack: 0x000000ca71200000,0x000000ca71300000] [id=21232]
  0x000001e104204000 WatcherThread [stack: 0x000000ca71d00000,0x000000ca71e00000] [id=19200]
  0x000001e167ade000 GCTaskThread "GC Thread#0" [stack: 0x000000ca70d00000,0x000000ca70e00000] [id=11268]
  0x000001e105221000 GCTaskThread "GC Thread#1" [stack: 0x000000ca71f00000,0x000000ca72000000] [id=8344]
  0x000001e1053dc800 GCTaskThread "GC Thread#2" [stack: 0x000000ca72000000,0x000000ca72100000] [id=8976]
  0x000001e105421800 GCTaskThread "GC Thread#3" [stack: 0x000000ca72100000,0x000000ca72200000] [id=10112]
  0x000001e105422000 GCTaskThread "GC Thread#4" [stack: 0x000000ca72200000,0x000000ca72300000] [id=21636]
  0x000001e1051f2800 GCTaskThread "GC Thread#5" [stack: 0x000000ca72300000,0x000000ca72400000] [id=6628]
  0x000001e105027800 GCTaskThread "GC Thread#6" [stack: 0x000000ca72c00000,0x000000ca72d00000] [id=2748]
  0x000001e1070d8000 GCTaskThread "GC Thread#7" [stack: 0x000000ca72d00000,0x000000ca72e00000] [id=22044]
  0x000001e10787f800 GCTaskThread "GC Thread#8" [stack: 0x000000ca72e00000,0x000000ca72f00000] [id=21812]
  0x000001e107880800 GCTaskThread "GC Thread#9" [stack: 0x000000ca72f00000,0x000000ca73000000] [id=13736]
  0x000001e167aee800 ConcurrentGCThread "G1 Main Marker" [stack: 0x000000ca70e00000,0x000000ca70f00000] [id=2536]
  0x000001e167af1000 ConcurrentGCThread "G1 Conc#0" [stack: 0x000000ca70f00000,0x000000ca71000000] [id=17788]
  0x000001e1065f5000 ConcurrentGCThread "G1 Conc#1" [stack: 0x000000ca73000000,0x000000ca73100000] [id=692]
  0x000001e10811e800 ConcurrentGCThread "G1 Conc#2" [stack: 0x000000ca73100000,0x000000ca73200000] [id=19384]
  0x000001e167b8e800 ConcurrentGCThread "G1 Refine#0" [stack: 0x000000ca71000000,0x000000ca71100000] [id=7064]
  0x000001e103214800 ConcurrentGCThread "G1 Young RemSet Sampling" [stack: 0x000000ca71100000,0x000000ca71200000] [id=13116]

Threads with active compile tasks:
C2 CompilerThread04344       4       org.jacoco.agent.rt.internal_43f5073.asm.ClassReader::readMethod (1052 bytes)
C2 CompilerThread14313   !   4       java.net.URL::<init> (543 bytes)
C2 CompilerThread24312   !   4       java.util.concurrent.ConcurrentHashMap::putVal (432 bytes)

VM state:not at safepoint (normal execution)

VM Mutex/Monitor currently owned by a thread: None

Heap address: 0x00000000e0000000, size: 512 MB, Compressed Oops mode: 32-bit
Narrow klass base: 0x0000000000000000, Narrow klass shift: 3
Compressed class space size: 1073741824 Address: 0x0000000100000000

Heap:
 garbage-first heap   total 61440K, used 19587K [0x00000000e0000000, 0x0000000100000000)
  region size 1024K, 6 young (6144K), 3 survivors (3072K)
 Metaspace       used 30835K, capacity 32121K, committed 32256K, reserved 1077248K
  class space    used 3296K, capacity 3834K, committed 3840K, reserved 1048576K
Heap Regions: E=young(eden), S=young(survivor), O=old, HS=humongous(starts), HC=humongous(continues), CS=collection set, F=free, A=archive, TAMS=top-at-mark-start (previous, next)
|   0|0x00000000e0000000, 0x00000000e00ffff8, 0x00000000e0100000| 99%| O|  |TAMS 0x00000000e00ffff8, 0x00000000e0000000| Untracked 
|   1|0x00000000e0100000, 0x00000000e0200000, 0x00000000e0200000|100%|HS|  |TAMS 0x00000000e0200000, 0x00000000e0100000| Complete 
|   2|0x00000000e0200000, 0x00000000e0300000, 0x00000000e0300000|100%|HC|  |TAMS 0x00000000e0300000, 0x00000000e0200000| Complete 
|   3|0x00000000e0300000, 0x00000000e0400000, 0x00000000e0400000|100%|HC|  |TAMS 0x00000000e0400000, 0x00000000e0300000| Complete 
|   4|0x00000000e0400000, 0x00000000e04fffe8, 0x00000000e0500000| 99%| O|  |TAMS 0x00000000e04fffe8, 0x00000000e0400000| Untracked 
|   5|0x00000000e0500000, 0x00000000e05ffff0, 0x00000000e0600000| 99%| O|  |TAMS 0x00000000e05ffff0, 0x00000000e0500000| Untracked 
|   6|0x00000000e0600000, 0x00000000e0700000, 0x00000000e0700000|100%| O|  |TAMS 0x00000000e0700000, 0x00000000e0600000| Untracked 
|   7|0x00000000e0700000, 0x00000000e07fffe8, 0x00000000e0800000| 99%| O|  |TAMS 0x00000000e07fffe8, 0x00000000e0700000| Untracked 
|   8|0x00000000e0800000, 0x00000000e08d79d8, 0x00000000e0900000| 84%| O|  |TAMS 0x00000000e08d79d8, 0x00000000e0800000| Untracked 
|   9|0x00000000e0900000, 0x00000000e09ffff8, 0x00000000e0a00000| 99%| O|  |TAMS 0x00000000e09ffff8, 0x00000000e0900000| Untracked 
|  10|0x00000000e0a00000, 0x00000000e0affff0, 0x00000000e0b00000| 99%| O|  |TAMS 0x00000000e0affff0, 0x00000000e0a00000| Untracked 
|  11|0x00000000e0b00000, 0x00000000e0b00000, 0x00000000e0c00000|  0%| F|  |TAMS 0x00000000e0b00000, 0x00000000e0b00000| Untracked 
|  12|0x00000000e0c00000, 0x00000000e0c2a648, 0x00000000e0d00000| 16%| O|  |TAMS 0x00000000e0c2a648, 0x00000000e0c00000| Untracked 
|  13|0x00000000e0d00000, 0x00000000e0d00000, 0x00000000e0e00000|  0%| F|  |TAMS 0x00000000e0d00000, 0x00000000e0d00000| Untracked 
|  14|0x00000000e0e00000, 0x00000000e0f00000, 0x00000000e0f00000|100%| O|  |TAMS 0x00000000e0f00000, 0x00000000e0e00000| Untracked 
|  15|0x00000000e0f00000, 0x00000000e0f00000, 0x00000000e1000000|  0%| F|  |TAMS 0x00000000e0f00000, 0x00000000e0f00000| Untracked 
|  16|0x00000000e1000000, 0x00000000e1100000, 0x00000000e1100000|100%| O|  |TAMS 0x00000000e103b400, 0x00000000e1000000| Untracked 
|  17|0x00000000e1100000, 0x00000000e119bc00, 0x00000000e1200000| 60%| O|  |TAMS 0x00000000e1100000, 0x00000000e1100000| Untracked 
|  18|0x00000000e1200000, 0x00000000e1200000, 0x00000000e1300000|  0%| F|  |TAMS 0x00000000e1200000, 0x00000000e1200000| Untracked 
|  19|0x00000000e1300000, 0x00000000e1300000, 0x00000000e1400000|  0%| F|  |TAMS 0x00000000e1300000, 0x00000000e1300000| Untracked 
|  20|0x00000000e1400000, 0x00000000e1400000, 0x00000000e1500000|  0%| F|  |TAMS 0x00000000e1400000, 0x00000000e1400000| Untracked 
|  21|0x00000000e1500000, 0x00000000e1500000, 0x00000000e1600000|  0%| F|  |TAMS 0x00000000e1500000, 0x00000000e1500000| Untracked 
|  22|0x00000000e1600000, 0x00000000e1600000, 0x00000000e1700000|  0%| F|  |TAMS 0x00000000e1600000, 0x00000000e1600000| Untracked 
|  23|0x00000000e1700000, 0x00000000e1700000, 0x00000000e1800000|  0%| F|  |TAMS 0x00000000e1700000, 0x00000000e1700000| Untracked 
|  24|0x00000000e1800000, 0x00000000e1837cd0, 0x00000000e1900000| 21%| S|CS|TAMS 0x00000000e1800000, 0x00000000e1800000| Complete 
|  25|0x00000000e1900000, 0x00000000e1a00000, 0x00000000e1a00000|100%| S|CS|TAMS 0x00000000e1900000, 0x00000000e1900000| Complete 
|  26|0x00000000e1a00000, 0x00000000e1a00000, 0x00000000e1b00000|  0%| F|  |TAMS 0x00000000e1a00000, 0x00000000e1a00000| Untracked 
|  27|0x00000000e1b00000, 0x00000000e1b00000, 0x00000000e1c00000|  0%| F|  |TAMS 0x00000000e1b00000, 0x00000000e1b00000| Untracked 
|  28|0x00000000e1c00000, 0x00000000e1d00000, 0x00000000e1d00000|100%| S|CS|TAMS 0x00000000e1c00000, 0x00000000e1c00000| Complete 
|  29|0x00000000e1d00000, 0x00000000e1d00000, 0x00000000e1e00000|  0%| F|  |TAMS 0x00000000e1d00000, 0x00000000e1d00000| Untracked 
|  30|0x00000000e1e00000, 0x00000000e1e00000, 0x00000000e1f00000|  0%| F|  |TAMS 0x00000000e1e00000, 0x00000000e1e00000| Untracked 
|  31|0x00000000e1f00000, 0x00000000e1f00000, 0x00000000e2000000|  0%| F|  |TAMS 0x00000000e1f00000, 0x00000000e1f00000| Untracked 
|  32|0x00000000e2000000, 0x00000000e2000000, 0x00000000e2100000|  0%| F|  |TAMS 0x00000000e2000000, 0x00000000e2000000| Untracked 
|  33|0x00000000e2100000, 0x00000000e2100000, 0x00000000e2200000|  0%| F|  |TAMS 0x00000000e2100000, 0x00000000e2100000| Untracked 
|  34|0x00000000e2200000, 0x00000000e2200000, 0x00000000e2300000|  0%| F|  |TAMS 0x00000000e2200000, 0x00000000e2200000| Untracked 
|  35|0x00000000e2300000, 0x00000000e2300000, 0x00000000e2400000|  0%| F|  |TAMS 0x00000000e2300000, 0x00000000e2300000| Untracked 
|  36|0x00000000e2400000, 0x00000000e2400000, 0x00000000e2500000|  0%| F|  |TAMS 0x00000000e2400000, 0x00000000e2400000| Untracked 
|  37|0x00000000e2500000, 0x00000000e2500000, 0x00000000e2600000|  0%| F|  |TAMS 0x00000000e2500000, 0x00000000e2500000| Untracked 
|  38|0x00000000e2600000, 0x00000000e2600000, 0x00000000e2700000|  0%| F|  |TAMS 0x00000000e2600000, 0x00000000e2600000| Untracked 
|  39|0x00000000e2700000, 0x00000000e2700000, 0x00000000e2800000|  0%| F|  |TAMS 0x00000000e2700000, 0x00000000e2700000| Untracked 
|  40|0x00000000e2800000, 0x00000000e2800000, 0x00000000e2900000|  0%| F|  |TAMS 0x00000000e2800000, 0x00000000e2800000| Untracked 
|  41|0x00000000e2900000, 0x00000000e2900000, 0x00000000e2a00000|  0%| F|  |TAMS 0x00000000e2900000, 0x00000000e2900000| Untracked 
|  42|0x00000000e2a00000, 0x00000000e2a00000, 0x00000000e2b00000|  0%| F|  |TAMS 0x00000000e2a00000, 0x00000000e2a00000| Untracked 
|  43|0x00000000e2b00000, 0x00000000e2b00000, 0x00000000e2c00000|  0%| F|  |TAMS 0x00000000e2b00000, 0x00000000e2b00000| Untracked 
|  44|0x00000000e2c00000, 0x00000000e2c00000, 0x00000000e2d00000|  0%| F|  |TAMS 0x00000000e2c00000, 0x00000000e2c00000| Untracked 
|  45|0x00000000e2d00000, 0x00000000e2d00000, 0x00000000e2e00000|  0%| F|  |TAMS 0x00000000e2d00000, 0x00000000e2d00000| Untracked 
|  46|0x00000000e2e00000, 0x00000000e2e00000, 0x00000000e2f00000|  0%| F|  |TAMS 0x00000000e2e00000, 0x00000000e2e00000| Untracked 
|  47|0x00000000e2f00000, 0x00000000e2f00000, 0x00000000e3000000|  0%| F|  |TAMS 0x00000000e2f00000, 0x00000000e2f00000| Untracked 
|  48|0x00000000e3000000, 0x00000000e3000000, 0x00000000e3100000|  0%| F|  |TAMS 0x00000000e3000000, 0x00000000e3000000| Untracked 
|  49|0x00000000e3100000, 0x00000000e3100000, 0x00000000e3200000|  0%| F|  |TAMS 0x00000000e3100000, 0x00000000e3100000| Untracked 
|  50|0x00000000e3200000, 0x00000000e3200000, 0x00000000e3300000|  0%| F|  |TAMS 0x00000000e3200000, 0x00000000e3200000| Untracked 
|  51|0x00000000e3300000, 0x00000000e3300000, 0x00000000e3400000|  0%| F|  |TAMS 0x00000000e3300000, 0x00000000e3300000| Untracked 
|  52|0x00000000e3400000, 0x00000000e3400000, 0x00000000e3500000|  0%| F|  |TAMS 0x00000000e3400000, 0x00000000e3400000| Untracked 
|  53|0x00000000e3500000, 0x00000000e3500000, 0x00000000e3600000|  0%| F|  |TAMS 0x00000000e3500000, 0x00000000e3500000| Untracked 
|  54|0x00000000e3600000, 0x00000000e363a290, 0x00000000e3700000| 22%| E|  |TAMS 0x00000000e3600000, 0x00000000e3600000| Complete 
|  55|0x00000000e3700000, 0x00000000e3800000, 0x00000000e3800000|100%| E|CS|TAMS 0x00000000e3700000, 0x00000000e3700000| Complete 
|  56|0x00000000e3800000, 0x00000000e3900000, 0x00000000e3900000|100%| E|  |TAMS 0x00000000e3800000, 0x00000000e3800000| Complete 
| 108|0x00000000e6c00000, 0x00000000e6cf1b40, 0x00000000e6d00000| 94%| O|  |TAMS 0x00000000e6cf1b40, 0x00000000e6c00000| Untracked 
| 109|0x00000000e6d00000, 0x00000000e6dd07b8, 0x00000000e6e00000| 81%| O|  |TAMS 0x00000000e6dd07b8, 0x00000000e6d00000| Untracked 
| 173|0x00000000ead00000, 0x00000000ead89130, 0x00000000eae00000| 53%| O|  |TAMS 0x00000000ead89130, 0x00000000ead00000| Untracked 

Card table byte_map: [0x000001e17f430000,0x000001e17f530000] _byte_map_base: 0x000001e17ed30000

Marking Bits (Prev, Next): (CMBitMap*) 0x000001e167aebcd8, (CMBitMap*) 0x000001e167aebd10
 Prev Bits: [0x000001e17f630000, 0x000001e17fe30000)
 Next Bits: [0x000001e100000000, 0x000001e100800000)

Polling page: 0x000001e1657e0000

Metaspace:

Usage:
  Non-class:     27.62 MB capacity,    26.89 MB ( 97%) used,   615.63 KB (  2%) free+waste,   132.94 KB ( <1%) overhead. 
      Class:      3.74 MB capacity,     3.22 MB ( 86%) used,   470.67 KB ( 12%) free+waste,    66.56 KB (  2%) overhead. 
       Both:     31.37 MB capacity,    30.11 MB ( 96%) used,     1.06 MB (  3%) free+waste,   199.50 KB ( <1%) overhead. 

Virtual space:
  Non-class space:       28.00 MB reserved,      27.75 MB (>99%) committed 
      Class space:        1.00 GB reserved,       3.75 MB ( <1%) committed 
             Both:        1.03 GB reserved,      31.50 MB (  3%) committed 

Chunk freelists:
   Non-Class:  128 bytes
       Class:  768 bytes
        Both:  896 bytes

CodeHeap 'non-profiled nmethods': size=120000Kb used=3239Kb max_used=3239Kb free=116760Kb
 bounds [0x000001e1778b0000, 0x000001e177be0000, 0x000001e17ede0000]
CodeHeap 'profiled nmethods': size=120000Kb used=11006Kb max_used=11006Kb free=108993Kb
 bounds [0x000001e170380000, 0x000001e170e50000, 0x000001e1778b0000]
CodeHeap 'non-nmethods': size=5760Kb used=2324Kb max_used=2382Kb free=3435Kb
 bounds [0x000001e16fde0000, 0x000001e170050000, 0x000001e170380000]
 total_blobs=6602 nmethods=4348 adapters=854
 compilation: enabled
              stopped_count=0, restarted_count=0
 full_count=0

Compilation events (10 events):
Event: 10.123 Thread 0x000001e103c59000 4495       2       org.gradle.internal.io.LinePerThreadBufferingOutputStream::$jacocoInit (52 bytes)
Event: 10.124 Thread 0x000001e103c59000 nmethod 4495 0x000001e170e3e390 code [0x000001e170e3e580, 0x000001e170e3eb00]
Event: 10.124 Thread 0x000001e103c59000 4498       2       java.io.BufferedWriter::ensureOpen (18 bytes)
Event: 10.124 Thread 0x000001e103c59000 nmethod 4498 0x000001e170e3ed10 code [0x000001e170e3eee0, 0x000001e170e3f0f0]
Event: 10.124 Thread 0x000001e103c59000 4499       1       java.nio.Buffer::remaining (10 bytes)
Event: 10.124 Thread 0x000001e103c59000 nmethod 4499 0x000001e177bc3710 code [0x000001e177bc38c0, 0x000001e177bc39d8]
Event: 10.124 Thread 0x000001e103c59000 4496       2       org.gradle.internal.remote.internal.hub.queue.EndPointQueue::$jacocoInit (52 bytes)
Event: 10.125 Thread 0x000001e103c59000 nmethod 4496 0x000001e170e3f190 code [0x000001e170e3f380, 0x000001e170e3f900]
Event: 10.125 Thread 0x000001e103c59000 4497       2       org.gradle.internal.remote.internal.inet.SocketConnection::$jacocoInit (53 bytes)
Event: 10.125 Thread 0x000001e103c59000 nmethod 4497 0x000001e170e3fb10 code [0x000001e170e3fd00, 0x000001e170e40280]

GC Heap History (10 events):
Event: 9.774 GC heap before
{Heap before GC invocations=11 (full 1):
 garbage-first heap   total 61440K, used 34192K [0x00000000e0000000, 0x0000000100000000)
  region size 1024K, 15 young (15360K), 2 survivors (2048K)
 Metaspace       used 29206K, capacity 30391K, committed 30592K, reserved 1077248K
  class space    used 3197K, capacity 3707K, committed 3712K, reserved 1048576K
}
Event: 9.775 GC heap after
{Heap after GC invocations=12 (full 1):
 garbage-first heap   total 61440K, used 22116K [0x00000000e0000000, 0x0000000100000000)
  region size 1024K, 2 young (2048K), 2 survivors (2048K)
 Metaspace       used 29206K, capacity 30391K, committed 30592K, reserved 1077248K
  class space    used 3197K, capacity 3707K, committed 3712K, reserved 1048576K
}
Event: 9.898 GC heap before
{Heap before GC invocations=13 (full 1):
 garbage-first heap   total 61440K, used 48740K [0x00000000e0000000, 0x0000000100000000)
  region size 1024K, 24 young (24576K), 2 survivors (2048K)
 Metaspace       used 30261K, capacity 31459K, committed 31744K, reserved 1077248K
  class space    used 3236K, capacity 3743K, committed 3840K, reserved 1048576K
}
Event: 9.899 GC heap after
{Heap after GC invocations=14 (full 1):
 garbage-first heap   total 61440K, used 16803K [0x00000000e0000000, 0x0000000100000000)
  region size 1024K, 1 young (1024K), 1 survivors (1024K)
 Metaspace       used 30261K, capacity 31459K, committed 31744K, reserved 1077248K
  class space    used 3236K, capacity 3743K, committed 3840K, reserved 1048576K
}
Event: 9.915 GC heap before
{Heap before GC invocations=14 (full 1):
 garbage-first heap   total 61440K, used 17827K [0x00000000e0000000, 0x0000000100000000)
  region size 1024K, 3 young (3072K), 1 survivors (1024K)
 Metaspace       used 30367K, capacity 31650K, committed 31744K, reserved 1077248K
  class space    used 3254K, capacity 3785K, committed 3840K, reserved 1048576K
}
Event: 9.916 GC heap after
{Heap after GC invocations=15 (full 1):
 garbage-first heap   total 61440K, used 16868K [0x00000000e0000000, 0x0000000100000000)
  region size 1024K, 1 young (1024K), 1 survivors (1024K)
 Metaspace       used 30367K, capacity 31650K, committed 31744K, reserved 1077248K
  class space    used 3254K, capacity 3785K, committed 3840K, reserved 1048576K
}
Event: 9.997 GC heap before
{Heap before GC invocations=15 (full 1):
 garbage-first heap   total 61440K, used 45540K [0x00000000e0000000, 0x0000000100000000)
  region size 1024K, 29 young (29696K), 1 survivors (1024K)
 Metaspace       used 30677K, capacity 32003K, committed 32256K, reserved 1077248K
  class space    used 3277K, capacity 3817K, committed 3840K, reserved 1048576K
}
Event: 9.998 GC heap after
{Heap after GC invocations=16 (full 1):
 garbage-first heap   total 61440K, used 17855K [0x00000000e0000000, 0x0000000100000000)
  region size 1024K, 2 young (2048K), 2 survivors (2048K)
 Metaspace       used 30677K, capacity 32003K, committed 32256K, reserved 1077248K
  class space    used 3277K, capacity 3817K, committed 3840K, reserved 1048576K
}
Event: 10.120 GC heap before
{Heap before GC invocations=16 (full 1):
 garbage-first heap   total 61440K, used 46527K [0x00000000e0000000, 0x0000000100000000)
  region size 1024K, 30 young (30720K), 2 survivors (2048K)
 Metaspace       used 30831K, capacity 32121K, committed 32256K, reserved 1077248K
  class space    used 3296K, capacity 3834K, committed 3840K, reserved 1048576K
}
Event: 10.122 GC heap after
{Heap after GC invocations=17 (full 1):
 garbage-first heap   total 61440K, used 18563K [0x00000000e0000000, 0x0000000100000000)
  region size 1024K, 3 young (3072K), 3 survivors (3072K)
 Metaspace       used 30831K, capacity 32121K, committed 32256K, reserved 1077248K
  class space    used 3296K, capacity 3834K, committed 3840K, reserved 1048576K
}

Deoptimization events (10 events):
Event: 7.278 Thread 0x000001e1055e8000 Uncommon trap: reason=unstable_if action=reinterpret pc=0x000001e177b2abf0 method=org.jacoco.agent.rt.internal_43f5073.asm.commons.AnalyzerAdapter.execute(IILjava/lang/String;)V @ 1140 c2
Event: 9.487 Thread 0x000001e1055e8000 Uncommon trap: reason=unstable_if action=reinterpret pc=0x000001e1779b3198 method=org.jacoco.agent.rt.internal_43f5073.core.internal.flow.LabelFlowAnalyzer.markMethodInvocationLine()V @ 4 c2
Event: 9.576 Thread 0x000001e1055e8000 Uncommon trap: reason=unstable_if action=reinterpret pc=0x000001e17799b3a8 method=java.util.Arrays.equals([Ljava/lang/Object;[Ljava/lang/Object;)Z @ 23 c2
Event: 9.587 Thread 0x000001e1055e8000 Uncommon trap: reason=unstable_if action=reinterpret pc=0x000001e1778e6464 method=org.jacoco.agent.rt.internal_43f5073.asm.SymbolTable.addConstantUtf8(Ljava/lang/String;)I @ 40 c2
Event: 9.592 Thread 0x000001e1055e8000 Uncommon trap: reason=unstable_if action=reinterpret pc=0x000001e177b646b8 method=org.jacoco.agent.rt.internal_43f5073.asm.ClassReader.computeImplicitFrame(Lorg/jacoco/agent/rt/internal_43f5073/asm/Context;)V @ 86 c2
Event: 9.669 Thread 0x000001e1055e8000 Uncommon trap: reason=unstable_if action=reinterpret pc=0x000001e1778ea294 method=org.jacoco.agent.rt.internal_43f5073.asm.MethodVisitor.visitVarInsn(II)V @ 4 c2
Event: 9.669 Thread 0x000001e1055e8000 Uncommon trap: reason=unstable_if action=reinterpret pc=0x000001e1778ee8b0 method=org.jacoco.agent.rt.internal_43f5073.asm.MethodVisitor.visitLocalVariable(Ljava/lang/String;Ljava/lang/String;Ljava/lang/String;Lorg/jacoco/agent/rt/internal_43f5073/asm/Lab
Event: 9.673 Thread 0x000001e1055e8000 Uncommon trap: reason=unstable_if action=reinterpret pc=0x000001e177afc854 method=org.jacoco.agent.rt.internal_43f5073.asm.MethodVisitor.visitLdcInsn(Ljava/lang/Object;)V @ 75 c2
Event: 9.746 Thread 0x000001e1055e8000 Uncommon trap: reason=predicate action=maybe_recompile pc=0x000001e1779c0a30 method=java.util.Arrays.binarySearch0([Ljava/lang/Object;IILjava/lang/Object;Ljava/util/Comparator;)I @ 25 c2
Event: 10.038 Thread 0x000001e1055e8000 Uncommon trap: reason=bimorphic_or_optimized_type_check action=maybe_recompile pc=0x000001e17796cb50 method=java.util.HashMap.putVal(ILjava/lang/Object;Ljava/lang/Object;ZZ)Ljava/lang/Object; @ 203 c2

Classes redefined (0 events):
No events

Internal exceptions (10 events):
Event: 10.033 Thread 0x000001e1055e8000 Exception <a 'java/lang/ClassNotFoundException'{0x00000000e32e7a40}: neureka/core/device/openCL/OpenCLPlatformBeanInfo> (0x00000000e32e7a40) thrown at [t:/workspace/open/src/hotspot/share/classfile/systemDictionary.cpp, line 231]
Event: 10.033 Thread 0x000001e1055e8000 Exception <a 'java/lang/ClassNotFoundException'{0x00000000e32ed6d0}: neureka/core/device/openCL/OpenCLPlatformCustomizer> (0x00000000e32ed6d0) thrown at [t:/workspace/open/src/hotspot/share/classfile/systemDictionary.cpp, line 231]
Event: 10.037 Thread 0x000001e1055e8000 Exception <a 'java/lang/ClassNotFoundException'{0x00000000e312db28}: java/util/ArrayListBeanInfo> (0x00000000e312db28) thrown at [t:/workspace/open/src/hotspot/share/classfile/systemDictionary.cpp, line 231]
Event: 10.037 Thread 0x000001e1055e8000 Exception <a 'java/lang/ClassNotFoundException'{0x00000000e312ede8}: java/util/AbstractListBeanInfo> (0x00000000e312ede8) thrown at [t:/workspace/open/src/hotspot/share/classfile/systemDictionary.cpp, line 231]
Event: 10.037 Thread 0x000001e1055e8000 Exception <a 'java/lang/ClassNotFoundException'{0x00000000e31300d0}: java/util/AbstractCollectionBeanInfo> (0x00000000e31300d0) thrown at [t:/workspace/open/src/hotspot/share/classfile/systemDictionary.cpp, line 231]
Event: 10.037 Thread 0x000001e1055e8000 Exception <a 'java/lang/ClassNotFoundException'{0x00000000e3131390}: java/util/AbstractCollectionCustomizer> (0x00000000e3131390) thrown at [t:/workspace/open/src/hotspot/share/classfile/systemDictionary.cpp, line 231]
Event: 10.038 Thread 0x000001e1055e8000 Exception <a 'java/lang/ClassNotFoundException'{0x00000000e313ddb0}: java/util/AbstractListCustomizer> (0x00000000e313ddb0) thrown at [t:/workspace/open/src/hotspot/share/classfile/systemDictionary.cpp, line 231]
Event: 10.039 Thread 0x000001e1055e8000 Exception <a 'java/lang/ClassNotFoundException'{0x00000000e314b700}: java/util/ArrayListCustomizer> (0x00000000e314b700) thrown at [t:/workspace/open/src/hotspot/share/classfile/systemDictionary.cpp, line 231]
Event: 10.054 Thread 0x000001e1055e8000 Exception <a 'java/lang/ClassNotFoundException'{0x00000000e319d320}: neureka/core/device/openCL/OpenCLDeviceBeanInfo> (0x00000000e319d320) thrown at [t:/workspace/open/src/hotspot/share/classfile/systemDictionary.cpp, line 231]
Event: 10.055 Thread 0x000001e1055e8000 Exception <a 'java/lang/ClassNotFoundException'{0x00000000e31a2e40}: neureka/core/device/openCL/OpenCLDeviceCustomizer> (0x00000000e31a2e40) thrown at [t:/workspace/open/src/hotspot/share/classfile/systemDictionary.cpp, line 231]

Events (10 events):
Event: 10.067 Executing VM operation: RevokeBias
Event: 10.068 Executing VM operation: RevokeBias done
Event: 10.068 Executing VM operation: RevokeBias
Event: 10.068 Executing VM operation: RevokeBias done
Event: 10.093 loading class neureka/core/Tsr
Event: 10.093 loading class neureka/core/Tsr done
Event: 10.093 loading class neureka/core/function/factory/AbstractFunction
Event: 10.093 loading class neureka/core/function/factory/AbstractFunction done
Event: 10.120 Executing VM operation: G1CollectForAllocation
Event: 10.122 Executing VM operation: G1CollectForAllocation done


Dynamic libraries:
0x00007ff771f80000 - 0x00007ff771fc7000 	C:\Program Files\Java\jdk-11.0.2\bin\java.exe
0x00007fff349c0000 - 0x00007fff34bb0000 	C:\WINDOWS\SYSTEM32\ntdll.dll
0x00007fff32b60000 - 0x00007fff32c12000 	C:\WINDOWS\System32\KERNEL32.DLL
0x00007fff319f0000 - 0x00007fff31c93000 	C:\WINDOWS\System32\KERNELBASE.dll
0x00007fff2f580000 - 0x00007fff2f60f000 	C:\WINDOWS\SYSTEM32\apphelp.dll
0x00007fff32cc0000 - 0x00007fff32d63000 	C:\WINDOWS\System32\ADVAPI32.dll
0x00007fff32c20000 - 0x00007fff32cbe000 	C:\WINDOWS\System32\msvcrt.dll
0x00007fff33280000 - 0x00007fff33317000 	C:\WINDOWS\System32\sechost.dll
0x00007fff32e60000 - 0x00007fff32f80000 	C:\WINDOWS\System32\RPCRT4.dll
0x00007fff33050000 - 0x00007fff331e4000 	C:\WINDOWS\System32\USER32.dll
0x00007fff31cd0000 - 0x00007fff31cf1000 	C:\WINDOWS\System32\win32u.dll
0x00007fff33410000 - 0x00007fff33436000 	C:\WINDOWS\System32\GDI32.dll
0x00007fff32050000 - 0x00007fff321e4000 	C:\WINDOWS\System32\gdi32full.dll
0x00007fff31950000 - 0x00007fff319ee000 	C:\WINDOWS\System32\msvcp_win.dll
0x00007fff31d00000 - 0x00007fff31dfa000 	C:\WINDOWS\System32\ucrtbase.dll
0x00007fff18c80000 - 0x00007fff18f05000 	C:\WINDOWS\WinSxS\amd64_microsoft.windows.common-controls_6595b64144ccf1df_6.0.18362.476_none_e6c4b11b130f2595\COMCTL32.dll
0x00007fff33fb0000 - 0x00007fff342e6000 	C:\WINDOWS\System32\combase.dll
0x00007fff278f0000 - 0x00007fff278fa000 	C:\WINDOWS\SYSTEM32\VERSION.dll
0x00007fff32990000 - 0x00007fff32a10000 	C:\WINDOWS\System32\bcryptPrimitives.dll
0x00007fff32e30000 - 0x00007fff32e5e000 	C:\WINDOWS\System32\IMM32.DLL
0x00007fff0a8a0000 - 0x00007fff0a8b6000 	C:\Program Files\Java\jdk-11.0.2\bin\vcruntime140.dll
0x00007fff04180000 - 0x00007fff0422a000 	C:\Program Files\Java\jdk-11.0.2\bin\msvcp140.dll
0x00007ffebb6e0000 - 0x00007ffebc207000 	C:\Program Files\Java\jdk-11.0.2\bin\server\jvm.dll
0x00007fff33fa0000 - 0x00007fff33fa8000 	C:\WINDOWS\System32\PSAPI.DLL
0x00007fff0c410000 - 0x00007fff0c419000 	C:\WINDOWS\SYSTEM32\WSOCK32.dll
0x00007fff2d740000 - 0x00007fff2d764000 	C:\WINDOWS\SYSTEM32\WINMM.dll
0x00007fff32a70000 - 0x00007fff32adf000 	C:\WINDOWS\System32\WS2_32.dll
0x00007fff2d710000 - 0x00007fff2d73d000 	C:\WINDOWS\SYSTEM32\winmmbase.dll
0x00007fff32000000 - 0x00007fff3204a000 	C:\WINDOWS\System32\cfgmgr32.dll
0x00007fff318a0000 - 0x00007fff318b1000 	C:\WINDOWS\System32\kernel.appcore.dll
0x00007fff09ab0000 - 0x00007fff09ac1000 	C:\Program Files\Java\jdk-11.0.2\bin\verify.dll
0x00007fff30280000 - 0x00007fff30474000 	C:\WINDOWS\SYSTEM32\DBGHELP.DLL
0x00007fff0ab60000 - 0x00007fff0ab8a000 	C:\WINDOWS\SYSTEM32\dbgcore.DLL
0x00007fff09a80000 - 0x00007fff09aa9000 	C:\Program Files\Java\jdk-11.0.2\bin\java.dll
0x00007fff04f90000 - 0x00007fff04fbf000 	C:\Program Files\Java\jdk-11.0.2\bin\instrument.dll
0x00007fff05660000 - 0x00007fff05676000 	C:\Program Files\Java\jdk-11.0.2\bin\zip.dll
0x00007fff29e10000 - 0x00007fff29e1a000 	C:\Program Files\Java\jdk-11.0.2\bin\jimage.dll
0x00007fff33440000 - 0x00007fff33b25000 	C:\WINDOWS\System32\SHELL32.dll
0x00007fff34770000 - 0x00007fff34819000 	C:\WINDOWS\System32\shcore.dll
0x00007fff321f0000 - 0x00007fff3296e000 	C:\WINDOWS\System32\windows.storage.dll
0x00007fff31930000 - 0x00007fff3194f000 	C:\WINDOWS\System32\profapi.dll
0x00007fff318e0000 - 0x00007fff3192a000 	C:\WINDOWS\System32\powrprof.dll
0x00007fff31890000 - 0x00007fff318a0000 	C:\WINDOWS\System32\UMPDC.dll
0x00007fff32dd0000 - 0x00007fff32e22000 	C:\WINDOWS\System32\shlwapi.dll
0x00007fff32970000 - 0x00007fff32987000 	C:\WINDOWS\System32\cryptsp.dll
0x00007fff04f70000 - 0x00007fff04f89000 	C:\Program Files\Java\jdk-11.0.2\bin\net.dll
0x00007fff1d210000 - 0x00007fff1d3e6000 	C:\WINDOWS\SYSTEM32\urlmon.dll
0x00007fff2cc80000 - 0x00007fff2cd70000 	C:\WINDOWS\SYSTEM32\WINHTTP.dll
0x00007fff1d870000 - 0x00007fff1db16000 	C:\WINDOWS\SYSTEM32\iertutil.dll
0x00007fff312d0000 - 0x00007fff312dc000 	C:\WINDOWS\SYSTEM32\CRYPTBASE.DLL
0x00007fff31100000 - 0x00007fff31167000 	C:\WINDOWS\system32\mswsock.dll
0x00007fff04ef0000 - 0x00007fff04f03000 	C:\Program Files\Java\jdk-11.0.2\bin\nio.dll
0x00007ffefd4b0000 - 0x00007ffefd4c6000 	C:\WINDOWS\system32\napinsp.dll
0x00007ffefd490000 - 0x00007ffefd4aa000 	C:\WINDOWS\system32\pnrpnsp.dll
0x00007fff30e50000 - 0x00007fff30f1a000 	C:\WINDOWS\SYSTEM32\DNSAPI.dll
0x00007fff34430000 - 0x00007fff34438000 	C:\WINDOWS\System32\NSI.dll
0x00007fff30e10000 - 0x00007fff30e4a000 	C:\WINDOWS\SYSTEM32\IPHLPAPI.DLL
0x00007ffefd470000 - 0x00007ffefd47e000 	C:\WINDOWS\System32\winrnr.dll
0x00007fff2da80000 - 0x00007fff2da9c000 	C:\WINDOWS\system32\NLAapi.dll
0x00007fff2cf70000 - 0x00007fff2cf85000 	C:\WINDOWS\system32\wshbth.dll
0x00007fff2a180000 - 0x00007fff2a18a000 	C:\Windows\System32\rasadhlp.dll
0x00007fff27c60000 - 0x00007fff27cd7000 	C:\WINDOWS\System32\fwpuclnt.dll
0x00007fff31ca0000 - 0x00007fff31cc6000 	C:\WINDOWS\System32\bcrypt.dll
0x00007fff30c70000 - 0x00007fff30ca3000 	C:\WINDOWS\system32\rsaenh.dll
0x00007fff31780000 - 0x00007fff317a5000 	C:\WINDOWS\SYSTEM32\USERENV.dll
0x00007fff28f90000 - 0x00007fff28fa6000 	C:\WINDOWS\SYSTEM32\dhcpcsvc6.DLL
0x00007fff29900000 - 0x00007fff2991c000 	C:\WINDOWS\SYSTEM32\dhcpcsvc.DLL
0x00007ffee8260000 - 0x00007ffee83ff000 	C:\Program Files\Java\jdk-11.0.2\bin\awt.dll
0x00007fff34440000 - 0x00007fff34504000 	C:\WINDOWS\System32\OLEAUT32.dll
0x00007fff2e400000 - 0x00007fff2e9c0000 	C:\WINDOWS\SYSTEM32\d2d1.dll
0x00007fff2fac0000 - 0x00007fff2faed000 	C:\WINDOWS\system32\DWMAPI.DLL
0x00007fff2f680000 - 0x00007fff2f719000 	C:\WINDOWS\system32\uxtheme.dll
0x00007ffefbe30000 - 0x00007ffefbf86000 	C:\WINDOWS\system32\opengl32.dll
0x00007ffefccb0000 - 0x00007ffefccdc000 	C:\WINDOWS\SYSTEM32\GLU32.dll
0x00007fff30500000 - 0x00007fff30520000 	C:\WINDOWS\SYSTEM32\dxcore.dll
0x00007fff342f0000 - 0x00007fff34426000 	C:\WINDOWS\System32\MSCTF.dll
0x00007fff34820000 - 0x00007fff34976000 	C:\WINDOWS\System32\ole32.dll
0x00007ffef18b0000 - 0x00007ffef1930000 	C:\Program Files\Java\jdk-11.0.2\bin\freetype.dll
0x00007ffef16c0000 - 0x00007ffef172f000 	C:\Program Files\Java\jdk-11.0.2\bin\fontmanager.dll
0x00007fff346c0000 - 0x00007fff34762000 	C:\WINDOWS\System32\clbcatq.dll
0x00007fff2bb30000 - 0x00007fff2bcdf000 	C:\WINDOWS\SYSTEM32\WindowsCodecs.dll
0x00007ffefa0f0000 - 0x00007ffefa12a000 	C:\WINDOWS\system32\dataexchange.dll
0x00007fff2ee20000 - 0x00007fff2effb000 	C:\WINDOWS\system32\dcomp.dll
0x00007fff2e1a0000 - 0x00007fff2e3fb000 	C:\WINDOWS\system32\d3d11.dll
0x00007fff30590000 - 0x00007fff3067b000 	C:\WINDOWS\system32\dxgi.dll
0x00007fff2f840000 - 0x00007fff2fa9a000 	C:\WINDOWS\system32\twinapi.appcore.dll
0x00007fff2fd50000 - 0x00007fff2fd79000 	C:\WINDOWS\system32\RMCLIENT.dll
0x00007fff1c770000 - 0x00007fff1c80e000 	C:\WINDOWS\System32\TextInputFramework.dll
0x00007fff2bee0000 - 0x00007fff2c20a000 	C:\WINDOWS\System32\CoreUIComponents.dll
0x00007fff2f370000 - 0x00007fff2f444000 	C:\WINDOWS\System32\CoreMessaging.dll
0x00007fff2cfe0000 - 0x00007fff2d133000 	C:\WINDOWS\SYSTEM32\wintypes.dll
0x00007fff308f0000 - 0x00007fff30921000 	C:\WINDOWS\SYSTEM32\ntmarta.dll
0x00007fff19240000 - 0x00007fff192a5000 	C:\WINDOWS\system32\Oleacc.dll
0x00007fff04d40000 - 0x00007fff04d7d000 	C:\Users\Daglemino\AppData\Local\Temp\JOCL_2_0_0-windows-x86_64.dll
0x00007fff04d20000 - 0x00007fff04d3d000 	C:\WINDOWS\SYSTEM32\OpenCL.dll
0x00007ffeb4650000 - 0x00007ffeb5cd0000 	C:\WINDOWS\System32\DriverStore\FileRepository\nvhm.inf_amd64_d1c40a54a36b6122\nvopencl64.dll
0x00007fff33b30000 - 0x00007fff33fa0000 	C:\WINDOWS\System32\SETUPAPI.dll
0x00007ffed1d20000 - 0x00007ffed1e42000 	C:\WINDOWS\SYSTEM32\nvfatbinaryLoader.dll
0x00007fff19710000 - 0x00007fff19c08000 	C:\WINDOWS\system32\nvapi64.dll
0x00007fff31690000 - 0x00007fff316ba000 	C:\WINDOWS\SYSTEM32\DEVOBJ.dll
0x00007fff32a10000 - 0x00007fff32a6c000 	C:\WINDOWS\System32\WINTRUST.dll
0x00007fff318c0000 - 0x00007fff318d2000 	C:\WINDOWS\System32\MSASN1.dll
0x00007fff31e00000 - 0x00007fff31f49000 	C:\WINDOWS\System32\CRYPT32.dll
0x00007ffed0cc0000 - 0x00007ffed0e45000 	C:\WINDOWS\System32\DriverStore\FileRepository\iigd_dch.inf_amd64_8f062540d3fd067f\IntelOpenCL64.dll
0x00007ffebf950000 - 0x00007ffebfab1000 	C:\WINDOWS\System32\DriverStore\FileRepository\iigd_dch.inf_amd64_8f062540d3fd067f\ocl\bin\x64\intelocl64.dll
0x00007ffee9a00000 - 0x00007ffee9a6e000 	C:\WINDOWS\System32\DriverStore\FileRepository\iigd_dch.inf_amd64_8f062540d3fd067f\ocl\bin\x64\task_executor64.dll
0x00007ffee88e0000 - 0x00007ffee8966000 	C:\WINDOWS\System32\DriverStore\FileRepository\iigd_dch.inf_amd64_8f062540d3fd067f\ocl\bin\x64\cpu_device64.dll
0x00007ffebf090000 - 0x00007ffebf3eb000 	C:\WINDOWS\System32\DriverStore\FileRepository\iigd_dch.inf_amd64_8f062540d3fd067f\igdrcl64.dll
0x00007fff27920000 - 0x00007fff27a3d000 	C:\WINDOWS\System32\DriverStore\FileRepository\iigd_dch.inf_amd64_8f062540d3fd067f\igdgmm64.dll
0x00007ffed7240000 - 0x00007ffed7304000 	C:\WINDOWS\System32\DriverStore\FileRepository\iigd_dch.inf_amd64_8f062540d3fd067f\igdfcl64.dll
0x00007fff24610000 - 0x00007fff268b5000 	C:\WINDOWS\System32\DriverStore\FileRepository\iigd_dch.inf_amd64_8f062540d3fd067f\igc64.dll
0x00007ffea9930000 - 0x00007ffeabf9a000 	C:\WINDOWS\system32\nvcompiler.dll
0x00007ffed6c00000 - 0x00007ffed6ce6000 	C:\WINDOWS\System32\DriverStore\FileRepository\iigd_dch.inf_amd64_8f062540d3fd067f\ocl\bin\x64\tbb\ocltbb64.dll
0x00007ffea82e0000 - 0x00007ffea992a000 	C:\WINDOWS\System32\DriverStore\FileRepository\iigd_dch.inf_amd64_8f062540d3fd067f\ocl\bin\x64\OclCpuBackEnd64.dll
0x00007ffeb4000000 - 0x00007ffeb4650000 	C:\WINDOWS\System32\DriverStore\FileRepository\iigd_dch.inf_amd64_8f062540d3fd067f\ocl\bin\x64\__ocl_svml_l9.dll
0x00007ffeb3c10000 - 0x00007ffeb3ffe000 	C:\WINDOWS\System32\DriverStore\FileRepository\iigd_dch.inf_amd64_8f062540d3fd067f\ocl\bin\x64\clang_compiler64.dll
0x00007ffea3f20000 - 0x00007ffea82d6000 	C:\WINDOWS\System32\DriverStore\FileRepository\iigd_dch.inf_amd64_8f062540d3fd067f\common_clang64.dll

dbghelp: loaded successfully - version: 4.0.5 - missing functions: none
symbol engine: initialized successfully - sym options: 0x614 - pdb path: .;C:\Program Files\Java\jdk-11.0.2\bin;C:\WINDOWS\SYSTEM32;C:\WINDOWS\WinSxS\amd64_microsoft.windows.common-controls_6595b64144ccf1df_6.0.18362.476_none_e6c4b11b130f2595;C:\Program Files\Java\jdk-11.0.2\bin\server;C:\Users\Daglemino\AppData\Local\Temp;C:\WINDOWS\System32\DriverStore\FileRepository\nvhm.inf_amd64_d1c40a54a36b6122;C:\WINDOWS\System32\DriverStore\FileRepository\iigd_dch.inf_amd64_8f062540d3fd067f;C:\WINDOWS\System32\DriverStore\FileRepository\iigd_dch.inf_amd64_8f062540d3fd067f\ocl\bin\x64;C:\WINDOWS\System32\DriverStore\FileRepository\iigd_dch.inf_amd64_8f062540d3fd067f\ocl\bin\x64\tbb

VM Arguments:
jvm_args: -Dorg.gradle.native=false -javaagent:build/tmp/expandedArchives/org.jacoco.agent-0.8.5.jar_6a2df60c47de373ea127d14406367999/jacocoagent.jar=destfile=build/jacoco/test.exec,append=true,inclnolocationclasses=false,dumponexit=true,output=file,jmx=false -Xmx512m -Dfile.encoding=windows-1252 -Duser.country=AT -Duser.language=de -Duser.variant -ea 
java_command: worker.org.gradle.process.internal.worker.GradleWorkerMain 'Gradle Test Executor 12'
java_class_path (initial): C:\\Users\\Daglemino\\.gradle\\caches\\5.6.2\\workerMain\\gradle-worker.jar;D:\\development\\java\\studium\\neureka\\build\\classes\\java\\test;D:\\development\\java\\studium\\neureka\\build\\classes\\groovy\\test;D:\\development\\java\\studium\\neureka\\build\\resources\\test;D:\\development\\java\\studium\\neureka\\build\\classes\\java\\main;D:\\development\\java\\studium\\neureka\\build\\classes\\groovy\\main;D:\\development\\java\\studium\\neureka\\build\\resources\\main;C:\\Users\\Daglemino\\.gradle\\caches\\modules-2\\files-2.1\\org.jocl\\jocl\\2.0.0\\79c9e57adcea8bed6c8eeec9df964467d80105fe\\jocl-2.0.0.jar;C:\\Users\\Daglemino\\.gradle\\caches\\modules-2\\files-2.1\\org.jetbrains\\annotations\\16.0.2\\dab5655eb9abe23f2245c34e66c9813c7daf4563\\annotations-16.0.2.jar;C:\\Users\\Daglemino\\.gradle\\caches\\modules-2\\files-2.1\\org.codehaus.groovy\\groovy-all\\2.4.14\\cd1a8ce914f5fe86c00a917b0577da6f367edcf9\\groovy-all-2.4.14.jar;C:\\Users\\Daglemino\\.gradle\\caches\\modules-2\\files-2.1\\junit\\junit\\4.12\\2973d150c0dc1fefe998f834810d68f278ea58ec\\junit-4.12.jar;C:\\Users\\Daglemino\\.gradle\\caches\\modules-2\\files-2.1\\org.hamcrest\\hamcrest-core\\1.3\\42a25dc3219429f0e5d060061f71acb49bf010a0\\hamcrest-core-1.3.jar
Launcher Type: SUN_STANDARD

[Global flags]
     intx CICompilerCount                          = 4                                         {product} {ergonomic}
     uint ConcGCThreads                            = 3                                         {product} {ergonomic}
     uint G1ConcRefinementThreads                  = 10                                        {product} {ergonomic}
   size_t G1HeapRegionSize                         = 1048576                                   {product} {ergonomic}
    uintx GCDrainStackTargetSize                   = 64                                        {product} {ergonomic}
   size_t InitialHeapSize                          = 264241152                                 {product} {ergonomic}
   size_t MarkStackSize                            = 4194304                                   {product} {ergonomic}
   size_t MaxHeapSize                              = 536870912                                 {product} {command line}
   size_t MaxNewSize                               = 321912832                                 {product} {ergonomic}
   size_t MinHeapDeltaBytes                        = 1048576                                   {product} {ergonomic}
    uintx NonNMethodCodeHeapSize                   = 5835340                                {pd product} {ergonomic}
    uintx NonProfiledCodeHeapSize                  = 122911450                              {pd product} {ergonomic}
    uintx ProfiledCodeHeapSize                     = 122911450                              {pd product} {ergonomic}
    uintx ReservedCodeCacheSize                    = 251658240                              {pd product} {ergonomic}
     bool SegmentedCodeCache                       = true                                      {product} {ergonomic}
     bool UseCompressedClassPointers               = true                                 {lp64_product} {ergonomic}
     bool UseCompressedOops                        = true                                 {lp64_product} {ergonomic}
     bool UseG1GC                                  = true                                      {product} {ergonomic}
     bool UseLargePagesIndividualAllocation        = false                                  {pd product} {ergonomic}

Logging:
Log output configuration:
 #0: stdout all=warning uptime,level,tags
 #1: stderr all=off uptime,level,tags

Environment Variables:
JAVA_HOME=C:\Program Files\Java\jdk-12.0.2
PATH=C:\Program Files (x86)\Common Files\Oracle\Java\javapath;C:\windows\system32;C:\windows;C:\windows\System32\Wbem;C:\windows\System32\WindowsPowerShell\v1.0\;C:\windows\System32\OpenSSH\;C:\Program Files (x86)\NVIDIA Corporation\PhysX\Common;D:\development\version control\Git\cmd;D:\Software\posgres\pg11\bin;C:\Program Files\Intel\WiFi\bin\;C:\Program Files\Common Files\Intel\WirelessCommon\;C:\Program Files (x86)\Windows Kits\10\Windows Performance Toolkit\;C:\Program Files\Java\jdk-12.0.2\lib;C:\WINDOWS\system32;C:\WINDOWS;C:\WINDOWS\System32\Wbem;C:\WINDOWS\System32\WindowsPowerShell\v1.0\;C:\WINDOWS\System32\OpenSSH\;;C:\Program Files (x86)\Gpg4win\..\GnuPG\bin;C:\Users\Daglemino\AppData\Local\Programs\Python\Python36-32\Scripts\;C:\Users\Daglemino\AppData\Local\Programs\Python\Python36-32\;C:\Users\Daglemino\AppData\Local\Microsoft\WindowsApps
USERNAME=Daglemino
OS=Windows_NT
PROCESSOR_IDENTIFIER=Intel64 Family 6 Model 158 Stepping 10, GenuineIntel



---------------  S Y S T E M  ---------------

OS: Windows 10 , 64 bit Build 18362 (10.0.18362.329)

CPU:total 12 (initial active 12) (6 cores per cpu, 2 threads per core) family 6 model 158 stepping 10, cmov, cx8, fxsr, mmx, sse, sse2, sse3, ssse3, sse4.1, sse4.2, popcnt, avx, avx2, aes, clmul, erms, 3dnowpref, lzcnt, ht, tsc, tscinvbit, bmi1, bmi2, adx, fma

Memory: 4k page, system-wide physical 16122M (7754M free)
TotalPageFile size 26874M (AvailPageFile size 13148M)
current process WorkingSet (physical memory assigned to process): 389M, peak: 485M
current process commit charge ("private bytes"): 453M, peak: 637M

vm_info: Java HotSpot(TM) 64-Bit Server VM (11.0.2+9-LTS) for windows-amd64 JRE (11.0.2+9-LTS), built on Jan 18 2019 05:24:10 by "mach5one" with MS VC++ 15.5 (VS2017)

END.
