#
# A fatal error has been detected by the Java Runtime Environment:
#
#  EXCEPTION_ACCESS_VIOLATION (0xc0000005) at pc=0x00007ffa0562300c, pid=8224, tid=6168
#
# JRE version: Java(TM) SE Runtime Environment (11.0.2+9) (build 11.0.2+9-LTS)
# Java VM: Java HotSpot(TM) 64-Bit Server VM (11.0.2+9-LTS, mixed mode, tiered, compressed oops, g1 gc, windows-amd64)
# Problematic frame:
# C  [OpenCL.dll+0x300c]
#
# No core dump will be written. Minidumps are not enabled by default on client versions of Windows
#
# If you would like to submit a bug report, please visit:
#   http://bugreport.java.com/bugreport/crash.jsp
# The crash happened outside the Java Virtual Machine in native code.
# See problematic frame for where to report the bug.
#

---------------  S U M M A R Y ------------

Command Line: -Dorg.gradle.native=false -javaagent:build/tmp/expandedArchives/org.jacoco.agent-0.8.5.jar_6a2df60c47de373ea127d14406367999/jacocoagent.jar=destfile=build/jacoco/test.exec,append=true,inclnolocationclasses=false,dumponexit=true,output=file,jmx=false -Xmx512m -Dfile.encoding=windows-1252 -Duser.country=AT -Duser.language=de -Duser.variant -ea worker.org.gradle.process.internal.worker.GradleWorkerMain 'Gradle Test Executor 39'

Host: Intel(R) Core(TM) i7-8750H CPU @ 2.20GHz, 12 cores, 15G,  Windows 10 , 64 bit Build 18362 (10.0.18362.329)
Time: Fri Nov 15 18:33:50 2019 Mitteleuropäische Zeit elapsed time: 22 seconds (0d 0h 0m 22s)

---------------  T H R E A D  ---------------

Current thread (0x000001e112b08800):  JavaThread "Cleaner-0" daemon [_thread_in_native, id=6168, stack(0x00000082fba00000,0x00000082fbb00000)]

Stack: [0x00000082fba00000,0x00000082fbb00000],  sp=0x00000082fbafedb8,  free space=1019k
Native frames: (J=compiled Java code, j=interpreted, Vv=VM code, C=native code)
C  [OpenCL.dll+0x300c]

Java frames: (J=compiled Java code, j=interpreted, Vv=VM code)
j  org.jocl.CL.clReleaseMemObjectNative(Lorg/jocl/cl_mem;)I+0
j  org.jocl.CL.clReleaseMemObject(Lorg/jocl/cl_mem;)I+5
j  neureka.core.device.openCL.OpenCLDevice._rmv(Lneureka/core/device/openCL/OpenCLDevice$cl_tsr;)V+11
j  neureka.core.device.openCL.OpenCLDevice.lambda$_add$1(Lneureka/core/device/openCL/OpenCLDevice$cl_tsr;)V+9
j  neureka.core.device.openCL.OpenCLDevice$$Lambda$195.run()V+8
J 1057 c1 jdk.internal.ref.CleanerImpl$PhantomCleanableRef.performCleanup()V java.base@11.0.2 (10 bytes) @ 0x000001e1007f5b5c [0x000001e1007f5a60+0x00000000000000fc]
J 1056 c1 jdk.internal.ref.PhantomCleanable.clean()V java.base@11.0.2 (16 bytes) @ 0x000001e1007f560c [0x000001e1007f5460+0x00000000000001ac]
j  jdk.internal.ref.CleanerImpl.run()V+77 java.base@11.0.2
j  java.lang.Thread.run()V+11 java.base@11.0.2
j  jdk.internal.misc.InnocuousThread.run()V+20 java.base@11.0.2
v  ~StubRoutines::call_stub

siginfo: EXCEPTION_ACCESS_VIOLATION (0xc0000005), reading address 0x0000000000000090


Register to memory mapping:

RIP=0x00007ffa0562300c OpenCL.dll
RAX=0x0 is NULL
RBX={method} {0x000001e11370fa70} 'clReleaseMemObjectNative' '(Lorg/jocl/cl_mem;)I' in 'org/jocl/CL'
RCX=0x000001e10f14cc60 points into unknown readable memory: 00 00 00 00 00 00 00 00
RDX=0x00000082fbafee50 is pointing into the stack for thread: 0x000001e112b08800
RSP=0x00000082fbafedb8 is pointing into the stack for thread: 0x000001e112b08800
RBP=0x00000082fbafee30 is pointing into the stack for thread: 0x000001e112b08800
RSI=0x0000000000000140 is an unknown value
RDI=0x0000000000000652 is an unknown value
R8 =0x0000000000000042 is an unknown value
R9 =0x00000000e3ff5238 is an oop: org.jocl.cl_mem 
{0x00000000e3ff5238} - klass: 'org/jocl/cl_mem'
R10=0x00000000000001d6 is an unknown value
R11=0x00007ff9a7b6e0e8 jvm.dll
R12=0x0 is NULL
R13={method} {0x000001e11370fa70} 'clReleaseMemObjectNative' '(Lorg/jocl/cl_mem;)I' in 'org/jocl/CL'
R14=0x00000082fbafee50 is pointing into the stack for thread: 0x000001e112b08800
R15=0x000001e112b08800 is a thread


Registers:
RAX=0x0000000000000000, RBX=0x000001e11370fa68, RCX=0x000001e10f14cc60, RDX=0x00000082fbafee50
RSP=0x00000082fbafedb8, RBP=0x00000082fbafee30, RSI=0x0000000000000140, RDI=0x0000000000000652
R8 =0x0000000000000042, R9 =0x00000000e3ff5238, R10=0x00000000000001d6, R11=0x00007ff9a7b6e0e8
R12=0x0000000000000000, R13=0x000001e11370fa68, R14=0x00000082fbafee50, R15=0x000001e112b08800
RIP=0x00007ffa0562300c, EFLAGS=0x0000000000010206

Top of Stack: (sp=0x00000082fbafedb8)
0x00000082fbafedb8:   000001e10000f037 000001e11370fa68
0x00000082fbafedc8:   00000082fbafedb8 000001e17b4910c4
0x00000082fbafedd8:   00000082fbafee30 000001e17b493588
0x00000082fbafede8:   00000082fbafede8 0000000000000000
0x00000082fbafedf8:   00000082fbafee50 000001e11371b988
0x00000082fbafee08:   0000000000000000 00000000ebe27e38
0x00000082fbafee18:   000001e11370fa68 0000000000000000
0x00000082fbafee28:   00000082fbafee50 00000082fbafeea0
0x00000082fbafee38:   000001e100009840 00000000ebe27e38
0x00000082fbafee48:   000001e10000bf96 00000000e3ff5238
0x00000082fbafee58:   00000082fbafee58 000001e11370f9b5
0x00000082fbafee68:   00000082fbafeeb8 000001e11371b988
0x00000082fbafee78:   0000000000000000 00000000ebe27e38
0x00000082fbafee88:   000001e11370f9d8 00000082fbafee50
0x00000082fbafee98:   00000082fbafeeb8 00000082fbafef08
0x00000082fbafeea8:   000001e100009840 00000000e0b1da20 

Instructions: (pc=0x00007ffa0562300c)
0x00007ffa05622fec:   48 ff a0 28 01 00 00 cc cc cc cc cc cc cc cc cc
0x00007ffa05622ffc:   cc cc cc cc 48 85 c9 75 04 8d 41 da c3 48 8b 01
0x00007ffa0562300c:   48 ff a0 90 00 00 00 cc cc cc cc cc cc cc cc cc
0x00007ffa0562301c:   cc cc cc cc 48 85 c9 75 04 8d 41 d4 c3 48 8b 01 


Stack slot to memory mapping:
stack at sp + 0 slots: 0x000001e10000f037 is at code_begin+1047 in an Interpreter codelet
method entry point (kind = native)  [0x000001e10000ec20, 0x000001e10000f780]  2912 bytes
stack at sp + 1 slots: {method} {0x000001e11370fa70} 'clReleaseMemObjectNative' '(Lorg/jocl/cl_mem;)I' in 'org/jocl/CL'
stack at sp + 2 slots: 0x00000082fbafedb8 is pointing into the stack for thread: 0x000001e112b08800
stack at sp + 3 slots: 0x000001e17b4910c4 is pointing into metadata
stack at sp + 4 slots: 0x00000082fbafee30 is pointing into the stack for thread: 0x000001e112b08800
stack at sp + 5 slots: 0x000001e17b493588 is pointing into metadata
stack at sp + 6 slots: 0x00000082fbafede8 is pointing into the stack for thread: 0x000001e112b08800
stack at sp + 7 slots: 0x0 is NULL


---------------  P R O C E S S  ---------------

Threads class SMR info:
_java_thread_list=0x000001e10f0300d0, length=19, elements={
0x000001e16cba6800, 0x000001e17bb29800, 0x000001e17bb2a800, 0x000001e17bb92000,
0x000001e17bb93000, 0x000001e17bb97000, 0x000001e17bb98800, 0x000001e17bb9a800,
0x000001e17b2c0000, 0x000001e17be3f800, 0x000001e17d20f000, 0x000001e10f425000,
0x000001e17db4e000, 0x000001e17dfad000, 0x000001e10f422000, 0x000001e17cf77000,
0x000001e10f56d000, 0x000001e17de4b000, 0x000001e112b08800
}

Java Threads: ( => current thread )
  0x000001e16cba6800 JavaThread "main" [_thread_blocked, id=14748, stack(0x00000082f8800000,0x00000082f8900000)]
  0x000001e17bb29800 JavaThread "Reference Handler" daemon [_thread_blocked, id=16780, stack(0x00000082f8f00000,0x00000082f9000000)]
  0x000001e17bb2a800 JavaThread "Finalizer" daemon [_thread_blocked, id=2012, stack(0x00000082f9000000,0x00000082f9100000)]
  0x000001e17bb92000 JavaThread "Signal Dispatcher" daemon [_thread_blocked, id=9904, stack(0x00000082f9100000,0x00000082f9200000)]
  0x000001e17bb93000 JavaThread "Attach Listener" daemon [_thread_blocked, id=908, stack(0x00000082f9200000,0x00000082f9300000)]
  0x000001e17bb97000 JavaThread "C2 CompilerThread0" daemon [_thread_blocked, id=16728, stack(0x00000082f9300000,0x00000082f9400000)]
  0x000001e17bb98800 JavaThread "C1 CompilerThread0" daemon [_thread_blocked, id=6276, stack(0x00000082f9400000,0x00000082f9500000)]
  0x000001e17bb9a800 JavaThread "Sweeper thread" daemon [_thread_blocked, id=10284, stack(0x00000082f9500000,0x00000082f9600000)]
  0x000001e17b2c0000 JavaThread "Common-Cleaner" daemon [_thread_blocked, id=14384, stack(0x00000082f9600000,0x00000082f9700000)]
  0x000001e17be3f800 JavaThread "Service Thread" daemon [_thread_blocked, id=9072, stack(0x00000082f9700000,0x00000082f9800000)]
  0x000001e17d20f000 JavaThread "Test worker" [_thread_blocked, id=11052, stack(0x00000082fa100000,0x00000082fa200000)]
  0x000001e10f425000 JavaThread "/127.0.0.1:51398 to /127.0.0.1:51397 workers Thread 2" [_thread_blocked, id=11524, stack(0x00000082fa200000,0x00000082fa300000)]
  0x000001e17db4e000 JavaThread "/127.0.0.1:51398 to /127.0.0.1:51397 workers Thread 3" [_thread_in_native, id=17176, stack(0x00000082fa300000,0x00000082fa400000)]
  0x000001e17dfad000 JavaThread "Java2D Disposer" daemon [_thread_blocked, id=1852, stack(0x00000082fa400000,0x00000082fa500000)]
  0x000001e10f422000 JavaThread "AWT-Shutdown" [_thread_blocked, id=6800, stack(0x00000082fa500000,0x00000082fa600000)]
  0x000001e17cf77000 JavaThread "AWT-Windows" daemon [_thread_in_native, id=5596, stack(0x00000082fa600000,0x00000082fa700000)]
  0x000001e10f56d000 JavaThread "AWT-EventQueue-0" [_thread_blocked, id=8816, stack(0x00000082fa700000,0x00000082fa800000)]
  0x000001e17de4b000 JavaThread "TimerQueue" daemon [_thread_blocked, id=10412, stack(0x00000082fb100000,0x00000082fb200000)]
=>0x000001e112b08800 JavaThread "Cleaner-0" daemon [_thread_in_native, id=6168, stack(0x00000082fba00000,0x00000082fbb00000)]

Other Threads:
  0x000001e17bb03800 VMThread "VM Thread" [stack: 0x00000082f8e00000,0x00000082f8f00000] [id=3568]
  0x000001e17be83000 WatcherThread [stack: 0x00000082f9800000,0x00000082f9900000] [id=1220]
  0x000001e16cbbc000 GCTaskThread "GC Thread#0" [stack: 0x00000082f8900000,0x00000082f8a00000] [id=13368]
  0x000001e17d2f7800 GCTaskThread "GC Thread#1" [stack: 0x00000082f9b00000,0x00000082f9c00000] [id=13044]
  0x000001e17d9ca000 GCTaskThread "GC Thread#2" [stack: 0x00000082f9c00000,0x00000082f9d00000] [id=17472]
  0x000001e17e0f8000 GCTaskThread "GC Thread#3" [stack: 0x00000082f9d00000,0x00000082f9e00000] [id=11228]
  0x000001e17e0f9000 GCTaskThread "GC Thread#4" [stack: 0x00000082f9e00000,0x00000082f9f00000] [id=12616]
  0x000001e17c61c800 GCTaskThread "GC Thread#5" [stack: 0x00000082f9f00000,0x00000082fa000000] [id=10620]
  0x000001e17c6ed000 GCTaskThread "GC Thread#6" [stack: 0x00000082fa800000,0x00000082fa900000] [id=1944]
  0x000001e17e3d7800 GCTaskThread "GC Thread#7" [stack: 0x00000082fa900000,0x00000082faa00000] [id=1952]
  0x000001e17eae6000 GCTaskThread "GC Thread#8" [stack: 0x00000082faa00000,0x00000082fab00000] [id=17692]
  0x000001e17eae7000 GCTaskThread "GC Thread#9" [stack: 0x00000082fab00000,0x00000082fac00000] [id=18096]
  0x000001e16cbce800 ConcurrentGCThread "G1 Main Marker" [stack: 0x00000082f8a00000,0x00000082f8b00000] [id=6372]
  0x000001e16cbd1000 ConcurrentGCThread "G1 Conc#0" [stack: 0x00000082f8b00000,0x00000082f8c00000] [id=9616]
  0x000001e17dfcc800 ConcurrentGCThread "G1 Conc#1" [stack: 0x00000082fac00000,0x00000082fad00000] [id=15460]
  0x000001e17dfcd000 ConcurrentGCThread "G1 Conc#2" [stack: 0x00000082fad00000,0x00000082fae00000] [id=2040]
  0x000001e17b16c800 ConcurrentGCThread "G1 Refine#0" [stack: 0x00000082f8c00000,0x00000082f8d00000] [id=5884]
  0x000001e17b172800 ConcurrentGCThread "G1 Young RemSet Sampling" [stack: 0x00000082f8d00000,0x00000082f8e00000] [id=7576]

Threads with active compile tasks:

VM state:not at safepoint (normal execution)

VM Mutex/Monitor currently owned by a thread: None

Heap address: 0x00000000e0000000, size: 512 MB, Compressed Oops mode: 32-bit
Narrow klass base: 0x0000000000000000, Narrow klass shift: 3
Compressed class space size: 1073741824 Address: 0x0000000100000000

Heap:
 garbage-first heap   total 58368K, used 13378K [0x00000000e0000000, 0x0000000100000000)
  region size 1024K, 1 young (1024K), 0 survivors (0K)
 Metaspace       used 25387K, capacity 26577K, committed 26624K, reserved 1073152K
  class space    used 2821K, capacity 3309K, committed 3328K, reserved 1048576K
Heap Regions: E=young(eden), S=young(survivor), O=old, HS=humongous(starts), HC=humongous(continues), CS=collection set, F=free, A=archive, TAMS=top-at-mark-start (previous, next)
|   0|0x00000000e0000000, 0x00000000e00fa680, 0x00000000e0100000| 97%| O|  |TAMS 0x00000000e0000000, 0x00000000e0000000| Untracked 
|   1|0x00000000e0100000, 0x00000000e0200000, 0x00000000e0200000|100%|HS|  |TAMS 0x00000000e0100000, 0x00000000e0100000| Untracked 
|   2|0x00000000e0200000, 0x00000000e0300000, 0x00000000e0300000|100%|HC|  |TAMS 0x00000000e0200000, 0x00000000e0200000| Untracked 
|   3|0x00000000e0300000, 0x00000000e0400000, 0x00000000e0400000|100%|HC|  |TAMS 0x00000000e0300000, 0x00000000e0300000| Untracked 
|   4|0x00000000e0400000, 0x00000000e04ffcf8, 0x00000000e0500000| 99%| O|  |TAMS 0x00000000e0400000, 0x00000000e0400000| Untracked 
|   5|0x00000000e0500000, 0x00000000e0600000, 0x00000000e0600000|100%| O|  |TAMS 0x00000000e0500000, 0x00000000e0500000| Untracked 
|   6|0x00000000e0600000, 0x00000000e06f9628, 0x00000000e0700000| 97%| O|  |TAMS 0x00000000e0600000, 0x00000000e0600000| Untracked 
|   7|0x00000000e0700000, 0x00000000e0800000, 0x00000000e0800000|100%| O|  |TAMS 0x00000000e0700000, 0x00000000e0700000| Untracked 
|   8|0x00000000e0800000, 0x00000000e08efb08, 0x00000000e0900000| 93%| O|  |TAMS 0x00000000e0800000, 0x00000000e0800000| Untracked 
|   9|0x00000000e0900000, 0x00000000e0900000, 0x00000000e0a00000|  0%| F|  |TAMS 0x00000000e0900000, 0x00000000e0900000| Untracked 
|  10|0x00000000e0a00000, 0x00000000e0a8c6c0, 0x00000000e0b00000| 54%| O|  |TAMS 0x00000000e0a00000, 0x00000000e0a00000| Untracked 
|  11|0x00000000e0b00000, 0x00000000e0b4e198, 0x00000000e0c00000| 30%| O|  |TAMS 0x00000000e0b00000, 0x00000000e0b00000| Untracked 
|  12|0x00000000e0c00000, 0x00000000e0c00000, 0x00000000e0d00000|  0%| F|  |TAMS 0x00000000e0c00000, 0x00000000e0c00000| Untracked 
|  13|0x00000000e0d00000, 0x00000000e0d00000, 0x00000000e0e00000|  0%| F|  |TAMS 0x00000000e0d00000, 0x00000000e0d00000| Untracked 
|  14|0x00000000e0e00000, 0x00000000e0e00000, 0x00000000e0f00000|  0%| F|  |TAMS 0x00000000e0e00000, 0x00000000e0e00000| Untracked 
|  15|0x00000000e0f00000, 0x00000000e0f00000, 0x00000000e1000000|  0%| F|  |TAMS 0x00000000e0f00000, 0x00000000e0f00000| Untracked 
|  16|0x00000000e1000000, 0x00000000e1000000, 0x00000000e1100000|  0%| F|  |TAMS 0x00000000e1000000, 0x00000000e1000000| Untracked 
|  17|0x00000000e1100000, 0x00000000e1100000, 0x00000000e1200000|  0%| F|  |TAMS 0x00000000e1100000, 0x00000000e1100000| Untracked 
|  18|0x00000000e1200000, 0x00000000e1200000, 0x00000000e1300000|  0%| F|  |TAMS 0x00000000e1200000, 0x00000000e1200000| Untracked 
|  19|0x00000000e1300000, 0x00000000e1300000, 0x00000000e1400000|  0%| F|  |TAMS 0x00000000e1300000, 0x00000000e1300000| Untracked 
|  20|0x00000000e1400000, 0x00000000e1400000, 0x00000000e1500000|  0%| F|  |TAMS 0x00000000e1400000, 0x00000000e1400000| Untracked 
|  21|0x00000000e1500000, 0x00000000e1500000, 0x00000000e1600000|  0%| F|  |TAMS 0x00000000e1500000, 0x00000000e1500000| Untracked 
|  22|0x00000000e1600000, 0x00000000e1600000, 0x00000000e1700000|  0%| F|  |TAMS 0x00000000e1600000, 0x00000000e1600000| Untracked 
|  23|0x00000000e1700000, 0x00000000e1700000, 0x00000000e1800000|  0%| F|  |TAMS 0x00000000e1700000, 0x00000000e1700000| Untracked 
|  24|0x00000000e1800000, 0x00000000e1800000, 0x00000000e1900000|  0%| F|  |TAMS 0x00000000e1800000, 0x00000000e1800000| Untracked 
|  25|0x00000000e1900000, 0x00000000e1900000, 0x00000000e1a00000|  0%| F|  |TAMS 0x00000000e1900000, 0x00000000e1900000| Untracked 
|  26|0x00000000e1a00000, 0x00000000e1a00000, 0x00000000e1b00000|  0%| F|  |TAMS 0x00000000e1a00000, 0x00000000e1a00000| Untracked 
|  27|0x00000000e1b00000, 0x00000000e1b00000, 0x00000000e1c00000|  0%| F|  |TAMS 0x00000000e1b00000, 0x00000000e1b00000| Untracked 
|  28|0x00000000e1c00000, 0x00000000e1c00000, 0x00000000e1d00000|  0%| F|  |TAMS 0x00000000e1c00000, 0x00000000e1c00000| Untracked 
|  29|0x00000000e1d00000, 0x00000000e1d00000, 0x00000000e1e00000|  0%| F|  |TAMS 0x00000000e1d00000, 0x00000000e1d00000| Untracked 
|  30|0x00000000e1e00000, 0x00000000e1e00000, 0x00000000e1f00000|  0%| F|  |TAMS 0x00000000e1e00000, 0x00000000e1e00000| Untracked 
|  31|0x00000000e1f00000, 0x00000000e1f00000, 0x00000000e2000000|  0%| F|  |TAMS 0x00000000e1f00000, 0x00000000e1f00000| Untracked 
|  32|0x00000000e2000000, 0x00000000e2000000, 0x00000000e2100000|  0%| F|  |TAMS 0x00000000e2000000, 0x00000000e2000000| Untracked 
|  33|0x00000000e2100000, 0x00000000e2100000, 0x00000000e2200000|  0%| F|  |TAMS 0x00000000e2100000, 0x00000000e2100000| Untracked 
|  34|0x00000000e2200000, 0x00000000e2200000, 0x00000000e2300000|  0%| F|  |TAMS 0x00000000e2200000, 0x00000000e2200000| Untracked 
|  35|0x00000000e2300000, 0x00000000e2300000, 0x00000000e2400000|  0%| F|  |TAMS 0x00000000e2300000, 0x00000000e2300000| Untracked 
|  36|0x00000000e2400000, 0x00000000e2400000, 0x00000000e2500000|  0%| F|  |TAMS 0x00000000e2400000, 0x00000000e2400000| Untracked 
|  37|0x00000000e2500000, 0x00000000e2500000, 0x00000000e2600000|  0%| F|  |TAMS 0x00000000e2500000, 0x00000000e2500000| Untracked 
|  38|0x00000000e2600000, 0x00000000e2600000, 0x00000000e2700000|  0%| F|  |TAMS 0x00000000e2600000, 0x00000000e2600000| Untracked 
|  39|0x00000000e2700000, 0x00000000e2700000, 0x00000000e2800000|  0%| F|  |TAMS 0x00000000e2700000, 0x00000000e2700000| Untracked 
|  40|0x00000000e2800000, 0x00000000e2800000, 0x00000000e2900000|  0%| F|  |TAMS 0x00000000e2800000, 0x00000000e2800000| Untracked 
|  41|0x00000000e2900000, 0x00000000e2900000, 0x00000000e2a00000|  0%| F|  |TAMS 0x00000000e2900000, 0x00000000e2900000| Untracked 
|  42|0x00000000e2a00000, 0x00000000e2a00000, 0x00000000e2b00000|  0%| F|  |TAMS 0x00000000e2a00000, 0x00000000e2a00000| Untracked 
|  43|0x00000000e2b00000, 0x00000000e2b00000, 0x00000000e2c00000|  0%| F|  |TAMS 0x00000000e2b00000, 0x00000000e2b00000| Untracked 
|  44|0x00000000e2c00000, 0x00000000e2c00000, 0x00000000e2d00000|  0%| F|  |TAMS 0x00000000e2c00000, 0x00000000e2c00000| Untracked 
|  45|0x00000000e2d00000, 0x00000000e2d00000, 0x00000000e2e00000|  0%| F|  |TAMS 0x00000000e2d00000, 0x00000000e2d00000| Untracked 
|  46|0x00000000e2e00000, 0x00000000e2e00000, 0x00000000e2f00000|  0%| F|  |TAMS 0x00000000e2e00000, 0x00000000e2e00000| Untracked 
|  47|0x00000000e2f00000, 0x00000000e2f00000, 0x00000000e3000000|  0%| F|  |TAMS 0x00000000e2f00000, 0x00000000e2f00000| Untracked 
|  48|0x00000000e3000000, 0x00000000e3000000, 0x00000000e3100000|  0%| F|  |TAMS 0x00000000e3000000, 0x00000000e3000000| Untracked 
|  49|0x00000000e3100000, 0x00000000e3100000, 0x00000000e3200000|  0%| F|  |TAMS 0x00000000e3100000, 0x00000000e3100000| Untracked 
|  50|0x00000000e3200000, 0x00000000e3242450, 0x00000000e3300000| 25%| E|  |TAMS 0x00000000e3200000, 0x00000000e3200000| Complete 
|  63|0x00000000e3f00000, 0x00000000e3ffffe0, 0x00000000e4000000| 99%| O|  |TAMS 0x00000000e3f00000, 0x00000000e3f00000| Untracked 
|  64|0x00000000e4000000, 0x00000000e40ded98, 0x00000000e4100000| 87%| O|  |TAMS 0x00000000e4000000, 0x00000000e4000000| Untracked 
|  74|0x00000000e4a00000, 0x00000000e4a209f0, 0x00000000e4b00000| 12%| O|  |TAMS 0x00000000e4a00000, 0x00000000e4a00000| Untracked 
| 109|0x00000000e6d00000, 0x00000000e6dccd98, 0x00000000e6e00000| 80%| O|  |TAMS 0x00000000e6d00000, 0x00000000e6d00000| Untracked 
| 110|0x00000000e6e00000, 0x00000000e6e42bb0, 0x00000000e6f00000| 26%| O|  |TAMS 0x00000000e6e00000, 0x00000000e6e00000| Untracked 
| 190|0x00000000ebe00000, 0x00000000ebe43ae8, 0x00000000ebf00000| 26%| O|  |TAMS 0x00000000ebe00000, 0x00000000ebe00000| Untracked 

Card table byte_map: [0x000001e177430000,0x000001e177530000] _byte_map_base: 0x000001e176d30000

Marking Bits (Prev, Next): (CMBitMap*) 0x000001e16cbcbdb0, (CMBitMap*) 0x000001e16cbcbd78
 Prev Bits: [0x000001e177e30000, 0x000001e178630000)
 Next Bits: [0x000001e177630000, 0x000001e177e30000)

Polling page: 0x000001e16cc70000

Metaspace:

Usage:
  Non-class:     22.72 MB capacity,    22.04 MB ( 97%) used,   576.60 KB (  2%) free+waste,   125.44 KB ( <1%) overhead. 
      Class:      3.23 MB capacity,     2.76 MB ( 85%) used,   423.86 KB ( 13%) free+waste,    63.81 KB (  2%) overhead. 
       Both:     25.95 MB capacity,    24.79 MB ( 96%) used,  1000.46 KB (  4%) free+waste,   189.25 KB ( <1%) overhead. 

Virtual space:
  Non-class space:       24.00 MB reserved,      22.75 MB ( 95%) committed 
      Class space:        1.00 GB reserved,       3.25 MB ( <1%) committed 
             Both:        1.02 GB reserved,      26.00 MB (  2%) committed 

Chunk freelists:
   Non-Class:  3.50 KB
       Class:  2.38 KB
        Both:  5.88 KB

CodeHeap 'non-profiled nmethods': size=120000Kb used=2559Kb max_used=2559Kb free=117440Kb
 bounds [0x000001e107ad0000, 0x000001e107d50000, 0x000001e10f000000]
CodeHeap 'profiled nmethods': size=120000Kb used=9199Kb max_used=9199Kb free=110801Kb
 bounds [0x000001e1005a0000, 0x000001e100eb0000, 0x000001e107ad0000]
CodeHeap 'non-nmethods': size=5760Kb used=1293Kb max_used=1369Kb free=4466Kb
 bounds [0x000001e100000000, 0x000001e100270000, 0x000001e1005a0000]
 total_blobs=5677 nmethods=3846 adapters=610
 compilation: enabled
              stopped_count=0, restarted_count=0
 full_count=0

Compilation events (10 events):
Event: 22.620 Thread 0x000001e17bb98800 nmethod 4003 0x000001e1007f3e90 code [0x000001e1007f4080, 0x000001e1007f44c0]
Event: 22.621 Thread 0x000001e17bb98800 4004       3       java.nio.ByteBuffer::array (35 bytes)
Event: 22.621 Thread 0x000001e17bb98800 nmethod 4004 0x000001e1006b6590 code [0x000001e1006b6780, 0x000001e1006b6aa0]
Event: 22.622 Thread 0x000001e17bb98800 4005       3       java.util.concurrent.locks.AbstractQueuedSynchronizer$Node::compareAndSetWaitStatus (10 bytes)
Event: 22.622 Thread 0x000001e17bb98800 nmethod 4005 0x000001e100ea1c90 code [0x000001e100ea1ea0, 0x000001e100ea2480]
Event: 22.622 Thread 0x000001e17bb98800 4006       1       java.nio.HeapFloatBuffer::isDirect (2 bytes)
Event: 22.622 Thread 0x000001e17bb98800 nmethod 4006 0x000001e107d4f790 code [0x000001e107d4f940, 0x000001e107d4fa58]
Event: 22.631 Thread 0x000001e17bb97000 4007       4       java.awt.geom.Rectangle2D$Float::setRect (27 bytes)
Event: 22.631 Thread 0x000001e17bb97000 nmethod 4007 0x000001e107d4fb10 code [0x000001e107d4fca0, 0x000001e107d4fd18]
Event: 22.667 Thread 0x000001e17bb98800 4008       3       java.io.OutputStream::<init> (5 bytes)

GC Heap History (10 events):
Event: 1.650 GC heap before
{Heap before GC invocations=4 (full 0):
 garbage-first heap   total 258048K, used 95750K [0x00000000e0000000, 0x0000000100000000)
  region size 1024K, 88 young (90112K), 4 survivors (4096K)
 Metaspace       used 23462K, capacity 24303K, committed 24448K, reserved 1071104K
  class space    used 2597K, capacity 2936K, committed 2944K, reserved 1048576K
}
Event: 1.655 GC heap after
{Heap after GC invocations=5 (full 0):
 garbage-first heap   total 258048K, used 11543K [0x00000000e0000000, 0x0000000100000000)
  region size 1024K, 6 young (6144K), 6 survivors (6144K)
 Metaspace       used 23462K, capacity 24303K, committed 24448K, reserved 1071104K
  class space    used 2597K, capacity 2936K, committed 2944K, reserved 1048576K
}
Event: 2.165 GC heap before
{Heap before GC invocations=5 (full 0):
 garbage-first heap   total 258048K, used 145687K [0x00000000e0000000, 0x0000000100000000)
  region size 1024K, 137 young (140288K), 6 survivors (6144K)
 Metaspace       used 24535K, capacity 25535K, committed 25728K, reserved 1071104K
  class space    used 2740K, capacity 3159K, committed 3200K, reserved 1048576K
}
Event: 2.171 GC heap after
{Heap after GC invocations=6 (full 0):
 garbage-first heap   total 258048K, used 12780K [0x00000000e0000000, 0x0000000100000000)
  region size 1024K, 7 young (7168K), 7 survivors (7168K)
 Metaspace       used 24535K, capacity 25535K, committed 25728K, reserved 1071104K
  class space    used 2740K, capacity 3159K, committed 3200K, reserved 1048576K
}
Event: 2.481 GC heap before
{Heap before GC invocations=6 (full 0):
 garbage-first heap   total 258048K, used 160236K [0x00000000e0000000, 0x0000000100000000)
  region size 1024K, 151 young (154624K), 7 survivors (7168K)
 Metaspace       used 24788K, capacity 25918K, committed 26112K, reserved 1073152K
  class space    used 2774K, capacity 3221K, committed 3328K, reserved 1048576K
}
Event: 2.488 GC heap after
{Heap after GC invocations=7 (full 0):
 garbage-first heap   total 258048K, used 14998K [0x00000000e0000000, 0x0000000100000000)
  region size 1024K, 9 young (9216K), 9 survivors (9216K)
 Metaspace       used 24788K, capacity 25918K, committed 26112K, reserved 1073152K
  class space    used 2774K, capacity 3221K, committed 3328K, reserved 1048576K
}
Event: 2.729 GC heap before
{Heap before GC invocations=7 (full 0):
 garbage-first heap   total 258048K, used 159382K [0x00000000e0000000, 0x0000000100000000)
  region size 1024K, 151 young (154624K), 9 survivors (9216K)
 Metaspace       used 24871K, capacity 26022K, committed 26368K, reserved 1073152K
  class space    used 2780K, capacity 3233K, committed 3328K, reserved 1048576K
}
Event: 2.734 GC heap after
{Heap after GC invocations=8 (full 0):
 garbage-first heap   total 258048K, used 16089K [0x00000000e0000000, 0x0000000100000000)
  region size 1024K, 10 young (10240K), 10 survivors (10240K)
 Metaspace       used 24871K, capacity 26022K, committed 26368K, reserved 1073152K
  class space    used 2780K, capacity 3233K, committed 3328K, reserved 1048576K
}
Event: 22.642 GC heap before
{Heap before GC invocations=8 (full 0):
 garbage-first heap   total 258048K, used 101081K [0x00000000e0000000, 0x0000000100000000)
  region size 1024K, 95 young (97280K), 10 survivors (10240K)
 Metaspace       used 25386K, capacity 26577K, committed 26624K, reserved 1073152K
  class space    used 2821K, capacity 3309K, committed 3328K, reserved 1048576K
}
Event: 22.667 GC heap after
{Heap after GC invocations=9 (full 1):
 garbage-first heap   total 58368K, used 13378K [0x00000000e0000000, 0x0000000100000000)
  region size 1024K, 0 young (0K), 0 survivors (0K)
 Metaspace       used 25386K, capacity 26577K, committed 26624K, reserved 1073152K
  class space    used 2821K, capacity 3309K, committed 3328K, reserved 1048576K
}

Deoptimization events (10 events):
Event: 2.094 Thread 0x000001e17d20f000 Uncommon trap: reason=unstable_if action=reinterpret pc=0x000001e107c2d320 method=sun.font.FileFontStrike.getCachedGlyphPtrInternal(I)J @ 99 c2
Event: 2.180 Thread 0x000001e10f56d000 Uncommon trap: reason=null_check action=make_not_entrant pc=0x000001e107cab650 method=java.awt.GradientPaintContext.getCachedRaster(Ljava/awt/image/ColorModel;II)Ljava/awt/image/Raster; @ 19 c2
Event: 2.415 Thread 0x000001e17d20f000 Uncommon trap: reason=unstable_if action=reinterpret pc=0x000001e107c2e268 method=sun.font.CMap$CMapFormat4.getGlyph(I)C @ 70 c2
Event: 2.461 Thread 0x000001e10f56d000 Uncommon trap: reason=unstable_if action=reinterpret pc=0x000001e107cdcd00 method=sun.font.CMap$CMapFormat4.getGlyph(I)C @ 70 c2
Event: 2.461 Thread 0x000001e10f56d000 Uncommon trap: reason=unstable_if action=reinterpret pc=0x000001e107bf5244 method=sun.font.CMap$CMapFormat4.getGlyph(I)C @ 70 c2
Event: 2.497 Thread 0x000001e10f56d000 Uncommon trap: reason=unstable_if action=reinterpret pc=0x000001e107cc8c7c method=sun.font.CMap$CMapFormat4.getGlyph(I)C @ 70 c2
Event: 2.768 Thread 0x000001e17d20f000 Uncommon trap: reason=class_check action=maybe_recompile pc=0x000001e107b5c1ac method=java.util.regex.Matcher.match(II)Z @ 121 c2
Event: 2.769 Thread 0x000001e17d20f000 Uncommon trap: reason=unstable_if action=reinterpret pc=0x000001e107c932cc method=javax.swing.text.PlainView.updateDamage(Ljavax/swing/event/DocumentEvent;Ljava/awt/Shape;Ljavax/swing/text/ViewFactory;)V @ 160 c2
Event: 2.816 Thread 0x000001e17d20f000 Uncommon trap: reason=unstable_if action=reinterpret pc=0x000001e107bc4b34 method=java.io.WinNTFileSystem.normalize(Ljava/lang/String;)Ljava/lang/String; @ 74 c2
Event: 22.546 Thread 0x000001e17d20f000 Uncommon trap: reason=null_check action=make_not_entrant pc=0x000001e107aebaa0 method=neureka.core.Tsr.is64()Z @ 11 c2

Classes redefined (0 events):
No events

Internal exceptions (10 events):
Event: 2.083 Thread 0x000001e17d20f000 Exception <a 'java/lang/NoSuchMethodError'{0x00000000e89d2848}: java.lang.invoke.DirectMethodHandle$Holder.invokeSpecial(Ljava/lang/Object;Ljava/lang/Object;IILjava/lang/Object;Ljava/lang/Object;Ljava/lang/Object;Ljava/lang/Object;Ljava/lang/Object;Ljava/
Event: 2.083 Thread 0x000001e17d20f000 Exception <a 'java/lang/NoSuchMethodError'{0x00000000e89d73f0}: java.lang.invoke.DelegatingMethodHandle$Holder.reinvoke_L(Ljava/lang/Object;IILjava/lang/Object;Ljava/lang/Object;Ljava/lang/Object;Ljava/lang/Object;Ljava/lang/Object;Ljava/lang/Object;Ljava
Event: 2.087 Thread 0x000001e17d20f000 Exception <a 'java/lang/NoSuchMethodError'{0x00000000e8893bb8}: java.lang.invoke.DirectMethodHandle$Holder.invokeStatic(Ljava/lang/Object;Ljava/lang/Object;Ljava/lang/Object;Ljava/lang/Object;Ljava/lang/Object;Ljava/lang/Object;Ljava/lang/Object;Ljava/lan
Event: 2.088 Thread 0x000001e17d20f000 Exception <a 'java/lang/NoSuchMethodError'{0x00000000e88b5cd8}: java.lang.invoke.DirectMethodHandle$Holder.invokeStatic(Ljava/lang/Object;Ljava/lang/Object;Ljava/lang/Object;Ljava/lang/Object;Ljava/lang/Object;Ljava/lang/Object;Ljava/lang/Object;Ljava/lan
Event: 2.090 Thread 0x000001e17d20f000 Exception <a 'java/lang/NoSuchMethodError'{0x00000000e88e72c8}: java.lang.invoke.DirectMethodHandle$Holder.invokeSpecial(Ljava/lang/Object;Ljava/lang/Object;Ljava/lang/Object;Ljava/lang/Object;Ljava/lang/Object;Ljava/lang/Object;Ljava/lang/Object;Ljava/la
Event: 2.091 Thread 0x000001e17d20f000 Exception <a 'java/lang/NoSuchMethodError'{0x00000000e8716380}: java.lang.invoke.Invokers$Holder.linkToTargetMethod(Ljava/lang/Object;Ljava/lang/Object;Ljava/lang/Object;Ljava/lang/Object;Ljava/lang/Object;Ljava/lang/Object;Ljava/lang/Object;Ljava/lang/Ob
Event: 2.094 Thread 0x000001e17d20f000 Implicit null exception at 0x000001e107c2d278 to 0x000001e107c2d306
Event: 2.180 Thread 0x000001e10f56d000 Implicit null exception at 0x000001e107caaf67 to 0x000001e107cab639
Event: 2.394 Thread 0x000001e17d20f000 Exception <a 'java/lang/NoSuchMethodError'{0x00000000e9e18898}: java.lang.invoke.DirectMethodHandle$Holder.invokeStatic(Ljava/lang/Object;Ljava/lang/Object;Ljava/lang/Object;Ljava/lang/Object;Ljava/lang/Object;Ljava/lang/Object;Ljava/lang/Object;Ljava/lan
Event: 22.546 Thread 0x000001e17d20f000 Implicit null exception at 0x000001e107aeba50 to 0x000001e107aeba96

Events (10 events):
Event: 22.546 Thread 0x000001e17d20f000 DEOPT PACKING pc=0x000001e107aebaa0 sp=0x00000082fa1fc570
Event: 22.546 Thread 0x000001e17d20f000 DEOPT UNPACKING pc=0x000001e100028f2f sp=0x00000082fa1fc4f8 mode 2
Event: 22.572 Thread 0x000001e17d20f000 DEOPT PACKING pc=0x000001e100bb06be sp=0x00000082fa1fba10
Event: 22.572 Thread 0x000001e17d20f000 DEOPT UNPACKING pc=0x000001e100028d4e sp=0x00000082fa1faec0 mode 0
Event: 22.610 Thread 0x000001e17d20f000 DEOPT PACKING pc=0x000001e1005daaca sp=0x00000082fa1fbaa0
Event: 22.610 Thread 0x000001e17d20f000 DEOPT UNPACKING pc=0x000001e100028d4e sp=0x00000082fa1faf80 mode 0
Event: 22.640 Thread 0x000001e17d20f000 DEOPT PACKING pc=0x000001e1005daaca sp=0x00000082fa1fbaa0
Event: 22.640 Thread 0x000001e17d20f000 DEOPT UNPACKING pc=0x000001e100028d4e sp=0x00000082fa1faf80 mode 0
Event: 22.642 Executing VM operation: G1CollectFull
Event: 22.667 Executing VM operation: G1CollectFull done


Dynamic libraries:
0x00007ff603ea0000 - 0x00007ff603ee7000 	C:\Program Files\Java\jdk-11.0.2\bin\java.exe
0x00007ffa140a0000 - 0x00007ffa14290000 	C:\WINDOWS\SYSTEM32\ntdll.dll
0x00007ffa13310000 - 0x00007ffa133c2000 	C:\WINDOWS\System32\KERNEL32.DLL
0x00007ffa11180000 - 0x00007ffa11423000 	C:\WINDOWS\System32\KERNELBASE.dll
0x00007ffa0dc00000 - 0x00007ffa0dc8f000 	C:\WINDOWS\SYSTEM32\apphelp.dll
0x00007ffa13d40000 - 0x00007ffa13de3000 	C:\WINDOWS\System32\ADVAPI32.dll
0x00007ffa13270000 - 0x00007ffa1330e000 	C:\WINDOWS\System32\msvcrt.dll
0x00007ffa13fc0000 - 0x00007ffa14057000 	C:\WINDOWS\System32\sechost.dll
0x00007ffa12990000 - 0x00007ffa12ab0000 	C:\WINDOWS\System32\RPCRT4.dll
0x00007ffa13ba0000 - 0x00007ffa13d34000 	C:\WINDOWS\System32\USER32.dll
0x00007ffa11f50000 - 0x00007ffa11f71000 	C:\WINDOWS\System32\win32u.dll
0x00007ffa13df0000 - 0x00007ffa13e16000 	C:\WINDOWS\System32\GDI32.dll
0x00007ffa11bb0000 - 0x00007ffa11d44000 	C:\WINDOWS\System32\gdi32full.dll
0x00007ffa11fe0000 - 0x00007ffa1207e000 	C:\WINDOWS\System32\msvcp_win.dll
0x00007ffa11d50000 - 0x00007ffa11e4a000 	C:\WINDOWS\System32\ucrtbase.dll
0x00007ff9f5530000 - 0x00007ff9f57b5000 	C:\WINDOWS\WinSxS\amd64_microsoft.windows.common-controls_6595b64144ccf1df_6.0.18362.476_none_e6c4b11b130f2595\COMCTL32.dll
0x00007ffa137d0000 - 0x00007ffa13b06000 	C:\WINDOWS\System32\combase.dll
0x00007ffa04c30000 - 0x00007ffa04c3a000 	C:\WINDOWS\SYSTEM32\VERSION.dll
0x00007ffa11e80000 - 0x00007ffa11f00000 	C:\WINDOWS\System32\bcryptPrimitives.dll
0x00007ffa134a0000 - 0x00007ffa134ce000 	C:\WINDOWS\System32\IMM32.DLL
0x00007ffa0da10000 - 0x00007ffa0da26000 	C:\Program Files\Java\jdk-11.0.2\bin\vcruntime140.dll
0x00007ffa0d960000 - 0x00007ffa0da0a000 	C:\Program Files\Java\jdk-11.0.2\bin\msvcp140.dll
0x00007ff9a7100000 - 0x00007ff9a7c27000 	C:\Program Files\Java\jdk-11.0.2\bin\server\jvm.dll
0x00007ffa127d0000 - 0x00007ffa127d8000 	C:\WINDOWS\System32\PSAPI.DLL
0x00007ff9e01d0000 - 0x00007ff9e01d9000 	C:\WINDOWS\SYSTEM32\WSOCK32.dll
0x00007ffa0da70000 - 0x00007ffa0da94000 	C:\WINDOWS\SYSTEM32\WINMM.dll
0x00007ffa134d0000 - 0x00007ffa1353f000 	C:\WINDOWS\System32\WS2_32.dll
0x00007ffa0da40000 - 0x00007ffa0da6d000 	C:\WINDOWS\SYSTEM32\winmmbase.dll
0x00007ffa11f00000 - 0x00007ffa11f4a000 	C:\WINDOWS\System32\cfgmgr32.dll
0x00007ffa10fd0000 - 0x00007ffa10fe1000 	C:\WINDOWS\System32\kernel.appcore.dll
0x00007ffa0d940000 - 0x00007ffa0d951000 	C:\Program Files\Java\jdk-11.0.2\bin\verify.dll
0x00007ffa0f970000 - 0x00007ffa0fb64000 	C:\WINDOWS\SYSTEM32\DBGHELP.DLL
0x00007ff9df6a0000 - 0x00007ff9df6ca000 	C:\WINDOWS\SYSTEM32\dbgcore.DLL
0x00007ffa0d910000 - 0x00007ffa0d939000 	C:\Program Files\Java\jdk-11.0.2\bin\java.dll
0x00007ff9f8d30000 - 0x00007ff9f8d5f000 	C:\Program Files\Java\jdk-11.0.2\bin\instrument.dll
0x00007ffa0d8f0000 - 0x00007ffa0d906000 	C:\Program Files\Java\jdk-11.0.2\bin\zip.dll
0x00007ffa0dba0000 - 0x00007ffa0dbaa000 	C:\Program Files\Java\jdk-11.0.2\bin\jimage.dll
0x00007ffa12b80000 - 0x00007ffa13265000 	C:\WINDOWS\System32\SHELL32.dll
0x00007ffa13720000 - 0x00007ffa137c9000 	C:\WINDOWS\System32\shcore.dll
0x00007ffa11430000 - 0x00007ffa11bae000 	C:\WINDOWS\System32\windows.storage.dll
0x00007ffa10ff0000 - 0x00007ffa1100f000 	C:\WINDOWS\System32\profapi.dll
0x00007ffa10f80000 - 0x00007ffa10fca000 	C:\WINDOWS\System32\powrprof.dll
0x00007ffa10f70000 - 0x00007ffa10f80000 	C:\WINDOWS\System32\UMPDC.dll
0x00007ffa13e20000 - 0x00007ffa13e72000 	C:\WINDOWS\System32\shlwapi.dll
0x00007ffa12130000 - 0x00007ffa12147000 	C:\WINDOWS\System32\cryptsp.dll
0x00007ffa0b880000 - 0x00007ffa0b899000 	C:\Program Files\Java\jdk-11.0.2\bin\net.dll
0x00007ffa0dcd0000 - 0x00007ffa0ddc0000 	C:\WINDOWS\SYSTEM32\WINHTTP.dll
0x00007ff9f7500000 - 0x00007ff9f76d6000 	C:\WINDOWS\SYSTEM32\urlmon.dll
0x00007ff9fb340000 - 0x00007ff9fb5e6000 	C:\WINDOWS\SYSTEM32\iertutil.dll
0x00007ffa109b0000 - 0x00007ffa109bc000 	C:\WINDOWS\SYSTEM32\CRYPTBASE.DLL
0x00007ffa107e0000 - 0x00007ffa10847000 	C:\WINDOWS\system32\mswsock.dll
0x00007ffa074d0000 - 0x00007ffa074e3000 	C:\Program Files\Java\jdk-11.0.2\bin\nio.dll
0x00007ff9d4820000 - 0x00007ff9d4836000 	C:\WINDOWS\system32\napinsp.dll
0x00007ff9d4800000 - 0x00007ff9d481a000 	C:\WINDOWS\system32\pnrpnsp.dll
0x00007ffa10530000 - 0x00007ffa105fa000 	C:\WINDOWS\SYSTEM32\DNSAPI.dll
0x00007ffa12150000 - 0x00007ffa12158000 	C:\WINDOWS\System32\NSI.dll
0x00007ffa104f0000 - 0x00007ffa1052a000 	C:\WINDOWS\SYSTEM32\IPHLPAPI.DLL
0x00007ff9d47f0000 - 0x00007ff9d47fe000 	C:\WINDOWS\System32\winrnr.dll
0x00007ffa0dca0000 - 0x00007ffa0dcbc000 	C:\WINDOWS\system32\NLAapi.dll
0x00007ffa0ded0000 - 0x00007ffa0dee5000 	C:\WINDOWS\system32\wshbth.dll
0x00007ffa07830000 - 0x00007ffa0783a000 	C:\Windows\System32\rasadhlp.dll
0x00007ffa023e0000 - 0x00007ffa02457000 	C:\WINDOWS\System32\fwpuclnt.dll
0x00007ffa11e50000 - 0x00007ffa11e76000 	C:\WINDOWS\System32\bcrypt.dll
0x00007ffa10350000 - 0x00007ffa10383000 	C:\WINDOWS\system32\rsaenh.dll
0x00007ffa10e90000 - 0x00007ffa10eb5000 	C:\WINDOWS\SYSTEM32\USERENV.dll
0x00007ffa04120000 - 0x00007ffa04136000 	C:\WINDOWS\SYSTEM32\dhcpcsvc6.DLL
0x00007ffa052a0000 - 0x00007ffa052bc000 	C:\WINDOWS\SYSTEM32\dhcpcsvc.DLL
0x00007ff9f3370000 - 0x00007ff9f350f000 	C:\Program Files\Java\jdk-11.0.2\bin\awt.dll
0x00007ffa12ab0000 - 0x00007ffa12b74000 	C:\WINDOWS\System32\OLEAUT32.dll
0x00007ffa0c380000 - 0x00007ffa0c940000 	C:\WINDOWS\SYSTEM32\d2d1.dll
0x00007ffa0f270000 - 0x00007ffa0f29d000 	C:\WINDOWS\system32\DWMAPI.DLL
0x00007ffa0ec80000 - 0x00007ffa0ed19000 	C:\WINDOWS\system32\uxtheme.dll
0x00007ff9eae50000 - 0x00007ff9eafa6000 	C:\WINDOWS\system32\opengl32.dll
0x00007ff9ee9d0000 - 0x00007ff9ee9fc000 	C:\WINDOWS\SYSTEM32\GLU32.dll
0x00007ffa0fbe0000 - 0x00007ffa0fc00000 	C:\WINDOWS\SYSTEM32\dxcore.dll
0x00007ffa13e80000 - 0x00007ffa13fb6000 	C:\WINDOWS\System32\MSCTF.dll
0x00007ffa13540000 - 0x00007ffa13696000 	C:\WINDOWS\System32\ole32.dll
0x00007ff9f3260000 - 0x00007ff9f32e0000 	C:\Program Files\Java\jdk-11.0.2\bin\freetype.dll
0x00007ff9dec70000 - 0x00007ff9decdf000 	C:\Program Files\Java\jdk-11.0.2\bin\fontmanager.dll
0x00007ffa126a0000 - 0x00007ffa12742000 	C:\WINDOWS\System32\clbcatq.dll
0x00007ffa06ae0000 - 0x00007ffa06c8f000 	C:\WINDOWS\SYSTEM32\WindowsCodecs.dll
0x00007ff9ee3f0000 - 0x00007ff9ee42a000 	C:\WINDOWS\system32\dataexchange.dll
0x00007ffa0d020000 - 0x00007ffa0d1fb000 	C:\WINDOWS\system32\dcomp.dll
0x00007ffa0c940000 - 0x00007ffa0cb9b000 	C:\WINDOWS\system32\d3d11.dll
0x00007ffa0fc70000 - 0x00007ffa0fd5b000 	C:\WINDOWS\system32\dxgi.dll
0x00007ffa0ef20000 - 0x00007ffa0f17a000 	C:\WINDOWS\system32\twinapi.appcore.dll
0x00007ffa0f430000 - 0x00007ffa0f459000 	C:\WINDOWS\system32\RMCLIENT.dll
0x00007ff9eea30000 - 0x00007ff9eeace000 	C:\WINDOWS\System32\TextInputFramework.dll
0x00007ffa06fa0000 - 0x00007ffa072ca000 	C:\WINDOWS\System32\CoreUIComponents.dll
0x00007ffa0d580000 - 0x00007ffa0d654000 	C:\WINDOWS\System32\CoreMessaging.dll
0x00007ffa0ffd0000 - 0x00007ffa10001000 	C:\WINDOWS\SYSTEM32\ntmarta.dll
0x00007ffa0df10000 - 0x00007ffa0e063000 	C:\WINDOWS\SYSTEM32\wintypes.dll
0x00007ff9f7190000 - 0x00007ff9f71f5000 	C:\WINDOWS\system32\Oleacc.dll
0x00007ff9f3220000 - 0x00007ff9f325d000 	C:\Users\Daglemino\AppData\Local\Temp\JOCL_2_0_0-windows-x86_64.dll
0x00007ffa05620000 - 0x00007ffa0563d000 	C:\WINDOWS\SYSTEM32\OpenCL.dll
0x00007ff98e460000 - 0x00007ff98fae0000 	C:\WINDOWS\System32\DriverStore\FileRepository\nvhm.inf_amd64_d1c40a54a36b6122\nvopencl64.dll
0x00007ffa121d0000 - 0x00007ffa12640000 	C:\WINDOWS\System32\SETUPAPI.dll
0x00007ff9c55b0000 - 0x00007ff9c56d2000 	C:\WINDOWS\SYSTEM32\nvfatbinaryLoader.dll
0x00007ff9f7900000 - 0x00007ff9f7df8000 	C:\WINDOWS\system32\nvapi64.dll
0x00007ffa10d70000 - 0x00007ffa10d9a000 	C:\WINDOWS\SYSTEM32\DEVOBJ.dll
0x00007ffa11f80000 - 0x00007ffa11fdc000 	C:\WINDOWS\System32\WINTRUST.dll
0x00007ffa11010000 - 0x00007ffa11022000 	C:\WINDOWS\System32\MSASN1.dll
0x00007ffa11030000 - 0x00007ffa11179000 	C:\WINDOWS\System32\CRYPT32.dll
0x00007ff9a54a0000 - 0x00007ff9a5625000 	C:\WINDOWS\System32\DriverStore\FileRepository\iigd_dch.inf_amd64_8f062540d3fd067f\IntelOpenCL64.dll
0x00007ff9916d0000 - 0x00007ff991831000 	C:\WINDOWS\System32\DriverStore\FileRepository\iigd_dch.inf_amd64_8f062540d3fd067f\ocl\bin\x64\intelocl64.dll
0x00007ff9cf110000 - 0x00007ff9cf17e000 	C:\WINDOWS\System32\DriverStore\FileRepository\iigd_dch.inf_amd64_8f062540d3fd067f\ocl\bin\x64\task_executor64.dll
0x00007ff9c9780000 - 0x00007ff9c9806000 	C:\WINDOWS\System32\DriverStore\FileRepository\iigd_dch.inf_amd64_8f062540d3fd067f\ocl\bin\x64\cpu_device64.dll
0x00007ff98e100000 - 0x00007ff98e45b000 	C:\WINDOWS\System32\DriverStore\FileRepository\iigd_dch.inf_amd64_8f062540d3fd067f\igdrcl64.dll
0x00007ffa00110000 - 0x00007ffa0022d000 	C:\WINDOWS\System32\DriverStore\FileRepository\iigd_dch.inf_amd64_8f062540d3fd067f\igdgmm64.dll
0x00007ff997b00000 - 0x00007ff997bc4000 	C:\WINDOWS\System32\DriverStore\FileRepository\iigd_dch.inf_amd64_8f062540d3fd067f\igdfcl64.dll
0x00007ff9fdb70000 - 0x00007ff9ffe15000 	C:\WINDOWS\System32\DriverStore\FileRepository\iigd_dch.inf_amd64_8f062540d3fd067f\igc64.dll
0x00007ff98ba90000 - 0x00007ff98e0fa000 	C:\WINDOWS\system32\nvcompiler.dll
0x00007ff990170000 - 0x00007ff990256000 	C:\WINDOWS\System32\DriverStore\FileRepository\iigd_dch.inf_amd64_8f062540d3fd067f\ocl\bin\x64\tbb\ocltbb64.dll
0x00007ff98a440000 - 0x00007ff98ba8a000 	C:\WINDOWS\System32\DriverStore\FileRepository\iigd_dch.inf_amd64_8f062540d3fd067f\ocl\bin\x64\OclCpuBackEnd64.dll
0x00007ff989df0000 - 0x00007ff98a440000 	C:\WINDOWS\System32\DriverStore\FileRepository\iigd_dch.inf_amd64_8f062540d3fd067f\ocl\bin\x64\__ocl_svml_l9.dll
0x00007ff989a00000 - 0x00007ff989dee000 	C:\WINDOWS\System32\DriverStore\FileRepository\iigd_dch.inf_amd64_8f062540d3fd067f\ocl\bin\x64\clang_compiler64.dll
0x00007ff985640000 - 0x00007ff9899f6000 	C:\WINDOWS\System32\DriverStore\FileRepository\iigd_dch.inf_amd64_8f062540d3fd067f\common_clang64.dll

dbghelp: loaded successfully - version: 4.0.5 - missing functions: none
symbol engine: initialized successfully - sym options: 0x614 - pdb path: .;C:\Program Files\Java\jdk-11.0.2\bin;C:\WINDOWS\SYSTEM32;C:\WINDOWS\WinSxS\amd64_microsoft.windows.common-controls_6595b64144ccf1df_6.0.18362.476_none_e6c4b11b130f2595;C:\Program Files\Java\jdk-11.0.2\bin\server;C:\Users\Daglemino\AppData\Local\Temp;C:\WINDOWS\System32\DriverStore\FileRepository\nvhm.inf_amd64_d1c40a54a36b6122;C:\WINDOWS\System32\DriverStore\FileRepository\iigd_dch.inf_amd64_8f062540d3fd067f;C:\WINDOWS\System32\DriverStore\FileRepository\iigd_dch.inf_amd64_8f062540d3fd067f\ocl\bin\x64;C:\WINDOWS\System32\DriverStore\FileRepository\iigd_dch.inf_amd64_8f062540d3fd067f\ocl\bin\x64\tbb

VM Arguments:
jvm_args: -Dorg.gradle.native=false -javaagent:build/tmp/expandedArchives/org.jacoco.agent-0.8.5.jar_6a2df60c47de373ea127d14406367999/jacocoagent.jar=destfile=build/jacoco/test.exec,append=true,inclnolocationclasses=false,dumponexit=true,output=file,jmx=false -Xmx512m -Dfile.encoding=windows-1252 -Duser.country=AT -Duser.language=de -Duser.variant -ea 
java_command: worker.org.gradle.process.internal.worker.GradleWorkerMain 'Gradle Test Executor 39'
java_class_path (initial): C:\\Users\\Daglemino\\.gradle\\caches\\5.6.2\\workerMain\\gradle-worker.jar;D:\\development\\java\\studium\\neureka\\build\\classes\\java\\test;D:\\development\\java\\studium\\neureka\\build\\classes\\groovy\\test;D:\\development\\java\\studium\\neureka\\build\\resources\\test;D:\\development\\java\\studium\\neureka\\build\\classes\\java\\main;D:\\development\\java\\studium\\neureka\\build\\classes\\groovy\\main;D:\\development\\java\\studium\\neureka\\build\\resources\\main;C:\\Users\\Daglemino\\.gradle\\caches\\modules-2\\files-2.1\\org.jocl\\jocl\\2.0.0\\79c9e57adcea8bed6c8eeec9df964467d80105fe\\jocl-2.0.0.jar;C:\\Users\\Daglemino\\.gradle\\caches\\modules-2\\files-2.1\\org.jetbrains\\annotations\\16.0.2\\dab5655eb9abe23f2245c34e66c9813c7daf4563\\annotations-16.0.2.jar;C:\\Users\\Daglemino\\.gradle\\caches\\modules-2\\files-2.1\\org.codehaus.groovy\\groovy-all\\2.4.14\\cd1a8ce914f5fe86c00a917b0577da6f367edcf9\\groovy-all-2.4.14.jar;C:\\Users\\Daglemino\\.gradle\\caches\\modules-2\\files-2.1\\junit\\junit\\4.12\\2973d150c0dc1fefe998f834810d68f278ea58ec\\junit-4.12.jar;C:\\Users\\Daglemino\\.gradle\\caches\\modules-2\\files-2.1\\org.hamcrest\\hamcrest-core\\1.3\\42a25dc3219429f0e5d060061f71acb49bf010a0\\hamcrest-core-1.3.jar
Launcher Type: SUN_STANDARD

[Global flags]
     intx CICompilerCount                          = 4                                         {product} {ergonomic}
     uint ConcGCThreads                            = 3                                         {product} {ergonomic}
     uint G1ConcRefinementThreads                  = 10                                        {product} {ergonomic}
   size_t G1HeapRegionSize                         = 1048576                                   {product} {ergonomic}
    uintx GCDrainStackTargetSize                   = 64                                        {product} {ergonomic}
   size_t InitialHeapSize                          = 264241152                                 {product} {ergonomic}
   size_t MarkStackSize                            = 4194304                                   {product} {ergonomic}
   size_t MaxHeapSize                              = 536870912                                 {product} {command line}
   size_t MaxNewSize                               = 321912832                                 {product} {ergonomic}
   size_t MinHeapDeltaBytes                        = 1048576                                   {product} {ergonomic}
    uintx NonNMethodCodeHeapSize                   = 5835340                                {pd product} {ergonomic}
    uintx NonProfiledCodeHeapSize                  = 122911450                              {pd product} {ergonomic}
    uintx ProfiledCodeHeapSize                     = 122911450                              {pd product} {ergonomic}
    uintx ReservedCodeCacheSize                    = 251658240                              {pd product} {ergonomic}
     bool SegmentedCodeCache                       = true                                      {product} {ergonomic}
     bool UseCompressedClassPointers               = true                                 {lp64_product} {ergonomic}
     bool UseCompressedOops                        = true                                 {lp64_product} {ergonomic}
     bool UseG1GC                                  = true                                      {product} {ergonomic}
     bool UseLargePagesIndividualAllocation        = false                                  {pd product} {ergonomic}

Logging:
Log output configuration:
 #0: stdout all=warning uptime,level,tags
 #1: stderr all=off uptime,level,tags

Environment Variables:
JAVA_HOME=C:\Program Files\Java\jdk-12.0.2
PATH=C:\Program Files (x86)\Common Files\Oracle\Java\javapath;C:\windows\system32;C:\windows;C:\windows\System32\Wbem;C:\windows\System32\WindowsPowerShell\v1.0\;C:\windows\System32\OpenSSH\;C:\Program Files (x86)\NVIDIA Corporation\PhysX\Common;D:\development\version control\Git\cmd;D:\Software\posgres\pg11\bin;C:\Program Files\Intel\WiFi\bin\;C:\Program Files\Common Files\Intel\WirelessCommon\;C:\Program Files (x86)\Windows Kits\10\Windows Performance Toolkit\;C:\Program Files\Java\jdk-12.0.2\lib;C:\WINDOWS\system32;C:\WINDOWS;C:\WINDOWS\System32\Wbem;C:\WINDOWS\System32\WindowsPowerShell\v1.0\;C:\WINDOWS\System32\OpenSSH\;;C:\Program Files (x86)\Gpg4win\..\GnuPG\bin;C:\Users\Daglemino\AppData\Local\Programs\Python\Python36-32\Scripts\;C:\Users\Daglemino\AppData\Local\Programs\Python\Python36-32\;C:\Users\Daglemino\AppData\Local\Microsoft\WindowsApps
USERNAME=Daglemino
OS=Windows_NT
PROCESSOR_IDENTIFIER=Intel64 Family 6 Model 158 Stepping 10, GenuineIntel



---------------  S Y S T E M  ---------------

OS: Windows 10 , 64 bit Build 18362 (10.0.18362.329)

CPU:total 12 (initial active 12) (6 cores per cpu, 2 threads per core) family 6 model 158 stepping 10, cmov, cx8, fxsr, mmx, sse, sse2, sse3, ssse3, sse4.1, sse4.2, popcnt, avx, avx2, aes, clmul, erms, 3dnowpref, lzcnt, ht, tsc, tscinvbit, bmi1, bmi2, adx, fma

Memory: 4k page, system-wide physical 16122M (7602M free)
TotalPageFile size 23034M (AvailPageFile size 10510M)
current process WorkingSet (physical memory assigned to process): 374M, peak: 539M
current process commit charge ("private bytes"): 436M, peak: 687M

vm_info: Java HotSpot(TM) 64-Bit Server VM (11.0.2+9-LTS) for windows-amd64 JRE (11.0.2+9-LTS), built on Jan 18 2019 05:24:10 by "mach5one" with MS VC++ 15.5 (VS2017)

END.
