#
# A fatal error has been detected by the Java Runtime Environment:
#
#  EXCEPTION_ACCESS_VIOLATION (0xc0000005) at pc=0x00007fff0416300c, pid=21132, tid=18976
#
# JRE version: Java(TM) SE Runtime Environment (11.0.2+9) (build 11.0.2+9-LTS)
# Java VM: Java HotSpot(TM) 64-Bit Server VM (11.0.2+9-LTS, mixed mode, tiered, compressed oops, g1 gc, windows-amd64)
# Problematic frame:
# C  [OpenCL.dll+0x300c]
#
# No core dump will be written. Minidumps are not enabled by default on client versions of Windows
#
# If you would like to submit a bug report, please visit:
#   http://bugreport.java.com/bugreport/crash.jsp
# The crash happened outside the Java Virtual Machine in native code.
# See problematic frame for where to report the bug.
#

---------------  S U M M A R Y ------------

Command Line: -ea -Didea.test.cyclic.buffer.size=1048576 -javaagent:D:\Program Files\JetBrains\lib\idea_rt.jar=51836:D:\Program Files\JetBrains\bin -Dfile.encoding=UTF-8 com.intellij.rt.execution.junit.JUnitStarter -ideVersion5 -junit4 TestExamples,testOne

Host: Intel(R) Core(TM) i7-8750H CPU @ 2.20GHz, 12 cores, 15G,  Windows 10 , 64 bit Build 18362 (10.0.18362.329)
Time: Thu Nov 21 08:38:40 2019 Mitteleuropäische Zeit elapsed time: 7 seconds (0d 0h 0m 7s)

---------------  T H R E A D  ---------------

Current thread (0x00000141aa6b3800):  JavaThread "Cleaner-0" daemon [_thread_in_native, id=18976, stack(0x0000000d22b00000,0x0000000d22c00000)]

Stack: [0x0000000d22b00000,0x0000000d22c00000],  sp=0x0000000d22bff208,  free space=1020k
Native frames: (J=compiled Java code, j=interpreted, Vv=VM code, C=native code)
C  [OpenCL.dll+0x300c]

Java frames: (J=compiled Java code, j=interpreted, Vv=VM code)
j  org.jocl.CL.clReleaseMemObjectNative(Lorg/jocl/cl_mem;)I+0
j  org.jocl.CL.clReleaseMemObject(Lorg/jocl/cl_mem;)I+1
j  neureka.core.device.openCL.OpenCLDevice._rmv(Lneureka/core/device/WeakTensorReference;)V+26
j  neureka.core.device.openCL.OpenCLDevice.lambda$_add$3(Lneureka/core/device/WeakTensorReference;)V+2
j  neureka.core.device.openCL.OpenCLDevice$$Lambda$179.run()V+8
J 900 c1 jdk.internal.ref.CleanerImpl$PhantomCleanableRef.performCleanup()V java.base@11.0.2 (10 bytes) @ 0x000001418bb2d4ec [0x000001418bb2d3e0+0x000000000000010c]
J 899 c1 jdk.internal.ref.PhantomCleanable.clean()V java.base@11.0.2 (16 bytes) @ 0x000001418bb2cf9c [0x000001418bb2cde0+0x00000000000001bc]
j  jdk.internal.ref.CleanerImpl.run()V+77 java.base@11.0.2
j  java.lang.Thread.run()V+11 java.base@11.0.2
j  jdk.internal.misc.InnocuousThread.run()V+20 java.base@11.0.2
v  ~StubRoutines::call_stub

siginfo: EXCEPTION_ACCESS_VIOLATION (0xc0000005), reading address 0x0000000000000090


Register to memory mapping:

RIP=0x00007fff0416300c OpenCL.dll
RAX=0x0 is NULL
RBX={method} {0x00000141ac8e3530} 'clReleaseMemObjectNative' '(Lorg/jocl/cl_mem;)I' in 'org/jocl/CL'
RCX=0x00000141be28c490 points into unknown readable memory: 00 00 00 00 00 00 00 00
RDX=0x0000000d22bff2a0 is pointing into the stack for thread: 0x00000141aa6b3800
RSP=0x0000000d22bff208 is pointing into the stack for thread: 0x00000141aa6b3800
RBP=0x0000000d22bff280 is pointing into the stack for thread: 0x00000141aa6b3800
RSI=0x0000000000000160 is an unknown value
RDI=0x0000000000000049 is an unknown value
R8 =0x0000000000000042 is an unknown value
R9 =0x000000071039e190 is an oop: org.jocl.cl_mem 
{0x000000071039e190} - klass: 'org/jocl/cl_mem'
R10=0x00000000000000f8 is an unknown value
R11=0x00007ffebc14e0e8 jvm.dll
R12=0x0 is NULL
R13={method} {0x00000141ac8e3530} 'clReleaseMemObjectNative' '(Lorg/jocl/cl_mem;)I' in 'org/jocl/CL'
R14=0x0000000d22bff2a0 is pointing into the stack for thread: 0x00000141aa6b3800
R15=0x00000141aa6b3800 is a thread


Registers:
RAX=0x0000000000000000, RBX=0x00000141ac8e3528, RCX=0x00000141be28c490, RDX=0x0000000d22bff2a0
RSP=0x0000000d22bff208, RBP=0x0000000d22bff280, RSI=0x0000000000000160, RDI=0x0000000000000049
R8 =0x0000000000000042, R9 =0x000000071039e190, R10=0x00000000000000f8, R11=0x00007ffebc14e0e8
R12=0x0000000000000000, R13=0x00000141ac8e3528, R14=0x0000000d22bff2a0, R15=0x00000141aa6b3800
RIP=0x00007fff0416300c, EFLAGS=0x0000000000010206

Top of Stack: (sp=0x0000000d22bff208)
0x0000000d22bff208:   000001418b3ff0b7 00000141ac8e3528
0x0000000d22bff218:   0000000d22bff218 00000141a9778089
0x0000000d22bff228:   0000000d22bff290 00000141a977c5c8
0x0000000d22bff238:   0000000d22bff238 0000000000000000
0x0000000d22bff248:   0000000d22bff2a0 00000141ac8ed248
0x0000000d22bff258:   0000000000000000 0000000710356060
0x0000000d22bff268:   00000141ac8e3528 0000000000000000
0x0000000d22bff278:   0000000d22bff2a0 0000000d22bff2f0
0x0000000d22bff288:   000001418b3f9880 0000000710356060
0x0000000d22bff298:   000001418b3fbff6 000000071039e190
0x0000000d22bff2a8:   0000000d22bff2a8 00000141ac8e3479
0x0000000d22bff2b8:   0000000d22bff300 00000141ac8ed248
0x0000000d22bff2c8:   0000000000000000 0000000710356060
0x0000000d22bff2d8:   00000141ac8e3498 0000000d22bff2a0
0x0000000d22bff2e8:   0000000d22bff300 0000000d22bff350
0x0000000d22bff2f8:   000001418b3f9880 000000071039e190 

Instructions: (pc=0x00007fff0416300c)
0x00007fff04162fec:   48 ff a0 28 01 00 00 cc cc cc cc cc cc cc cc cc
0x00007fff04162ffc:   cc cc cc cc 48 85 c9 75 04 8d 41 da c3 48 8b 01
0x00007fff0416300c:   48 ff a0 90 00 00 00 cc cc cc cc cc cc cc cc cc
0x00007fff0416301c:   cc cc cc cc 48 85 c9 75 04 8d 41 d4 c3 48 8b 01 


Stack slot to memory mapping:
stack at sp + 0 slots: 0x000001418b3ff0b7 is at code_begin+1047 in an Interpreter codelet
method entry point (kind = native)  [0x000001418b3feca0, 0x000001418b3ff800]  2912 bytes
stack at sp + 1 slots: {method} {0x00000141ac8e3530} 'clReleaseMemObjectNative' '(Lorg/jocl/cl_mem;)I' in 'org/jocl/CL'
stack at sp + 2 slots: 0x0000000d22bff218 is pointing into the stack for thread: 0x00000141aa6b3800
stack at sp + 3 slots: 0x00000141a9778089 is pointing into metadata
stack at sp + 4 slots: 0x0000000d22bff290 is pointing into the stack for thread: 0x00000141aa6b3800
stack at sp + 5 slots: 0x00000141a977c5c8 is pointing into metadata
stack at sp + 6 slots: 0x0000000d22bff238 is pointing into the stack for thread: 0x00000141aa6b3800
stack at sp + 7 slots: 0x0 is NULL


---------------  P R O C E S S  ---------------

Threads class SMR info:
_java_thread_list=0x00000141be087a50, length=19, elements={
0x00000141830d4800, 0x00000141a6c83800, 0x00000141a6c86000, 0x00000141a759b800,
0x00000141a759c800, 0x00000141a759f800, 0x00000141a75a1800, 0x00000141a754e800,
0x00000141a7708800, 0x00000141a7a1a000, 0x00000141a7a1a800, 0x00000141a867c800,
0x00000141a867d800, 0x00000141a8528800, 0x00000141a88c2000, 0x00000141aa6b3800,
0x00000141a7724000, 0x00000141bdcc4800, 0x00000141a8988000
}

Java Threads: ( => current thread )
  0x00000141830d4800 JavaThread "main" [_thread_blocked, id=20872, stack(0x0000000d20100000,0x0000000d20200000)]
  0x00000141a6c83800 JavaThread "Reference Handler" daemon [_thread_blocked, id=19636, stack(0x0000000d20800000,0x0000000d20900000)]
  0x00000141a6c86000 JavaThread "Finalizer" daemon [_thread_blocked, id=20400, stack(0x0000000d20900000,0x0000000d20a00000)]
  0x00000141a759b800 JavaThread "Signal Dispatcher" daemon [_thread_blocked, id=20224, stack(0x0000000d20a00000,0x0000000d20b00000)]
  0x00000141a759c800 JavaThread "Attach Listener" daemon [_thread_blocked, id=1920, stack(0x0000000d20b00000,0x0000000d20c00000)]
  0x00000141a759f800 JavaThread "C2 CompilerThread0" daemon [_thread_in_native, id=22336, stack(0x0000000d20c00000,0x0000000d20d00000)]
  0x00000141a75a1800 JavaThread "C1 CompilerThread0" daemon [_thread_blocked, id=21872, stack(0x0000000d20d00000,0x0000000d20e00000)]
  0x00000141a754e800 JavaThread "Sweeper thread" daemon [_thread_blocked, id=2192, stack(0x0000000d20e00000,0x0000000d20f00000)]
  0x00000141a7708800 JavaThread "Common-Cleaner" daemon [_thread_blocked, id=19424, stack(0x0000000d20f00000,0x0000000d21000000)]
  0x00000141a7a1a000 JavaThread "Monitor Ctrl-Break" daemon [_thread_in_native, id=14416, stack(0x0000000d21100000,0x0000000d21200000)]
  0x00000141a7a1a800 JavaThread "Service Thread" daemon [_thread_blocked, id=22468, stack(0x0000000d21200000,0x0000000d21300000)]
  0x00000141a867c800 JavaThread "Java2D Disposer" daemon [_thread_blocked, id=752, stack(0x0000000d21400000,0x0000000d21500000)]
  0x00000141a867d800 JavaThread "AWT-Shutdown" [_thread_blocked, id=692, stack(0x0000000d21500000,0x0000000d21600000)]
  0x00000141a8528800 JavaThread "AWT-EventQueue-0" [_thread_blocked, id=5084, stack(0x0000000d21c00000,0x0000000d21d00000)]
  0x00000141a88c2000 JavaThread "TimerQueue" daemon [_thread_blocked, id=17376, stack(0x0000000d22200000,0x0000000d22300000)]
=>0x00000141aa6b3800 JavaThread "Cleaner-0" daemon [_thread_in_native, id=18976, stack(0x0000000d22b00000,0x0000000d22c00000)]
  0x00000141a7724000 JavaThread "C2 CompilerThread1" daemon [_thread_in_native, id=12628, stack(0x0000000d21000000,0x0000000d21100000)]
  0x00000141bdcc4800 JavaThread "C2 CompilerThread2" daemon [_thread_blocked, id=6260, stack(0x0000000d22d00000,0x0000000d22e00000)]
  0x00000141a8988000 JavaThread "ToolkitShutdown" daemon [_thread_in_native, id=17416, stack(0x0000000d22e00000,0x0000000d22f00000)]

Other Threads:
  0x00000141a6c7f800 VMThread "VM Thread" [stack: 0x0000000d20700000,0x0000000d20800000] [id=17564]
  0x00000141a7a12800 WatcherThread [stack: 0x0000000d21300000,0x0000000d21400000] [id=9880]
  0x00000141830ee800 GCTaskThread "GC Thread#0" [stack: 0x0000000d20200000,0x0000000d20300000] [id=21812]
  0x00000141a860f800 GCTaskThread "GC Thread#1" [stack: 0x0000000d21700000,0x0000000d21800000] [id=4452]
  0x00000141a84fe000 GCTaskThread "GC Thread#2" [stack: 0x0000000d21800000,0x0000000d21900000] [id=19024]
  0x00000141a84ff000 GCTaskThread "GC Thread#3" [stack: 0x0000000d21900000,0x0000000d21a00000] [id=21636]
  0x00000141a84ff800 GCTaskThread "GC Thread#4" [stack: 0x0000000d21a00000,0x0000000d21b00000] [id=22312]
  0x00000141a8500800 GCTaskThread "GC Thread#5" [stack: 0x0000000d21b00000,0x0000000d21c00000] [id=704]
  0x000001418314b800 ConcurrentGCThread "G1 Main Marker" [stack: 0x0000000d20300000,0x0000000d20400000] [id=4508]
  0x000001418314d800 ConcurrentGCThread "G1 Conc#0" [stack: 0x0000000d20400000,0x0000000d20500000] [id=15596]
  0x00000141a8665000 ConcurrentGCThread "G1 Conc#1" [stack: 0x0000000d21d00000,0x0000000d21e00000] [id=21736]
  0x00000141a8715000 ConcurrentGCThread "G1 Conc#2" [stack: 0x0000000d21e00000,0x0000000d21f00000] [id=324]
  0x00000141a6b63800 ConcurrentGCThread "G1 Refine#0" [stack: 0x0000000d20500000,0x0000000d20600000] [id=21652]
  0x00000141a6b66800 ConcurrentGCThread "G1 Young RemSet Sampling" [stack: 0x0000000d20600000,0x0000000d20700000] [id=21772]

Threads with active compile tasks:
C2 CompilerThread02702       4       javax.swing.text.PlainView::calculateLongestLine (98 bytes)
C2 CompilerThread12538   !   4       javax.swing.text.PlainDocument::insertUpdate (410 bytes)

VM state:not at safepoint (normal execution)

VM Mutex/Monitor currently owned by a thread: None

Heap address: 0x0000000704000000, size: 4032 MB, Compressed Oops mode: Zero based, Oop shift amount: 3
Narrow klass base: 0x0000000800000000, Narrow klass shift: 0
Compressed class space size: 1073741824 Address: 0x0000000800000000

Heap:
 garbage-first heap   total 258048K, used 13591K [0x0000000704000000, 0x0000000800000000)
  region size 1024K, 7 young (7168K), 4 survivors (4096K)
 Metaspace       used 24882K, capacity 25813K, committed 26032K, reserved 1073152K
  class space    used 2667K, capacity 3068K, committed 3072K, reserved 1048576K
Heap Regions: E=young(eden), S=young(survivor), O=old, HS=humongous(starts), HC=humongous(continues), CS=collection set, F=free, A=archive, TAMS=top-at-mark-start (previous, next)
|   0|0x0000000704000000, 0x0000000704100000, 0x0000000704100000|100%| O|  |TAMS 0x0000000704100000, 0x0000000704000000| Untracked 
|   1|0x0000000704100000, 0x0000000704200000, 0x0000000704200000|100%| O|  |TAMS 0x0000000704200000, 0x0000000704100000| Untracked 
|   2|0x0000000704200000, 0x0000000704269800, 0x0000000704300000| 41%| O|  |TAMS 0x0000000704269800, 0x0000000704200000| Untracked 
|   3|0x0000000704300000, 0x0000000704400000, 0x0000000704400000|100%| O|  |TAMS 0x0000000704400000, 0x0000000704300000| Untracked 
|   4|0x0000000704400000, 0x0000000704500000, 0x0000000704500000|100%| O|  |TAMS 0x0000000704500000, 0x0000000704400000| Untracked 
|   5|0x0000000704500000, 0x0000000704600000, 0x0000000704600000|100%|HS|  |TAMS 0x0000000704500000, 0x0000000704500000| Complete 
|   6|0x0000000704600000, 0x0000000704700000, 0x0000000704700000|100%|HC|  |TAMS 0x0000000704600000, 0x0000000704600000| Complete 
|   7|0x0000000704700000, 0x0000000704800000, 0x0000000704800000|100%|HC|  |TAMS 0x0000000704700000, 0x0000000704700000| Complete 
|   8|0x0000000704800000, 0x0000000704800000, 0x0000000704900000|  0%| F|  |TAMS 0x0000000704800000, 0x0000000704800000| Untracked 
|   9|0x0000000704900000, 0x0000000704900000, 0x0000000704a00000|  0%| F|  |TAMS 0x0000000704900000, 0x0000000704900000| Untracked 
|  10|0x0000000704a00000, 0x0000000704a00000, 0x0000000704b00000|  0%| F|  |TAMS 0x0000000704a00000, 0x0000000704a00000| Untracked 
|  11|0x0000000704b00000, 0x0000000704b00000, 0x0000000704c00000|  0%| F|  |TAMS 0x0000000704b00000, 0x0000000704b00000| Untracked 
|  12|0x0000000704c00000, 0x0000000704c00000, 0x0000000704d00000|  0%| F|  |TAMS 0x0000000704c00000, 0x0000000704c00000| Untracked 
|  13|0x0000000704d00000, 0x0000000704d00000, 0x0000000704e00000|  0%| F|  |TAMS 0x0000000704d00000, 0x0000000704d00000| Untracked 
|  14|0x0000000704e00000, 0x0000000704e00000, 0x0000000704f00000|  0%| F|  |TAMS 0x0000000704e00000, 0x0000000704e00000| Untracked 
|  15|0x0000000704f00000, 0x0000000704f00000, 0x0000000705000000|  0%| F|  |TAMS 0x0000000704f00000, 0x0000000704f00000| Untracked 
|  16|0x0000000705000000, 0x0000000705000000, 0x0000000705100000|  0%| F|  |TAMS 0x0000000705000000, 0x0000000705000000| Untracked 
|  17|0x0000000705100000, 0x0000000705100000, 0x0000000705200000|  0%| F|  |TAMS 0x0000000705100000, 0x0000000705100000| Untracked 
|  18|0x0000000705200000, 0x0000000705200000, 0x0000000705300000|  0%| F|  |TAMS 0x0000000705200000, 0x0000000705200000| Untracked 
|  19|0x0000000705300000, 0x0000000705300000, 0x0000000705400000|  0%| F|  |TAMS 0x0000000705300000, 0x0000000705300000| Untracked 
|  20|0x0000000705400000, 0x0000000705400000, 0x0000000705500000|  0%| F|  |TAMS 0x0000000705400000, 0x0000000705400000| Untracked 
|  21|0x0000000705500000, 0x0000000705500000, 0x0000000705600000|  0%| F|  |TAMS 0x0000000705500000, 0x0000000705500000| Untracked 
|  22|0x0000000705600000, 0x0000000705600000, 0x0000000705700000|  0%| F|  |TAMS 0x0000000705600000, 0x0000000705600000| Untracked 
|  23|0x0000000705700000, 0x0000000705700000, 0x0000000705800000|  0%| F|  |TAMS 0x0000000705700000, 0x0000000705700000| Untracked 
|  24|0x0000000705800000, 0x0000000705800000, 0x0000000705900000|  0%| F|  |TAMS 0x0000000705800000, 0x0000000705800000| Untracked 
|  25|0x0000000705900000, 0x0000000705900000, 0x0000000705a00000|  0%| F|  |TAMS 0x0000000705900000, 0x0000000705900000| Untracked 
|  26|0x0000000705a00000, 0x0000000705a00000, 0x0000000705b00000|  0%| F|  |TAMS 0x0000000705a00000, 0x0000000705a00000| Untracked 
|  27|0x0000000705b00000, 0x0000000705b00000, 0x0000000705c00000|  0%| F|  |TAMS 0x0000000705b00000, 0x0000000705b00000| Untracked 
|  28|0x0000000705c00000, 0x0000000705c00000, 0x0000000705d00000|  0%| F|  |TAMS 0x0000000705c00000, 0x0000000705c00000| Untracked 
|  29|0x0000000705d00000, 0x0000000705d00000, 0x0000000705e00000|  0%| F|  |TAMS 0x0000000705d00000, 0x0000000705d00000| Untracked 
|  30|0x0000000705e00000, 0x0000000705e00000, 0x0000000705f00000|  0%| F|  |TAMS 0x0000000705e00000, 0x0000000705e00000| Untracked 
|  31|0x0000000705f00000, 0x0000000705f00000, 0x0000000706000000|  0%| F|  |TAMS 0x0000000705f00000, 0x0000000705f00000| Untracked 
|  32|0x0000000706000000, 0x0000000706000000, 0x0000000706100000|  0%| F|  |TAMS 0x0000000706000000, 0x0000000706000000| Untracked 
|  33|0x0000000706100000, 0x0000000706100000, 0x0000000706200000|  0%| F|  |TAMS 0x0000000706100000, 0x0000000706100000| Untracked 
|  34|0x0000000706200000, 0x0000000706200000, 0x0000000706300000|  0%| F|  |TAMS 0x0000000706200000, 0x0000000706200000| Untracked 
|  35|0x0000000706300000, 0x0000000706300000, 0x0000000706400000|  0%| F|  |TAMS 0x0000000706300000, 0x0000000706300000| Untracked 
|  36|0x0000000706400000, 0x0000000706400000, 0x0000000706500000|  0%| F|  |TAMS 0x0000000706400000, 0x0000000706400000| Untracked 
|  37|0x0000000706500000, 0x0000000706500000, 0x0000000706600000|  0%| F|  |TAMS 0x0000000706500000, 0x0000000706500000| Untracked 
|  38|0x0000000706600000, 0x0000000706600000, 0x0000000706700000|  0%| F|  |TAMS 0x0000000706600000, 0x0000000706600000| Untracked 
|  39|0x0000000706700000, 0x0000000706700000, 0x0000000706800000|  0%| F|  |TAMS 0x0000000706700000, 0x0000000706700000| Untracked 
|  40|0x0000000706800000, 0x0000000706800000, 0x0000000706900000|  0%| F|  |TAMS 0x0000000706800000, 0x0000000706800000| Untracked 
|  41|0x0000000706900000, 0x0000000706900000, 0x0000000706a00000|  0%| F|  |TAMS 0x0000000706900000, 0x0000000706900000| Untracked 
|  42|0x0000000706a00000, 0x0000000706a00000, 0x0000000706b00000|  0%| F|  |TAMS 0x0000000706a00000, 0x0000000706a00000| Untracked 
|  43|0x0000000706b00000, 0x0000000706b00000, 0x0000000706c00000|  0%| F|  |TAMS 0x0000000706b00000, 0x0000000706b00000| Untracked 
|  44|0x0000000706c00000, 0x0000000706c00000, 0x0000000706d00000|  0%| F|  |TAMS 0x0000000706c00000, 0x0000000706c00000| Untracked 
|  45|0x0000000706d00000, 0x0000000706d00000, 0x0000000706e00000|  0%| F|  |TAMS 0x0000000706d00000, 0x0000000706d00000| Untracked 
|  46|0x0000000706e00000, 0x0000000706e00000, 0x0000000706f00000|  0%| F|  |TAMS 0x0000000706e00000, 0x0000000706e00000| Untracked 
|  47|0x0000000706f00000, 0x0000000706f00000, 0x0000000707000000|  0%| F|  |TAMS 0x0000000706f00000, 0x0000000706f00000| Untracked 
|  48|0x0000000707000000, 0x0000000707000000, 0x0000000707100000|  0%| F|  |TAMS 0x0000000707000000, 0x0000000707000000| Untracked 
|  49|0x0000000707100000, 0x0000000707100000, 0x0000000707200000|  0%| F|  |TAMS 0x0000000707100000, 0x0000000707100000| Untracked 
|  50|0x0000000707200000, 0x0000000707200000, 0x0000000707300000|  0%| F|  |TAMS 0x0000000707200000, 0x0000000707200000| Untracked 
|  51|0x0000000707300000, 0x0000000707300000, 0x0000000707400000|  0%| F|  |TAMS 0x0000000707300000, 0x0000000707300000| Untracked 
|  52|0x0000000707400000, 0x0000000707400000, 0x0000000707500000|  0%| F|  |TAMS 0x0000000707400000, 0x0000000707400000| Untracked 
|  53|0x0000000707500000, 0x0000000707500000, 0x0000000707600000|  0%| F|  |TAMS 0x0000000707500000, 0x0000000707500000| Untracked 
|  54|0x0000000707600000, 0x0000000707600000, 0x0000000707700000|  0%| F|  |TAMS 0x0000000707600000, 0x0000000707600000| Untracked 
|  55|0x0000000707700000, 0x0000000707700000, 0x0000000707800000|  0%| F|  |TAMS 0x0000000707700000, 0x0000000707700000| Untracked 
|  56|0x0000000707800000, 0x0000000707800000, 0x0000000707900000|  0%| F|  |TAMS 0x0000000707800000, 0x0000000707800000| Untracked 
|  57|0x0000000707900000, 0x0000000707900000, 0x0000000707a00000|  0%| F|  |TAMS 0x0000000707900000, 0x0000000707900000| Untracked 
|  58|0x0000000707a00000, 0x0000000707a00000, 0x0000000707b00000|  0%| F|  |TAMS 0x0000000707a00000, 0x0000000707a00000| Untracked 
|  59|0x0000000707b00000, 0x0000000707b00000, 0x0000000707c00000|  0%| F|  |TAMS 0x0000000707b00000, 0x0000000707b00000| Untracked 
|  60|0x0000000707c00000, 0x0000000707c00000, 0x0000000707d00000|  0%| F|  |TAMS 0x0000000707c00000, 0x0000000707c00000| Untracked 
|  61|0x0000000707d00000, 0x0000000707d00000, 0x0000000707e00000|  0%| F|  |TAMS 0x0000000707d00000, 0x0000000707d00000| Untracked 
|  62|0x0000000707e00000, 0x0000000707e00000, 0x0000000707f00000|  0%| F|  |TAMS 0x0000000707e00000, 0x0000000707e00000| Untracked 
|  63|0x0000000707f00000, 0x0000000707f00000, 0x0000000708000000|  0%| F|  |TAMS 0x0000000707f00000, 0x0000000707f00000| Untracked 
|  64|0x0000000708000000, 0x0000000708000000, 0x0000000708100000|  0%| F|  |TAMS 0x0000000708000000, 0x0000000708000000| Untracked 
|  65|0x0000000708100000, 0x0000000708100000, 0x0000000708200000|  0%| F|  |TAMS 0x0000000708100000, 0x0000000708100000| Untracked 
|  66|0x0000000708200000, 0x0000000708200000, 0x0000000708300000|  0%| F|  |TAMS 0x0000000708200000, 0x0000000708200000| Untracked 
|  67|0x0000000708300000, 0x0000000708300000, 0x0000000708400000|  0%| F|  |TAMS 0x0000000708300000, 0x0000000708300000| Untracked 
|  68|0x0000000708400000, 0x0000000708400000, 0x0000000708500000|  0%| F|  |TAMS 0x0000000708400000, 0x0000000708400000| Untracked 
|  69|0x0000000708500000, 0x0000000708500000, 0x0000000708600000|  0%| F|  |TAMS 0x0000000708500000, 0x0000000708500000| Untracked 
|  70|0x0000000708600000, 0x0000000708600000, 0x0000000708700000|  0%| F|  |TAMS 0x0000000708600000, 0x0000000708600000| Untracked 
|  71|0x0000000708700000, 0x0000000708700000, 0x0000000708800000|  0%| F|  |TAMS 0x0000000708700000, 0x0000000708700000| Untracked 
|  72|0x0000000708800000, 0x0000000708800000, 0x0000000708900000|  0%| F|  |TAMS 0x0000000708800000, 0x0000000708800000| Untracked 
|  73|0x0000000708900000, 0x0000000708900000, 0x0000000708a00000|  0%| F|  |TAMS 0x0000000708900000, 0x0000000708900000| Untracked 
|  74|0x0000000708a00000, 0x0000000708a00000, 0x0000000708b00000|  0%| F|  |TAMS 0x0000000708a00000, 0x0000000708a00000| Untracked 
|  75|0x0000000708b00000, 0x0000000708b00000, 0x0000000708c00000|  0%| F|  |TAMS 0x0000000708b00000, 0x0000000708b00000| Untracked 
|  76|0x0000000708c00000, 0x0000000708c00000, 0x0000000708d00000|  0%| F|  |TAMS 0x0000000708c00000, 0x0000000708c00000| Untracked 
|  77|0x0000000708d00000, 0x0000000708d00000, 0x0000000708e00000|  0%| F|  |TAMS 0x0000000708d00000, 0x0000000708d00000| Untracked 
|  78|0x0000000708e00000, 0x0000000708e00000, 0x0000000708f00000|  0%| F|  |TAMS 0x0000000708e00000, 0x0000000708e00000| Untracked 
|  79|0x0000000708f00000, 0x0000000708f00000, 0x0000000709000000|  0%| F|  |TAMS 0x0000000708f00000, 0x0000000708f00000| Untracked 
|  80|0x0000000709000000, 0x0000000709000000, 0x0000000709100000|  0%| F|  |TAMS 0x0000000709000000, 0x0000000709000000| Untracked 
|  81|0x0000000709100000, 0x0000000709100000, 0x0000000709200000|  0%| F|  |TAMS 0x0000000709100000, 0x0000000709100000| Untracked 
|  82|0x0000000709200000, 0x0000000709200000, 0x0000000709300000|  0%| F|  |TAMS 0x0000000709200000, 0x0000000709200000| Untracked 
|  83|0x0000000709300000, 0x0000000709300000, 0x0000000709400000|  0%| F|  |TAMS 0x0000000709300000, 0x0000000709300000| Untracked 
|  84|0x0000000709400000, 0x0000000709400000, 0x0000000709500000|  0%| F|  |TAMS 0x0000000709400000, 0x0000000709400000| Untracked 
|  85|0x0000000709500000, 0x0000000709500000, 0x0000000709600000|  0%| F|  |TAMS 0x0000000709500000, 0x0000000709500000| Untracked 
|  86|0x0000000709600000, 0x0000000709600000, 0x0000000709700000|  0%| F|  |TAMS 0x0000000709600000, 0x0000000709600000| Untracked 
|  87|0x0000000709700000, 0x0000000709700000, 0x0000000709800000|  0%| F|  |TAMS 0x0000000709700000, 0x0000000709700000| Untracked 
|  88|0x0000000709800000, 0x0000000709800000, 0x0000000709900000|  0%| F|  |TAMS 0x0000000709800000, 0x0000000709800000| Untracked 
|  89|0x0000000709900000, 0x0000000709900000, 0x0000000709a00000|  0%| F|  |TAMS 0x0000000709900000, 0x0000000709900000| Untracked 
|  90|0x0000000709a00000, 0x0000000709a00000, 0x0000000709b00000|  0%| F|  |TAMS 0x0000000709a00000, 0x0000000709a00000| Untracked 
|  91|0x0000000709b00000, 0x0000000709b00000, 0x0000000709c00000|  0%| F|  |TAMS 0x0000000709b00000, 0x0000000709b00000| Untracked 
|  92|0x0000000709c00000, 0x0000000709c00000, 0x0000000709d00000|  0%| F|  |TAMS 0x0000000709c00000, 0x0000000709c00000| Untracked 
|  93|0x0000000709d00000, 0x0000000709d00000, 0x0000000709e00000|  0%| F|  |TAMS 0x0000000709d00000, 0x0000000709d00000| Untracked 
|  94|0x0000000709e00000, 0x0000000709e00000, 0x0000000709f00000|  0%| F|  |TAMS 0x0000000709e00000, 0x0000000709e00000| Untracked 
|  95|0x0000000709f00000, 0x0000000709f00000, 0x000000070a000000|  0%| F|  |TAMS 0x0000000709f00000, 0x0000000709f00000| Untracked 
|  96|0x000000070a000000, 0x000000070a000000, 0x000000070a100000|  0%| F|  |TAMS 0x000000070a000000, 0x000000070a000000| Untracked 
|  97|0x000000070a100000, 0x000000070a100000, 0x000000070a200000|  0%| F|  |TAMS 0x000000070a100000, 0x000000070a100000| Untracked 
|  98|0x000000070a200000, 0x000000070a200000, 0x000000070a300000|  0%| F|  |TAMS 0x000000070a200000, 0x000000070a200000| Untracked 
|  99|0x000000070a300000, 0x000000070a300000, 0x000000070a400000|  0%| F|  |TAMS 0x000000070a300000, 0x000000070a300000| Untracked 
| 100|0x000000070a400000, 0x000000070a400000, 0x000000070a500000|  0%| F|  |TAMS 0x000000070a400000, 0x000000070a400000| Untracked 
| 101|0x000000070a500000, 0x000000070a500000, 0x000000070a600000|  0%| F|  |TAMS 0x000000070a500000, 0x000000070a500000| Untracked 
| 102|0x000000070a600000, 0x000000070a600000, 0x000000070a700000|  0%| F|  |TAMS 0x000000070a600000, 0x000000070a600000| Untracked 
| 103|0x000000070a700000, 0x000000070a700000, 0x000000070a800000|  0%| F|  |TAMS 0x000000070a700000, 0x000000070a700000| Untracked 
| 104|0x000000070a800000, 0x000000070a800000, 0x000000070a900000|  0%| F|  |TAMS 0x000000070a800000, 0x000000070a800000| Untracked 
| 105|0x000000070a900000, 0x000000070a900000, 0x000000070aa00000|  0%| F|  |TAMS 0x000000070a900000, 0x000000070a900000| Untracked 
| 106|0x000000070aa00000, 0x000000070aa00000, 0x000000070ab00000|  0%| F|  |TAMS 0x000000070aa00000, 0x000000070aa00000| Untracked 
| 107|0x000000070ab00000, 0x000000070ab00000, 0x000000070ac00000|  0%| F|  |TAMS 0x000000070ab00000, 0x000000070ab00000| Untracked 
| 108|0x000000070ac00000, 0x000000070ac00000, 0x000000070ad00000|  0%| F|  |TAMS 0x000000070ac00000, 0x000000070ac00000| Untracked 
| 109|0x000000070ad00000, 0x000000070ad00000, 0x000000070ae00000|  0%| F|  |TAMS 0x000000070ad00000, 0x000000070ad00000| Untracked 
| 110|0x000000070ae00000, 0x000000070ae00000, 0x000000070af00000|  0%| F|  |TAMS 0x000000070ae00000, 0x000000070ae00000| Untracked 
| 111|0x000000070af00000, 0x000000070af00000, 0x000000070b000000|  0%| F|  |TAMS 0x000000070af00000, 0x000000070af00000| Untracked 
| 112|0x000000070b000000, 0x000000070b000000, 0x000000070b100000|  0%| F|  |TAMS 0x000000070b000000, 0x000000070b000000| Untracked 
| 113|0x000000070b100000, 0x000000070b100000, 0x000000070b200000|  0%| F|  |TAMS 0x000000070b100000, 0x000000070b100000| Untracked 
| 114|0x000000070b200000, 0x000000070b200000, 0x000000070b300000|  0%| F|  |TAMS 0x000000070b200000, 0x000000070b200000| Untracked 
| 115|0x000000070b300000, 0x000000070b300000, 0x000000070b400000|  0%| F|  |TAMS 0x000000070b300000, 0x000000070b300000| Untracked 
| 116|0x000000070b400000, 0x000000070b400000, 0x000000070b500000|  0%| F|  |TAMS 0x000000070b400000, 0x000000070b400000| Untracked 
| 117|0x000000070b500000, 0x000000070b500000, 0x000000070b600000|  0%| F|  |TAMS 0x000000070b500000, 0x000000070b500000| Untracked 
| 118|0x000000070b600000, 0x000000070b600000, 0x000000070b700000|  0%| F|  |TAMS 0x000000070b600000, 0x000000070b600000| Untracked 
| 119|0x000000070b700000, 0x000000070b700000, 0x000000070b800000|  0%| F|  |TAMS 0x000000070b700000, 0x000000070b700000| Untracked 
| 120|0x000000070b800000, 0x000000070b800000, 0x000000070b900000|  0%| F|  |TAMS 0x000000070b800000, 0x000000070b800000| Untracked 
| 121|0x000000070b900000, 0x000000070b900000, 0x000000070ba00000|  0%| F|  |TAMS 0x000000070b900000, 0x000000070b900000| Untracked 
| 122|0x000000070ba00000, 0x000000070ba00000, 0x000000070bb00000|  0%| F|  |TAMS 0x000000070ba00000, 0x000000070ba00000| Untracked 
| 123|0x000000070bb00000, 0x000000070bb00000, 0x000000070bc00000|  0%| F|  |TAMS 0x000000070bb00000, 0x000000070bb00000| Untracked 
| 124|0x000000070bc00000, 0x000000070bc00000, 0x000000070bd00000|  0%| F|  |TAMS 0x000000070bc00000, 0x000000070bc00000| Untracked 
| 125|0x000000070bd00000, 0x000000070bd00000, 0x000000070be00000|  0%| F|  |TAMS 0x000000070bd00000, 0x000000070bd00000| Untracked 
| 126|0x000000070be00000, 0x000000070be00000, 0x000000070bf00000|  0%| F|  |TAMS 0x000000070be00000, 0x000000070be00000| Untracked 
| 127|0x000000070bf00000, 0x000000070bf00000, 0x000000070c000000|  0%| F|  |TAMS 0x000000070bf00000, 0x000000070bf00000| Untracked 
| 128|0x000000070c000000, 0x000000070c000000, 0x000000070c100000|  0%| F|  |TAMS 0x000000070c000000, 0x000000070c000000| Untracked 
| 129|0x000000070c100000, 0x000000070c100000, 0x000000070c200000|  0%| F|  |TAMS 0x000000070c100000, 0x000000070c100000| Untracked 
| 130|0x000000070c200000, 0x000000070c200000, 0x000000070c300000|  0%| F|  |TAMS 0x000000070c200000, 0x000000070c200000| Untracked 
| 131|0x000000070c300000, 0x000000070c300000, 0x000000070c400000|  0%| F|  |TAMS 0x000000070c300000, 0x000000070c300000| Untracked 
| 132|0x000000070c400000, 0x000000070c400000, 0x000000070c500000|  0%| F|  |TAMS 0x000000070c400000, 0x000000070c400000| Untracked 
| 133|0x000000070c500000, 0x000000070c500000, 0x000000070c600000|  0%| F|  |TAMS 0x000000070c500000, 0x000000070c500000| Untracked 
| 134|0x000000070c600000, 0x000000070c600000, 0x000000070c700000|  0%| F|  |TAMS 0x000000070c600000, 0x000000070c600000| Untracked 
| 135|0x000000070c700000, 0x000000070c700000, 0x000000070c800000|  0%| F|  |TAMS 0x000000070c700000, 0x000000070c700000| Untracked 
| 136|0x000000070c800000, 0x000000070c800000, 0x000000070c900000|  0%| F|  |TAMS 0x000000070c800000, 0x000000070c800000| Untracked 
| 137|0x000000070c900000, 0x000000070c900000, 0x000000070ca00000|  0%| F|  |TAMS 0x000000070c900000, 0x000000070c900000| Untracked 
| 138|0x000000070ca00000, 0x000000070ca00000, 0x000000070cb00000|  0%| F|  |TAMS 0x000000070ca00000, 0x000000070ca00000| Untracked 
| 139|0x000000070cb00000, 0x000000070cb00000, 0x000000070cc00000|  0%| F|  |TAMS 0x000000070cb00000, 0x000000070cb00000| Untracked 
| 140|0x000000070cc00000, 0x000000070cc00000, 0x000000070cd00000|  0%| F|  |TAMS 0x000000070cc00000, 0x000000070cc00000| Untracked 
| 141|0x000000070cd00000, 0x000000070cd00000, 0x000000070ce00000|  0%| F|  |TAMS 0x000000070cd00000, 0x000000070cd00000| Untracked 
| 142|0x000000070ce00000, 0x000000070ce00000, 0x000000070cf00000|  0%| F|  |TAMS 0x000000070ce00000, 0x000000070ce00000| Untracked 
| 143|0x000000070cf00000, 0x000000070cf00000, 0x000000070d000000|  0%| F|  |TAMS 0x000000070cf00000, 0x000000070cf00000| Untracked 
| 144|0x000000070d000000, 0x000000070d000000, 0x000000070d100000|  0%| F|  |TAMS 0x000000070d000000, 0x000000070d000000| Untracked 
| 145|0x000000070d100000, 0x000000070d100000, 0x000000070d200000|  0%| F|  |TAMS 0x000000070d100000, 0x000000070d100000| Untracked 
| 146|0x000000070d200000, 0x000000070d200000, 0x000000070d300000|  0%| F|  |TAMS 0x000000070d200000, 0x000000070d200000| Untracked 
| 147|0x000000070d300000, 0x000000070d300000, 0x000000070d400000|  0%| F|  |TAMS 0x000000070d300000, 0x000000070d300000| Untracked 
| 148|0x000000070d400000, 0x000000070d400000, 0x000000070d500000|  0%| F|  |TAMS 0x000000070d400000, 0x000000070d400000| Untracked 
| 149|0x000000070d500000, 0x000000070d500000, 0x000000070d600000|  0%| F|  |TAMS 0x000000070d500000, 0x000000070d500000| Untracked 
| 150|0x000000070d600000, 0x000000070d600000, 0x000000070d700000|  0%| F|  |TAMS 0x000000070d600000, 0x000000070d600000| Untracked 
| 151|0x000000070d700000, 0x000000070d700000, 0x000000070d800000|  0%| F|  |TAMS 0x000000070d700000, 0x000000070d700000| Untracked 
| 152|0x000000070d800000, 0x000000070d800000, 0x000000070d900000|  0%| F|  |TAMS 0x000000070d800000, 0x000000070d800000| Untracked 
| 153|0x000000070d900000, 0x000000070d900000, 0x000000070da00000|  0%| F|  |TAMS 0x000000070d900000, 0x000000070d900000| Untracked 
| 154|0x000000070da00000, 0x000000070da00000, 0x000000070db00000|  0%| F|  |TAMS 0x000000070da00000, 0x000000070da00000| Untracked 
| 155|0x000000070db00000, 0x000000070db00000, 0x000000070dc00000|  0%| F|  |TAMS 0x000000070db00000, 0x000000070db00000| Untracked 
| 156|0x000000070dc00000, 0x000000070dc00000, 0x000000070dd00000|  0%| F|  |TAMS 0x000000070dc00000, 0x000000070dc00000| Untracked 
| 157|0x000000070dd00000, 0x000000070dd00000, 0x000000070de00000|  0%| F|  |TAMS 0x000000070dd00000, 0x000000070dd00000| Untracked 
| 158|0x000000070de00000, 0x000000070de00000, 0x000000070df00000|  0%| F|  |TAMS 0x000000070de00000, 0x000000070de00000| Untracked 
| 159|0x000000070df00000, 0x000000070df00000, 0x000000070e000000|  0%| F|  |TAMS 0x000000070df00000, 0x000000070df00000| Untracked 
| 160|0x000000070e000000, 0x000000070e000000, 0x000000070e100000|  0%| F|  |TAMS 0x000000070e000000, 0x000000070e000000| Untracked 
| 161|0x000000070e100000, 0x000000070e100000, 0x000000070e200000|  0%| F|  |TAMS 0x000000070e100000, 0x000000070e100000| Untracked 
| 162|0x000000070e200000, 0x000000070e200000, 0x000000070e300000|  0%| F|  |TAMS 0x000000070e200000, 0x000000070e200000| Untracked 
| 163|0x000000070e300000, 0x000000070e300000, 0x000000070e400000|  0%| F|  |TAMS 0x000000070e300000, 0x000000070e300000| Untracked 
| 164|0x000000070e400000, 0x000000070e400000, 0x000000070e500000|  0%| F|  |TAMS 0x000000070e400000, 0x000000070e400000| Untracked 
| 165|0x000000070e500000, 0x000000070e500000, 0x000000070e600000|  0%| F|  |TAMS 0x000000070e500000, 0x000000070e500000| Untracked 
| 166|0x000000070e600000, 0x000000070e600000, 0x000000070e700000|  0%| F|  |TAMS 0x000000070e600000, 0x000000070e600000| Untracked 
| 167|0x000000070e700000, 0x000000070e700000, 0x000000070e800000|  0%| F|  |TAMS 0x000000070e700000, 0x000000070e700000| Untracked 
| 168|0x000000070e800000, 0x000000070e800000, 0x000000070e900000|  0%| F|  |TAMS 0x000000070e800000, 0x000000070e800000| Untracked 
| 169|0x000000070e900000, 0x000000070e900000, 0x000000070ea00000|  0%| F|  |TAMS 0x000000070e900000, 0x000000070e900000| Untracked 
| 170|0x000000070ea00000, 0x000000070ea00000, 0x000000070eb00000|  0%| F|  |TAMS 0x000000070ea00000, 0x000000070ea00000| Untracked 
| 171|0x000000070eb00000, 0x000000070eb00000, 0x000000070ec00000|  0%| F|  |TAMS 0x000000070eb00000, 0x000000070eb00000| Untracked 
| 172|0x000000070ec00000, 0x000000070ec00000, 0x000000070ed00000|  0%| F|  |TAMS 0x000000070ec00000, 0x000000070ec00000| Untracked 
| 173|0x000000070ed00000, 0x000000070ed00000, 0x000000070ee00000|  0%| F|  |TAMS 0x000000070ed00000, 0x000000070ed00000| Untracked 
| 174|0x000000070ee00000, 0x000000070ee00000, 0x000000070ef00000|  0%| F|  |TAMS 0x000000070ee00000, 0x000000070ee00000| Untracked 
| 175|0x000000070ef00000, 0x000000070ef00000, 0x000000070f000000|  0%| F|  |TAMS 0x000000070ef00000, 0x000000070ef00000| Untracked 
| 176|0x000000070f000000, 0x000000070f000000, 0x000000070f100000|  0%| F|  |TAMS 0x000000070f000000, 0x000000070f000000| Untracked 
| 177|0x000000070f100000, 0x000000070f100000, 0x000000070f200000|  0%| F|  |TAMS 0x000000070f100000, 0x000000070f100000| Untracked 
| 178|0x000000070f200000, 0x000000070f200000, 0x000000070f300000|  0%| F|  |TAMS 0x000000070f200000, 0x000000070f200000| Untracked 
| 179|0x000000070f300000, 0x000000070f300000, 0x000000070f400000|  0%| F|  |TAMS 0x000000070f300000, 0x000000070f300000| Untracked 
| 180|0x000000070f400000, 0x000000070f400000, 0x000000070f500000|  0%| F|  |TAMS 0x000000070f400000, 0x000000070f400000| Untracked 
| 181|0x000000070f500000, 0x000000070f500000, 0x000000070f600000|  0%| F|  |TAMS 0x000000070f500000, 0x000000070f500000| Untracked 
| 182|0x000000070f600000, 0x000000070f600000, 0x000000070f700000|  0%| F|  |TAMS 0x000000070f600000, 0x000000070f600000| Untracked 
| 183|0x000000070f700000, 0x000000070f700000, 0x000000070f800000|  0%| F|  |TAMS 0x000000070f700000, 0x000000070f700000| Untracked 
| 184|0x000000070f800000, 0x000000070f800000, 0x000000070f900000|  0%| F|  |TAMS 0x000000070f800000, 0x000000070f800000| Untracked 
| 185|0x000000070f900000, 0x000000070f900000, 0x000000070fa00000|  0%| F|  |TAMS 0x000000070f900000, 0x000000070f900000| Untracked 
| 186|0x000000070fa00000, 0x000000070fa00000, 0x000000070fb00000|  0%| F|  |TAMS 0x000000070fa00000, 0x000000070fa00000| Untracked 
| 187|0x000000070fb00000, 0x000000070fb00000, 0x000000070fc00000|  0%| F|  |TAMS 0x000000070fb00000, 0x000000070fb00000| Untracked 
| 188|0x000000070fc00000, 0x000000070fc00000, 0x000000070fd00000|  0%| F|  |TAMS 0x000000070fc00000, 0x000000070fc00000| Untracked 
| 189|0x000000070fd00000, 0x000000070fd00000, 0x000000070fe00000|  0%| F|  |TAMS 0x000000070fd00000, 0x000000070fd00000| Untracked 
| 190|0x000000070fe00000, 0x000000070fe00000, 0x000000070ff00000|  0%| F|  |TAMS 0x000000070fe00000, 0x000000070fe00000| Untracked 
| 191|0x000000070ff00000, 0x000000070ff00000, 0x0000000710000000|  0%| F|  |TAMS 0x000000070ff00000, 0x000000070ff00000| Untracked 
| 192|0x0000000710000000, 0x0000000710000000, 0x0000000710100000|  0%| F|  |TAMS 0x0000000710000000, 0x0000000710000000| Untracked 
| 193|0x0000000710100000, 0x00000007101dc4f8, 0x0000000710200000| 86%| S|CS|TAMS 0x0000000710100000, 0x0000000710100000| Complete 
| 194|0x0000000710200000, 0x0000000710300000, 0x0000000710300000|100%| S|CS|TAMS 0x0000000710200000, 0x0000000710200000| Complete 
| 195|0x0000000710300000, 0x0000000710400000, 0x0000000710400000|100%| S|CS|TAMS 0x0000000710300000, 0x0000000710300000| Complete 
| 196|0x0000000710400000, 0x0000000710500000, 0x0000000710500000|100%| S|CS|TAMS 0x0000000710400000, 0x0000000710400000| Complete 
| 197|0x0000000710500000, 0x0000000710500000, 0x0000000710600000|  0%| F|  |TAMS 0x0000000710500000, 0x0000000710500000| Untracked 
| 198|0x0000000710600000, 0x0000000710600000, 0x0000000710700000|  0%| F|  |TAMS 0x0000000710600000, 0x0000000710600000| Untracked 
| 199|0x0000000710700000, 0x0000000710700000, 0x0000000710800000|  0%| F|  |TAMS 0x0000000710700000, 0x0000000710700000| Untracked 
| 200|0x0000000710800000, 0x0000000710800000, 0x0000000710900000|  0%| F|  |TAMS 0x0000000710800000, 0x0000000710800000| Untracked 
| 201|0x0000000710900000, 0x0000000710900000, 0x0000000710a00000|  0%| F|  |TAMS 0x0000000710900000, 0x0000000710900000| Untracked 
| 202|0x0000000710a00000, 0x0000000710a00000, 0x0000000710b00000|  0%| F|  |TAMS 0x0000000710a00000, 0x0000000710a00000| Untracked 
| 203|0x0000000710b00000, 0x0000000710b00000, 0x0000000710c00000|  0%| F|  |TAMS 0x0000000710b00000, 0x0000000710b00000| Untracked 
| 204|0x0000000710c00000, 0x0000000710c00000, 0x0000000710d00000|  0%| F|  |TAMS 0x0000000710c00000, 0x0000000710c00000| Untracked 
| 205|0x0000000710d00000, 0x0000000710d00000, 0x0000000710e00000|  0%| F|  |TAMS 0x0000000710d00000, 0x0000000710d00000| Untracked 
| 206|0x0000000710e00000, 0x0000000710e00000, 0x0000000710f00000|  0%| F|  |TAMS 0x0000000710e00000, 0x0000000710e00000| Untracked 
| 207|0x0000000710f00000, 0x0000000710f00000, 0x0000000711000000|  0%| F|  |TAMS 0x0000000710f00000, 0x0000000710f00000| Untracked 
| 208|0x0000000711000000, 0x0000000711000000, 0x0000000711100000|  0%| F|  |TAMS 0x0000000711000000, 0x0000000711000000| Untracked 
| 209|0x0000000711100000, 0x0000000711100000, 0x0000000711200000|  0%| F|  |TAMS 0x0000000711100000, 0x0000000711100000| Untracked 
| 210|0x0000000711200000, 0x0000000711200000, 0x0000000711300000|  0%| F|  |TAMS 0x0000000711200000, 0x0000000711200000| Untracked 
| 211|0x0000000711300000, 0x0000000711300000, 0x0000000711400000|  0%| F|  |TAMS 0x0000000711300000, 0x0000000711300000| Untracked 
| 212|0x0000000711400000, 0x0000000711400000, 0x0000000711500000|  0%| F|  |TAMS 0x0000000711400000, 0x0000000711400000| Untracked 
| 213|0x0000000711500000, 0x0000000711500000, 0x0000000711600000|  0%| F|  |TAMS 0x0000000711500000, 0x0000000711500000| Untracked 
| 214|0x0000000711600000, 0x0000000711600000, 0x0000000711700000|  0%| F|  |TAMS 0x0000000711600000, 0x0000000711600000| Untracked 
| 215|0x0000000711700000, 0x0000000711700000, 0x0000000711800000|  0%| F|  |TAMS 0x0000000711700000, 0x0000000711700000| Untracked 
| 216|0x0000000711800000, 0x0000000711800000, 0x0000000711900000|  0%| F|  |TAMS 0x0000000711800000, 0x0000000711800000| Untracked 
| 217|0x0000000711900000, 0x0000000711900000, 0x0000000711a00000|  0%| F|  |TAMS 0x0000000711900000, 0x0000000711900000| Untracked 
| 218|0x0000000711a00000, 0x0000000711a00000, 0x0000000711b00000|  0%| F|  |TAMS 0x0000000711a00000, 0x0000000711a00000| Untracked 
| 219|0x0000000711b00000, 0x0000000711b00000, 0x0000000711c00000|  0%| F|  |TAMS 0x0000000711b00000, 0x0000000711b00000| Untracked 
| 220|0x0000000711c00000, 0x0000000711c00000, 0x0000000711d00000|  0%| F|  |TAMS 0x0000000711c00000, 0x0000000711c00000| Untracked 
| 221|0x0000000711d00000, 0x0000000711d00000, 0x0000000711e00000|  0%| F|  |TAMS 0x0000000711d00000, 0x0000000711d00000| Untracked 
| 222|0x0000000711e00000, 0x0000000711e00000, 0x0000000711f00000|  0%| F|  |TAMS 0x0000000711e00000, 0x0000000711e00000| Untracked 
| 223|0x0000000711f00000, 0x0000000711f00000, 0x0000000712000000|  0%| F|  |TAMS 0x0000000711f00000, 0x0000000711f00000| Untracked 
| 224|0x0000000712000000, 0x0000000712000000, 0x0000000712100000|  0%| F|  |TAMS 0x0000000712000000, 0x0000000712000000| Untracked 
| 225|0x0000000712100000, 0x0000000712100000, 0x0000000712200000|  0%| F|  |TAMS 0x0000000712100000, 0x0000000712100000| Untracked 
| 226|0x0000000712200000, 0x0000000712200000, 0x0000000712300000|  0%| F|  |TAMS 0x0000000712200000, 0x0000000712200000| Untracked 
| 227|0x0000000712300000, 0x0000000712300000, 0x0000000712400000|  0%| F|  |TAMS 0x0000000712300000, 0x0000000712300000| Untracked 
| 228|0x0000000712400000, 0x0000000712400000, 0x0000000712500000|  0%| F|  |TAMS 0x0000000712400000, 0x0000000712400000| Untracked 
| 229|0x0000000712500000, 0x0000000712500000, 0x0000000712600000|  0%| F|  |TAMS 0x0000000712500000, 0x0000000712500000| Untracked 
| 230|0x0000000712600000, 0x0000000712600000, 0x0000000712700000|  0%| F|  |TAMS 0x0000000712600000, 0x0000000712600000| Untracked 
| 231|0x0000000712700000, 0x0000000712700000, 0x0000000712800000|  0%| F|  |TAMS 0x0000000712700000, 0x0000000712700000| Untracked 
| 232|0x0000000712800000, 0x0000000712800000, 0x0000000712900000|  0%| F|  |TAMS 0x0000000712800000, 0x0000000712800000| Untracked 
| 233|0x0000000712900000, 0x0000000712900000, 0x0000000712a00000|  0%| F|  |TAMS 0x0000000712900000, 0x0000000712900000| Untracked 
| 234|0x0000000712a00000, 0x0000000712a00000, 0x0000000712b00000|  0%| F|  |TAMS 0x0000000712a00000, 0x0000000712a00000| Untracked 
| 235|0x0000000712b00000, 0x0000000712b00000, 0x0000000712c00000|  0%| F|  |TAMS 0x0000000712b00000, 0x0000000712b00000| Untracked 
| 236|0x0000000712c00000, 0x0000000712c00000, 0x0000000712d00000|  0%| F|  |TAMS 0x0000000712c00000, 0x0000000712c00000| Untracked 
| 237|0x0000000712d00000, 0x0000000712d00000, 0x0000000712e00000|  0%| F|  |TAMS 0x0000000712d00000, 0x0000000712d00000| Untracked 
| 238|0x0000000712e00000, 0x0000000712e00000, 0x0000000712f00000|  0%| F|  |TAMS 0x0000000712e00000, 0x0000000712e00000| Untracked 
| 239|0x0000000712f00000, 0x0000000712f00000, 0x0000000713000000|  0%| F|  |TAMS 0x0000000712f00000, 0x0000000712f00000| Untracked 
| 240|0x0000000713000000, 0x0000000713000000, 0x0000000713100000|  0%| F|  |TAMS 0x0000000713000000, 0x0000000713000000| Untracked 
| 241|0x0000000713100000, 0x0000000713100000, 0x0000000713200000|  0%| F|  |TAMS 0x0000000713100000, 0x0000000713100000| Untracked 
| 242|0x0000000713200000, 0x0000000713200000, 0x0000000713300000|  0%| F|  |TAMS 0x0000000713200000, 0x0000000713200000| Untracked 
| 243|0x0000000713300000, 0x0000000713300000, 0x0000000713400000|  0%| F|  |TAMS 0x0000000713300000, 0x0000000713300000| Untracked 
| 244|0x0000000713400000, 0x0000000713400000, 0x0000000713500000|  0%| F|  |TAMS 0x0000000713400000, 0x0000000713400000| Untracked 
| 245|0x0000000713500000, 0x0000000713500000, 0x0000000713600000|  0%| F|  |TAMS 0x0000000713500000, 0x0000000713500000| Untracked 
| 246|0x0000000713600000, 0x0000000713600000, 0x0000000713700000|  0%| F|  |TAMS 0x0000000713600000, 0x0000000713600000| Untracked 
| 247|0x0000000713700000, 0x0000000713700000, 0x0000000713800000|  0%| F|  |TAMS 0x0000000713700000, 0x0000000713700000| Untracked 
| 248|0x0000000713800000, 0x0000000713800000, 0x0000000713900000|  0%| F|  |TAMS 0x0000000713800000, 0x0000000713800000| Untracked 
| 249|0x0000000713900000, 0x0000000713900800, 0x0000000713a00000|  0%| E|  |TAMS 0x0000000713900000, 0x0000000713900000| Complete 
| 250|0x0000000713a00000, 0x0000000713b00000, 0x0000000713b00000|100%| E|CS|TAMS 0x0000000713a00000, 0x0000000713a00000| Complete 
| 251|0x0000000713b00000, 0x0000000713c00000, 0x0000000713c00000|100%| E|CS|TAMS 0x0000000713b00000, 0x0000000713b00000| Complete 

Card table byte_map: [0x000001419b120000,0x000001419b900000] _byte_map_base: 0x0000014197900000

Marking Bits (Prev, Next): (CMBitMap*) 0x000001418313b130, (CMBitMap*) 0x000001418313b0f8
 Prev Bits: [0x000001419ffe0000, 0x00000141a3ee0000)
 Next Bits: [0x000001419c0e0000, 0x000001419ffe0000)

Polling page: 0x0000014180f10000

Metaspace:

Usage:
  Non-class:     22.21 MB capacity,    21.70 MB ( 98%) used,   440.05 KB (  2%) free+waste,    89.19 KB ( <1%) overhead. 
      Class:      3.00 MB capacity,     2.60 MB ( 87%) used,   354.84 KB ( 12%) free+waste,    46.06 KB (  2%) overhead. 
       Both:     25.21 MB capacity,    24.30 MB ( 96%) used,   794.90 KB (  3%) free+waste,   135.25 KB ( <1%) overhead. 

Virtual space:
  Non-class space:       24.00 MB reserved,      22.42 MB ( 93%) committed 
      Class space:        1.00 GB reserved,       3.00 MB ( <1%) committed 
             Both:        1.02 GB reserved,      25.42 MB (  2%) committed 

Chunk freelists:
   Non-Class:  2.88 KB
       Class:  512 bytes
        Both:  3.38 KB

CodeHeap 'non-profiled nmethods': size=120000Kb used=1176Kb max_used=1176Kb free=118823Kb
 bounds [0x0000014192ec0000, 0x0000014193130000, 0x000001419a3f0000]
CodeHeap 'profiled nmethods': size=120000Kb used=5385Kb max_used=5385Kb free=114614Kb
 bounds [0x000001418b990000, 0x000001418bee0000, 0x0000014192ec0000]
CodeHeap 'non-nmethods': size=5760Kb used=2309Kb max_used=2365Kb free=3451Kb
 bounds [0x000001418b3f0000, 0x000001418b660000, 0x000001418b990000]
 total_blobs=4161 nmethods=2712 adapters=815
 compilation: enabled
              stopped_count=0, restarted_count=0
 full_count=0

Compilation events (10 events):
Event: 7.641 Thread 0x00000141a75a1800 nmethod 2707 0x000001418becdb10 code [0x000001418becdce0, 0x000001418bece150]
Event: 7.641 Thread 0x00000141bdcc4800 nmethod 2703 0x0000014192fe4c10 code [0x0000014192fe4dc0, 0x0000014192fe52d8]
Event: 7.641 Thread 0x00000141a75a1800 2709  s    3       java.util.Hashtable::remove (133 bytes)
Event: 7.641 Thread 0x00000141bdcc4800 2706       4       java.awt.geom.AffineTransform::setToScale (66 bytes)
Event: 7.642 Thread 0x00000141a75a1800 nmethod 2709 0x000001418bece310 code [0x000001418bece520, 0x000001418beceea0]
Event: 7.642 Thread 0x00000141a75a1800 2710       3       sun.java2d.DefaultDisposerRecord::dispose (12 bytes)
Event: 7.642 Thread 0x00000141bdcc4800 nmethod 2706 0x0000014192fe5610 code [0x0000014192fe57c0, 0x0000014192fe5898]
Event: 7.642 Thread 0x00000141a75a1800 nmethod 2710 0x000001418becf110 code [0x000001418becf2c0, 0x000001418becf450]
Event: 7.642 Thread 0x00000141a75a1800 2708       3       java.lang.ref.ReferenceQueue::remove (6 bytes)
Event: 7.642 Thread 0x00000141a75a1800 nmethod 2708 0x000001418becf510 code [0x000001418becf6c0, 0x000001418becf8f0]

GC Heap History (8 events):
Event: 0.669 GC heap before
{Heap before GC invocations=0 (full 0):
 garbage-first heap   total 258048K, used 26624K [0x0000000704000000, 0x0000000800000000)
  region size 1024K, 24 young (24576K), 0 survivors (0K)
 Metaspace       used 17989K, capacity 18437K, committed 18688K, reserved 1067008K
  class space    used 1785K, capacity 1958K, committed 2048K, reserved 1048576K
}
Event: 0.673 GC heap after
{Heap after GC invocations=1 (full 0):
 garbage-first heap   total 258048K, used 4430K [0x0000000704000000, 0x0000000800000000)
  region size 1024K, 3 young (3072K), 3 survivors (3072K)
 Metaspace       used 17989K, capacity 18437K, committed 18688K, reserved 1067008K
  class space    used 1785K, capacity 1958K, committed 2048K, reserved 1048576K
}
Event: 0.751 GC heap before
{Heap before GC invocations=1 (full 0):
 garbage-first heap   total 258048K, used 7502K [0x0000000704000000, 0x0000000800000000)
  region size 1024K, 7 young (7168K), 3 survivors (3072K)
 Metaspace       used 20694K, capacity 21185K, committed 21296K, reserved 1069056K
  class space    used 2176K, capacity 2389K, committed 2432K, reserved 1048576K
}
Event: 0.756 GC heap after
{Heap after GC invocations=2 (full 0):
 garbage-first heap   total 258048K, used 5303K [0x0000000704000000, 0x0000000800000000)
  region size 1024K, 1 young (1024K), 1 survivors (1024K)
 Metaspace       used 20694K, capacity 21185K, committed 21296K, reserved 1069056K
  class space    used 2176K, capacity 2389K, committed 2432K, reserved 1048576K
}
Event: 1.248 GC heap before
{Heap before GC invocations=3 (full 0):
 garbage-first heap   total 258048K, used 41143K [0x0000000704000000, 0x0000000800000000)
  region size 1024K, 34 young (34816K), 1 survivors (1024K)
 Metaspace       used 24084K, capacity 25013K, committed 25264K, reserved 1071104K
  class space    used 2597K, capacity 2974K, committed 3072K, reserved 1048576K
}
Event: 1.252 GC heap after
{Heap after GC invocations=4 (full 0):
 garbage-first heap   total 258048K, used 10204K [0x0000000704000000, 0x0000000800000000)
  region size 1024K, 3 young (3072K), 3 survivors (3072K)
 Metaspace       used 24084K, capacity 25013K, committed 25264K, reserved 1071104K
  class space    used 2597K, capacity 2974K, committed 3072K, reserved 1048576K
}
Event: 7.636 GC heap before
{Heap before GC invocations=4 (full 0):
 garbage-first heap   total 258048K, used 63452K [0x0000000704000000, 0x0000000800000000)
  region size 1024K, 55 young (56320K), 3 survivors (3072K)
 Metaspace       used 24877K, capacity 25813K, committed 26032K, reserved 1073152K
  class space    used 2667K, capacity 3068K, committed 3072K, reserved 1048576K
}
Event: 7.640 GC heap after
{Heap after GC invocations=5 (full 0):
 garbage-first heap   total 258048K, used 11543K [0x0000000704000000, 0x0000000800000000)
  region size 1024K, 4 young (4096K), 4 survivors (4096K)
 Metaspace       used 24877K, capacity 25813K, committed 26032K, reserved 1073152K
  class space    used 2667K, capacity 3068K, committed 3072K, reserved 1048576K
}

Deoptimization events (10 events):
Event: 1.252 Thread 0x00000141830d4800 Uncommon trap: reason=null_check action=make_not_entrant pc=0x0000014192f9bc98 method=javax.swing.text.GapContent$MarkData.getPosition()Ljavax/swing/text/GapContent$StickyPosition; @ 4 c2
Event: 1.252 Thread 0x00000141830d4800 Uncommon trap: reason=unstable_if action=reinterpret pc=0x0000014192f98ff4 method=javax.swing.text.GapVector.shiftGap(I)V @ 5 c2
Event: 1.345 Thread 0x00000141830d4800 Uncommon trap: reason=unstable_if action=reinterpret pc=0x0000014192f00034 method=java.io.WinNTFileSystem.normalize(Ljava/lang/String;)Ljava/lang/String; @ 74 c2
Event: 7.477 Thread 0x00000141830d4800 Uncommon trap: reason=unstable_if action=reinterpret pc=0x0000014192f85740 method=javax.swing.text.GapContent.resetMarksAtZero()V @ 4 c2
Event: 7.477 Thread 0x00000141830d4800 Uncommon trap: reason=unstable_if action=reinterpret pc=0x0000014192fa74c0 method=javax.swing.text.AbstractDocument$AbstractElement.<init>(Ljavax/swing/text/AbstractDocument;Ljavax/swing/text/Element;Ljavax/swing/text/AttributeSet;)V @ 28 c2
Event: 7.477 Thread 0x00000141830d4800 Uncommon trap: reason=unstable_if action=reinterpret pc=0x0000014192fa32ec method=javax.swing.text.GapContent.findSortIndex(Ljavax/swing/text/GapContent$MarkData;)I @ 17 c2
Event: 7.477 Thread 0x00000141830d4800 Uncommon trap: reason=unstable_if action=reinterpret pc=0x0000014192f7cea4 method=javax.swing.text.GapContent.findSortIndex(Ljavax/swing/text/GapContent$MarkData;)I @ 43 c2
Event: 7.477 Thread 0x00000141830d4800 Uncommon trap: reason=unstable_if action=reinterpret pc=0x0000014192f97950 method=javax.swing.text.AbstractDocument$AbstractElement.<init>(Ljavax/swing/text/AbstractDocument;Ljavax/swing/text/Element;Ljavax/swing/text/AttributeSet;)V @ 28 c2
Event: 7.477 Thread 0x00000141830d4800 Uncommon trap: reason=unstable_if action=reinterpret pc=0x0000014192f9ca7c method=javax.swing.text.GapVector.shiftGap(I)V @ 5 c2
Event: 7.580 Thread 0x00000141830d4800 Uncommon trap: reason=unstable_if action=reinterpret pc=0x0000014192f84e7c method=java.util.ArrayList.fastRemove([Ljava/lang/Object;I)V @ 19 c2

Classes redefined (0 events):
No events

Internal exceptions (10 events):
Event: 1.333 Thread 0x00000141830d4800 Exception <a 'java/lang/ClassNotFoundException'{0x00000007132b7608}: neureka/core/device/openCL/OpenCLPlatformCustomizer> (0x00000007132b7608) thrown at [t:/workspace/open/src/hotspot/share/classfile/systemDictionary.cpp, line 231]
Event: 7.473 Thread 0x00000141830d4800 Exception <a 'java/lang/ClassNotFoundException'{0x0000000712fe6620}: java/util/ArrayListBeanInfo> (0x0000000712fe6620) thrown at [t:/workspace/open/src/hotspot/share/classfile/systemDictionary.cpp, line 231]
Event: 7.473 Thread 0x00000141830d4800 Exception <a 'java/lang/ClassNotFoundException'{0x0000000712fe7390}: java/util/AbstractListBeanInfo> (0x0000000712fe7390) thrown at [t:/workspace/open/src/hotspot/share/classfile/systemDictionary.cpp, line 231]
Event: 7.473 Thread 0x00000141830d4800 Exception <a 'java/lang/ClassNotFoundException'{0x0000000712fe8128}: java/util/AbstractCollectionBeanInfo> (0x0000000712fe8128) thrown at [t:/workspace/open/src/hotspot/share/classfile/systemDictionary.cpp, line 231]
Event: 7.473 Thread 0x00000141830d4800 Exception <a 'java/lang/ClassNotFoundException'{0x0000000712fe8e98}: java/util/AbstractCollectionCustomizer> (0x0000000712fe8e98) thrown at [t:/workspace/open/src/hotspot/share/classfile/systemDictionary.cpp, line 231]
Event: 7.474 Thread 0x00000141830d4800 Exception <a 'java/lang/ClassNotFoundException'{0x0000000712ff42b8}: java/util/AbstractListCustomizer> (0x0000000712ff42b8) thrown at [t:/workspace/open/src/hotspot/share/classfile/systemDictionary.cpp, line 231]
Event: 7.474 Thread 0x00000141830d4800 Exception <a 'java/lang/ClassNotFoundException'{0x0000000712e01b58}: java/util/ArrayListCustomizer> (0x0000000712e01b58) thrown at [t:/workspace/open/src/hotspot/share/classfile/systemDictionary.cpp, line 231]
Event: 7.477 Thread 0x00000141830d4800 Implicit null exception at 0x0000014192f854f5 to 0x0000014192f8572a
Event: 7.490 Thread 0x00000141830d4800 Exception <a 'java/lang/ClassNotFoundException'{0x0000000712e49e98}: neureka/core/device/openCL/OpenCLDeviceBeanInfo> (0x0000000712e49e98) thrown at [t:/workspace/open/src/hotspot/share/classfile/systemDictionary.cpp, line 231]
Event: 7.490 Thread 0x00000141830d4800 Exception <a 'java/lang/ClassNotFoundException'{0x0000000712e4e600}: neureka/core/device/openCL/OpenCLDeviceCustomizer> (0x0000000712e4e600) thrown at [t:/workspace/open/src/hotspot/share/classfile/systemDictionary.cpp, line 231]

Events (10 events):
Event: 7.635 loading class org/junit/runner/notification/RunNotifier$7
Event: 7.635 loading class org/junit/runner/notification/RunNotifier$7 done
Event: 7.635 loading class org/junit/runner/notification/RunNotifier$2
Event: 7.635 loading class org/junit/runner/notification/RunNotifier$2 done
Event: 7.636 Executing VM operation: G1CollectForAllocation
Event: 7.640 Executing VM operation: G1CollectForAllocation done
Event: 7.640 Executing VM operation: RevokeBias
Event: 7.641 Executing VM operation: RevokeBias done
Event: 7.641 Executing VM operation: RevokeBias
Event: 7.641 Executing VM operation: RevokeBias done


Dynamic libraries:
0x00007ff771f80000 - 0x00007ff771fc7000 	C:\Program Files\Java\jdk-11.0.2\bin\java.exe
0x00007fff349c0000 - 0x00007fff34bb0000 	C:\WINDOWS\SYSTEM32\ntdll.dll
0x00007fff32b60000 - 0x00007fff32c12000 	C:\WINDOWS\System32\KERNEL32.DLL
0x00007fff319f0000 - 0x00007fff31c93000 	C:\WINDOWS\System32\KERNELBASE.dll
0x00007fff2f580000 - 0x00007fff2f60f000 	C:\WINDOWS\SYSTEM32\apphelp.dll
0x00007fff32cc0000 - 0x00007fff32d63000 	C:\WINDOWS\System32\ADVAPI32.dll
0x00007fff32c20000 - 0x00007fff32cbe000 	C:\WINDOWS\System32\msvcrt.dll
0x00007fff33280000 - 0x00007fff33317000 	C:\WINDOWS\System32\sechost.dll
0x00007fff32e60000 - 0x00007fff32f80000 	C:\WINDOWS\System32\RPCRT4.dll
0x00007fff33050000 - 0x00007fff331e4000 	C:\WINDOWS\System32\USER32.dll
0x00007fff31cd0000 - 0x00007fff31cf1000 	C:\WINDOWS\System32\win32u.dll
0x00007fff33410000 - 0x00007fff33436000 	C:\WINDOWS\System32\GDI32.dll
0x00007fff32050000 - 0x00007fff321e4000 	C:\WINDOWS\System32\gdi32full.dll
0x00007fff31950000 - 0x00007fff319ee000 	C:\WINDOWS\System32\msvcp_win.dll
0x00007fff31d00000 - 0x00007fff31dfa000 	C:\WINDOWS\System32\ucrtbase.dll
0x00007fff278f0000 - 0x00007fff278fa000 	C:\WINDOWS\SYSTEM32\VERSION.dll
0x00007fff18c80000 - 0x00007fff18f05000 	C:\WINDOWS\WinSxS\amd64_microsoft.windows.common-controls_6595b64144ccf1df_6.0.18362.476_none_e6c4b11b130f2595\COMCTL32.dll
0x00007fff33fb0000 - 0x00007fff342e6000 	C:\WINDOWS\System32\combase.dll
0x00007fff32990000 - 0x00007fff32a10000 	C:\WINDOWS\System32\bcryptPrimitives.dll
0x00007fff32e30000 - 0x00007fff32e5e000 	C:\WINDOWS\System32\IMM32.DLL
0x00007fff0a8a0000 - 0x00007fff0a8b6000 	C:\Program Files\Java\jdk-11.0.2\bin\vcruntime140.dll
0x00007fff04180000 - 0x00007fff0422a000 	C:\Program Files\Java\jdk-11.0.2\bin\msvcp140.dll
0x00007ffebb6e0000 - 0x00007ffebc207000 	C:\Program Files\Java\jdk-11.0.2\bin\server\jvm.dll
0x00007fff33fa0000 - 0x00007fff33fa8000 	C:\WINDOWS\System32\PSAPI.DLL
0x00007fff0c410000 - 0x00007fff0c419000 	C:\WINDOWS\SYSTEM32\WSOCK32.dll
0x00007fff2d740000 - 0x00007fff2d764000 	C:\WINDOWS\SYSTEM32\WINMM.dll
0x00007fff32a70000 - 0x00007fff32adf000 	C:\WINDOWS\System32\WS2_32.dll
0x00007fff2d710000 - 0x00007fff2d73d000 	C:\WINDOWS\SYSTEM32\winmmbase.dll
0x00007fff32000000 - 0x00007fff3204a000 	C:\WINDOWS\System32\cfgmgr32.dll
0x00007fff318a0000 - 0x00007fff318b1000 	C:\WINDOWS\System32\kernel.appcore.dll
0x00007fff09ab0000 - 0x00007fff09ac1000 	C:\Program Files\Java\jdk-11.0.2\bin\verify.dll
0x00007fff30280000 - 0x00007fff30474000 	C:\WINDOWS\SYSTEM32\DBGHELP.DLL
0x00007fff0ab60000 - 0x00007fff0ab8a000 	C:\WINDOWS\SYSTEM32\dbgcore.DLL
0x00007fff09a80000 - 0x00007fff09aa9000 	C:\Program Files\Java\jdk-11.0.2\bin\java.dll
0x00007fff04f90000 - 0x00007fff04fbf000 	C:\Program Files\Java\jdk-11.0.2\bin\instrument.dll
0x00007fff05660000 - 0x00007fff05676000 	C:\Program Files\Java\jdk-11.0.2\bin\zip.dll
0x00007fff29e10000 - 0x00007fff29e1a000 	C:\Program Files\Java\jdk-11.0.2\bin\jimage.dll
0x00007fff33440000 - 0x00007fff33b25000 	C:\WINDOWS\System32\SHELL32.dll
0x00007fff34770000 - 0x00007fff34819000 	C:\WINDOWS\System32\shcore.dll
0x00007fff321f0000 - 0x00007fff3296e000 	C:\WINDOWS\System32\windows.storage.dll
0x00007fff31930000 - 0x00007fff3194f000 	C:\WINDOWS\System32\profapi.dll
0x00007fff318e0000 - 0x00007fff3192a000 	C:\WINDOWS\System32\powrprof.dll
0x00007fff31890000 - 0x00007fff318a0000 	C:\WINDOWS\System32\UMPDC.dll
0x00007fff32dd0000 - 0x00007fff32e22000 	C:\WINDOWS\System32\shlwapi.dll
0x00007fff32970000 - 0x00007fff32987000 	C:\WINDOWS\System32\cryptsp.dll
0x00007fff04f70000 - 0x00007fff04f89000 	C:\Program Files\Java\jdk-11.0.2\bin\net.dll
0x00007fff1d210000 - 0x00007fff1d3e6000 	C:\WINDOWS\SYSTEM32\urlmon.dll
0x00007fff2cc80000 - 0x00007fff2cd70000 	C:\WINDOWS\SYSTEM32\WINHTTP.dll
0x00007fff1d870000 - 0x00007fff1db16000 	C:\WINDOWS\SYSTEM32\iertutil.dll
0x00007fff312d0000 - 0x00007fff312dc000 	C:\WINDOWS\SYSTEM32\CRYPTBASE.DLL
0x00007fff31100000 - 0x00007fff31167000 	C:\WINDOWS\system32\mswsock.dll
0x00007fff04ef0000 - 0x00007fff04f03000 	C:\Program Files\Java\jdk-11.0.2\bin\nio.dll
0x00007fff04d60000 - 0x00007fff04d7a000 	D:\Program Files\JetBrains\bin\breakgen64.dll
0x00007ffee8260000 - 0x00007ffee83ff000 	C:\Program Files\Java\jdk-11.0.2\bin\awt.dll
0x00007fff34440000 - 0x00007fff34504000 	C:\WINDOWS\System32\OLEAUT32.dll
0x00007fff2e400000 - 0x00007fff2e9c0000 	C:\WINDOWS\SYSTEM32\d2d1.dll
0x00007fff2fac0000 - 0x00007fff2faed000 	C:\WINDOWS\system32\DWMAPI.DLL
0x00007fff2f680000 - 0x00007fff2f719000 	C:\WINDOWS\system32\uxtheme.dll
0x00007ffefbe30000 - 0x00007ffefbf86000 	C:\WINDOWS\system32\opengl32.dll
0x00007ffefccb0000 - 0x00007ffefccdc000 	C:\WINDOWS\SYSTEM32\GLU32.dll
0x00007fff30500000 - 0x00007fff30520000 	C:\WINDOWS\SYSTEM32\dxcore.dll
0x00007fff342f0000 - 0x00007fff34426000 	C:\WINDOWS\System32\MSCTF.dll
0x00007fff34820000 - 0x00007fff34976000 	C:\WINDOWS\System32\ole32.dll
0x00007ffef18b0000 - 0x00007ffef1930000 	C:\Program Files\Java\jdk-11.0.2\bin\freetype.dll
0x00007ffef16c0000 - 0x00007ffef172f000 	C:\Program Files\Java\jdk-11.0.2\bin\fontmanager.dll
0x00007fff346c0000 - 0x00007fff34762000 	C:\WINDOWS\System32\clbcatq.dll
0x00007fff2bb30000 - 0x00007fff2bcdf000 	C:\WINDOWS\SYSTEM32\WindowsCodecs.dll
0x00007fff30590000 - 0x00007fff3067b000 	C:\WINDOWS\system32\dxgi.dll
0x00007fff1c770000 - 0x00007fff1c80e000 	C:\WINDOWS\System32\TextInputFramework.dll
0x00007fff2bee0000 - 0x00007fff2c20a000 	C:\WINDOWS\System32\CoreUIComponents.dll
0x00007fff2f370000 - 0x00007fff2f444000 	C:\WINDOWS\System32\CoreMessaging.dll
0x00007fff308f0000 - 0x00007fff30921000 	C:\WINDOWS\SYSTEM32\ntmarta.dll
0x00007fff2cfe0000 - 0x00007fff2d133000 	C:\WINDOWS\SYSTEM32\wintypes.dll
0x00007fff19240000 - 0x00007fff192a5000 	C:\WINDOWS\system32\Oleacc.dll
0x00007fff04d20000 - 0x00007fff04d5d000 	C:\Users\Daglemino\AppData\Local\Temp\JOCL_2_0_0-windows-x86_64.dll
0x00007fff04160000 - 0x00007fff0417d000 	C:\WINDOWS\SYSTEM32\OpenCL.dll
0x00007ffeb4650000 - 0x00007ffeb5cd0000 	C:\WINDOWS\System32\DriverStore\FileRepository\nvhm.inf_amd64_d1c40a54a36b6122\nvopencl64.dll
0x00007fff33b30000 - 0x00007fff33fa0000 	C:\WINDOWS\System32\SETUPAPI.dll
0x00007fff31ca0000 - 0x00007fff31cc6000 	C:\WINDOWS\System32\bcrypt.dll
0x00007ffed1d20000 - 0x00007ffed1e42000 	C:\WINDOWS\SYSTEM32\nvfatbinaryLoader.dll
0x00007fff19710000 - 0x00007fff19c08000 	C:\WINDOWS\system32\nvapi64.dll
0x00007fff31690000 - 0x00007fff316ba000 	C:\WINDOWS\SYSTEM32\DEVOBJ.dll
0x00007fff32a10000 - 0x00007fff32a6c000 	C:\WINDOWS\System32\WINTRUST.dll
0x00007fff318c0000 - 0x00007fff318d2000 	C:\WINDOWS\System32\MSASN1.dll
0x00007fff31e00000 - 0x00007fff31f49000 	C:\WINDOWS\System32\CRYPT32.dll
0x00007ffed0cc0000 - 0x00007ffed0e45000 	C:\WINDOWS\System32\DriverStore\FileRepository\iigd_dch.inf_amd64_8f062540d3fd067f\IntelOpenCL64.dll
0x00007ffebf950000 - 0x00007ffebfab1000 	C:\WINDOWS\System32\DriverStore\FileRepository\iigd_dch.inf_amd64_8f062540d3fd067f\ocl\bin\x64\intelocl64.dll
0x00007ffee9a00000 - 0x00007ffee9a6e000 	C:\WINDOWS\System32\DriverStore\FileRepository\iigd_dch.inf_amd64_8f062540d3fd067f\ocl\bin\x64\task_executor64.dll
0x00007ffee88e0000 - 0x00007ffee8966000 	C:\WINDOWS\System32\DriverStore\FileRepository\iigd_dch.inf_amd64_8f062540d3fd067f\ocl\bin\x64\cpu_device64.dll
0x00007ffebf5f0000 - 0x00007ffebf94b000 	C:\WINDOWS\System32\DriverStore\FileRepository\iigd_dch.inf_amd64_8f062540d3fd067f\igdrcl64.dll
0x00007fff27920000 - 0x00007fff27a3d000 	C:\WINDOWS\System32\DriverStore\FileRepository\iigd_dch.inf_amd64_8f062540d3fd067f\igdgmm64.dll
0x00007ffed7240000 - 0x00007ffed7304000 	C:\WINDOWS\System32\DriverStore\FileRepository\iigd_dch.inf_amd64_8f062540d3fd067f\igdfcl64.dll
0x00007fff24610000 - 0x00007fff268b5000 	C:\WINDOWS\System32\DriverStore\FileRepository\iigd_dch.inf_amd64_8f062540d3fd067f\igc64.dll
0x00007ffea9930000 - 0x00007ffeabf9a000 	C:\WINDOWS\system32\nvcompiler.dll
0x00007ffed6c00000 - 0x00007ffed6ce6000 	C:\WINDOWS\System32\DriverStore\FileRepository\iigd_dch.inf_amd64_8f062540d3fd067f\ocl\bin\x64\tbb\ocltbb64.dll
0x00007ffeb3000000 - 0x00007ffeb464a000 	C:\WINDOWS\System32\DriverStore\FileRepository\iigd_dch.inf_amd64_8f062540d3fd067f\ocl\bin\x64\OclCpuBackEnd64.dll
0x00007ffea92e0000 - 0x00007ffea9930000 	C:\WINDOWS\System32\DriverStore\FileRepository\iigd_dch.inf_amd64_8f062540d3fd067f\ocl\bin\x64\__ocl_svml_l9.dll
0x00007ffeb2c10000 - 0x00007ffeb2ffe000 	C:\WINDOWS\System32\DriverStore\FileRepository\iigd_dch.inf_amd64_8f062540d3fd067f\ocl\bin\x64\clang_compiler64.dll
0x00007ffea4f20000 - 0x00007ffea92d6000 	C:\WINDOWS\System32\DriverStore\FileRepository\iigd_dch.inf_amd64_8f062540d3fd067f\common_clang64.dll

dbghelp: loaded successfully - version: 4.0.5 - missing functions: none
symbol engine: initialized successfully - sym options: 0x614 - pdb path: .;C:\Program Files\Java\jdk-11.0.2\bin;C:\WINDOWS\SYSTEM32;C:\WINDOWS\WinSxS\amd64_microsoft.windows.common-controls_6595b64144ccf1df_6.0.18362.476_none_e6c4b11b130f2595;C:\Program Files\Java\jdk-11.0.2\bin\server;D:\Program Files\JetBrains\bin;C:\Users\Daglemino\AppData\Local\Temp;C:\WINDOWS\System32\DriverStore\FileRepository\nvhm.inf_amd64_d1c40a54a36b6122;C:\WINDOWS\System32\DriverStore\FileRepository\iigd_dch.inf_amd64_8f062540d3fd067f;C:\WINDOWS\System32\DriverStore\FileRepository\iigd_dch.inf_amd64_8f062540d3fd067f\ocl\bin\x64;C:\WINDOWS\System32\DriverStore\FileRepository\iigd_dch.inf_amd64_8f062540d3fd067f\ocl\bin\x64\tbb

VM Arguments:
jvm_args: -ea -Didea.test.cyclic.buffer.size=1048576 -javaagent:D:\Program Files\JetBrains\lib\idea_rt.jar=51836:D:\Program Files\JetBrains\bin -Dfile.encoding=UTF-8 
java_command: com.intellij.rt.execution.junit.JUnitStarter -ideVersion5 -junit4 TestExamples,testOne
java_class_path (initial): D:\Program Files\JetBrains\lib\idea_rt.jar;D:\Program Files\JetBrains\plugins\junit\lib\junit-rt.jar;D:\Program Files\JetBrains\plugins\junit\lib\junit5-rt.jar;D:\development\java\studium\neureka\out\test\classes;D:\development\java\studium\neureka\out\production\classes;D:\development\java\studium\neureka\out\production\resources;C:\Users\Daglemino\.gradle\caches\modules-2\files-2.1\org.jocl\jocl\2.0.0\79c9e57adcea8bed6c8eeec9df964467d80105fe\jocl-2.0.0.jar;C:\Users\Daglemino\.gradle\caches\modules-2\files-2.1\org.jetbrains\annotations\16.0.2\dab5655eb9abe23f2245c34e66c9813c7daf4563\annotations-16.0.2.jar;C:\Users\Daglemino\.gradle\caches\modules-2\files-2.1\org.codehaus.groovy\groovy-all\2.4.14\cd1a8ce914f5fe86c00a917b0577da6f367edcf9\groovy-all-2.4.14.jar;C:\Users\Daglemino\.gradle\caches\modules-2\files-2.1\junit\junit\4.12\2973d150c0dc1fefe998f834810d68f278ea58ec\junit-4.12.jar;C:\Users\Daglemino\.gradle\caches\modules-2\files-2.1\org.hamcrest\hamcrest-core\1.3\42a25dc3219429f0e5d060061f71acb49bf010a0\hamcrest-core-1.3.jar
Launcher Type: SUN_STANDARD

[Global flags]
     intx CICompilerCount                          = 4                                         {product} {ergonomic}
     uint ConcGCThreads                            = 3                                         {product} {ergonomic}
     uint G1ConcRefinementThreads                  = 10                                        {product} {ergonomic}
   size_t G1HeapRegionSize                         = 1048576                                   {product} {ergonomic}
    uintx GCDrainStackTargetSize                   = 64                                        {product} {ergonomic}
   size_t InitialHeapSize                          = 264241152                                 {product} {ergonomic}
   size_t MarkStackSize                            = 4194304                                   {product} {ergonomic}
   size_t MaxHeapSize                              = 4227858432                                {product} {ergonomic}
   size_t MaxNewSize                               = 2536505344                                {product} {ergonomic}
   size_t MinHeapDeltaBytes                        = 1048576                                   {product} {ergonomic}
    uintx NonNMethodCodeHeapSize                   = 5835340                                {pd product} {ergonomic}
    uintx NonProfiledCodeHeapSize                  = 122911450                              {pd product} {ergonomic}
    uintx ProfiledCodeHeapSize                     = 122911450                              {pd product} {ergonomic}
    uintx ReservedCodeCacheSize                    = 251658240                              {pd product} {ergonomic}
     bool SegmentedCodeCache                       = true                                      {product} {ergonomic}
     bool UseCompressedClassPointers               = true                                 {lp64_product} {ergonomic}
     bool UseCompressedOops                        = true                                 {lp64_product} {ergonomic}
     bool UseG1GC                                  = true                                      {product} {ergonomic}
     bool UseLargePagesIndividualAllocation        = false                                  {pd product} {ergonomic}

Logging:
Log output configuration:
 #0: stdout all=warning uptime,level,tags
 #1: stderr all=off uptime,level,tags

Environment Variables:
JAVA_HOME=C:\Program Files\Java\jdk-12.0.2
PATH=C:\Program Files (x86)\Common Files\Oracle\Java\javapath;C:\windows\system32;C:\windows;C:\windows\System32\Wbem;C:\windows\System32\WindowsPowerShell\v1.0\;C:\windows\System32\OpenSSH\;C:\Program Files (x86)\NVIDIA Corporation\PhysX\Common;D:\development\version control\Git\cmd;D:\Software\posgres\pg11\bin;C:\Program Files\Intel\WiFi\bin\;C:\Program Files\Common Files\Intel\WirelessCommon\;C:\Program Files (x86)\Windows Kits\10\Windows Performance Toolkit\;C:\Program Files\Java\jdk-12.0.2\lib;C:\WINDOWS\system32;C:\WINDOWS;C:\WINDOWS\System32\Wbem;C:\WINDOWS\System32\WindowsPowerShell\v1.0\;C:\WINDOWS\System32\OpenSSH\;;C:\Program Files (x86)\Gpg4win\..\GnuPG\bin;C:\Users\Daglemino\AppData\Local\Programs\Python\Python36-32\Scripts\;C:\Users\Daglemino\AppData\Local\Programs\Python\Python36-32\;C:\Users\Daglemino\AppData\Local\Microsoft\WindowsApps
USERNAME=Daglemino
OS=Windows_NT
PROCESSOR_IDENTIFIER=Intel64 Family 6 Model 158 Stepping 10, GenuineIntel



---------------  S Y S T E M  ---------------

OS: Windows 10 , 64 bit Build 18362 (10.0.18362.329)

CPU:total 12 (initial active 12) (6 cores per cpu, 2 threads per core) family 6 model 158 stepping 10, cmov, cx8, fxsr, mmx, sse, sse2, sse3, ssse3, sse4.1, sse4.2, popcnt, avx, avx2, aes, clmul, erms, 3dnowpref, lzcnt, ht, tsc, tscinvbit, bmi1, bmi2, adx, fma

Memory: 4k page, system-wide physical 16122M (8120M free)
TotalPageFile size 26874M (AvailPageFile size 14260M)
current process WorkingSet (physical memory assigned to process): 372M, peak: 374M
current process commit charge ("private bytes"): 619M, peak: 621M

vm_info: Java HotSpot(TM) 64-Bit Server VM (11.0.2+9-LTS) for windows-amd64 JRE (11.0.2+9-LTS), built on Jan 18 2019 05:24:10 by "mach5one" with MS VC++ 15.5 (VS2017)

END.
