#
# A fatal error has been detected by the Java Runtime Environment:
#
#  EXCEPTION_ACCESS_VIOLATION (0xc0000005) at pc=0x00007ffeb47e398c, pid=316, tid=16712
#
# JRE version: Java(TM) SE Runtime Environment (11.0.2+9) (build 11.0.2+9-LTS)
# Java VM: Java HotSpot(TM) 64-Bit Server VM (11.0.2+9-LTS, mixed mode, tiered, compressed oops, g1 gc, windows-amd64)
# Problematic frame:
# C  [nvopencl64.dll+0x19398c]
#
# No core dump will be written. Minidumps are not enabled by default on client versions of Windows
#
# If you would like to submit a bug report, please visit:
#   http://bugreport.java.com/bugreport/crash.jsp
# The crash happened outside the Java Virtual Machine in native code.
# See problematic frame for where to report the bug.
#

---------------  S U M M A R Y ------------

Command Line: -Dorg.gradle.native=false -javaagent:build/tmp/expandedArchives/org.jacoco.agent-0.8.5.jar_6a2df60c47de373ea127d14406367999/jacocoagent.jar=destfile=build/jacoco/test.exec,append=true,inclnolocationclasses=false,dumponexit=true,output=file,jmx=false -Xmx512m -Dfile.encoding=windows-1252 -Duser.country=AT -Duser.language=de -Duser.variant -ea worker.org.gradle.process.internal.worker.GradleWorkerMain 'Gradle Test Executor 24'

Host: Intel(R) Core(TM) i7-8750H CPU @ 2.20GHz, 12 cores, 15G,  Windows 10 , 64 bit Build 18362 (10.0.18362.329)
Time: Thu Nov 21 09:10:52 2019 Mitteleuropäische Zeit elapsed time: 10 seconds (0d 0h 0m 10s)

---------------  T H R E A D  ---------------

Current thread (0x000001d1edf20000):  JavaThread "Test worker" [_thread_in_native, id=16712, stack(0x00000057aa700000,0x00000057aa800000)]

Stack: [0x00000057aa700000,0x00000057aa800000],  sp=0x00000057aa7fb050,  free space=1004k
Native frames: (J=compiled Java code, j=interpreted, Vv=VM code, C=native code)
C  [nvopencl64.dll+0x19398c]

Java frames: (J=compiled Java code, j=interpreted, Vv=VM code)
j  org.jocl.CL.clEnqueueReadBufferNative(Lorg/jocl/cl_command_queue;Lorg/jocl/cl_mem;ZJJLorg/jocl/Pointer;I[Lorg/jocl/cl_event;Lorg/jocl/cl_event;)I+0
j  org.jocl.CL.clEnqueueReadBuffer(Lorg/jocl/cl_command_queue;Lorg/jocl/cl_mem;ZJJLorg/jocl/Pointer;I[Lorg/jocl/cl_event;Lorg/jocl/cl_event;)I+76
j  neureka.core.device.openCL.OpenCLDevice.value32Of(Lneureka/core/Tsr;Z)[F+97
j  neureka.core.device.openCL.OpenCLDevice.value64Of(Lneureka/core/Tsr;Z)[D+39
J 3528 c1 neureka.core.Tsr.value64()[D (259 bytes) @ 0x000001d1da1b83c4 [0x000001d1da1b72a0+0x0000000000001124]
j  neureka.core.Tsr._toString(Ljava/lang/String;Ljava/lang/String;)Ljava/lang/String;+339
j  neureka.core.Tsr.toString(Ljava/lang/String;)Ljava/lang/String;+36
j  neureka.core.Tsr.toString()Ljava/lang/String;+10
j  neureka.core.Tsr$toString$5.call(Ljava/lang/Object;)Ljava/lang/Object;+16
j  TestExamples._testReadmeExamples(Lneureka/core/device/Device;)V+2755
j  TestExamples$_testReadmeExamples.callCurrent(Lgroovy/lang/GroovyObject;[Ljava/lang/Object;)Ljava/lang/Object;+23
j  org.codehaus.groovy.runtime.callsite.CallSiteArray.defaultCallCurrent(Lorg/codehaus/groovy/runtime/callsite/CallSite;Lgroovy/lang/GroovyObject;[Ljava/lang/Object;)Ljava/lang/Object;+21
j  org.codehaus.groovy.runtime.callsite.AbstractCallSite.callCurrent(Lgroovy/lang/GroovyObject;[Ljava/lang/Object;)Ljava/lang/Object;+7
j  org.codehaus.groovy.runtime.callsite.AbstractCallSite.callCurrent(Lgroovy/lang/GroovyObject;Ljava/lang/Object;)Ljava/lang/Object;+50
j  TestExamples.testOne()V+186
v  ~StubRoutines::call_stub
j  jdk.internal.reflect.NativeMethodAccessorImpl.invoke0(Ljava/lang/reflect/Method;Ljava/lang/Object;[Ljava/lang/Object;)Ljava/lang/Object;+0 java.base@11.0.2
j  jdk.internal.reflect.NativeMethodAccessorImpl.invoke(Ljava/lang/Object;[Ljava/lang/Object;)Ljava/lang/Object;+100 java.base@11.0.2
j  jdk.internal.reflect.DelegatingMethodAccessorImpl.invoke(Ljava/lang/Object;[Ljava/lang/Object;)Ljava/lang/Object;+6 java.base@11.0.2
j  java.lang.reflect.Method.invoke(Ljava/lang/Object;[Ljava/lang/Object;)Ljava/lang/Object;+59 java.base@11.0.2
j  org.junit.runners.model.FrameworkMethod$1.runReflectiveCall()Ljava/lang/Object;+19
j  org.junit.internal.runners.model.ReflectiveCallable.run()Ljava/lang/Object;+5
j  org.junit.runners.model.FrameworkMethod.invokeExplosively(Ljava/lang/Object;[Ljava/lang/Object;)Ljava/lang/Object;+14
j  org.junit.internal.runners.statements.InvokeMethod.evaluate()V+16
j  org.junit.runners.ParentRunner.runLeaf(Lorg/junit/runners/model/Statement;Lorg/junit/runner/Description;Lorg/junit/runner/notification/RunNotifier;)V+34
j  org.junit.runners.BlockJUnit4ClassRunner.runChild(Lorg/junit/runners/model/FrameworkMethod;Lorg/junit/runner/notification/RunNotifier;)V+49
j  org.junit.runners.BlockJUnit4ClassRunner.runChild(Ljava/lang/Object;Lorg/junit/runner/notification/RunNotifier;)V+10
j  org.junit.runners.ParentRunner$3.run()V+16
j  org.junit.runners.ParentRunner$1.schedule(Ljava/lang/Runnable;)V+5
j  org.junit.runners.ParentRunner.runChildren(Lorg/junit/runner/notification/RunNotifier;)V+66
j  org.junit.runners.ParentRunner.access$000(Lorg/junit/runners/ParentRunner;Lorg/junit/runner/notification/RunNotifier;)V+6
j  org.junit.runners.ParentRunner$2.evaluate()V+12
j  org.junit.runners.ParentRunner.run(Lorg/junit/runner/notification/RunNotifier;)V+36
j  org.gradle.api.internal.tasks.testing.junit.JUnitTestClassExecutor.runTestClass(Ljava/lang/String;)V+486
j  org.gradle.api.internal.tasks.testing.junit.JUnitTestClassExecutor.execute(Ljava/lang/String;)V+22
j  org.gradle.api.internal.tasks.testing.junit.JUnitTestClassExecutor.execute(Ljava/lang/Object;)V+9
j  org.gradle.api.internal.tasks.testing.junit.AbstractJUnitTestClassProcessor.processTestClass(Lorg/gradle/api/internal/tasks/testing/TestClassRunInfo;)V+34
j  org.gradle.api.internal.tasks.testing.SuiteTestClassProcessor.processTestClass(Lorg/gradle/api/internal/tasks/testing/TestClassRunInfo;)V+9
v  ~StubRoutines::call_stub
j  jdk.internal.reflect.NativeMethodAccessorImpl.invoke0(Ljava/lang/reflect/Method;Ljava/lang/Object;[Ljava/lang/Object;)Ljava/lang/Object;+0 java.base@11.0.2
j  jdk.internal.reflect.NativeMethodAccessorImpl.invoke(Ljava/lang/Object;[Ljava/lang/Object;)Ljava/lang/Object;+100 java.base@11.0.2
j  jdk.internal.reflect.DelegatingMethodAccessorImpl.invoke(Ljava/lang/Object;[Ljava/lang/Object;)Ljava/lang/Object;+6 java.base@11.0.2
j  java.lang.reflect.Method.invoke(Ljava/lang/Object;[Ljava/lang/Object;)Ljava/lang/Object;+59 java.base@11.0.2
j  org.gradle.internal.dispatch.ReflectionDispatch.dispatch(Lorg/gradle/internal/dispatch/MethodInvocation;)V+31
j  org.gradle.internal.dispatch.ReflectionDispatch.dispatch(Ljava/lang/Object;)V+9
j  org.gradle.internal.dispatch.ContextClassLoaderDispatch.dispatch(Ljava/lang/Object;)V+34
j  org.gradle.internal.dispatch.ProxyDispatchAdapter$DispatchingInvocationHandler.invoke(Ljava/lang/Object;Ljava/lang/reflect/Method;[Ljava/lang/Object;)Ljava/lang/Object;+288
j  com.sun.proxy.$Proxy5.processTestClass(Lorg/gradle/api/internal/tasks/testing/TestClassRunInfo;)V+16
j  org.gradle.api.internal.tasks.testing.worker.TestWorker.processTestClass(Lorg/gradle/api/internal/tasks/testing/TestClassRunInfo;)V+22
v  ~StubRoutines::call_stub
j  jdk.internal.reflect.NativeMethodAccessorImpl.invoke0(Ljava/lang/reflect/Method;Ljava/lang/Object;[Ljava/lang/Object;)Ljava/lang/Object;+0 java.base@11.0.2
j  jdk.internal.reflect.NativeMethodAccessorImpl.invoke(Ljava/lang/Object;[Ljava/lang/Object;)Ljava/lang/Object;+100 java.base@11.0.2
j  jdk.internal.reflect.DelegatingMethodAccessorImpl.invoke(Ljava/lang/Object;[Ljava/lang/Object;)Ljava/lang/Object;+6 java.base@11.0.2
j  java.lang.reflect.Method.invoke(Ljava/lang/Object;[Ljava/lang/Object;)Ljava/lang/Object;+59 java.base@11.0.2
j  org.gradle.internal.dispatch.ReflectionDispatch.dispatch(Lorg/gradle/internal/dispatch/MethodInvocation;)V+31
j  org.gradle.internal.dispatch.ReflectionDispatch.dispatch(Ljava/lang/Object;)V+9
j  org.gradle.internal.remote.internal.hub.MessageHubBackedObjectConnection$DispatchWrapper.dispatch(Lorg/gradle/internal/dispatch/MethodInvocation;)V+9
j  org.gradle.internal.remote.internal.hub.MessageHubBackedObjectConnection$DispatchWrapper.dispatch(Ljava/lang/Object;)V+9
j  org.gradle.internal.remote.internal.hub.MessageHub$Handler.run()V+245
j  org.gradle.internal.concurrent.ExecutorPolicy$CatchAndRecordFailures.onExecute(Ljava/lang/Runnable;)V+5
j  org.gradle.internal.concurrent.ManagedExecutorImpl$1.run()V+33
j  java.util.concurrent.ThreadPoolExecutor.runWorker(Ljava/util/concurrent/ThreadPoolExecutor$Worker;)V+92 java.base@11.0.2
j  java.util.concurrent.ThreadPoolExecutor$Worker.run()V+5 java.base@11.0.2
j  org.gradle.internal.concurrent.ThreadFactoryImpl$ManagedThreadRunnable.run()V+15
j  java.lang.Thread.run()V+11 java.base@11.0.2
v  ~StubRoutines::call_stub

siginfo: EXCEPTION_ACCESS_VIOLATION (0xc0000005), reading address 0x0000000000000070


Register to memory mapping:

RIP=0x00007ffeb47e398c nvopencl64.dll
RAX=0x0 is NULL
RBX=0x0000000000000001 is an unknown value
RCX=0x0 is NULL
RDX=0x0000000000000001 is an unknown value
RSP=0x00000057aa7fb050 is pointing into the stack for thread: 0x000001d1edf20000
RBP=0x0000000000000001 is an unknown value
RSI=0x00000057aa7fb520 is pointing into the stack for thread: 0x000001d1edf20000
RDI=0x00000057aa7fb420 is pointing into the stack for thread: 0x000001d1edf20000
R8 =0x0000000000000001 is an unknown value
R9 =0x0000000000000001 is an unknown value
R10=0x0000000000000060 is an unknown value
R11=0x00000057aa7fb530 is pointing into the stack for thread: 0x000001d1edf20000
R12=0x0 is NULL
R13=0x000001d1f1901720 points into unknown readable memory: f0 bf 46 f5 d1 01 00 00
R14=0x000001d1f1901720 points into unknown readable memory: f0 bf 46 f5 d1 01 00 00
R15=0x000001d1eed6c820 points into unknown readable memory: f0 df f1 ec d1 01 00 00


Registers:
RAX=0x0000000000000000, RBX=0x0000000000000001, RCX=0x0000000000000000, RDX=0x0000000000000001
RSP=0x00000057aa7fb050, RBP=0x0000000000000001, RSI=0x00000057aa7fb520, RDI=0x00000057aa7fb420
R8 =0x0000000000000001, R9 =0x0000000000000001, R10=0x0000000000000060, R11=0x00000057aa7fb530
R12=0x0000000000000000, R13=0x000001d1f1901720, R14=0x000001d1f1901720, R15=0x000001d1eed6c820
RIP=0x00007ffeb47e398c, EFLAGS=0x0000000000010246

Top of Stack: (sp=0x00000057aa7fb050)
0x00000057aa7fb050:   000001d1f1901720 00007ffebb9c6528
0x00000057aa7fb060:   3f18be9300000000 3f18be9312c88687
0x00000057aa7fb070:   00000057aa7fb420 00007ffeb47e3aee
0x00000057aa7fb080:   0000000000000000 00000057aa7fb2f0
0x00000057aa7fb090:   000001d1f578a4a0 000000008a0f9010
0x00000057aa7fb0a0:   000000008a0888a0 00000000f4e50bf0
0x00000057aa7fb0b0:   000001d1edf20000 00007ffe8a0a0930
0x00000057aa7fb0c0:   0000000000002b15 000001d1f546bff0
0x00000057aa7fb0d0:   0000000000000000 00007ffebba7a41c
0x00000057aa7fb0e0:   00000057aa7fb1d0 00007ffebb9d34e8
0x00000057aa7fb0f0:   0000000000002267 000000000000089c
0x00000057aa7fb100:   0000000100000238 00007ffebb7f30cf
0x00000057aa7fb110:   000000008a0a3440 00000057aa7fb1d0
0x00000057aa7fb120:   000001d1edf20000 000000000000089c
0x00000057aa7fb130:   0000000000000000 0000000000000000
0x00000057aa7fb140:   0000000000000000 0000000000000000 

Instructions: (pc=0x00007ffeb47e398c)
0x00007ffeb47e396c:   00 00 00 b8 01 00 00 00 48 8b 6c 24 38 48 8b 74
0x00007ffeb47e397c:   24 40 48 83 c4 20 5f c3 48 8b 4f 08 48 8b 47 68
0x00007ffeb47e398c:   44 8b 41 70 49 3b c0 73 23 49 03 c2 49 3b c0 77
0x00007ffeb47e399c:   1b 8b 41 10 85 c0 74 29 44 8b c0 48 8b 47 70 49 


Stack slot to memory mapping:
stack at sp + 0 slots: 0x000001d1f1901720 points into unknown readable memory: f0 bf 46 f5 d1 01 00 00
stack at sp + 1 slots: 0x00007ffebb9c6528 jvm.dll
stack at sp + 2 slots: 0x3f18be9300000000 is an unknown value
stack at sp + 3 slots: 0x3f18be9312c88687 is an unknown value
stack at sp + 4 slots: 0x00000057aa7fb420 is pointing into the stack for thread: 0x000001d1edf20000
stack at sp + 5 slots: 0x00007ffeb47e3aee nvopencl64.dll
stack at sp + 6 slots: 0x0 is NULL
stack at sp + 7 slots: 0x00000057aa7fb2f0 is pointing into the stack for thread: 0x000001d1edf20000


---------------  P R O C E S S  ---------------

Threads class SMR info:
_java_thread_list=0x000001d185945240, length=21, elements={
0x000001d1cf905000, 0x000001d1ed8b8800, 0x000001d1ed8dc000, 0x000001d1ed943000,
0x000001d1ed944000, 0x000001d1ed948000, 0x000001d1ed949000, 0x000001d1ed950000,
0x000001d1ed073000, 0x000001d1eddee000, 0x000001d1edf20000, 0x000001d1f1078800,
0x000001d1eec47000, 0x000001d1eefbd000, 0x000001d1f120b800, 0x000001d1f0cc0800,
0x000001d1f0454800, 0x000001d1eecda800, 0x000001d1f5bff000, 0x000001d1f07c3800,
0x000001d187043000
}

Java Threads: ( => current thread )
  0x000001d1cf905000 JavaThread "main" [_thread_blocked, id=11308, stack(0x00000057a8e00000,0x00000057a8f00000)]
  0x000001d1ed8b8800 JavaThread "Reference Handler" daemon [_thread_blocked, id=3552, stack(0x00000057a9500000,0x00000057a9600000)]
  0x000001d1ed8dc000 JavaThread "Finalizer" daemon [_thread_blocked, id=20040, stack(0x00000057a9600000,0x00000057a9700000)]
  0x000001d1ed943000 JavaThread "Signal Dispatcher" daemon [_thread_blocked, id=14028, stack(0x00000057a9700000,0x00000057a9800000)]
  0x000001d1ed944000 JavaThread "Attach Listener" daemon [_thread_blocked, id=20088, stack(0x00000057a9800000,0x00000057a9900000)]
  0x000001d1ed948000 JavaThread "C2 CompilerThread0" daemon [_thread_in_native, id=20472, stack(0x00000057a9900000,0x00000057a9a00000)]
  0x000001d1ed949000 JavaThread "C1 CompilerThread0" daemon [_thread_blocked, id=20832, stack(0x00000057a9a00000,0x00000057a9b00000)]
  0x000001d1ed950000 JavaThread "Sweeper thread" daemon [_thread_blocked, id=11244, stack(0x00000057a9b00000,0x00000057a9c00000)]
  0x000001d1ed073000 JavaThread "Common-Cleaner" daemon [_thread_blocked, id=5184, stack(0x00000057a9c00000,0x00000057a9d00000)]
  0x000001d1eddee000 JavaThread "Service Thread" daemon [_thread_blocked, id=20876, stack(0x00000057a9e00000,0x00000057a9f00000)]
=>0x000001d1edf20000 JavaThread "Test worker" [_thread_in_native, id=16712, stack(0x00000057aa700000,0x00000057aa800000)]
  0x000001d1f1078800 JavaThread "/127.0.0.1:52117 to /127.0.0.1:52116 workers Thread 2" [_thread_blocked, id=17812, stack(0x00000057aa800000,0x00000057aa900000)]
  0x000001d1eec47000 JavaThread "/127.0.0.1:52117 to /127.0.0.1:52116 workers Thread 3" [_thread_in_native, id=21748, stack(0x00000057aa900000,0x00000057aaa00000)]
  0x000001d1eefbd000 JavaThread "Java2D Disposer" daemon [_thread_blocked, id=8160, stack(0x00000057aaa00000,0x00000057aab00000)]
  0x000001d1f120b800 JavaThread "AWT-Shutdown" [_thread_blocked, id=10572, stack(0x00000057aab00000,0x00000057aac00000)]
  0x000001d1f0cc0800 JavaThread "AWT-Windows" daemon [_thread_in_native, id=20988, stack(0x00000057aac00000,0x00000057aad00000)]
  0x000001d1f0454800 JavaThread "AWT-EventQueue-0" [_thread_blocked, id=18252, stack(0x00000057aad00000,0x00000057aae00000)]
  0x000001d1eecda800 JavaThread "TimerQueue" daemon [_thread_blocked, id=18156, stack(0x00000057ab700000,0x00000057ab800000)]
  0x000001d1f5bff000 JavaThread "Cleaner-0" daemon [_thread_blocked, id=1392, stack(0x00000057abf00000,0x00000057ac000000)]
  0x000001d1f07c3800 JavaThread "C2 CompilerThread1" daemon [_thread_in_native, id=19388, stack(0x00000057a9d00000,0x00000057a9e00000)]
  0x000001d187043000 JavaThread "C2 CompilerThread2" daemon [_thread_in_native, id=21516, stack(0x00000057ac100000,0x00000057ac200000)]

Other Threads:
  0x000001d1ed8b4000 VMThread "VM Thread" [stack: 0x00000057a9400000,0x00000057a9500000] [id=17780]
  0x000001d1ede99000 WatcherThread [stack: 0x00000057a9f00000,0x00000057aa000000] [id=18760]
  0x000001d1cf91e000 GCTaskThread "GC Thread#0" [stack: 0x00000057a8f00000,0x00000057a9000000] [id=16456]
  0x000001d1eec34800 GCTaskThread "GC Thread#1" [stack: 0x00000057aa100000,0x00000057aa200000] [id=796]
  0x000001d1eefe7000 GCTaskThread "GC Thread#2" [stack: 0x00000057aa200000,0x00000057aa300000] [id=18900]
  0x000001d1eee11800 GCTaskThread "GC Thread#3" [stack: 0x00000057aa300000,0x00000057aa400000] [id=2544]
  0x000001d1eebd2800 GCTaskThread "GC Thread#4" [stack: 0x00000057aa400000,0x00000057aa500000] [id=3860]
  0x000001d1eedd6000 GCTaskThread "GC Thread#5" [stack: 0x00000057aa500000,0x00000057aa600000] [id=9388]
  0x000001d1ef44d800 GCTaskThread "GC Thread#6" [stack: 0x00000057aae00000,0x00000057aaf00000] [id=19188]
  0x000001d1ef44e800 GCTaskThread "GC Thread#7" [stack: 0x00000057aaf00000,0x00000057ab000000] [id=20712]
  0x000001d1f0f33800 GCTaskThread "GC Thread#8" [stack: 0x00000057ab000000,0x00000057ab100000] [id=18444]
  0x000001d1f0f34800 GCTaskThread "GC Thread#9" [stack: 0x00000057ab100000,0x00000057ab200000] [id=21688]
  0x000001d1cf92e800 ConcurrentGCThread "G1 Main Marker" [stack: 0x00000057a9000000,0x00000057a9100000] [id=21068]
  0x000001d1cf930800 ConcurrentGCThread "G1 Conc#0" [stack: 0x00000057a9100000,0x00000057a9200000] [id=21128]
  0x000001d1f1291000 ConcurrentGCThread "G1 Conc#1" [stack: 0x00000057ab200000,0x00000057ab300000] [id=9920]
  0x000001d1f55e5000 ConcurrentGCThread "G1 Conc#2" [stack: 0x00000057ab300000,0x00000057ab400000] [id=21164]
  0x000001d1ecf22800 ConcurrentGCThread "G1 Refine#0" [stack: 0x00000057a9200000,0x00000057a9300000] [id=20452]
  0x000001d1ecf25800 ConcurrentGCThread "G1 Young RemSet Sampling" [stack: 0x00000057a9300000,0x00000057a9400000] [id=22444]

Threads with active compile tasks:
C2 CompilerThread04362       4       org.jacoco.agent.rt.internal_43f5073.core.internal.instr.ClassInstrumenter::visitMethod (72 bytes)
C2 CompilerThread14364       4       org.jacoco.agent.rt.internal_43f5073.core.internal.flow.ClassProbesAdapter::visitMethod (52 bytes)
C2 CompilerThread24363       4       org.jacoco.agent.rt.internal_43f5073.asm.ClassReader::readMethod (1052 bytes)

VM state:not at safepoint (normal execution)

VM Mutex/Monitor currently owned by a thread: None

Heap address: 0x00000000e0000000, size: 512 MB, Compressed Oops mode: 32-bit
Narrow klass base: 0x0000000000000000, Narrow klass shift: 3
Compressed class space size: 1073741824 Address: 0x0000000100000000

Heap:
 garbage-first heap   total 59392K, used 18898K [0x00000000e0000000, 0x0000000100000000)
  region size 1024K, 5 young (5120K), 3 survivors (3072K)
 Metaspace       used 30935K, capacity 32221K, committed 32384K, reserved 1077248K
  class space    used 3300K, capacity 3866K, committed 3968K, reserved 1048576K
Heap Regions: E=young(eden), S=young(survivor), O=old, HS=humongous(starts), HC=humongous(continues), CS=collection set, F=free, A=archive, TAMS=top-at-mark-start (previous, next)
|   0|0x00000000e0000000, 0x00000000e00ffff0, 0x00000000e0100000| 99%| O|  |TAMS 0x00000000e0000000, 0x00000000e0000000| Untracked 
|   1|0x00000000e0100000, 0x00000000e0200000, 0x00000000e0200000|100%|HS|  |TAMS 0x00000000e0100000, 0x00000000e0100000| Untracked 
|   2|0x00000000e0200000, 0x00000000e0300000, 0x00000000e0300000|100%|HC|  |TAMS 0x00000000e0200000, 0x00000000e0200000| Untracked 
|   3|0x00000000e0300000, 0x00000000e0400000, 0x00000000e0400000|100%|HC|  |TAMS 0x00000000e0300000, 0x00000000e0300000| Untracked 
|   4|0x00000000e0400000, 0x00000000e04ffff8, 0x00000000e0500000| 99%| O|  |TAMS 0x00000000e0400000, 0x00000000e0400000| Untracked 
|   5|0x00000000e0500000, 0x00000000e05ffff0, 0x00000000e0600000| 99%| O|  |TAMS 0x00000000e0500000, 0x00000000e0500000| Untracked 
|   6|0x00000000e0600000, 0x00000000e06fffe0, 0x00000000e0700000| 99%| O|  |TAMS 0x00000000e0600000, 0x00000000e0600000| Untracked 
|   7|0x00000000e0700000, 0x00000000e07f19e0, 0x00000000e0800000| 94%| O|  |TAMS 0x00000000e0700000, 0x00000000e0700000| Untracked 
|   8|0x00000000e0800000, 0x00000000e08e02e0, 0x00000000e0900000| 87%| O|  |TAMS 0x00000000e0800000, 0x00000000e0800000| Untracked 
|   9|0x00000000e0900000, 0x00000000e09ffff0, 0x00000000e0a00000| 99%| O|  |TAMS 0x00000000e0900000, 0x00000000e0900000| Untracked 
|  10|0x00000000e0a00000, 0x00000000e0afc2a8, 0x00000000e0b00000| 98%| O|  |TAMS 0x00000000e0a00000, 0x00000000e0a00000| Untracked 
|  11|0x00000000e0b00000, 0x00000000e0c00000, 0x00000000e0c00000|100%| O|  |TAMS 0x00000000e0b00000, 0x00000000e0b00000| Untracked 
|  12|0x00000000e0c00000, 0x00000000e0c3ad68, 0x00000000e0d00000| 22%| O|  |TAMS 0x00000000e0c00000, 0x00000000e0c00000| Untracked 
|  13|0x00000000e0d00000, 0x00000000e0d19230, 0x00000000e0e00000|  9%| O|  |TAMS 0x00000000e0d00000, 0x00000000e0d00000| Untracked 
|  14|0x00000000e0e00000, 0x00000000e0ebd600, 0x00000000e0f00000| 73%| O|  |TAMS 0x00000000e0e00000, 0x00000000e0e00000| Untracked 
|  15|0x00000000e0f00000, 0x00000000e0f07930, 0x00000000e1000000|  2%| O|  |TAMS 0x00000000e0f00000, 0x00000000e0f00000| Untracked 
|  16|0x00000000e1000000, 0x00000000e1000000, 0x00000000e1100000|  0%| F|  |TAMS 0x00000000e1000000, 0x00000000e1000000| Untracked 
|  17|0x00000000e1100000, 0x00000000e1100000, 0x00000000e1200000|  0%| F|  |TAMS 0x00000000e1100000, 0x00000000e1100000| Untracked 
|  18|0x00000000e1200000, 0x00000000e1200000, 0x00000000e1300000|  0%| F|  |TAMS 0x00000000e1200000, 0x00000000e1200000| Untracked 
|  19|0x00000000e1300000, 0x00000000e1300000, 0x00000000e1400000|  0%| F|  |TAMS 0x00000000e1300000, 0x00000000e1300000| Untracked 
|  20|0x00000000e1400000, 0x00000000e1400000, 0x00000000e1500000|  0%| F|  |TAMS 0x00000000e1400000, 0x00000000e1400000| Untracked 
|  21|0x00000000e1500000, 0x00000000e1500000, 0x00000000e1600000|  0%| F|  |TAMS 0x00000000e1500000, 0x00000000e1500000| Untracked 
|  22|0x00000000e1600000, 0x00000000e1600000, 0x00000000e1700000|  0%| F|  |TAMS 0x00000000e1600000, 0x00000000e1600000| Untracked 
|  23|0x00000000e1700000, 0x00000000e1700000, 0x00000000e1800000|  0%| F|  |TAMS 0x00000000e1700000, 0x00000000e1700000| Untracked 
|  24|0x00000000e1800000, 0x00000000e1898450, 0x00000000e1900000| 59%| S|CS|TAMS 0x00000000e1800000, 0x00000000e1800000| Complete 
|  25|0x00000000e1900000, 0x00000000e1900000, 0x00000000e1a00000|  0%| F|  |TAMS 0x00000000e1900000, 0x00000000e1900000| Untracked 
|  26|0x00000000e1a00000, 0x00000000e1a00000, 0x00000000e1b00000|  0%| F|  |TAMS 0x00000000e1a00000, 0x00000000e1a00000| Untracked 
|  27|0x00000000e1b00000, 0x00000000e1c00000, 0x00000000e1c00000|100%| S|CS|TAMS 0x00000000e1b00000, 0x00000000e1b00000| Complete 
|  28|0x00000000e1c00000, 0x00000000e1d00000, 0x00000000e1d00000|100%| S|CS|TAMS 0x00000000e1c00000, 0x00000000e1c00000| Complete 
|  29|0x00000000e1d00000, 0x00000000e1d00000, 0x00000000e1e00000|  0%| F|  |TAMS 0x00000000e1d00000, 0x00000000e1d00000| Untracked 
|  30|0x00000000e1e00000, 0x00000000e1e00000, 0x00000000e1f00000|  0%| F|  |TAMS 0x00000000e1e00000, 0x00000000e1e00000| Untracked 
|  31|0x00000000e1f00000, 0x00000000e1f00000, 0x00000000e2000000|  0%| F|  |TAMS 0x00000000e1f00000, 0x00000000e1f00000| Untracked 
|  32|0x00000000e2000000, 0x00000000e2000000, 0x00000000e2100000|  0%| F|  |TAMS 0x00000000e2000000, 0x00000000e2000000| Untracked 
|  33|0x00000000e2100000, 0x00000000e2100000, 0x00000000e2200000|  0%| F|  |TAMS 0x00000000e2100000, 0x00000000e2100000| Untracked 
|  34|0x00000000e2200000, 0x00000000e2200000, 0x00000000e2300000|  0%| F|  |TAMS 0x00000000e2200000, 0x00000000e2200000| Untracked 
|  35|0x00000000e2300000, 0x00000000e2300000, 0x00000000e2400000|  0%| F|  |TAMS 0x00000000e2300000, 0x00000000e2300000| Untracked 
|  36|0x00000000e2400000, 0x00000000e2400000, 0x00000000e2500000|  0%| F|  |TAMS 0x00000000e2400000, 0x00000000e2400000| Untracked 
|  37|0x00000000e2500000, 0x00000000e2500000, 0x00000000e2600000|  0%| F|  |TAMS 0x00000000e2500000, 0x00000000e2500000| Untracked 
|  38|0x00000000e2600000, 0x00000000e2600000, 0x00000000e2700000|  0%| F|  |TAMS 0x00000000e2600000, 0x00000000e2600000| Untracked 
|  39|0x00000000e2700000, 0x00000000e2700000, 0x00000000e2800000|  0%| F|  |TAMS 0x00000000e2700000, 0x00000000e2700000| Untracked 
|  40|0x00000000e2800000, 0x00000000e2800000, 0x00000000e2900000|  0%| F|  |TAMS 0x00000000e2800000, 0x00000000e2800000| Untracked 
|  41|0x00000000e2900000, 0x00000000e2900000, 0x00000000e2a00000|  0%| F|  |TAMS 0x00000000e2900000, 0x00000000e2900000| Untracked 
|  42|0x00000000e2a00000, 0x00000000e2a00000, 0x00000000e2b00000|  0%| F|  |TAMS 0x00000000e2a00000, 0x00000000e2a00000| Untracked 
|  43|0x00000000e2b00000, 0x00000000e2b00000, 0x00000000e2c00000|  0%| F|  |TAMS 0x00000000e2b00000, 0x00000000e2b00000| Untracked 
|  44|0x00000000e2c00000, 0x00000000e2c00000, 0x00000000e2d00000|  0%| F|  |TAMS 0x00000000e2c00000, 0x00000000e2c00000| Untracked 
|  45|0x00000000e2d00000, 0x00000000e2d00000, 0x00000000e2e00000|  0%| F|  |TAMS 0x00000000e2d00000, 0x00000000e2d00000| Untracked 
|  46|0x00000000e2e00000, 0x00000000e2e00000, 0x00000000e2f00000|  0%| F|  |TAMS 0x00000000e2e00000, 0x00000000e2e00000| Untracked 
|  47|0x00000000e2f00000, 0x00000000e2f00000, 0x00000000e3000000|  0%| F|  |TAMS 0x00000000e2f00000, 0x00000000e2f00000| Untracked 
|  48|0x00000000e3000000, 0x00000000e3000000, 0x00000000e3100000|  0%| F|  |TAMS 0x00000000e3000000, 0x00000000e3000000| Untracked 
|  49|0x00000000e3100000, 0x00000000e3100000, 0x00000000e3200000|  0%| F|  |TAMS 0x00000000e3100000, 0x00000000e3100000| Untracked 
|  50|0x00000000e3200000, 0x00000000e3200000, 0x00000000e3300000|  0%| F|  |TAMS 0x00000000e3200000, 0x00000000e3200000| Untracked 
|  51|0x00000000e3300000, 0x00000000e3300000, 0x00000000e3400000|  0%| F|  |TAMS 0x00000000e3300000, 0x00000000e3300000| Untracked 
|  52|0x00000000e3400000, 0x00000000e3400000, 0x00000000e3500000|  0%| F|  |TAMS 0x00000000e3400000, 0x00000000e3400000| Untracked 
|  53|0x00000000e3500000, 0x00000000e3572248, 0x00000000e3600000| 44%| E|  |TAMS 0x00000000e3500000, 0x00000000e3500000| Complete 
|  54|0x00000000e3600000, 0x00000000e3700000, 0x00000000e3700000|100%| E|CS|TAMS 0x00000000e3600000, 0x00000000e3600000| Complete 
| 108|0x00000000e6c00000, 0x00000000e6ccc1d8, 0x00000000e6d00000| 79%| O|  |TAMS 0x00000000e6c00000, 0x00000000e6c00000| Untracked 
| 109|0x00000000e6d00000, 0x00000000e6df7770, 0x00000000e6e00000| 96%| O|  |TAMS 0x00000000e6d00000, 0x00000000e6d00000| Untracked 
| 187|0x00000000ebb00000, 0x00000000ebb31dd0, 0x00000000ebc00000| 19%| O|  |TAMS 0x00000000ebb00000, 0x00000000ebb00000| Untracked 

Card table byte_map: [0x000001d1e91e0000,0x000001d1e92e0000] _byte_map_base: 0x000001d1e8ae0000

Marking Bits (Prev, Next): (CMBitMap*) 0x000001d1cf92bcd0, (CMBitMap*) 0x000001d1cf92bc98
 Prev Bits: [0x000001d1e9be0000, 0x000001d1ea3e0000)
 Next Bits: [0x000001d1e93e0000, 0x000001d1e9be0000)

Polling page: 0x000001d1cf9d0000

Metaspace:

Usage:
  Non-class:     27.69 MB capacity,    26.99 MB ( 97%) used,   586.98 KB (  2%) free+waste,   133.06 KB ( <1%) overhead. 
      Class:      3.78 MB capacity,     3.22 MB ( 85%) used,   499.01 KB ( 13%) free+waste,    66.63 KB (  2%) overhead. 
       Both:     31.47 MB capacity,    30.21 MB ( 96%) used,     1.06 MB (  3%) free+waste,   199.69 KB ( <1%) overhead. 

Virtual space:
  Non-class space:       28.00 MB reserved,      27.75 MB (>99%) committed 
      Class space:        1.00 GB reserved,       3.88 MB ( <1%) committed 
             Both:        1.03 GB reserved,      31.63 MB (  3%) committed 

Chunk freelists:
   Non-Class:  0 bytes
       Class:  768 bytes
        Both:  768 bytes

CodeHeap 'non-profiled nmethods': size=120000Kb used=3329Kb max_used=3329Kb free=116670Kb
 bounds [0x000001d1e0f20000, 0x000001d1e1270000, 0x000001d1e8450000]
CodeHeap 'profiled nmethods': size=120000Kb used=10723Kb max_used=10723Kb free=109276Kb
 bounds [0x000001d1d99f0000, 0x000001d1da470000, 0x000001d1e0f20000]
CodeHeap 'non-nmethods': size=5760Kb used=2325Kb max_used=2388Kb free=3435Kb
 bounds [0x000001d1d9450000, 0x000001d1d96c0000, 0x000001d1d99f0000]
 total_blobs=6695 nmethods=4344 adapters=856
 compilation: enabled
              stopped_count=0, restarted_count=0
 full_count=0

Compilation events (10 events):
Event: 10.672 Thread 0x000001d1f07c3800 nmethod 4471 0x000001d1e124aa10 code [0x000001d1e124abc0, 0x000001d1e124acc8]
Event: 10.672 Thread 0x000001d1f07c3800 4360       4       org.jacoco.agent.rt.internal_43f5073.asm.tree.Util::asArrayList (57 bytes)
Event: 10.673 Thread 0x000001d1ed949000 4530       2       javax.swing.SwingUtilities::getValidateRoot (98 bytes)
Event: 10.676 Thread 0x000001d1ed949000 nmethod 4530 0x000001d1da468210 code [0x000001d1da468420, 0x000001d1da4688a0]
Event: 10.676 Thread 0x000001d1ed949000 4531       2       org.gradle.internal.io.LinePerThreadBufferingOutputStream::$jacocoInit (52 bytes)
Event: 10.677 Thread 0x000001d1ed949000 nmethod 4531 0x000001d1da468a90 code [0x000001d1da468c80, 0x000001d1da469200]
Event: 10.677 Thread 0x000001d1ed949000 4533       2       org.gradle.internal.remote.internal.hub.queue.MultiEndPointQueue::flush (361 bytes)
Event: 10.678 Thread 0x000001d1ed949000 nmethod 4533 0x000001d1da469410 code [0x000001d1da4697e0, 0x000001d1da46a7d0]
Event: 10.678 Thread 0x000001d1ed949000 4532       2       org.gradle.internal.remote.internal.hub.queue.EndPointQueue::$jacocoInit (52 bytes)
Event: 10.678 Thread 0x000001d1ed949000 nmethod 4532 0x000001d1da46b290 code [0x000001d1da46b480, 0x000001d1da46ba00]

GC Heap History (10 events):
Event: 10.247 GC heap before
{Heap before GC invocations=10 (full 1):
 garbage-first heap   total 58368K, used 42761K [0x00000000e0000000, 0x0000000100000000)
  region size 1024K, 29 young (29696K), 3 survivors (3072K)
 Metaspace       used 28382K, capacity 29592K, committed 29824K, reserved 1075200K
  class space    used 3109K, capacity 3610K, committed 3712K, reserved 1048576K
}
Event: 10.249 GC heap after
{Heap after GC invocations=11 (full 1):
 garbage-first heap   total 58368K, used 15820K [0x00000000e0000000, 0x0000000100000000)
  region size 1024K, 3 young (3072K), 3 survivors (3072K)
 Metaspace       used 28382K, capacity 29592K, committed 29824K, reserved 1075200K
  class space    used 3109K, capacity 3610K, committed 3712K, reserved 1048576K
}
Event: 10.358 GC heap before
{Heap before GC invocations=11 (full 1):
 garbage-first heap   total 58368K, used 49612K [0x00000000e0000000, 0x0000000100000000)
  region size 1024K, 29 young (29696K), 3 survivors (3072K)
 Metaspace       used 29291K, capacity 30459K, committed 30592K, reserved 1077248K
  class space    used 3201K, capacity 3707K, committed 3712K, reserved 1048576K
}
Event: 10.360 GC heap after
{Heap after GC invocations=12 (full 1):
 garbage-first heap   total 59392K, used 23212K [0x00000000e0000000, 0x0000000100000000)
  region size 1024K, 4 young (4096K), 4 survivors (4096K)
 Metaspace       used 29291K, capacity 30459K, committed 30592K, reserved 1077248K
  class space    used 3201K, capacity 3707K, committed 3712K, reserved 1048576K
}
Event: 10.500 GC heap before
{Heap before GC invocations=12 (full 1):
 garbage-first heap   total 59392K, used 46764K [0x00000000e0000000, 0x0000000100000000)
  region size 1024K, 26 young (26624K), 4 survivors (4096K)
 Metaspace       used 30483K, capacity 31718K, committed 32000K, reserved 1077248K
  class space    used 3264K, capacity 3785K, committed 3840K, reserved 1048576K
}
Event: 10.502 GC heap after
{Heap after GC invocations=13 (full 1):
 garbage-first heap   total 59392K, used 17055K [0x00000000e0000000, 0x0000000100000000)
  region size 1024K, 2 young (2048K), 2 survivors (2048K)
 Metaspace       used 30483K, capacity 31718K, committed 32000K, reserved 1077248K
  class space    used 3264K, capacity 3785K, committed 3840K, reserved 1048576K
}
Event: 10.570 GC heap before
{Heap before GC invocations=13 (full 1):
 garbage-first heap   total 59392K, used 42655K [0x00000000e0000000, 0x0000000100000000)
  region size 1024K, 28 young (28672K), 2 survivors (2048K)
 Metaspace       used 30798K, capacity 32077K, committed 32256K, reserved 1077248K
  class space    used 3285K, capacity 3819K, committed 3840K, reserved 1048576K
}
Event: 10.572 GC heap after
{Heap after GC invocations=14 (full 1):
 garbage-first heap   total 59392K, used 17253K [0x00000000e0000000, 0x0000000100000000)
  region size 1024K, 2 young (2048K), 2 survivors (2048K)
 Metaspace       used 30798K, capacity 32077K, committed 32256K, reserved 1077248K
  class space    used 3285K, capacity 3819K, committed 3840K, reserved 1048576K
}
Event: 10.674 GC heap before
{Heap before GC invocations=14 (full 1):
 garbage-first heap   total 59392K, used 42853K [0x00000000e0000000, 0x0000000100000000)
  region size 1024K, 28 young (28672K), 2 survivors (2048K)
 Metaspace       used 30930K, capacity 32221K, committed 32384K, reserved 1077248K
  class space    used 3300K, capacity 3866K, committed 3968K, reserved 1048576K
}
Event: 10.675 GC heap after
{Heap after GC invocations=15 (full 1):
 garbage-first heap   total 59392K, used 17874K [0x00000000e0000000, 0x0000000100000000)
  region size 1024K, 3 young (3072K), 3 survivors (3072K)
 Metaspace       used 30930K, capacity 32221K, committed 32384K, reserved 1077248K
  class space    used 3300K, capacity 3866K, committed 3968K, reserved 1048576K
}

Deoptimization events (10 events):
Event: 10.128 Thread 0x000001d1edf20000 Uncommon trap: reason=unstable_if action=reinterpret pc=0x000001d1e10033a8 method=java.util.Arrays.equals([Ljava/lang/Object;[Ljava/lang/Object;)Z @ 23 c2
Event: 10.140 Thread 0x000001d1edf20000 Uncommon trap: reason=unstable_if action=reinterpret pc=0x000001d1e0f57e64 method=org.jacoco.agent.rt.internal_43f5073.asm.SymbolTable.addConstantUtf8(Ljava/lang/String;)I @ 40 c2
Event: 10.223 Thread 0x000001d1edf20000 Uncommon trap: reason=unstable_if action=reinterpret pc=0x000001d1e0f5bb94 method=org.jacoco.agent.rt.internal_43f5073.asm.MethodVisitor.visitVarInsn(II)V @ 4 c2
Event: 10.223 Thread 0x000001d1edf20000 Uncommon trap: reason=unstable_if action=reinterpret pc=0x000001d1e0f691b0 method=org.jacoco.agent.rt.internal_43f5073.asm.MethodVisitor.visitLocalVariable(Ljava/lang/String;Ljava/lang/String;Ljava/lang/String;Lorg/jacoco/agent/rt/internal_43f5073/asm/Lab
Event: 10.227 Thread 0x000001d1edf20000 Uncommon trap: reason=unstable_if action=reinterpret pc=0x000001d1e108f154 method=org.jacoco.agent.rt.internal_43f5073.asm.MethodVisitor.visitLdcInsn(Ljava/lang/Object;)V @ 75 c2
Event: 10.306 Thread 0x000001d1edf20000 Uncommon trap: reason=predicate action=maybe_recompile pc=0x000001d1e103b030 method=java.util.Arrays.binarySearch0([Ljava/lang/Object;IILjava/lang/Object;Ljava/util/Comparator;)I @ 25 c2
Event: 10.460 Thread 0x000001d1edf20000 Uncommon trap: reason=profile_predicate action=maybe_recompile pc=0x000001d1e11fcadc method=java.util.Arrays.binarySearch0([Ljava/lang/Object;IILjava/lang/Object;Ljava/util/Comparator;)I @ 25 c2
Event: 10.460 Thread 0x000001d1edf20000 Uncommon trap: reason=profile_predicate action=maybe_recompile pc=0x000001d1e11fcadc method=java.util.Arrays.binarySearch0([Ljava/lang/Object;IILjava/lang/Object;Ljava/util/Comparator;)I @ 25 c2
Event: 10.460 Thread 0x000001d1edf20000 Uncommon trap: reason=profile_predicate action=maybe_recompile pc=0x000001d1e11fcadc method=java.util.Arrays.binarySearch0([Ljava/lang/Object;IILjava/lang/Object;Ljava/util/Comparator;)I @ 25 c2
Event: 10.460 Thread 0x000001d1edf20000 Uncommon trap: reason=profile_predicate action=maybe_recompile pc=0x000001d1e11fcadc method=java.util.Arrays.binarySearch0([Ljava/lang/Object;IILjava/lang/Object;Ljava/util/Comparator;)I @ 25 c2

Classes redefined (0 events):
No events

Internal exceptions (10 events):
Event: 10.584 Thread 0x000001d1edf20000 Exception <a 'java/lang/ClassNotFoundException'{0x00000000e34e1090}: neureka/core/device/openCL/OpenCLPlatformBeanInfo> (0x00000000e34e1090) thrown at [t:/workspace/open/src/hotspot/share/classfile/systemDictionary.cpp, line 231]
Event: 10.584 Thread 0x000001d1edf20000 Exception <a 'java/lang/ClassNotFoundException'{0x00000000e34e6d20}: neureka/core/device/openCL/OpenCLPlatformCustomizer> (0x00000000e34e6d20) thrown at [t:/workspace/open/src/hotspot/share/classfile/systemDictionary.cpp, line 231]
Event: 10.588 Thread 0x000001d1edf20000 Exception <a 'java/lang/ClassNotFoundException'{0x00000000e3358c80}: java/util/ArrayListBeanInfo> (0x00000000e3358c80) thrown at [t:/workspace/open/src/hotspot/share/classfile/systemDictionary.cpp, line 231]
Event: 10.588 Thread 0x000001d1edf20000 Exception <a 'java/lang/ClassNotFoundException'{0x00000000e3359f40}: java/util/AbstractListBeanInfo> (0x00000000e3359f40) thrown at [t:/workspace/open/src/hotspot/share/classfile/systemDictionary.cpp, line 231]
Event: 10.588 Thread 0x000001d1edf20000 Exception <a 'java/lang/ClassNotFoundException'{0x00000000e335b228}: java/util/AbstractCollectionBeanInfo> (0x00000000e335b228) thrown at [t:/workspace/open/src/hotspot/share/classfile/systemDictionary.cpp, line 231]
Event: 10.588 Thread 0x000001d1edf20000 Exception <a 'java/lang/ClassNotFoundException'{0x00000000e335c4e8}: java/util/AbstractCollectionCustomizer> (0x00000000e335c4e8) thrown at [t:/workspace/open/src/hotspot/share/classfile/systemDictionary.cpp, line 231]
Event: 10.589 Thread 0x000001d1edf20000 Exception <a 'java/lang/ClassNotFoundException'{0x00000000e3368f08}: java/util/AbstractListCustomizer> (0x00000000e3368f08) thrown at [t:/workspace/open/src/hotspot/share/classfile/systemDictionary.cpp, line 231]
Event: 10.589 Thread 0x000001d1edf20000 Exception <a 'java/lang/ClassNotFoundException'{0x00000000e3376858}: java/util/ArrayListCustomizer> (0x00000000e3376858) thrown at [t:/workspace/open/src/hotspot/share/classfile/systemDictionary.cpp, line 231]
Event: 10.604 Thread 0x000001d1edf20000 Exception <a 'java/lang/ClassNotFoundException'{0x00000000e33c7a28}: neureka/core/device/openCL/OpenCLDeviceBeanInfo> (0x00000000e33c7a28) thrown at [t:/workspace/open/src/hotspot/share/classfile/systemDictionary.cpp, line 231]
Event: 10.605 Thread 0x000001d1edf20000 Exception <a 'java/lang/ClassNotFoundException'{0x00000000e33cd548}: neureka/core/device/openCL/OpenCLDeviceCustomizer> (0x00000000e33cd548) thrown at [t:/workspace/open/src/hotspot/share/classfile/systemDictionary.cpp, line 231]

Events (10 events):
Event: 10.615 Executing VM operation: RevokeBias
Event: 10.615 Executing VM operation: RevokeBias done
Event: 10.617 Executing VM operation: RevokeBias
Event: 10.618 Executing VM operation: RevokeBias done
Event: 10.641 loading class neureka/core/Tsr
Event: 10.641 loading class neureka/core/Tsr done
Event: 10.641 loading class neureka/core/function/factory/AbstractFunction
Event: 10.641 loading class neureka/core/function/factory/AbstractFunction done
Event: 10.674 Executing VM operation: G1CollectForAllocation
Event: 10.676 Executing VM operation: G1CollectForAllocation done


Dynamic libraries:
0x00007ff771f80000 - 0x00007ff771fc7000 	C:\Program Files\Java\jdk-11.0.2\bin\java.exe
0x00007fff349c0000 - 0x00007fff34bb0000 	C:\WINDOWS\SYSTEM32\ntdll.dll
0x00007fff32b60000 - 0x00007fff32c12000 	C:\WINDOWS\System32\KERNEL32.DLL
0x00007fff319f0000 - 0x00007fff31c93000 	C:\WINDOWS\System32\KERNELBASE.dll
0x00007fff2f580000 - 0x00007fff2f60f000 	C:\WINDOWS\SYSTEM32\apphelp.dll
0x00007fff32cc0000 - 0x00007fff32d63000 	C:\WINDOWS\System32\ADVAPI32.dll
0x00007fff32c20000 - 0x00007fff32cbe000 	C:\WINDOWS\System32\msvcrt.dll
0x00007fff33280000 - 0x00007fff33317000 	C:\WINDOWS\System32\sechost.dll
0x00007fff32e60000 - 0x00007fff32f80000 	C:\WINDOWS\System32\RPCRT4.dll
0x00007fff33050000 - 0x00007fff331e4000 	C:\WINDOWS\System32\USER32.dll
0x00007fff31cd0000 - 0x00007fff31cf1000 	C:\WINDOWS\System32\win32u.dll
0x00007fff33410000 - 0x00007fff33436000 	C:\WINDOWS\System32\GDI32.dll
0x00007fff32050000 - 0x00007fff321e4000 	C:\WINDOWS\System32\gdi32full.dll
0x00007fff31950000 - 0x00007fff319ee000 	C:\WINDOWS\System32\msvcp_win.dll
0x00007fff31d00000 - 0x00007fff31dfa000 	C:\WINDOWS\System32\ucrtbase.dll
0x00007fff18c80000 - 0x00007fff18f05000 	C:\WINDOWS\WinSxS\amd64_microsoft.windows.common-controls_6595b64144ccf1df_6.0.18362.476_none_e6c4b11b130f2595\COMCTL32.dll
0x00007fff33fb0000 - 0x00007fff342e6000 	C:\WINDOWS\System32\combase.dll
0x00007fff278f0000 - 0x00007fff278fa000 	C:\WINDOWS\SYSTEM32\VERSION.dll
0x00007fff32990000 - 0x00007fff32a10000 	C:\WINDOWS\System32\bcryptPrimitives.dll
0x00007fff32e30000 - 0x00007fff32e5e000 	C:\WINDOWS\System32\IMM32.DLL
0x00007fff0a8a0000 - 0x00007fff0a8b6000 	C:\Program Files\Java\jdk-11.0.2\bin\vcruntime140.dll
0x00007fff04180000 - 0x00007fff0422a000 	C:\Program Files\Java\jdk-11.0.2\bin\msvcp140.dll
0x00007ffebb6e0000 - 0x00007ffebc207000 	C:\Program Files\Java\jdk-11.0.2\bin\server\jvm.dll
0x00007fff33fa0000 - 0x00007fff33fa8000 	C:\WINDOWS\System32\PSAPI.DLL
0x00007fff0c410000 - 0x00007fff0c419000 	C:\WINDOWS\SYSTEM32\WSOCK32.dll
0x00007fff2d740000 - 0x00007fff2d764000 	C:\WINDOWS\SYSTEM32\WINMM.dll
0x00007fff32a70000 - 0x00007fff32adf000 	C:\WINDOWS\System32\WS2_32.dll
0x00007fff2d710000 - 0x00007fff2d73d000 	C:\WINDOWS\SYSTEM32\winmmbase.dll
0x00007fff32000000 - 0x00007fff3204a000 	C:\WINDOWS\System32\cfgmgr32.dll
0x00007fff318a0000 - 0x00007fff318b1000 	C:\WINDOWS\System32\kernel.appcore.dll
0x00007fff09ab0000 - 0x00007fff09ac1000 	C:\Program Files\Java\jdk-11.0.2\bin\verify.dll
0x00007fff30280000 - 0x00007fff30474000 	C:\WINDOWS\SYSTEM32\DBGHELP.DLL
0x00007fff0ab60000 - 0x00007fff0ab8a000 	C:\WINDOWS\SYSTEM32\dbgcore.DLL
0x00007fff09a80000 - 0x00007fff09aa9000 	C:\Program Files\Java\jdk-11.0.2\bin\java.dll
0x00007fff04f90000 - 0x00007fff04fbf000 	C:\Program Files\Java\jdk-11.0.2\bin\instrument.dll
0x00007fff05660000 - 0x00007fff05676000 	C:\Program Files\Java\jdk-11.0.2\bin\zip.dll
0x00007fff29e10000 - 0x00007fff29e1a000 	C:\Program Files\Java\jdk-11.0.2\bin\jimage.dll
0x00007fff33440000 - 0x00007fff33b25000 	C:\WINDOWS\System32\SHELL32.dll
0x00007fff34770000 - 0x00007fff34819000 	C:\WINDOWS\System32\shcore.dll
0x00007fff321f0000 - 0x00007fff3296e000 	C:\WINDOWS\System32\windows.storage.dll
0x00007fff31930000 - 0x00007fff3194f000 	C:\WINDOWS\System32\profapi.dll
0x00007fff318e0000 - 0x00007fff3192a000 	C:\WINDOWS\System32\powrprof.dll
0x00007fff31890000 - 0x00007fff318a0000 	C:\WINDOWS\System32\UMPDC.dll
0x00007fff32dd0000 - 0x00007fff32e22000 	C:\WINDOWS\System32\shlwapi.dll
0x00007fff32970000 - 0x00007fff32987000 	C:\WINDOWS\System32\cryptsp.dll
0x00007fff04f70000 - 0x00007fff04f89000 	C:\Program Files\Java\jdk-11.0.2\bin\net.dll
0x00007fff2cc80000 - 0x00007fff2cd70000 	C:\WINDOWS\SYSTEM32\WINHTTP.dll
0x00007fff1d210000 - 0x00007fff1d3e6000 	C:\WINDOWS\SYSTEM32\urlmon.dll
0x00007fff1d870000 - 0x00007fff1db16000 	C:\WINDOWS\SYSTEM32\iertutil.dll
0x00007fff312d0000 - 0x00007fff312dc000 	C:\WINDOWS\SYSTEM32\CRYPTBASE.DLL
0x00007fff31100000 - 0x00007fff31167000 	C:\WINDOWS\system32\mswsock.dll
0x00007fff04ef0000 - 0x00007fff04f03000 	C:\Program Files\Java\jdk-11.0.2\bin\nio.dll
0x00007ffefd4b0000 - 0x00007ffefd4c6000 	C:\WINDOWS\system32\napinsp.dll
0x00007ffefd490000 - 0x00007ffefd4aa000 	C:\WINDOWS\system32\pnrpnsp.dll
0x00007fff30e50000 - 0x00007fff30f1a000 	C:\WINDOWS\SYSTEM32\DNSAPI.dll
0x00007fff34430000 - 0x00007fff34438000 	C:\WINDOWS\System32\NSI.dll
0x00007fff30e10000 - 0x00007fff30e4a000 	C:\WINDOWS\SYSTEM32\IPHLPAPI.DLL
0x00007ffefd470000 - 0x00007ffefd47e000 	C:\WINDOWS\System32\winrnr.dll
0x00007fff2da80000 - 0x00007fff2da9c000 	C:\WINDOWS\system32\NLAapi.dll
0x00007fff2cf70000 - 0x00007fff2cf85000 	C:\WINDOWS\system32\wshbth.dll
0x00007fff2a180000 - 0x00007fff2a18a000 	C:\Windows\System32\rasadhlp.dll
0x00007fff27c60000 - 0x00007fff27cd7000 	C:\WINDOWS\System32\fwpuclnt.dll
0x00007fff31ca0000 - 0x00007fff31cc6000 	C:\WINDOWS\System32\bcrypt.dll
0x00007fff30c70000 - 0x00007fff30ca3000 	C:\WINDOWS\system32\rsaenh.dll
0x00007fff31780000 - 0x00007fff317a5000 	C:\WINDOWS\SYSTEM32\USERENV.dll
0x00007fff28f90000 - 0x00007fff28fa6000 	C:\WINDOWS\SYSTEM32\dhcpcsvc6.DLL
0x00007fff29900000 - 0x00007fff2991c000 	C:\WINDOWS\SYSTEM32\dhcpcsvc.DLL
0x00007ffee8260000 - 0x00007ffee83ff000 	C:\Program Files\Java\jdk-11.0.2\bin\awt.dll
0x00007fff34440000 - 0x00007fff34504000 	C:\WINDOWS\System32\OLEAUT32.dll
0x00007fff2e400000 - 0x00007fff2e9c0000 	C:\WINDOWS\SYSTEM32\d2d1.dll
0x00007fff2fac0000 - 0x00007fff2faed000 	C:\WINDOWS\system32\DWMAPI.DLL
0x00007fff2f680000 - 0x00007fff2f719000 	C:\WINDOWS\system32\uxtheme.dll
0x00007ffefbe30000 - 0x00007ffefbf86000 	C:\WINDOWS\system32\opengl32.dll
0x00007ffefccb0000 - 0x00007ffefccdc000 	C:\WINDOWS\SYSTEM32\GLU32.dll
0x00007fff30500000 - 0x00007fff30520000 	C:\WINDOWS\SYSTEM32\dxcore.dll
0x00007fff342f0000 - 0x00007fff34426000 	C:\WINDOWS\System32\MSCTF.dll
0x00007fff34820000 - 0x00007fff34976000 	C:\WINDOWS\System32\ole32.dll
0x00007ffef18b0000 - 0x00007ffef1930000 	C:\Program Files\Java\jdk-11.0.2\bin\freetype.dll
0x00007ffef17c0000 - 0x00007ffef182f000 	C:\Program Files\Java\jdk-11.0.2\bin\fontmanager.dll
0x00007fff346c0000 - 0x00007fff34762000 	C:\WINDOWS\System32\clbcatq.dll
0x00007fff2bb30000 - 0x00007fff2bcdf000 	C:\WINDOWS\SYSTEM32\WindowsCodecs.dll
0x00007ffefa0f0000 - 0x00007ffefa12a000 	C:\WINDOWS\system32\dataexchange.dll
0x00007fff2e1a0000 - 0x00007fff2e3fb000 	C:\WINDOWS\system32\d3d11.dll
0x00007fff2ee20000 - 0x00007fff2effb000 	C:\WINDOWS\system32\dcomp.dll
0x00007fff30590000 - 0x00007fff3067b000 	C:\WINDOWS\system32\dxgi.dll
0x00007fff2f840000 - 0x00007fff2fa9a000 	C:\WINDOWS\system32\twinapi.appcore.dll
0x00007fff2fd50000 - 0x00007fff2fd79000 	C:\WINDOWS\system32\RMCLIENT.dll
0x00007fff1c770000 - 0x00007fff1c80e000 	C:\WINDOWS\System32\TextInputFramework.dll
0x00007fff2f370000 - 0x00007fff2f444000 	C:\WINDOWS\System32\CoreMessaging.dll
0x00007fff2bee0000 - 0x00007fff2c20a000 	C:\WINDOWS\System32\CoreUIComponents.dll
0x00007fff2cfe0000 - 0x00007fff2d133000 	C:\WINDOWS\SYSTEM32\wintypes.dll
0x00007fff308f0000 - 0x00007fff30921000 	C:\WINDOWS\SYSTEM32\ntmarta.dll
0x00007fff19240000 - 0x00007fff192a5000 	C:\WINDOWS\system32\Oleacc.dll
0x00007fff04d40000 - 0x00007fff04d7d000 	C:\Users\Daglemino\AppData\Local\Temp\JOCL_2_0_0-windows-x86_64.dll
0x00007fff04d20000 - 0x00007fff04d3d000 	C:\WINDOWS\SYSTEM32\OpenCL.dll
0x00007ffeb4650000 - 0x00007ffeb5cd0000 	C:\WINDOWS\System32\DriverStore\FileRepository\nvhm.inf_amd64_d1c40a54a36b6122\nvopencl64.dll
0x00007fff33b30000 - 0x00007fff33fa0000 	C:\WINDOWS\System32\SETUPAPI.dll
0x00007ffed1d20000 - 0x00007ffed1e42000 	C:\WINDOWS\SYSTEM32\nvfatbinaryLoader.dll
0x00007fff19710000 - 0x00007fff19c08000 	C:\WINDOWS\system32\nvapi64.dll
0x00007fff31690000 - 0x00007fff316ba000 	C:\WINDOWS\SYSTEM32\DEVOBJ.dll
0x00007fff32a10000 - 0x00007fff32a6c000 	C:\WINDOWS\System32\WINTRUST.dll
0x00007fff318c0000 - 0x00007fff318d2000 	C:\WINDOWS\System32\MSASN1.dll
0x00007fff31e00000 - 0x00007fff31f49000 	C:\WINDOWS\System32\CRYPT32.dll
0x00007ffed0cc0000 - 0x00007ffed0e45000 	C:\WINDOWS\System32\DriverStore\FileRepository\iigd_dch.inf_amd64_8f062540d3fd067f\IntelOpenCL64.dll
0x00007ffebf750000 - 0x00007ffebf8b1000 	C:\WINDOWS\System32\DriverStore\FileRepository\iigd_dch.inf_amd64_8f062540d3fd067f\ocl\bin\x64\intelocl64.dll
0x00007ffef1750000 - 0x00007ffef17be000 	C:\WINDOWS\System32\DriverStore\FileRepository\iigd_dch.inf_amd64_8f062540d3fd067f\ocl\bin\x64\task_executor64.dll
0x00007ffef16c0000 - 0x00007ffef1746000 	C:\WINDOWS\System32\DriverStore\FileRepository\iigd_dch.inf_amd64_8f062540d3fd067f\ocl\bin\x64\cpu_device64.dll
0x00007ffebf090000 - 0x00007ffebf3eb000 	C:\WINDOWS\System32\DriverStore\FileRepository\iigd_dch.inf_amd64_8f062540d3fd067f\igdrcl64.dll
0x00007fff27920000 - 0x00007fff27a3d000 	C:\WINDOWS\System32\DriverStore\FileRepository\iigd_dch.inf_amd64_8f062540d3fd067f\igdgmm64.dll
0x00007ffed7240000 - 0x00007ffed7304000 	C:\WINDOWS\System32\DriverStore\FileRepository\iigd_dch.inf_amd64_8f062540d3fd067f\igdfcl64.dll
0x00007fff24610000 - 0x00007fff268b5000 	C:\WINDOWS\System32\DriverStore\FileRepository\iigd_dch.inf_amd64_8f062540d3fd067f\igc64.dll
0x00007ffea9930000 - 0x00007ffeabf9a000 	C:\WINDOWS\system32\nvcompiler.dll
0x00007ffed6c00000 - 0x00007ffed6ce6000 	C:\WINDOWS\System32\DriverStore\FileRepository\iigd_dch.inf_amd64_8f062540d3fd067f\ocl\bin\x64\tbb\ocltbb64.dll
0x00007ffeb3000000 - 0x00007ffeb464a000 	C:\WINDOWS\System32\DriverStore\FileRepository\iigd_dch.inf_amd64_8f062540d3fd067f\ocl\bin\x64\OclCpuBackEnd64.dll
0x00007ffea92e0000 - 0x00007ffea9930000 	C:\WINDOWS\System32\DriverStore\FileRepository\iigd_dch.inf_amd64_8f062540d3fd067f\ocl\bin\x64\__ocl_svml_l9.dll
0x00007ffeb2c10000 - 0x00007ffeb2ffe000 	C:\WINDOWS\System32\DriverStore\FileRepository\iigd_dch.inf_amd64_8f062540d3fd067f\ocl\bin\x64\clang_compiler64.dll
0x00007ffea4f20000 - 0x00007ffea92d6000 	C:\WINDOWS\System32\DriverStore\FileRepository\iigd_dch.inf_amd64_8f062540d3fd067f\common_clang64.dll

dbghelp: loaded successfully - version: 4.0.5 - missing functions: none
symbol engine: initialized successfully - sym options: 0x614 - pdb path: .;C:\Program Files\Java\jdk-11.0.2\bin;C:\WINDOWS\SYSTEM32;C:\WINDOWS\WinSxS\amd64_microsoft.windows.common-controls_6595b64144ccf1df_6.0.18362.476_none_e6c4b11b130f2595;C:\Program Files\Java\jdk-11.0.2\bin\server;C:\Users\Daglemino\AppData\Local\Temp;C:\WINDOWS\System32\DriverStore\FileRepository\nvhm.inf_amd64_d1c40a54a36b6122;C:\WINDOWS\System32\DriverStore\FileRepository\iigd_dch.inf_amd64_8f062540d3fd067f;C:\WINDOWS\System32\DriverStore\FileRepository\iigd_dch.inf_amd64_8f062540d3fd067f\ocl\bin\x64;C:\WINDOWS\System32\DriverStore\FileRepository\iigd_dch.inf_amd64_8f062540d3fd067f\ocl\bin\x64\tbb

VM Arguments:
jvm_args: -Dorg.gradle.native=false -javaagent:build/tmp/expandedArchives/org.jacoco.agent-0.8.5.jar_6a2df60c47de373ea127d14406367999/jacocoagent.jar=destfile=build/jacoco/test.exec,append=true,inclnolocationclasses=false,dumponexit=true,output=file,jmx=false -Xmx512m -Dfile.encoding=windows-1252 -Duser.country=AT -Duser.language=de -Duser.variant -ea 
java_command: worker.org.gradle.process.internal.worker.GradleWorkerMain 'Gradle Test Executor 24'
java_class_path (initial): C:\\Users\\Daglemino\\.gradle\\caches\\5.6.2\\workerMain\\gradle-worker.jar;D:\\development\\java\\studium\\neureka\\build\\classes\\java\\test;D:\\development\\java\\studium\\neureka\\build\\classes\\groovy\\test;D:\\development\\java\\studium\\neureka\\build\\resources\\test;D:\\development\\java\\studium\\neureka\\build\\classes\\java\\main;D:\\development\\java\\studium\\neureka\\build\\classes\\groovy\\main;D:\\development\\java\\studium\\neureka\\build\\resources\\main;C:\\Users\\Daglemino\\.gradle\\caches\\modules-2\\files-2.1\\org.jocl\\jocl\\2.0.0\\79c9e57adcea8bed6c8eeec9df964467d80105fe\\jocl-2.0.0.jar;C:\\Users\\Daglemino\\.gradle\\caches\\modules-2\\files-2.1\\org.jetbrains\\annotations\\16.0.2\\dab5655eb9abe23f2245c34e66c9813c7daf4563\\annotations-16.0.2.jar;C:\\Users\\Daglemino\\.gradle\\caches\\modules-2\\files-2.1\\org.codehaus.groovy\\groovy-all\\2.4.14\\cd1a8ce914f5fe86c00a917b0577da6f367edcf9\\groovy-all-2.4.14.jar;C:\\Users\\Daglemino\\.gradle\\caches\\modules-2\\files-2.1\\junit\\junit\\4.12\\2973d150c0dc1fefe998f834810d68f278ea58ec\\junit-4.12.jar;C:\\Users\\Daglemino\\.gradle\\caches\\modules-2\\files-2.1\\org.hamcrest\\hamcrest-core\\1.3\\42a25dc3219429f0e5d060061f71acb49bf010a0\\hamcrest-core-1.3.jar
Launcher Type: SUN_STANDARD

[Global flags]
     intx CICompilerCount                          = 4                                         {product} {ergonomic}
     uint ConcGCThreads                            = 3                                         {product} {ergonomic}
     uint G1ConcRefinementThreads                  = 10                                        {product} {ergonomic}
   size_t G1HeapRegionSize                         = 1048576                                   {product} {ergonomic}
    uintx GCDrainStackTargetSize                   = 64                                        {product} {ergonomic}
   size_t InitialHeapSize                          = 264241152                                 {product} {ergonomic}
   size_t MarkStackSize                            = 4194304                                   {product} {ergonomic}
   size_t MaxHeapSize                              = 536870912                                 {product} {command line}
   size_t MaxNewSize                               = 321912832                                 {product} {ergonomic}
   size_t MinHeapDeltaBytes                        = 1048576                                   {product} {ergonomic}
    uintx NonNMethodCodeHeapSize                   = 5835340                                {pd product} {ergonomic}
    uintx NonProfiledCodeHeapSize                  = 122911450                              {pd product} {ergonomic}
    uintx ProfiledCodeHeapSize                     = 122911450                              {pd product} {ergonomic}
    uintx ReservedCodeCacheSize                    = 251658240                              {pd product} {ergonomic}
     bool SegmentedCodeCache                       = true                                      {product} {ergonomic}
     bool UseCompressedClassPointers               = true                                 {lp64_product} {ergonomic}
     bool UseCompressedOops                        = true                                 {lp64_product} {ergonomic}
     bool UseG1GC                                  = true                                      {product} {ergonomic}
     bool UseLargePagesIndividualAllocation        = false                                  {pd product} {ergonomic}

Logging:
Log output configuration:
 #0: stdout all=warning uptime,level,tags
 #1: stderr all=off uptime,level,tags

Environment Variables:
JAVA_HOME=C:\Program Files\Java\jdk-12.0.2
PATH=C:\Program Files (x86)\Common Files\Oracle\Java\javapath;C:\windows\system32;C:\windows;C:\windows\System32\Wbem;C:\windows\System32\WindowsPowerShell\v1.0\;C:\windows\System32\OpenSSH\;C:\Program Files (x86)\NVIDIA Corporation\PhysX\Common;D:\development\version control\Git\cmd;D:\Software\posgres\pg11\bin;C:\Program Files\Intel\WiFi\bin\;C:\Program Files\Common Files\Intel\WirelessCommon\;C:\Program Files (x86)\Windows Kits\10\Windows Performance Toolkit\;C:\Program Files\Java\jdk-12.0.2\lib;C:\WINDOWS\system32;C:\WINDOWS;C:\WINDOWS\System32\Wbem;C:\WINDOWS\System32\WindowsPowerShell\v1.0\;C:\WINDOWS\System32\OpenSSH\;;C:\Program Files (x86)\Gpg4win\..\GnuPG\bin;C:\Users\Daglemino\AppData\Local\Programs\Python\Python36-32\Scripts\;C:\Users\Daglemino\AppData\Local\Programs\Python\Python36-32\;C:\Users\Daglemino\AppData\Local\Microsoft\WindowsApps
USERNAME=Daglemino
OS=Windows_NT
PROCESSOR_IDENTIFIER=Intel64 Family 6 Model 158 Stepping 10, GenuineIntel



---------------  S Y S T E M  ---------------

OS: Windows 10 , 64 bit Build 18362 (10.0.18362.329)

CPU:total 12 (initial active 12) (6 cores per cpu, 2 threads per core) family 6 model 158 stepping 10, cmov, cx8, fxsr, mmx, sse, sse2, sse3, ssse3, sse4.1, sse4.2, popcnt, avx, avx2, aes, clmul, erms, 3dnowpref, lzcnt, ht, tsc, tscinvbit, bmi1, bmi2, adx, fma

Memory: 4k page, system-wide physical 16122M (7616M free)
TotalPageFile size 26874M (AvailPageFile size 12946M)
current process WorkingSet (physical memory assigned to process): 385M, peak: 486M
current process commit charge ("private bytes"): 450M, peak: 637M

vm_info: Java HotSpot(TM) 64-Bit Server VM (11.0.2+9-LTS) for windows-amd64 JRE (11.0.2+9-LTS), built on Jan 18 2019 05:24:10 by "mach5one" with MS VC++ 15.5 (VS2017)

END.
