#
# A fatal error has been detected by the Java Runtime Environment:
#
#  EXCEPTION_ACCESS_VIOLATION (0xc0000005) at pc=0x00007ffb2d64300c, pid=22884, tid=18680
#
# JRE version: Java(TM) SE Runtime Environment (11.0.2+9) (build 11.0.2+9-LTS)
# Java VM: Java HotSpot(TM) 64-Bit Server VM (11.0.2+9-LTS, mixed mode, tiered, compressed oops, g1 gc, windows-amd64)
# Problematic frame:
# C  [OpenCL.dll+0x300c]
#
# No core dump will be written. Minidumps are not enabled by default on client versions of Windows
#
# If you would like to submit a bug report, please visit:
#   http://bugreport.java.com/bugreport/crash.jsp
# The crash happened outside the Java Virtual Machine in native code.
# See problematic frame for where to report the bug.
#

---------------  S U M M A R Y ------------

Command Line: -Dorg.gradle.native=false -javaagent:build/tmp/expandedArchives/org.jacoco.agent-0.8.5.jar_6a2df60c47de373ea127d14406367999/jacocoagent.jar=destfile=build/jacoco/test.exec,append=true,inclnolocationclasses=false,dumponexit=true,output=file,jmx=false -Xmx512m -Dfile.encoding=windows-1252 -Duser.country=AT -Duser.language=de -Duser.variant -ea worker.org.gradle.process.internal.worker.GradleWorkerMain 'Gradle Test Executor 24'

Host: Intel(R) Core(TM) i7-8750H CPU @ 2.20GHz, 12 cores, 15G,  Windows 10 , 64 bit Build 18362 (10.0.18362.329)
Time: Mon Nov 18 18:52:48 2019 Mitteleuropäische Zeit elapsed time: 11 seconds (0d 0h 0m 11s)

---------------  T H R E A D  ---------------

Current thread (0x0000021a3652d800):  JavaThread "Cleaner-0" daemon [_thread_in_native, id=18680, stack(0x000000aa54800000,0x000000aa54900000)]

Stack: [0x000000aa54800000,0x000000aa54900000],  sp=0x000000aa548ff1d8,  free space=1020k
Native frames: (J=compiled Java code, j=interpreted, Vv=VM code, C=native code)
C  [OpenCL.dll+0x300c]

Java frames: (J=compiled Java code, j=interpreted, Vv=VM code)
j  org.jocl.CL.clReleaseMemObjectNative(Lorg/jocl/cl_mem;)I+0
j  org.jocl.CL.clReleaseMemObject(Lorg/jocl/cl_mem;)I+5
j  neureka.core.device.openCL.OpenCLDevice._rmv(Lneureka/core/device/WeakTensorReference;)V+43
j  neureka.core.device.openCL.OpenCLDevice.lambda$_add$3(Lneureka/core/device/WeakTensorReference;)V+9
j  neureka.core.device.openCL.OpenCLDevice$$Lambda$195.run()V+8
J 1043 c1 jdk.internal.ref.CleanerImpl$PhantomCleanableRef.performCleanup()V java.base@11.0.2 (10 bytes) @ 0x0000021a21728c5c [0x0000021a21728b60+0x00000000000000fc]
J 1042 c1 jdk.internal.ref.PhantomCleanable.clean()V java.base@11.0.2 (16 bytes) @ 0x0000021a2172870c [0x0000021a21728560+0x00000000000001ac]
j  jdk.internal.ref.CleanerImpl.run()V+77 java.base@11.0.2
j  java.lang.Thread.run()V+11 java.base@11.0.2
j  jdk.internal.misc.InnocuousThread.run()V+20 java.base@11.0.2
v  ~StubRoutines::call_stub

siginfo: EXCEPTION_ACCESS_VIOLATION (0xc0000005), reading address 0x0000000000000090


Register to memory mapping:

RIP=0x00007ffb2d64300c OpenCL.dll
RAX=0x0 is NULL
RBX={method} {0x0000021a3d7425c0} 'clReleaseMemObjectNative' '(Lorg/jocl/cl_mem;)I' in 'org/jocl/CL'
RCX=0x0000021a503cef20 points into unknown readable memory: 00 00 00 00 00 00 00 00
RDX=0x000000aa548ff278 is pointing into the stack for thread: 0x0000021a3652d800
RSP=0x000000aa548ff1d8 is pointing into the stack for thread: 0x0000021a3652d800
RBP=0x000000aa548ff258 is pointing into the stack for thread: 0x0000021a3652d800
RSI=0x0000000000000140 is an unknown value
RDI=0x00000000000001f2 is an unknown value
R8 =0x0000000000000042 is an unknown value
R9 =0x00000000e74e47b8 is an oop: org.jocl.cl_mem 
{0x00000000e74e47b8} - klass: 'org/jocl/cl_mem'
R10=0x00000000000001ba is an unknown value
R11=0x00007ffaf046e0e8 jvm.dll
R12=0x0 is NULL
R13={method} {0x0000021a3d7425c0} 'clReleaseMemObjectNative' '(Lorg/jocl/cl_mem;)I' in 'org/jocl/CL'
R14=0x000000aa548ff278 is pointing into the stack for thread: 0x0000021a3652d800
R15=0x0000021a3652d800 is a thread


Registers:
RAX=0x0000000000000000, RBX=0x0000021a3d7425b8, RCX=0x0000021a503cef20, RDX=0x000000aa548ff278
RSP=0x000000aa548ff1d8, RBP=0x000000aa548ff258, RSI=0x0000000000000140, RDI=0x00000000000001f2
R8 =0x0000000000000042, R9 =0x00000000e74e47b8, R10=0x00000000000001ba, R11=0x00007ffaf046e0e8
R12=0x0000000000000000, R13=0x0000021a3d7425b8, R14=0x000000aa548ff278, R15=0x0000021a3652d800
RIP=0x00007ffb2d64300c, EFLAGS=0x0000000000010202

Top of Stack: (sp=0x000000aa548ff1d8)
0x000000aa548ff1d8:   0000021a20f3f037 0000021a3d7425b8
0x000000aa548ff1e8:   00000000e74e48c0 000000aa548ff2c8
0x000000aa548ff1f8:   0000021a21cabe74 0000021a38660941
0x000000aa548ff208:   000000aa548ff270 000000aa548ff210
0x000000aa548ff218:   0000000000000000 000000aa548ff278
0x000000aa548ff228:   0000021a3d74d098 0000000000000000
0x000000aa548ff238:   00000000e759dc38 0000021a3d7425b8
0x000000aa548ff248:   0000000000000000 000000aa548ff278
0x000000aa548ff258:   000000aa548ff2c8 0000021a20f39840
0x000000aa548ff268:   00000000e759dc38 0000021a20f3bf96
0x000000aa548ff278:   00000000e74e47b8 000000aa548ff280
0x000000aa548ff288:   0000021a3d742505 000000aa548ff2e0
0x000000aa548ff298:   0000021a3d74d098 0000000000000000
0x000000aa548ff2a8:   00000000e759dc38 0000021a3d742528
0x000000aa548ff2b8:   000000aa548ff278 000000aa548ff2e0
0x000000aa548ff2c8:   000000aa548ff330 0000021a20f39840 

Instructions: (pc=0x00007ffb2d64300c)
0x00007ffb2d642fec:   48 ff a0 28 01 00 00 cc cc cc cc cc cc cc cc cc
0x00007ffb2d642ffc:   cc cc cc cc 48 85 c9 75 04 8d 41 da c3 48 8b 01
0x00007ffb2d64300c:   48 ff a0 90 00 00 00 cc cc cc cc cc cc cc cc cc
0x00007ffb2d64301c:   cc cc cc cc 48 85 c9 75 04 8d 41 d4 c3 48 8b 01 


Stack slot to memory mapping:
stack at sp + 0 slots: 0x0000021a20f3f037 is at code_begin+1047 in an Interpreter codelet
method entry point (kind = native)  [0x0000021a20f3ec20, 0x0000021a20f3f780]  2912 bytes
stack at sp + 1 slots: {method} {0x0000021a3d7425c0} 'clReleaseMemObjectNative' '(Lorg/jocl/cl_mem;)I' in 'org/jocl/CL'
stack at sp + 2 slots: 0x00000000e74e48c0 is an oop: neureka.core.device.WeakTensorReference 
{0x00000000e74e48c0} - klass: 'neureka/core/device/WeakTensorReference'
stack at sp + 3 slots: 0x000000aa548ff2c8 is pointing into the stack for thread: 0x0000021a3652d800
stack at sp + 4 slots: 0x0000021a21cabe74 is at entry_point+84 in (nmethod*)0x0000021a21cabc10
stack at sp + 5 slots: 0x0000021a38660941 is pointing into metadata
stack at sp + 6 slots: 0x000000aa548ff270 is pointing into the stack for thread: 0x0000021a3652d800
stack at sp + 7 slots: 0x000000aa548ff210 is pointing into the stack for thread: 0x0000021a3652d800


---------------  P R O C E S S  ---------------

Threads class SMR info:
_java_thread_list=0x0000021a3598ed40, length=21, elements={
0x0000021a17466000, 0x0000021a353b6800, 0x0000021a353e4800, 0x0000021a3543e800,
0x0000021a35440000, 0x0000021a35444000, 0x0000021a35445000, 0x0000021a35449000,
0x0000021a34b70000, 0x0000021a356cb000, 0x0000021a367b8000, 0x0000021a366d0000,
0x0000021a36710000, 0x0000021a36890000, 0x0000021a38461000, 0x0000021a372e4000,
0x0000021a36d2d000, 0x0000021a36d2b800, 0x0000021a3652d800, 0x0000021a3652e000,
0x0000021a3652f800
}

Java Threads: ( => current thread )
  0x0000021a17466000 JavaThread "main" [_thread_blocked, id=19928, stack(0x000000aa51a00000,0x000000aa51b00000)]
  0x0000021a353b6800 JavaThread "Reference Handler" daemon [_thread_blocked, id=10128, stack(0x000000aa52100000,0x000000aa52200000)]
  0x0000021a353e4800 JavaThread "Finalizer" daemon [_thread_blocked, id=15672, stack(0x000000aa52200000,0x000000aa52300000)]
  0x0000021a3543e800 JavaThread "Signal Dispatcher" daemon [_thread_blocked, id=3500, stack(0x000000aa52300000,0x000000aa52400000)]
  0x0000021a35440000 JavaThread "Attach Listener" daemon [_thread_blocked, id=12104, stack(0x000000aa52400000,0x000000aa52500000)]
  0x0000021a35444000 JavaThread "C2 CompilerThread0" daemon [_thread_in_native, id=26384, stack(0x000000aa52500000,0x000000aa52600000)]
  0x0000021a35445000 JavaThread "C1 CompilerThread0" daemon [_thread_in_vm, id=25920, stack(0x000000aa52600000,0x000000aa52700000)]
  0x0000021a35449000 JavaThread "Sweeper thread" daemon [_thread_blocked, id=13248, stack(0x000000aa52700000,0x000000aa52800000)]
  0x0000021a34b70000 JavaThread "Common-Cleaner" daemon [_thread_blocked, id=24232, stack(0x000000aa52800000,0x000000aa52900000)]
  0x0000021a356cb000 JavaThread "Service Thread" daemon [_thread_blocked, id=15608, stack(0x000000aa52900000,0x000000aa52a00000)]
  0x0000021a367b8000 JavaThread "Test worker" [_thread_in_vm, id=8728, stack(0x000000aa53300000,0x000000aa53400000)]
  0x0000021a366d0000 JavaThread "/127.0.0.1:49318 to /127.0.0.1:49317 workers Thread 2" [_thread_blocked, id=25744, stack(0x000000aa53400000,0x000000aa53500000)]
  0x0000021a36710000 JavaThread "/127.0.0.1:49318 to /127.0.0.1:49317 workers Thread 3" [_thread_in_native, id=18140, stack(0x000000aa53500000,0x000000aa53600000)]
  0x0000021a36890000 JavaThread "Java2D Disposer" daemon [_thread_blocked, id=20020, stack(0x000000aa53a00000,0x000000aa53b00000)]
  0x0000021a38461000 JavaThread "AWT-Shutdown" [_thread_blocked, id=15968, stack(0x000000aa53b00000,0x000000aa53c00000)]
  0x0000021a372e4000 JavaThread "AWT-Windows" daemon [_thread_in_native, id=2164, stack(0x000000aa53c00000,0x000000aa53d00000)]
  0x0000021a36d2d000 JavaThread "AWT-EventQueue-0" [_thread_in_native, id=3884, stack(0x000000aa53d00000,0x000000aa53e00000)]
  0x0000021a36d2b800 JavaThread "TimerQueue" daemon [_thread_blocked, id=10920, stack(0x000000aa54100000,0x000000aa54200000)]
=>0x0000021a3652d800 JavaThread "Cleaner-0" daemon [_thread_in_native, id=18680, stack(0x000000aa54800000,0x000000aa54900000)]
  0x0000021a3652e000 JavaThread "C2 CompilerThread1" daemon [_thread_in_native, id=11852, stack(0x000000aa54900000,0x000000aa54a00000)]
  0x0000021a3652f800 JavaThread "C2 CompilerThread2" daemon [_thread_in_native, id=20112, stack(0x000000aa54b00000,0x000000aa54c00000)]

Other Threads:
  0x0000021a353b2000 VMThread "VM Thread" [stack: 0x000000aa52000000,0x000000aa52100000] [id=2280]
  0x0000021a356cc000 WatcherThread [stack: 0x000000aa52a00000,0x000000aa52b00000] [id=23944]
  0x0000021a1747e000 GCTaskThread "GC Thread#0" [stack: 0x000000aa51b00000,0x000000aa51c00000] [id=10512]
  0x0000021a37292800 GCTaskThread "GC Thread#1" [stack: 0x000000aa52d00000,0x000000aa52e00000] [id=21340]
  0x0000021a36baa000 GCTaskThread "GC Thread#2" [stack: 0x000000aa52e00000,0x000000aa52f00000] [id=2328]
  0x0000021a36957000 GCTaskThread "GC Thread#3" [stack: 0x000000aa52f00000,0x000000aa53000000] [id=21032]
  0x0000021a36957800 GCTaskThread "GC Thread#4" [stack: 0x000000aa53000000,0x000000aa53100000] [id=20960]
  0x0000021a37615800 GCTaskThread "GC Thread#5" [stack: 0x000000aa53100000,0x000000aa53200000] [id=19992]
  0x0000021a37d07800 GCTaskThread "GC Thread#6" [stack: 0x000000aa53600000,0x000000aa53700000] [id=9488]
  0x0000021a37ed6800 GCTaskThread "GC Thread#7" [stack: 0x000000aa53700000,0x000000aa53800000] [id=10636]
  0x0000021a3f247800 GCTaskThread "GC Thread#8" [stack: 0x000000aa54c00000,0x000000aa54d00000] [id=24212]
  0x0000021a3a698000 GCTaskThread "GC Thread#9" [stack: 0x000000aa54d00000,0x000000aa54e00000] [id=23044]
  0x0000021a1748e800 ConcurrentGCThread "G1 Main Marker" [stack: 0x000000aa51c00000,0x000000aa51d00000] [id=14372]
  0x0000021a17491800 ConcurrentGCThread "G1 Conc#0" [stack: 0x000000aa51d00000,0x000000aa51e00000] [id=23476]
  0x0000021a366a3000 ConcurrentGCThread "G1 Conc#1" [stack: 0x000000aa53800000,0x000000aa53900000] [id=4276]
  0x0000021a38840800 ConcurrentGCThread "G1 Conc#2" [stack: 0x000000aa53900000,0x000000aa53a00000] [id=7252]
  0x0000021a34a20800 ConcurrentGCThread "G1 Refine#0" [stack: 0x000000aa51e00000,0x000000aa51f00000] [id=25620]
  0x0000021a34a23000 ConcurrentGCThread "G1 Young RemSet Sampling" [stack: 0x000000aa51f00000,0x000000aa52000000] [id=11872]

Threads with active compile tasks:
C2 CompilerThread03739       4       javax.swing.text.GapContent::createPosition (188 bytes)
C1 CompilerThread03776   !   2       java.awt.Component::validate (105 bytes)
C2 CompilerThread13435   !   4       javax.swing.text.PlainDocument::insertUpdate (410 bytes)
C2 CompilerThread23486 %     4       org.jacoco.agent.rt.internal_43f5073.asm.ClassReader::readCode @ 2165 (5089 bytes)

VM state:not at safepoint (normal execution)

VM Mutex/Monitor currently owned by a thread:  ([mutex/lock_event])
[0x0000021a174648c0] Compile_lock - owner thread: 0x0000021a35445000
[0x0000021a17464d40] MethodCompileQueue_lock - owner thread: 0x0000021a35445000

Heap address: 0x00000000e0000000, size: 512 MB, Compressed Oops mode: 32-bit
Narrow klass base: 0x0000000000000000, Narrow klass shift: 3
Compressed class space size: 1073741824 Address: 0x0000000100000000

Heap:
 garbage-first heap   total 258048K, used 24244K [0x00000000e0000000, 0x0000000100000000)
  region size 1024K, 22 young (22528K), 11 survivors (11264K)
 Metaspace       used 29922K, capacity 31059K, committed 31104K, reserved 1077248K
  class space    used 3198K, capacity 3670K, committed 3712K, reserved 1048576K
Heap Regions: E=young(eden), S=young(survivor), O=old, HS=humongous(starts), HC=humongous(continues), CS=collection set, F=free, A=archive, TAMS=top-at-mark-start (previous, next)
|   0|0x00000000e0000000, 0x00000000e0055400, 0x00000000e0100000| 33%| O|  |TAMS 0x00000000e0055400, 0x00000000e0000000| Untracked 
|   1|0x00000000e0100000, 0x00000000e0200000, 0x00000000e0200000|100%|HS|  |TAMS 0x00000000e0100000, 0x00000000e0100000| Complete 
|   2|0x00000000e0200000, 0x00000000e0300000, 0x00000000e0300000|100%|HC|  |TAMS 0x00000000e0200000, 0x00000000e0200000| Complete 
|   3|0x00000000e0300000, 0x00000000e0400000, 0x00000000e0400000|100%|HC|  |TAMS 0x00000000e0300000, 0x00000000e0300000| Complete 
|   4|0x00000000e0400000, 0x00000000e0400000, 0x00000000e0500000|  0%| F|  |TAMS 0x00000000e0400000, 0x00000000e0400000| Untracked 
|   5|0x00000000e0500000, 0x00000000e0500000, 0x00000000e0600000|  0%| F|  |TAMS 0x00000000e0500000, 0x00000000e0500000| Untracked 
|   6|0x00000000e0600000, 0x00000000e0600000, 0x00000000e0700000|  0%| F|  |TAMS 0x00000000e0600000, 0x00000000e0600000| Untracked 
|   7|0x00000000e0700000, 0x00000000e0700000, 0x00000000e0800000|  0%| F|  |TAMS 0x00000000e0700000, 0x00000000e0700000| Untracked 
|   8|0x00000000e0800000, 0x00000000e0800000, 0x00000000e0900000|  0%| F|  |TAMS 0x00000000e0800000, 0x00000000e0800000| Untracked 
|   9|0x00000000e0900000, 0x00000000e0900000, 0x00000000e0a00000|  0%| F|  |TAMS 0x00000000e0900000, 0x00000000e0900000| Untracked 
|  10|0x00000000e0a00000, 0x00000000e0a00000, 0x00000000e0b00000|  0%| F|  |TAMS 0x00000000e0a00000, 0x00000000e0a00000| Untracked 
|  11|0x00000000e0b00000, 0x00000000e0b00000, 0x00000000e0c00000|  0%| F|  |TAMS 0x00000000e0b00000, 0x00000000e0b00000| Untracked 
|  12|0x00000000e0c00000, 0x00000000e0c00000, 0x00000000e0d00000|  0%| F|  |TAMS 0x00000000e0c00000, 0x00000000e0c00000| Untracked 
|  13|0x00000000e0d00000, 0x00000000e0d00000, 0x00000000e0e00000|  0%| F|  |TAMS 0x00000000e0d00000, 0x00000000e0d00000| Untracked 
|  14|0x00000000e0e00000, 0x00000000e0e00000, 0x00000000e0f00000|  0%| F|  |TAMS 0x00000000e0e00000, 0x00000000e0e00000| Untracked 
|  15|0x00000000e0f00000, 0x00000000e0f00000, 0x00000000e1000000|  0%| F|  |TAMS 0x00000000e0f00000, 0x00000000e0f00000| Untracked 
|  16|0x00000000e1000000, 0x00000000e1000000, 0x00000000e1100000|  0%| F|  |TAMS 0x00000000e1000000, 0x00000000e1000000| Untracked 
|  17|0x00000000e1100000, 0x00000000e1100000, 0x00000000e1200000|  0%| F|  |TAMS 0x00000000e1100000, 0x00000000e1100000| Untracked 
|  18|0x00000000e1200000, 0x00000000e1200000, 0x00000000e1300000|  0%| F|  |TAMS 0x00000000e1200000, 0x00000000e1200000| Untracked 
|  19|0x00000000e1300000, 0x00000000e1300000, 0x00000000e1400000|  0%| F|  |TAMS 0x00000000e1300000, 0x00000000e1300000| Untracked 
|  20|0x00000000e1400000, 0x00000000e1400000, 0x00000000e1500000|  0%| F|  |TAMS 0x00000000e1400000, 0x00000000e1400000| Untracked 
|  21|0x00000000e1500000, 0x00000000e1500000, 0x00000000e1600000|  0%| F|  |TAMS 0x00000000e1500000, 0x00000000e1500000| Untracked 
|  22|0x00000000e1600000, 0x00000000e1600000, 0x00000000e1700000|  0%| F|  |TAMS 0x00000000e1600000, 0x00000000e1600000| Untracked 
|  23|0x00000000e1700000, 0x00000000e1700000, 0x00000000e1800000|  0%| F|  |TAMS 0x00000000e1700000, 0x00000000e1700000| Untracked 
|  24|0x00000000e1800000, 0x00000000e1800000, 0x00000000e1900000|  0%| F|  |TAMS 0x00000000e1800000, 0x00000000e1800000| Untracked 
|  25|0x00000000e1900000, 0x00000000e1900000, 0x00000000e1a00000|  0%| F|  |TAMS 0x00000000e1900000, 0x00000000e1900000| Untracked 
|  26|0x00000000e1a00000, 0x00000000e1a00000, 0x00000000e1b00000|  0%| F|  |TAMS 0x00000000e1a00000, 0x00000000e1a00000| Untracked 
|  27|0x00000000e1b00000, 0x00000000e1b00000, 0x00000000e1c00000|  0%| F|  |TAMS 0x00000000e1b00000, 0x00000000e1b00000| Untracked 
|  28|0x00000000e1c00000, 0x00000000e1c00000, 0x00000000e1d00000|  0%| F|  |TAMS 0x00000000e1c00000, 0x00000000e1c00000| Untracked 
|  29|0x00000000e1d00000, 0x00000000e1d00000, 0x00000000e1e00000|  0%| F|  |TAMS 0x00000000e1d00000, 0x00000000e1d00000| Untracked 
|  30|0x00000000e1e00000, 0x00000000e1e00000, 0x00000000e1f00000|  0%| F|  |TAMS 0x00000000e1e00000, 0x00000000e1e00000| Untracked 
|  31|0x00000000e1f00000, 0x00000000e1f00000, 0x00000000e2000000|  0%| F|  |TAMS 0x00000000e1f00000, 0x00000000e1f00000| Untracked 
|  32|0x00000000e2000000, 0x00000000e2000000, 0x00000000e2100000|  0%| F|  |TAMS 0x00000000e2000000, 0x00000000e2000000| Untracked 
|  33|0x00000000e2100000, 0x00000000e2100000, 0x00000000e2200000|  0%| F|  |TAMS 0x00000000e2100000, 0x00000000e2100000| Untracked 
|  34|0x00000000e2200000, 0x00000000e2200000, 0x00000000e2300000|  0%| F|  |TAMS 0x00000000e2200000, 0x00000000e2200000| Untracked 
|  35|0x00000000e2300000, 0x00000000e2300000, 0x00000000e2400000|  0%| F|  |TAMS 0x00000000e2300000, 0x00000000e2300000| Untracked 
|  36|0x00000000e2400000, 0x00000000e2400000, 0x00000000e2500000|  0%| F|  |TAMS 0x00000000e2400000, 0x00000000e2400000| Untracked 
|  37|0x00000000e2500000, 0x00000000e2500000, 0x00000000e2600000|  0%| F|  |TAMS 0x00000000e2500000, 0x00000000e2500000| Untracked 
|  38|0x00000000e2600000, 0x00000000e2600000, 0x00000000e2700000|  0%| F|  |TAMS 0x00000000e2600000, 0x00000000e2600000| Untracked 
|  39|0x00000000e2700000, 0x00000000e2700000, 0x00000000e2800000|  0%| F|  |TAMS 0x00000000e2700000, 0x00000000e2700000| Untracked 
|  40|0x00000000e2800000, 0x00000000e2800000, 0x00000000e2900000|  0%| F|  |TAMS 0x00000000e2800000, 0x00000000e2800000| Untracked 
|  41|0x00000000e2900000, 0x00000000e2900000, 0x00000000e2a00000|  0%| F|  |TAMS 0x00000000e2900000, 0x00000000e2900000| Untracked 
|  42|0x00000000e2a00000, 0x00000000e2a00000, 0x00000000e2b00000|  0%| F|  |TAMS 0x00000000e2a00000, 0x00000000e2a00000| Untracked 
|  43|0x00000000e2b00000, 0x00000000e2b00000, 0x00000000e2c00000|  0%| F|  |TAMS 0x00000000e2b00000, 0x00000000e2b00000| Untracked 
|  44|0x00000000e2c00000, 0x00000000e2c00000, 0x00000000e2d00000|  0%| F|  |TAMS 0x00000000e2c00000, 0x00000000e2c00000| Untracked 
|  45|0x00000000e2d00000, 0x00000000e2d00000, 0x00000000e2e00000|  0%| F|  |TAMS 0x00000000e2d00000, 0x00000000e2d00000| Untracked 
|  46|0x00000000e2e00000, 0x00000000e2e00000, 0x00000000e2f00000|  0%| F|  |TAMS 0x00000000e2e00000, 0x00000000e2e00000| Untracked 
|  47|0x00000000e2f00000, 0x00000000e2f00000, 0x00000000e3000000|  0%| F|  |TAMS 0x00000000e2f00000, 0x00000000e2f00000| Untracked 
|  48|0x00000000e3000000, 0x00000000e3000000, 0x00000000e3100000|  0%| F|  |TAMS 0x00000000e3000000, 0x00000000e3000000| Untracked 
|  49|0x00000000e3100000, 0x00000000e3100000, 0x00000000e3200000|  0%| F|  |TAMS 0x00000000e3100000, 0x00000000e3100000| Untracked 
|  50|0x00000000e3200000, 0x00000000e3200000, 0x00000000e3300000|  0%| F|  |TAMS 0x00000000e3200000, 0x00000000e3200000| Untracked 
|  51|0x00000000e3300000, 0x00000000e3300000, 0x00000000e3400000|  0%| F|  |TAMS 0x00000000e3300000, 0x00000000e3300000| Untracked 
|  52|0x00000000e3400000, 0x00000000e3400000, 0x00000000e3500000|  0%| F|  |TAMS 0x00000000e3400000, 0x00000000e3400000| Untracked 
|  53|0x00000000e3500000, 0x00000000e3500000, 0x00000000e3600000|  0%| F|  |TAMS 0x00000000e3500000, 0x00000000e3500000| Untracked 
|  54|0x00000000e3600000, 0x00000000e3600000, 0x00000000e3700000|  0%| F|  |TAMS 0x00000000e3600000, 0x00000000e3600000| Untracked 
|  55|0x00000000e3700000, 0x00000000e3700000, 0x00000000e3800000|  0%| F|  |TAMS 0x00000000e3700000, 0x00000000e3700000| Untracked 
|  56|0x00000000e3800000, 0x00000000e3800000, 0x00000000e3900000|  0%| F|  |TAMS 0x00000000e3800000, 0x00000000e3800000| Untracked 
|  57|0x00000000e3900000, 0x00000000e3900000, 0x00000000e3a00000|  0%| F|  |TAMS 0x00000000e3900000, 0x00000000e3900000| Untracked 
|  58|0x00000000e3a00000, 0x00000000e3a00000, 0x00000000e3b00000|  0%| F|  |TAMS 0x00000000e3a00000, 0x00000000e3a00000| Untracked 
|  59|0x00000000e3b00000, 0x00000000e3b00000, 0x00000000e3c00000|  0%| F|  |TAMS 0x00000000e3b00000, 0x00000000e3b00000| Untracked 
|  60|0x00000000e3c00000, 0x00000000e3c00000, 0x00000000e3d00000|  0%| F|  |TAMS 0x00000000e3c00000, 0x00000000e3c00000| Untracked 
|  61|0x00000000e3d00000, 0x00000000e3d00000, 0x00000000e3e00000|  0%| F|  |TAMS 0x00000000e3d00000, 0x00000000e3d00000| Untracked 
|  62|0x00000000e3e00000, 0x00000000e3e00000, 0x00000000e3f00000|  0%| F|  |TAMS 0x00000000e3e00000, 0x00000000e3e00000| Untracked 
|  63|0x00000000e3f00000, 0x00000000e3f00000, 0x00000000e4000000|  0%| F|  |TAMS 0x00000000e3f00000, 0x00000000e3f00000| Untracked 
|  64|0x00000000e4000000, 0x00000000e4000000, 0x00000000e4100000|  0%| F|  |TAMS 0x00000000e4000000, 0x00000000e4000000| Untracked 
|  65|0x00000000e4100000, 0x00000000e4100000, 0x00000000e4200000|  0%| F|  |TAMS 0x00000000e4100000, 0x00000000e4100000| Untracked 
|  66|0x00000000e4200000, 0x00000000e4200000, 0x00000000e4300000|  0%| F|  |TAMS 0x00000000e4200000, 0x00000000e4200000| Untracked 
|  67|0x00000000e4300000, 0x00000000e4300000, 0x00000000e4400000|  0%| F|  |TAMS 0x00000000e4300000, 0x00000000e4300000| Untracked 
|  68|0x00000000e4400000, 0x00000000e4400000, 0x00000000e4500000|  0%| F|  |TAMS 0x00000000e4400000, 0x00000000e4400000| Untracked 
|  69|0x00000000e4500000, 0x00000000e4500000, 0x00000000e4600000|  0%| F|  |TAMS 0x00000000e4500000, 0x00000000e4500000| Untracked 
|  70|0x00000000e4600000, 0x00000000e4600000, 0x00000000e4700000|  0%| F|  |TAMS 0x00000000e4600000, 0x00000000e4600000| Untracked 
|  71|0x00000000e4700000, 0x00000000e4700000, 0x00000000e4800000|  0%| F|  |TAMS 0x00000000e4700000, 0x00000000e4700000| Untracked 
|  72|0x00000000e4800000, 0x00000000e4800000, 0x00000000e4900000|  0%| F|  |TAMS 0x00000000e4800000, 0x00000000e4800000| Untracked 
|  73|0x00000000e4900000, 0x00000000e4900000, 0x00000000e4a00000|  0%| F|  |TAMS 0x00000000e4900000, 0x00000000e4900000| Untracked 
|  74|0x00000000e4a00000, 0x00000000e4a00000, 0x00000000e4b00000|  0%| F|  |TAMS 0x00000000e4a00000, 0x00000000e4a00000| Untracked 
|  75|0x00000000e4b00000, 0x00000000e4b00000, 0x00000000e4c00000|  0%| F|  |TAMS 0x00000000e4b00000, 0x00000000e4b00000| Untracked 
|  76|0x00000000e4c00000, 0x00000000e4c00000, 0x00000000e4d00000|  0%| F|  |TAMS 0x00000000e4c00000, 0x00000000e4c00000| Untracked 
|  77|0x00000000e4d00000, 0x00000000e4d00000, 0x00000000e4e00000|  0%| F|  |TAMS 0x00000000e4d00000, 0x00000000e4d00000| Untracked 
|  78|0x00000000e4e00000, 0x00000000e4e00000, 0x00000000e4f00000|  0%| F|  |TAMS 0x00000000e4e00000, 0x00000000e4e00000| Untracked 
|  79|0x00000000e4f00000, 0x00000000e4f00000, 0x00000000e5000000|  0%| F|  |TAMS 0x00000000e4f00000, 0x00000000e4f00000| Untracked 
|  80|0x00000000e5000000, 0x00000000e5000000, 0x00000000e5100000|  0%| F|  |TAMS 0x00000000e5000000, 0x00000000e5000000| Untracked 
|  81|0x00000000e5100000, 0x00000000e5100000, 0x00000000e5200000|  0%| F|  |TAMS 0x00000000e5100000, 0x00000000e5100000| Untracked 
|  82|0x00000000e5200000, 0x00000000e5200000, 0x00000000e5300000|  0%| F|  |TAMS 0x00000000e5200000, 0x00000000e5200000| Untracked 
|  83|0x00000000e5300000, 0x00000000e5300000, 0x00000000e5400000|  0%| F|  |TAMS 0x00000000e5300000, 0x00000000e5300000| Untracked 
|  84|0x00000000e5400000, 0x00000000e5400000, 0x00000000e5500000|  0%| F|  |TAMS 0x00000000e5400000, 0x00000000e5400000| Untracked 
|  85|0x00000000e5500000, 0x00000000e5500000, 0x00000000e5600000|  0%| F|  |TAMS 0x00000000e5500000, 0x00000000e5500000| Untracked 
|  86|0x00000000e5600000, 0x00000000e5600000, 0x00000000e5700000|  0%| F|  |TAMS 0x00000000e5600000, 0x00000000e5600000| Untracked 
|  87|0x00000000e5700000, 0x00000000e5700000, 0x00000000e5800000|  0%| F|  |TAMS 0x00000000e5700000, 0x00000000e5700000| Untracked 
|  88|0x00000000e5800000, 0x00000000e5800000, 0x00000000e5900000|  0%| F|  |TAMS 0x00000000e5800000, 0x00000000e5800000| Untracked 
|  89|0x00000000e5900000, 0x00000000e5900000, 0x00000000e5a00000|  0%| F|  |TAMS 0x00000000e5900000, 0x00000000e5900000| Untracked 
|  90|0x00000000e5a00000, 0x00000000e5a00000, 0x00000000e5b00000|  0%| F|  |TAMS 0x00000000e5a00000, 0x00000000e5a00000| Untracked 
|  91|0x00000000e5b00000, 0x00000000e5b00000, 0x00000000e5c00000|  0%| F|  |TAMS 0x00000000e5b00000, 0x00000000e5b00000| Untracked 
|  92|0x00000000e5c00000, 0x00000000e5c00000, 0x00000000e5d00000|  0%| F|  |TAMS 0x00000000e5c00000, 0x00000000e5c00000| Untracked 
|  93|0x00000000e5d00000, 0x00000000e5d00000, 0x00000000e5e00000|  0%| F|  |TAMS 0x00000000e5d00000, 0x00000000e5d00000| Untracked 
|  94|0x00000000e5e00000, 0x00000000e5e00000, 0x00000000e5f00000|  0%| F|  |TAMS 0x00000000e5e00000, 0x00000000e5e00000| Untracked 
|  95|0x00000000e5f00000, 0x00000000e5f00000, 0x00000000e6000000|  0%| F|  |TAMS 0x00000000e5f00000, 0x00000000e5f00000| Untracked 
|  96|0x00000000e6000000, 0x00000000e6000000, 0x00000000e6100000|  0%| F|  |TAMS 0x00000000e6000000, 0x00000000e6000000| Untracked 
|  97|0x00000000e6100000, 0x00000000e6100000, 0x00000000e6200000|  0%| F|  |TAMS 0x00000000e6100000, 0x00000000e6100000| Untracked 
|  98|0x00000000e6200000, 0x00000000e6200000, 0x00000000e6300000|  0%| F|  |TAMS 0x00000000e6200000, 0x00000000e6200000| Untracked 
|  99|0x00000000e6300000, 0x00000000e6300000, 0x00000000e6400000|  0%| F|  |TAMS 0x00000000e6300000, 0x00000000e6300000| Untracked 
| 100|0x00000000e6400000, 0x00000000e6400000, 0x00000000e6500000|  0%| F|  |TAMS 0x00000000e6400000, 0x00000000e6400000| Untracked 
| 101|0x00000000e6500000, 0x00000000e6500000, 0x00000000e6600000|  0%| F|  |TAMS 0x00000000e6500000, 0x00000000e6500000| Untracked 
| 102|0x00000000e6600000, 0x00000000e6600000, 0x00000000e6700000|  0%| F|  |TAMS 0x00000000e6600000, 0x00000000e6600000| Untracked 
| 103|0x00000000e6700000, 0x00000000e6700000, 0x00000000e6800000|  0%| F|  |TAMS 0x00000000e6700000, 0x00000000e6700000| Untracked 
| 104|0x00000000e6800000, 0x00000000e6800000, 0x00000000e6900000|  0%| F|  |TAMS 0x00000000e6800000, 0x00000000e6800000| Untracked 
| 105|0x00000000e6900000, 0x00000000e6900000, 0x00000000e6a00000|  0%| F|  |TAMS 0x00000000e6900000, 0x00000000e6900000| Untracked 
| 106|0x00000000e6a00000, 0x00000000e6a00000, 0x00000000e6b00000|  0%| F|  |TAMS 0x00000000e6a00000, 0x00000000e6a00000| Untracked 
| 107|0x00000000e6b00000, 0x00000000e6b00000, 0x00000000e6c00000|  0%| F|  |TAMS 0x00000000e6b00000, 0x00000000e6b00000| Untracked 
| 108|0x00000000e6c00000, 0x00000000e6c00000, 0x00000000e6d00000|  0%| F|  |TAMS 0x00000000e6c00000, 0x00000000e6c00000| Untracked 
| 109|0x00000000e6d00000, 0x00000000e6d00000, 0x00000000e6e00000|  0%| F|  |TAMS 0x00000000e6d00000, 0x00000000e6d00000| Untracked 
| 110|0x00000000e6e00000, 0x00000000e6e00000, 0x00000000e6f00000|  0%| F|  |TAMS 0x00000000e6e00000, 0x00000000e6e00000| Untracked 
| 111|0x00000000e6f00000, 0x00000000e6f57d20, 0x00000000e7000000| 34%| S|CS|TAMS 0x00000000e6f00000, 0x00000000e6f00000| Complete 
| 112|0x00000000e7000000, 0x00000000e7100000, 0x00000000e7100000|100%| S|CS|TAMS 0x00000000e7000000, 0x00000000e7000000| Complete 
| 113|0x00000000e7100000, 0x00000000e7200000, 0x00000000e7200000|100%| S|CS|TAMS 0x00000000e7100000, 0x00000000e7100000| Complete 
| 114|0x00000000e7200000, 0x00000000e7300000, 0x00000000e7300000|100%| S|CS|TAMS 0x00000000e7200000, 0x00000000e7200000| Complete 
| 115|0x00000000e7300000, 0x00000000e7400000, 0x00000000e7400000|100%| S|CS|TAMS 0x00000000e7300000, 0x00000000e7300000| Complete 
| 116|0x00000000e7400000, 0x00000000e7500000, 0x00000000e7500000|100%| S|CS|TAMS 0x00000000e7400000, 0x00000000e7400000| Complete 
| 117|0x00000000e7500000, 0x00000000e7600000, 0x00000000e7600000|100%| S|CS|TAMS 0x00000000e7500000, 0x00000000e7500000| Complete 
| 118|0x00000000e7600000, 0x00000000e7700000, 0x00000000e7700000|100%| S|CS|TAMS 0x00000000e7600000, 0x00000000e7600000| Complete 
| 119|0x00000000e7700000, 0x00000000e7800000, 0x00000000e7800000|100%| S|CS|TAMS 0x00000000e7700000, 0x00000000e7700000| Complete 
| 120|0x00000000e7800000, 0x00000000e7900000, 0x00000000e7900000|100%| S|CS|TAMS 0x00000000e7800000, 0x00000000e7800000| Complete 
| 121|0x00000000e7900000, 0x00000000e7a00000, 0x00000000e7a00000|100%| S|CS|TAMS 0x00000000e7900000, 0x00000000e7900000| Complete 
| 122|0x00000000e7a00000, 0x00000000e7a00000, 0x00000000e7b00000|  0%| F|  |TAMS 0x00000000e7a00000, 0x00000000e7a00000| Untracked 
| 123|0x00000000e7b00000, 0x00000000e7b00000, 0x00000000e7c00000|  0%| F|  |TAMS 0x00000000e7b00000, 0x00000000e7b00000| Untracked 
| 124|0x00000000e7c00000, 0x00000000e7c00000, 0x00000000e7d00000|  0%| F|  |TAMS 0x00000000e7c00000, 0x00000000e7c00000| Untracked 
| 125|0x00000000e7d00000, 0x00000000e7d00000, 0x00000000e7e00000|  0%| F|  |TAMS 0x00000000e7d00000, 0x00000000e7d00000| Untracked 
| 126|0x00000000e7e00000, 0x00000000e7e00000, 0x00000000e7f00000|  0%| F|  |TAMS 0x00000000e7e00000, 0x00000000e7e00000| Untracked 
| 127|0x00000000e7f00000, 0x00000000e7f00000, 0x00000000e8000000|  0%| F|  |TAMS 0x00000000e7f00000, 0x00000000e7f00000| Untracked 
| 128|0x00000000e8000000, 0x00000000e8000000, 0x00000000e8100000|  0%| F|  |TAMS 0x00000000e8000000, 0x00000000e8000000| Untracked 
| 129|0x00000000e8100000, 0x00000000e8100000, 0x00000000e8200000|  0%| F|  |TAMS 0x00000000e8100000, 0x00000000e8100000| Untracked 
| 130|0x00000000e8200000, 0x00000000e8200000, 0x00000000e8300000|  0%| F|  |TAMS 0x00000000e8200000, 0x00000000e8200000| Untracked 
| 131|0x00000000e8300000, 0x00000000e8300000, 0x00000000e8400000|  0%| F|  |TAMS 0x00000000e8300000, 0x00000000e8300000| Untracked 
| 132|0x00000000e8400000, 0x00000000e8400000, 0x00000000e8500000|  0%| F|  |TAMS 0x00000000e8400000, 0x00000000e8400000| Untracked 
| 133|0x00000000e8500000, 0x00000000e8500000, 0x00000000e8600000|  0%| F|  |TAMS 0x00000000e8500000, 0x00000000e8500000| Untracked 
| 134|0x00000000e8600000, 0x00000000e8600000, 0x00000000e8700000|  0%| F|  |TAMS 0x00000000e8600000, 0x00000000e8600000| Untracked 
| 135|0x00000000e8700000, 0x00000000e8700000, 0x00000000e8800000|  0%| F|  |TAMS 0x00000000e8700000, 0x00000000e8700000| Untracked 
| 136|0x00000000e8800000, 0x00000000e8800000, 0x00000000e8900000|  0%| F|  |TAMS 0x00000000e8800000, 0x00000000e8800000| Untracked 
| 137|0x00000000e8900000, 0x00000000e8900000, 0x00000000e8a00000|  0%| F|  |TAMS 0x00000000e8900000, 0x00000000e8900000| Untracked 
| 138|0x00000000e8a00000, 0x00000000e8a00000, 0x00000000e8b00000|  0%| F|  |TAMS 0x00000000e8a00000, 0x00000000e8a00000| Untracked 
| 139|0x00000000e8b00000, 0x00000000e8b00000, 0x00000000e8c00000|  0%| F|  |TAMS 0x00000000e8b00000, 0x00000000e8b00000| Untracked 
| 140|0x00000000e8c00000, 0x00000000e8c00000, 0x00000000e8d00000|  0%| F|  |TAMS 0x00000000e8c00000, 0x00000000e8c00000| Untracked 
| 141|0x00000000e8d00000, 0x00000000e8d00000, 0x00000000e8e00000|  0%| F|  |TAMS 0x00000000e8d00000, 0x00000000e8d00000| Untracked 
| 142|0x00000000e8e00000, 0x00000000e8e00000, 0x00000000e8f00000|  0%| F|  |TAMS 0x00000000e8e00000, 0x00000000e8e00000| Untracked 
| 143|0x00000000e8f00000, 0x00000000e8f00000, 0x00000000e9000000|  0%| F|  |TAMS 0x00000000e8f00000, 0x00000000e8f00000| Untracked 
| 144|0x00000000e9000000, 0x00000000e9000000, 0x00000000e9100000|  0%| F|  |TAMS 0x00000000e9000000, 0x00000000e9000000| Untracked 
| 145|0x00000000e9100000, 0x00000000e9100000, 0x00000000e9200000|  0%| F|  |TAMS 0x00000000e9100000, 0x00000000e9100000| Untracked 
| 146|0x00000000e9200000, 0x00000000e9200000, 0x00000000e9300000|  0%| F|  |TAMS 0x00000000e9200000, 0x00000000e9200000| Untracked 
| 147|0x00000000e9300000, 0x00000000e9300000, 0x00000000e9400000|  0%| F|  |TAMS 0x00000000e9300000, 0x00000000e9300000| Untracked 
| 148|0x00000000e9400000, 0x00000000e9400000, 0x00000000e9500000|  0%| F|  |TAMS 0x00000000e9400000, 0x00000000e9400000| Untracked 
| 149|0x00000000e9500000, 0x00000000e9500000, 0x00000000e9600000|  0%| F|  |TAMS 0x00000000e9500000, 0x00000000e9500000| Untracked 
| 150|0x00000000e9600000, 0x00000000e9600000, 0x00000000e9700000|  0%| F|  |TAMS 0x00000000e9600000, 0x00000000e9600000| Untracked 
| 151|0x00000000e9700000, 0x00000000e9700000, 0x00000000e9800000|  0%| F|  |TAMS 0x00000000e9700000, 0x00000000e9700000| Untracked 
| 152|0x00000000e9800000, 0x00000000e9800000, 0x00000000e9900000|  0%| F|  |TAMS 0x00000000e9800000, 0x00000000e9800000| Untracked 
| 153|0x00000000e9900000, 0x00000000e9900000, 0x00000000e9a00000|  0%| F|  |TAMS 0x00000000e9900000, 0x00000000e9900000| Untracked 
| 154|0x00000000e9a00000, 0x00000000e9a00000, 0x00000000e9b00000|  0%| F|  |TAMS 0x00000000e9a00000, 0x00000000e9a00000| Untracked 
| 155|0x00000000e9b00000, 0x00000000e9b00000, 0x00000000e9c00000|  0%| F|  |TAMS 0x00000000e9b00000, 0x00000000e9b00000| Untracked 
| 156|0x00000000e9c00000, 0x00000000e9c00000, 0x00000000e9d00000|  0%| F|  |TAMS 0x00000000e9c00000, 0x00000000e9c00000| Untracked 
| 157|0x00000000e9d00000, 0x00000000e9d00000, 0x00000000e9e00000|  0%| F|  |TAMS 0x00000000e9d00000, 0x00000000e9d00000| Untracked 
| 158|0x00000000e9e00000, 0x00000000e9e00000, 0x00000000e9f00000|  0%| F|  |TAMS 0x00000000e9e00000, 0x00000000e9e00000| Untracked 
| 159|0x00000000e9f00000, 0x00000000e9f00000, 0x00000000ea000000|  0%| F|  |TAMS 0x00000000e9f00000, 0x00000000e9f00000| Untracked 
| 160|0x00000000ea000000, 0x00000000ea000000, 0x00000000ea100000|  0%| F|  |TAMS 0x00000000ea000000, 0x00000000ea000000| Untracked 
| 161|0x00000000ea100000, 0x00000000ea100000, 0x00000000ea200000|  0%| F|  |TAMS 0x00000000ea100000, 0x00000000ea100000| Untracked 
| 162|0x00000000ea200000, 0x00000000ea200000, 0x00000000ea300000|  0%| F|  |TAMS 0x00000000ea200000, 0x00000000ea200000| Untracked 
| 163|0x00000000ea300000, 0x00000000ea300000, 0x00000000ea400000|  0%| F|  |TAMS 0x00000000ea300000, 0x00000000ea300000| Untracked 
| 164|0x00000000ea400000, 0x00000000ea400000, 0x00000000ea500000|  0%| F|  |TAMS 0x00000000ea400000, 0x00000000ea400000| Untracked 
| 165|0x00000000ea500000, 0x00000000ea500000, 0x00000000ea600000|  0%| F|  |TAMS 0x00000000ea500000, 0x00000000ea500000| Untracked 
| 166|0x00000000ea600000, 0x00000000ea600000, 0x00000000ea700000|  0%| F|  |TAMS 0x00000000ea600000, 0x00000000ea600000| Untracked 
| 167|0x00000000ea700000, 0x00000000ea700000, 0x00000000ea800000|  0%| F|  |TAMS 0x00000000ea700000, 0x00000000ea700000| Untracked 
| 168|0x00000000ea800000, 0x00000000ea800000, 0x00000000ea900000|  0%| F|  |TAMS 0x00000000ea800000, 0x00000000ea800000| Untracked 
| 169|0x00000000ea900000, 0x00000000ea900000, 0x00000000eaa00000|  0%| F|  |TAMS 0x00000000ea900000, 0x00000000ea900000| Untracked 
| 170|0x00000000eaa00000, 0x00000000eaa00000, 0x00000000eab00000|  0%| F|  |TAMS 0x00000000eaa00000, 0x00000000eaa00000| Untracked 
| 171|0x00000000eab00000, 0x00000000eab00000, 0x00000000eac00000|  0%| F|  |TAMS 0x00000000eab00000, 0x00000000eab00000| Untracked 
| 172|0x00000000eac00000, 0x00000000eac00000, 0x00000000ead00000|  0%| F|  |TAMS 0x00000000eac00000, 0x00000000eac00000| Untracked 
| 173|0x00000000ead00000, 0x00000000ead00000, 0x00000000eae00000|  0%| F|  |TAMS 0x00000000ead00000, 0x00000000ead00000| Untracked 
| 174|0x00000000eae00000, 0x00000000eae00000, 0x00000000eaf00000|  0%| F|  |TAMS 0x00000000eae00000, 0x00000000eae00000| Untracked 
| 175|0x00000000eaf00000, 0x00000000eaf00000, 0x00000000eb000000|  0%| F|  |TAMS 0x00000000eaf00000, 0x00000000eaf00000| Untracked 
| 176|0x00000000eb000000, 0x00000000eb000000, 0x00000000eb100000|  0%| F|  |TAMS 0x00000000eb000000, 0x00000000eb000000| Untracked 
| 177|0x00000000eb100000, 0x00000000eb100000, 0x00000000eb200000|  0%| F|  |TAMS 0x00000000eb100000, 0x00000000eb100000| Untracked 
| 178|0x00000000eb200000, 0x00000000eb200000, 0x00000000eb300000|  0%| F|  |TAMS 0x00000000eb200000, 0x00000000eb200000| Untracked 
| 179|0x00000000eb300000, 0x00000000eb300000, 0x00000000eb400000|  0%| F|  |TAMS 0x00000000eb300000, 0x00000000eb300000| Untracked 
| 180|0x00000000eb400000, 0x00000000eb400000, 0x00000000eb500000|  0%| F|  |TAMS 0x00000000eb400000, 0x00000000eb400000| Untracked 
| 181|0x00000000eb500000, 0x00000000eb500000, 0x00000000eb600000|  0%| F|  |TAMS 0x00000000eb500000, 0x00000000eb500000| Untracked 
| 182|0x00000000eb600000, 0x00000000eb600000, 0x00000000eb700000|  0%| F|  |TAMS 0x00000000eb600000, 0x00000000eb600000| Untracked 
| 183|0x00000000eb700000, 0x00000000eb700000, 0x00000000eb800000|  0%| F|  |TAMS 0x00000000eb700000, 0x00000000eb700000| Untracked 
| 184|0x00000000eb800000, 0x00000000eb800000, 0x00000000eb900000|  0%| F|  |TAMS 0x00000000eb800000, 0x00000000eb800000| Untracked 
| 185|0x00000000eb900000, 0x00000000eb900000, 0x00000000eba00000|  0%| F|  |TAMS 0x00000000eb900000, 0x00000000eb900000| Untracked 
| 186|0x00000000eba00000, 0x00000000eba00000, 0x00000000ebb00000|  0%| F|  |TAMS 0x00000000eba00000, 0x00000000eba00000| Untracked 
| 187|0x00000000ebb00000, 0x00000000ebb00000, 0x00000000ebc00000|  0%| F|  |TAMS 0x00000000ebb00000, 0x00000000ebb00000| Untracked 
| 188|0x00000000ebc00000, 0x00000000ebc00000, 0x00000000ebd00000|  0%| F|  |TAMS 0x00000000ebc00000, 0x00000000ebc00000| Untracked 
| 189|0x00000000ebd00000, 0x00000000ebd00000, 0x00000000ebe00000|  0%| F|  |TAMS 0x00000000ebd00000, 0x00000000ebd00000| Untracked 
| 190|0x00000000ebe00000, 0x00000000ebe00000, 0x00000000ebf00000|  0%| F|  |TAMS 0x00000000ebe00000, 0x00000000ebe00000| Untracked 
| 191|0x00000000ebf00000, 0x00000000ebf00000, 0x00000000ec000000|  0%| F|  |TAMS 0x00000000ebf00000, 0x00000000ebf00000| Untracked 
| 192|0x00000000ec000000, 0x00000000ec000000, 0x00000000ec100000|  0%| F|  |TAMS 0x00000000ec000000, 0x00000000ec000000| Untracked 
| 193|0x00000000ec100000, 0x00000000ec100000, 0x00000000ec200000|  0%| F|  |TAMS 0x00000000ec100000, 0x00000000ec100000| Untracked 
| 194|0x00000000ec200000, 0x00000000ec200000, 0x00000000ec300000|  0%| F|  |TAMS 0x00000000ec200000, 0x00000000ec200000| Untracked 
| 195|0x00000000ec300000, 0x00000000ec300000, 0x00000000ec400000|  0%| F|  |TAMS 0x00000000ec300000, 0x00000000ec300000| Untracked 
| 196|0x00000000ec400000, 0x00000000ec400000, 0x00000000ec500000|  0%| F|  |TAMS 0x00000000ec400000, 0x00000000ec400000| Untracked 
| 197|0x00000000ec500000, 0x00000000ec500000, 0x00000000ec600000|  0%| F|  |TAMS 0x00000000ec500000, 0x00000000ec500000| Untracked 
| 198|0x00000000ec600000, 0x00000000ec600000, 0x00000000ec700000|  0%| F|  |TAMS 0x00000000ec600000, 0x00000000ec600000| Untracked 
| 199|0x00000000ec700000, 0x00000000ec700000, 0x00000000ec800000|  0%| F|  |TAMS 0x00000000ec700000, 0x00000000ec700000| Untracked 
| 200|0x00000000ec800000, 0x00000000ec800000, 0x00000000ec900000|  0%| F|  |TAMS 0x00000000ec800000, 0x00000000ec800000| Untracked 
| 201|0x00000000ec900000, 0x00000000ec900000, 0x00000000eca00000|  0%| F|  |TAMS 0x00000000ec900000, 0x00000000ec900000| Untracked 
| 202|0x00000000eca00000, 0x00000000eca00000, 0x00000000ecb00000|  0%| F|  |TAMS 0x00000000eca00000, 0x00000000eca00000| Untracked 
| 203|0x00000000ecb00000, 0x00000000ecb00000, 0x00000000ecc00000|  0%| F|  |TAMS 0x00000000ecb00000, 0x00000000ecb00000| Untracked 
| 204|0x00000000ecc00000, 0x00000000ecc00000, 0x00000000ecd00000|  0%| F|  |TAMS 0x00000000ecc00000, 0x00000000ecc00000| Untracked 
| 205|0x00000000ecd00000, 0x00000000ecd00000, 0x00000000ece00000|  0%| F|  |TAMS 0x00000000ecd00000, 0x00000000ecd00000| Untracked 
| 206|0x00000000ece00000, 0x00000000ece00000, 0x00000000ecf00000|  0%| F|  |TAMS 0x00000000ece00000, 0x00000000ece00000| Untracked 
| 207|0x00000000ecf00000, 0x00000000ecf00000, 0x00000000ed000000|  0%| F|  |TAMS 0x00000000ecf00000, 0x00000000ecf00000| Untracked 
| 208|0x00000000ed000000, 0x00000000ed000000, 0x00000000ed100000|  0%| F|  |TAMS 0x00000000ed000000, 0x00000000ed000000| Untracked 
| 209|0x00000000ed100000, 0x00000000ed100000, 0x00000000ed200000|  0%| F|  |TAMS 0x00000000ed100000, 0x00000000ed100000| Untracked 
| 210|0x00000000ed200000, 0x00000000ed200000, 0x00000000ed300000|  0%| F|  |TAMS 0x00000000ed200000, 0x00000000ed200000| Untracked 
| 211|0x00000000ed300000, 0x00000000ed300000, 0x00000000ed400000|  0%| F|  |TAMS 0x00000000ed300000, 0x00000000ed300000| Untracked 
| 212|0x00000000ed400000, 0x00000000ed400000, 0x00000000ed500000|  0%| F|  |TAMS 0x00000000ed400000, 0x00000000ed400000| Untracked 
| 213|0x00000000ed500000, 0x00000000ed500000, 0x00000000ed600000|  0%| F|  |TAMS 0x00000000ed500000, 0x00000000ed500000| Untracked 
| 214|0x00000000ed600000, 0x00000000ed600000, 0x00000000ed700000|  0%| F|  |TAMS 0x00000000ed600000, 0x00000000ed600000| Untracked 
| 215|0x00000000ed700000, 0x00000000ed700000, 0x00000000ed800000|  0%| F|  |TAMS 0x00000000ed700000, 0x00000000ed700000| Untracked 
| 216|0x00000000ed800000, 0x00000000ed800000, 0x00000000ed900000|  0%| F|  |TAMS 0x00000000ed800000, 0x00000000ed800000| Untracked 
| 217|0x00000000ed900000, 0x00000000ed900000, 0x00000000eda00000|  0%| F|  |TAMS 0x00000000ed900000, 0x00000000ed900000| Untracked 
| 218|0x00000000eda00000, 0x00000000eda00000, 0x00000000edb00000|  0%| F|  |TAMS 0x00000000eda00000, 0x00000000eda00000| Untracked 
| 219|0x00000000edb00000, 0x00000000edb00000, 0x00000000edc00000|  0%| F|  |TAMS 0x00000000edb00000, 0x00000000edb00000| Untracked 
| 220|0x00000000edc00000, 0x00000000edc00000, 0x00000000edd00000|  0%| F|  |TAMS 0x00000000edc00000, 0x00000000edc00000| Untracked 
| 221|0x00000000edd00000, 0x00000000edd00000, 0x00000000ede00000|  0%| F|  |TAMS 0x00000000edd00000, 0x00000000edd00000| Untracked 
| 222|0x00000000ede00000, 0x00000000ede00000, 0x00000000edf00000|  0%| F|  |TAMS 0x00000000ede00000, 0x00000000ede00000| Untracked 
| 223|0x00000000edf00000, 0x00000000edf00000, 0x00000000ee000000|  0%| F|  |TAMS 0x00000000edf00000, 0x00000000edf00000| Untracked 
| 224|0x00000000ee000000, 0x00000000ee000000, 0x00000000ee100000|  0%| F|  |TAMS 0x00000000ee000000, 0x00000000ee000000| Untracked 
| 225|0x00000000ee100000, 0x00000000ee100000, 0x00000000ee200000|  0%| F|  |TAMS 0x00000000ee100000, 0x00000000ee100000| Untracked 
| 226|0x00000000ee200000, 0x00000000ee200000, 0x00000000ee300000|  0%| F|  |TAMS 0x00000000ee200000, 0x00000000ee200000| Untracked 
| 227|0x00000000ee300000, 0x00000000ee300000, 0x00000000ee400000|  0%| F|  |TAMS 0x00000000ee300000, 0x00000000ee300000| Untracked 
| 228|0x00000000ee400000, 0x00000000ee400000, 0x00000000ee500000|  0%| F|  |TAMS 0x00000000ee400000, 0x00000000ee400000| Untracked 
| 229|0x00000000ee500000, 0x00000000ee500000, 0x00000000ee600000|  0%| F|  |TAMS 0x00000000ee500000, 0x00000000ee500000| Untracked 
| 230|0x00000000ee600000, 0x00000000ee600000, 0x00000000ee700000|  0%| F|  |TAMS 0x00000000ee600000, 0x00000000ee600000| Untracked 
| 231|0x00000000ee700000, 0x00000000ee700000, 0x00000000ee800000|  0%| F|  |TAMS 0x00000000ee700000, 0x00000000ee700000| Untracked 
| 232|0x00000000ee800000, 0x00000000ee800000, 0x00000000ee900000|  0%| F|  |TAMS 0x00000000ee800000, 0x00000000ee800000| Untracked 
| 233|0x00000000ee900000, 0x00000000ee900000, 0x00000000eea00000|  0%| F|  |TAMS 0x00000000ee900000, 0x00000000ee900000| Untracked 
| 234|0x00000000eea00000, 0x00000000eea00000, 0x00000000eeb00000|  0%| F|  |TAMS 0x00000000eea00000, 0x00000000eea00000| Untracked 
| 235|0x00000000eeb00000, 0x00000000eeb00000, 0x00000000eec00000|  0%| F|  |TAMS 0x00000000eeb00000, 0x00000000eeb00000| Untracked 
| 236|0x00000000eec00000, 0x00000000eec00000, 0x00000000eed00000|  0%| F|  |TAMS 0x00000000eec00000, 0x00000000eec00000| Untracked 
| 237|0x00000000eed00000, 0x00000000eed00000, 0x00000000eee00000|  0%| F|  |TAMS 0x00000000eed00000, 0x00000000eed00000| Untracked 
| 238|0x00000000eee00000, 0x00000000eee00000, 0x00000000eef00000|  0%| F|  |TAMS 0x00000000eee00000, 0x00000000eee00000| Untracked 
| 239|0x00000000eef00000, 0x00000000eef00000, 0x00000000ef000000|  0%| F|  |TAMS 0x00000000eef00000, 0x00000000eef00000| Untracked 
| 240|0x00000000ef000000, 0x00000000ef100000, 0x00000000ef100000|100%| E|  |TAMS 0x00000000ef000000, 0x00000000ef000000| Complete 
| 241|0x00000000ef100000, 0x00000000ef200000, 0x00000000ef200000|100%| E|CS|TAMS 0x00000000ef100000, 0x00000000ef100000| Complete 
| 242|0x00000000ef200000, 0x00000000ef300000, 0x00000000ef300000|100%| E|CS|TAMS 0x00000000ef200000, 0x00000000ef200000| Complete 
| 243|0x00000000ef300000, 0x00000000ef400000, 0x00000000ef400000|100%| E|CS|TAMS 0x00000000ef300000, 0x00000000ef300000| Complete 
| 244|0x00000000ef400000, 0x00000000ef500000, 0x00000000ef500000|100%| E|CS|TAMS 0x00000000ef400000, 0x00000000ef400000| Complete 
| 245|0x00000000ef500000, 0x00000000ef600000, 0x00000000ef600000|100%| E|CS|TAMS 0x00000000ef500000, 0x00000000ef500000| Complete 
| 246|0x00000000ef600000, 0x00000000ef700000, 0x00000000ef700000|100%| E|CS|TAMS 0x00000000ef600000, 0x00000000ef600000| Complete 
| 247|0x00000000ef700000, 0x00000000ef800000, 0x00000000ef800000|100%| E|CS|TAMS 0x00000000ef700000, 0x00000000ef700000| Complete 
| 248|0x00000000ef800000, 0x00000000ef900000, 0x00000000ef900000|100%| E|CS|TAMS 0x00000000ef800000, 0x00000000ef800000| Complete 
| 249|0x00000000ef900000, 0x00000000efa00000, 0x00000000efa00000|100%| E|CS|TAMS 0x00000000ef900000, 0x00000000ef900000| Complete 
| 250|0x00000000efa00000, 0x00000000efb00000, 0x00000000efb00000|100%| E|CS|TAMS 0x00000000efa00000, 0x00000000efa00000| Complete 
| 251|0x00000000efb00000, 0x00000000efc00000, 0x00000000efc00000|100%| E|CS|TAMS 0x00000000efb00000, 0x00000000efb00000| Complete 

Card table byte_map: [0x0000021a30cc0000,0x0000021a30dc0000] _byte_map_base: 0x0000021a305c0000

Marking Bits (Prev, Next): (CMBitMap*) 0x0000021a1748bd50, (CMBitMap*) 0x0000021a1748bd18
 Prev Bits: [0x0000021a316c0000, 0x0000021a31ec0000)
 Next Bits: [0x0000021a30ec0000, 0x0000021a316c0000)

Polling page: 0x0000021a17310000

Metaspace:

Usage:
  Non-class:     26.75 MB capacity,    26.11 MB ( 98%) used,   549.78 KB (  2%) free+waste,   107.88 KB ( <1%) overhead. 
      Class:      3.59 MB capacity,     3.12 MB ( 87%) used,   417.79 KB ( 11%) free+waste,    54.50 KB (  1%) overhead. 
       Both:     30.33 MB capacity,    29.23 MB ( 96%) used,   967.57 KB (  3%) free+waste,   162.38 KB ( <1%) overhead. 

Virtual space:
  Non-class space:       28.00 MB reserved,      26.75 MB ( 96%) committed 
      Class space:        1.00 GB reserved,       3.63 MB ( <1%) committed 
             Both:        1.03 GB reserved,      30.38 MB (  3%) committed 

Chunk freelists:
   Non-Class:  128 bytes
       Class:  0 bytes
        Both:  128 bytes

CodeHeap 'non-profiled nmethods': size=120000Kb used=2257Kb max_used=2257Kb free=117742Kb
 bounds [0x0000021a28a00000, 0x0000021a28c70000, 0x0000021a2ff30000]
CodeHeap 'profiled nmethods': size=120000Kb used=8420Kb max_used=8420Kb free=111579Kb
 bounds [0x0000021a214d0000, 0x0000021a21d10000, 0x0000021a28a00000]
CodeHeap 'non-nmethods': size=5760Kb used=2324Kb max_used=2387Kb free=3435Kb
 bounds [0x0000021a20f30000, 0x0000021a211a0000, 0x0000021a214d0000]
 total_blobs=5523 nmethods=3594 adapters=839
 compilation: enabled
              stopped_count=0, restarted_count=0
 full_count=0

Compilation events (10 events):
Event: 11.791 Thread 0x0000021a35445000 nmethod 3733 0x0000021a21cf1710 code [0x0000021a21cf1920, 0x0000021a21cf2200]
Event: 11.791 Thread 0x0000021a35445000 3736       3       org.gradle.internal.serialize.kryo.KryoBackedEncoder::$jacocoInit (52 bytes)
Event: 11.792 Thread 0x0000021a35445000 nmethod 3736 0x0000021a21cf2490 code [0x0000021a21cf26c0, 0x0000021a21cf3060]
Event: 11.792 Thread 0x0000021a35445000 3737   !   3       jdk.internal.ref.PhantomCleanable::isListEmpty (34 bytes)
Event: 11.792 Thread 0x0000021a35445000 nmethod 3737 0x0000021a215d1190 code [0x0000021a215d1340, 0x0000021a215d1698]
Event: 11.792 Thread 0x0000021a35445000 3738       3       jdk.internal.misc.InnocuousThread::eraseThreadLocals (23 bytes)
Event: 11.792 Thread 0x0000021a35445000 nmethod 3738 0x0000021a215b7410 code [0x0000021a215b75c0, 0x0000021a215b77f8]
Event: 11.792 Thread 0x0000021a35445000 3740       3       java.lang.invoke.VarHandleGuards::guard_LL_V (103 bytes)
Event: 11.798 Thread 0x0000021a35445000 nmethod 3740 0x0000021a21cf3290 code [0x0000021a21cf3600, 0x0000021a21cf5110]
Event: 11.798 Thread 0x0000021a35445000 3741   !   3       sun.java2d.Disposer::clearDeferredRecords (70 bytes)

GC Heap History (6 events):
Event: 0.460 GC heap before
{Heap before GC invocations=0 (full 0):
 garbage-first heap   total 258048K, used 23552K [0x00000000e0000000, 0x0000000100000000)
  region size 1024K, 24 young (24576K), 0 survivors (0K)
 Metaspace       used 10908K, capacity 11083K, committed 11136K, reserved 1058816K
  class space    used 1062K, capacity 1142K, committed 1152K, reserved 1048576K
}
Event: 0.463 GC heap after
{Heap after GC invocations=1 (full 0):
 garbage-first heap   total 258048K, used 3413K [0x00000000e0000000, 0x0000000100000000)
  region size 1024K, 3 young (3072K), 3 survivors (3072K)
 Metaspace       used 10908K, capacity 11083K, committed 11136K, reserved 1058816K
  class space    used 1062K, capacity 1142K, committed 1152K, reserved 1048576K
}
Event: 1.535 GC heap before
{Heap before GC invocations=1 (full 0):
 garbage-first heap   total 258048K, used 128341K [0x00000000e0000000, 0x0000000100000000)
  region size 1024K, 117 young (119808K), 3 survivors (3072K)
 Metaspace       used 20756K, capacity 21105K, committed 21248K, reserved 1069056K
  class space    used 2064K, capacity 2201K, committed 2304K, reserved 1048576K
}
Event: 1.544 GC heap after
{Heap after GC invocations=2 (full 0):
 garbage-first heap   total 258048K, used 6135K [0x00000000e0000000, 0x0000000100000000)
  region size 1024K, 6 young (6144K), 6 survivors (6144K)
 Metaspace       used 20756K, capacity 21105K, committed 21248K, reserved 1069056K
  class space    used 2064K, capacity 2201K, committed 2304K, reserved 1048576K
}
Event: 11.780 GC heap before
{Heap before GC invocations=3 (full 0):
 garbage-first heap   total 258048K, used 135159K [0x00000000e0000000, 0x0000000100000000)
  region size 1024K, 130 young (133120K), 6 survivors (6144K)
 Metaspace       used 29851K, capacity 30934K, committed 31104K, reserved 1077248K
  class space    used 3188K, capacity 3651K, committed 3712K, reserved 1048576K
}
Event: 11.790 GC heap after
{Heap after GC invocations=4 (full 0):
 garbage-first heap   total 258048K, used 14004K [0x00000000e0000000, 0x0000000100000000)
  region size 1024K, 11 young (11264K), 11 survivors (11264K)
 Metaspace       used 29851K, capacity 30934K, committed 31104K, reserved 1077248K
  class space    used 3188K, capacity 3651K, committed 3712K, reserved 1048576K
}

Deoptimization events (10 events):
Event: 2.127 Thread 0x0000021a367b8000 Uncommon trap: reason=profile_predicate action=maybe_recompile pc=0x0000021a28b85cf8 method=java.util.Arrays.binarySearch0([Ljava/lang/Object;IILjava/lang/Object;Ljava/util/Comparator;)I @ 25 c2
Event: 2.127 Thread 0x0000021a367b8000 Uncommon trap: reason=profile_predicate action=maybe_recompile pc=0x0000021a28b85cf8 method=java.util.Arrays.binarySearch0([Ljava/lang/Object;IILjava/lang/Object;Ljava/util/Comparator;)I @ 25 c2
Event: 2.127 Thread 0x0000021a367b8000 Uncommon trap: reason=profile_predicate action=maybe_recompile pc=0x0000021a28b85cf8 method=java.util.Arrays.binarySearch0([Ljava/lang/Object;IILjava/lang/Object;Ljava/util/Comparator;)I @ 25 c2
Event: 2.347 Thread 0x0000021a367b8000 Uncommon trap: reason=unstable_if action=reinterpret pc=0x0000021a28aab730 method=java.io.WinNTFileSystem.normalize(Ljava/lang/String;)Ljava/lang/String; @ 74 c2
Event: 11.473 Thread 0x0000021a367b8000 Uncommon trap: reason=unstable_if action=reinterpret pc=0x0000021a28bbcbfc method=javax.swing.text.GapContent.resetMarksAtZero()V @ 4 c2
Event: 11.473 Thread 0x0000021a367b8000 Uncommon trap: reason=unstable_if action=reinterpret pc=0x0000021a28bcc5c0 method=javax.swing.text.GapContent.findSortIndex(Ljavax/swing/text/GapContent$MarkData;)I @ 17 c2
Event: 11.473 Thread 0x0000021a367b8000 Uncommon trap: reason=unstable_if action=reinterpret pc=0x0000021a28bafc6c method=javax.swing.text.GapContent.findSortIndex(Ljavax/swing/text/GapContent$MarkData;)I @ 43 c2
Event: 11.593 Thread 0x0000021a367b8000 Uncommon trap: reason=unstable_if action=reinterpret pc=0x0000021a28b58204 method=jdk.internal.org.objectweb.asm.Frame.execute(IILjdk/internal/org/objectweb/asm/ClassWriter;Ljdk/internal/org/objectweb/asm/Item;)V @ 1 c2
Event: 11.606 Thread 0x0000021a367b8000 Uncommon trap: reason=intrinsic_or_type_checked_inlining action=make_not_entrant pc=0x0000021a28be0ab0 method=java.util.Vector.copyInto([Ljava/lang/Object;)V @ 11 c2
Event: 11.790 Thread 0x0000021a367b8000 Uncommon trap: reason=null_check action=make_not_entrant pc=0x0000021a28a5f310 method=javax.swing.text.GapContent$MarkData.getPosition()Ljavax/swing/text/GapContent$StickyPosition; @ 4 c2

Classes redefined (0 events):
No events

Internal exceptions (10 events):
Event: 11.467 Thread 0x0000021a367b8000 Exception <a 'java/lang/ClassNotFoundException'{0x00000000eb4fad10}: java/util/ArrayListCustomizer> (0x00000000eb4fad10) thrown at [t:/workspace/open/src/hotspot/share/classfile/systemDictionary.cpp, line 231]
Event: 11.473 Thread 0x0000021a367b8000 Implicit null exception at 0x0000021a28bbc9f3 to 0x0000021a28bbcbea
Event: 11.487 Thread 0x0000021a367b8000 Exception <a 'java/lang/ClassNotFoundException'{0x00000000eb350dd0}: neureka/core/device/openCL/OpenCLDeviceBeanInfo> (0x00000000eb350dd0) thrown at [t:/workspace/open/src/hotspot/share/classfile/systemDictionary.cpp, line 231]
Event: 11.488 Thread 0x0000021a367b8000 Exception <a 'java/lang/ClassNotFoundException'{0x00000000eb3568f0}: neureka/core/device/openCL/OpenCLDeviceCustomizer> (0x00000000eb3568f0) thrown at [t:/workspace/open/src/hotspot/share/classfile/systemDictionary.cpp, line 231]
Event: 11.527 Thread 0x0000021a367b8000 Exception <a 'java/lang/ArrayIndexOutOfBoundsException'{0x00000000eb2bb348}: Index 13 out of bounds for length 12> (0x00000000eb2bb348) thrown at [t:/workspace/open/src/hotspot/share/interpreter/interpreterRuntime.cpp, line 459]
Event: 11.527 Thread 0x0000021a367b8000 Exception <a 'java/lang/reflect/InvocationTargetException'{0x00000000eb2bb8c0}> (0x00000000eb2bb8c0) thrown at [t:/workspace/open/src/hotspot/share/runtime/reflection.cpp, line 1242]
Event: 11.548 Thread 0x0000021a366d0000 Exception <a 'java/lang/NoSuchMethodError'{0x00000000eaf49b38}: <clinit>> (0x00000000eaf49b38) thrown at [t:/workspace/open/src/hotspot/share/prims/jni.cpp, line 1364]
Event: 11.557 Thread 0x0000021a366d0000 Exception <a 'java/lang/NoSuchMethodError'{0x00000000eaf6f680}: <clinit>> (0x00000000eaf6f680) thrown at [t:/workspace/open/src/hotspot/share/prims/jni.cpp, line 1364]
Event: 11.584 Thread 0x0000021a367b8000 Exception <a 'java/lang/NoSuchMethodError'{0x00000000eae20738}: java.lang.invoke.DirectMethodHandle$Holder.invokeStatic(Ljava/lang/Object;Ljava/lang/Object;Ljava/lang/Object;Ljava/lang/Object;Ljava/lang/Object;Ljava/lang/Object;Ljava/lang/Object;Ljava/lan
Event: 11.790 Thread 0x0000021a367b8000 Implicit null exception at 0x0000021a28a5e5bc to 0x0000021a28a5f2fe

Events (10 events):
Event: 11.764 Thread 0x0000021a36d2d000 DEOPT UNPACKING pc=0x0000021a20f58d4e sp=0x000000aa53df9098 mode 0
Event: 11.779 Executing VM operation: G1CollectForAllocation
Event: 11.780 Executing VM operation: G1CollectForAllocation done
Event: 11.780 Executing VM operation: G1CollectForAllocation
Event: 11.790 Executing VM operation: G1CollectForAllocation done
Event: 11.790 Thread 0x0000021a367b8000 Uncommon trap: trap_request=0xfffffff4 fr.pc=0x0000021a28a5f310 relative=0x0000000000000f70
Event: 11.790 Thread 0x0000021a367b8000 DEOPT PACKING pc=0x0000021a28a5f310 sp=0x000000aa533fbaf0
Event: 11.790 Thread 0x0000021a367b8000 DEOPT UNPACKING pc=0x0000021a20f58f2f sp=0x000000aa533fba30 mode 2
Event: 11.792 Executing VM operation: BulkRevokeBias
Event: 11.797 Executing VM operation: BulkRevokeBias done


Dynamic libraries:
0x00007ff677950000 - 0x00007ff677997000 	C:\Program Files\Java\jdk-11.0.2\bin\java.exe
0x00007ffb56ea0000 - 0x00007ffb57090000 	C:\WINDOWS\SYSTEM32\ntdll.dll
0x00007ffb55740000 - 0x00007ffb557f2000 	C:\WINDOWS\System32\KERNEL32.DLL
0x00007ffb54100000 - 0x00007ffb543a3000 	C:\WINDOWS\System32\KERNELBASE.dll
0x00007ffb51860000 - 0x00007ffb518ef000 	C:\WINDOWS\SYSTEM32\apphelp.dll
0x00007ffb558b0000 - 0x00007ffb55953000 	C:\WINDOWS\System32\ADVAPI32.dll
0x00007ffb55800000 - 0x00007ffb5589e000 	C:\WINDOWS\System32\msvcrt.dll
0x00007ffb56410000 - 0x00007ffb564a7000 	C:\WINDOWS\System32\sechost.dll
0x00007ffb55a10000 - 0x00007ffb55b30000 	C:\WINDOWS\System32\RPCRT4.dll
0x00007ffb555a0000 - 0x00007ffb55734000 	C:\WINDOWS\System32\USER32.dll
0x00007ffb53f30000 - 0x00007ffb53f51000 	C:\WINDOWS\System32\win32u.dll
0x00007ffb563e0000 - 0x00007ffb56406000 	C:\WINDOWS\System32\GDI32.dll
0x00007ffb53f60000 - 0x00007ffb540f4000 	C:\WINDOWS\System32\gdi32full.dll
0x00007ffb54400000 - 0x00007ffb5449e000 	C:\WINDOWS\System32\msvcp_win.dll
0x00007ffb53e30000 - 0x00007ffb53f2a000 	C:\WINDOWS\System32\ucrtbase.dll
0x00007ffb37ec0000 - 0x00007ffb38145000 	C:\WINDOWS\WinSxS\amd64_microsoft.windows.common-controls_6595b64144ccf1df_6.0.18362.476_none_e6c4b11b130f2595\COMCTL32.dll
0x00007ffb4b220000 - 0x00007ffb4b22a000 	C:\WINDOWS\SYSTEM32\VERSION.dll
0x00007ffb54f50000 - 0x00007ffb55286000 	C:\WINDOWS\System32\combase.dll
0x00007ffb544a0000 - 0x00007ffb54520000 	C:\WINDOWS\System32\bcryptPrimitives.dll
0x00007ffb553f0000 - 0x00007ffb5541e000 	C:\WINDOWS\System32\IMM32.DLL
0x00007ffb370a0000 - 0x00007ffb370b6000 	C:\Program Files\Java\jdk-11.0.2\bin\vcruntime140.dll
0x00007ffb0a1a0000 - 0x00007ffb0a24a000 	C:\Program Files\Java\jdk-11.0.2\bin\msvcp140.dll
0x00007ffaefa00000 - 0x00007ffaf0527000 	C:\Program Files\Java\jdk-11.0.2\bin\server\jvm.dll
0x00007ffb55580000 - 0x00007ffb55588000 	C:\WINDOWS\System32\PSAPI.DLL
0x00007ffb34470000 - 0x00007ffb34479000 	C:\WINDOWS\SYSTEM32\WSOCK32.dll
0x00007ffb50200000 - 0x00007ffb50224000 	C:\WINDOWS\SYSTEM32\WINMM.dll
0x00007ffb55290000 - 0x00007ffb552ff000 	C:\WINDOWS\System32\WS2_32.dll
0x00007ffb4ff70000 - 0x00007ffb4ff9d000 	C:\WINDOWS\SYSTEM32\WINMMBASE.dll
0x00007ffb54f00000 - 0x00007ffb54f4a000 	C:\WINDOWS\System32\cfgmgr32.dll
0x00007ffb53d80000 - 0x00007ffb53d91000 	C:\WINDOWS\System32\kernel.appcore.dll
0x00007ffb36d00000 - 0x00007ffb36d11000 	C:\Program Files\Java\jdk-11.0.2\bin\verify.dll
0x00007ffb52740000 - 0x00007ffb52934000 	C:\WINDOWS\SYSTEM32\DBGHELP.DLL
0x00007ffb2cd30000 - 0x00007ffb2cd5a000 	C:\WINDOWS\SYSTEM32\dbgcore.DLL
0x00007ffb2d690000 - 0x00007ffb2d6b9000 	C:\Program Files\Java\jdk-11.0.2\bin\java.dll
0x00007ffb2d5d0000 - 0x00007ffb2d5ff000 	C:\Program Files\Java\jdk-11.0.2\bin\instrument.dll
0x00007ffb34a60000 - 0x00007ffb34a76000 	C:\Program Files\Java\jdk-11.0.2\bin\zip.dll
0x00007ffb4ed30000 - 0x00007ffb4ed3a000 	C:\Program Files\Java\jdk-11.0.2\bin\jimage.dll
0x00007ffb55cf0000 - 0x00007ffb563d5000 	C:\WINDOWS\System32\SHELL32.dll
0x00007ffb55960000 - 0x00007ffb55a09000 	C:\WINDOWS\System32\shcore.dll
0x00007ffb545d0000 - 0x00007ffb54d4e000 	C:\WINDOWS\System32\windows.storage.dll
0x00007ffb53e10000 - 0x00007ffb53e2f000 	C:\WINDOWS\System32\profapi.dll
0x00007ffb53da0000 - 0x00007ffb53dea000 	C:\WINDOWS\System32\powrprof.dll
0x00007ffb53d70000 - 0x00007ffb53d80000 	C:\WINDOWS\System32\UMPDC.dll
0x00007ffb55520000 - 0x00007ffb55572000 	C:\WINDOWS\System32\shlwapi.dll
0x00007ffb543e0000 - 0x00007ffb543f7000 	C:\WINDOWS\System32\cryptsp.dll
0x00007ffb34480000 - 0x00007ffb34499000 	C:\Program Files\Java\jdk-11.0.2\bin\net.dll
0x00007ffb4f280000 - 0x00007ffb4f370000 	C:\WINDOWS\SYSTEM32\WINHTTP.dll
0x00007ffb3a1c0000 - 0x00007ffb3a396000 	C:\WINDOWS\SYSTEM32\urlmon.dll
0x00007ffb3c570000 - 0x00007ffb3c816000 	C:\WINDOWS\SYSTEM32\iertutil.dll
0x00007ffb537b0000 - 0x00007ffb537bc000 	C:\WINDOWS\SYSTEM32\CRYPTBASE.DLL
0x00007ffb535e0000 - 0x00007ffb53647000 	C:\WINDOWS\system32\mswsock.dll
0x00007ffb2d7a0000 - 0x00007ffb2d7b3000 	C:\Program Files\Java\jdk-11.0.2\bin\nio.dll
0x00007ffb1ec60000 - 0x00007ffb1ec76000 	C:\WINDOWS\system32\napinsp.dll
0x00007ffb1ec20000 - 0x00007ffb1ec3a000 	C:\WINDOWS\system32\pnrpnsp.dll
0x00007ffb53330000 - 0x00007ffb533fa000 	C:\WINDOWS\SYSTEM32\DNSAPI.dll
0x00007ffb55590000 - 0x00007ffb55598000 	C:\WINDOWS\System32\NSI.dll
0x00007ffb532f0000 - 0x00007ffb5332a000 	C:\WINDOWS\SYSTEM32\IPHLPAPI.DLL
0x00007ffb1ec10000 - 0x00007ffb1ec1e000 	C:\WINDOWS\System32\winrnr.dll
0x00007ffb4f540000 - 0x00007ffb4f55c000 	C:\WINDOWS\system32\NLAapi.dll
0x00007ffb4f560000 - 0x00007ffb4f575000 	C:\WINDOWS\system32\wshbth.dll
0x00007ffb4bad0000 - 0x00007ffb4bada000 	C:\Windows\System32\rasadhlp.dll
0x00007ffb45790000 - 0x00007ffb45807000 	C:\WINDOWS\System32\fwpuclnt.dll
0x00007ffb543b0000 - 0x00007ffb543d6000 	C:\WINDOWS\System32\bcrypt.dll
0x00007ffb53150000 - 0x00007ffb53183000 	C:\WINDOWS\system32\rsaenh.dll
0x00007ffb53c90000 - 0x00007ffb53cb5000 	C:\WINDOWS\SYSTEM32\USERENV.dll
0x00007ffb4a0d0000 - 0x00007ffb4a0e6000 	C:\WINDOWS\SYSTEM32\dhcpcsvc6.DLL
0x00007ffb4b3a0000 - 0x00007ffb4b3bc000 	C:\WINDOWS\SYSTEM32\dhcpcsvc.DLL
0x00007ffb08ef0000 - 0x00007ffb0908f000 	C:\Program Files\Java\jdk-11.0.2\bin\awt.dll
0x00007ffb55300000 - 0x00007ffb553c4000 	C:\WINDOWS\System32\OLEAUT32.dll
0x00007ffb4f9b0000 - 0x00007ffb4ff70000 	C:\WINDOWS\SYSTEM32\d2d1.dll
0x00007ffb51f70000 - 0x00007ffb51f9d000 	C:\WINDOWS\system32\DWMAPI.DLL
0x00007ffb51b60000 - 0x00007ffb51bf9000 	C:\WINDOWS\system32\uxtheme.dll
0x00007ffb1deb0000 - 0x00007ffb1e006000 	C:\WINDOWS\system32\opengl32.dll
0x00007ffb1efe0000 - 0x00007ffb1f00c000 	C:\WINDOWS\SYSTEM32\GLU32.dll
0x00007ffb529e0000 - 0x00007ffb52a00000 	C:\WINDOWS\SYSTEM32\dxcore.dll
0x00007ffb56b30000 - 0x00007ffb56c66000 	C:\WINDOWS\System32\MSCTF.dll
0x00007ffb55b30000 - 0x00007ffb55c86000 	C:\WINDOWS\System32\ole32.dll
0x00007ffb0a120000 - 0x00007ffb0a1a0000 	C:\Program Files\Java\jdk-11.0.2\bin\freetype.dll
0x00007ffb0a0b0000 - 0x00007ffb0a11f000 	C:\Program Files\Java\jdk-11.0.2\bin\fontmanager.dll
0x00007ffb56c70000 - 0x00007ffb56d12000 	C:\WINDOWS\System32\clbcatq.dll
0x00007ffb4d6b0000 - 0x00007ffb4d85f000 	C:\WINDOWS\SYSTEM32\WindowsCodecs.dll
0x00007ffb1d2a0000 - 0x00007ffb1d2da000 	C:\WINDOWS\system32\dataexchange.dll
0x00007ffb4ffa0000 - 0x00007ffb501fb000 	C:\WINDOWS\system32\d3d11.dll
0x00007ffb50bb0000 - 0x00007ffb50d8b000 	C:\WINDOWS\system32\dcomp.dll
0x00007ffb52a70000 - 0x00007ffb52b5b000 	C:\WINDOWS\system32\dxgi.dll
0x00007ffb51d10000 - 0x00007ffb51f6a000 	C:\WINDOWS\system32\twinapi.appcore.dll
0x00007ffb52230000 - 0x00007ffb52259000 	C:\WINDOWS\system32\RMCLIENT.dll
0x00007ffb3bbc0000 - 0x00007ffb3bc5e000 	C:\WINDOWS\System32\TextInputFramework.dll
0x00007ffb4d8a0000 - 0x00007ffb4dbca000 	C:\WINDOWS\System32\CoreUIComponents.dll
0x00007ffb506f0000 - 0x00007ffb507c4000 	C:\WINDOWS\System32\CoreMessaging.dll
0x00007ffb52dd0000 - 0x00007ffb52e01000 	C:\WINDOWS\SYSTEM32\ntmarta.dll
0x00007ffb4f850000 - 0x00007ffb4f9a3000 	C:\WINDOWS\SYSTEM32\wintypes.dll
0x00007ffb38cf0000 - 0x00007ffb38d55000 	C:\WINDOWS\system32\Oleacc.dll
0x00007ffb2c630000 - 0x00007ffb2c66d000 	C:\Users\Daglemino\AppData\Local\Temp\JOCL_2_0_0-windows-x86_64.dll
0x00007ffb2d640000 - 0x00007ffb2d65d000 	C:\WINDOWS\SYSTEM32\OpenCL.dll
0x00007ffad5d00000 - 0x00007ffad7380000 	C:\WINDOWS\System32\DriverStore\FileRepository\nvhm.inf_amd64_d1c40a54a36b6122\nvopencl64.dll
0x00007ffb564b0000 - 0x00007ffb56920000 	C:\WINDOWS\System32\SETUPAPI.dll
0x00007ffb08670000 - 0x00007ffb08792000 	C:\WINDOWS\SYSTEM32\nvfatbinaryLoader.dll
0x00007ffb39830000 - 0x00007ffb39d28000 	C:\WINDOWS\system32\nvapi64.dll
0x00007ffb53b70000 - 0x00007ffb53b9a000 	C:\WINDOWS\SYSTEM32\DEVOBJ.dll
0x00007ffb54ea0000 - 0x00007ffb54efc000 	C:\WINDOWS\System32\WINTRUST.dll
0x00007ffb53df0000 - 0x00007ffb53e02000 	C:\WINDOWS\System32\MSASN1.dll
0x00007ffb54d50000 - 0x00007ffb54e99000 	C:\WINDOWS\System32\CRYPT32.dll
0x00007ffb07ab0000 - 0x00007ffb07c35000 	C:\WINDOWS\System32\DriverStore\FileRepository\iigd_dch.inf_amd64_8f062540d3fd067f\IntelOpenCL64.dll
0x00007ffb07940000 - 0x00007ffb07aa1000 	C:\WINDOWS\System32\DriverStore\FileRepository\iigd_dch.inf_amd64_8f062540d3fd067f\ocl\bin\x64\intelocl64.dll
0x00007ffb0a040000 - 0x00007ffb0a0ae000 	C:\WINDOWS\System32\DriverStore\FileRepository\iigd_dch.inf_amd64_8f062540d3fd067f\ocl\bin\x64\task_executor64.dll
0x00007ffb095a0000 - 0x00007ffb09626000 	C:\WINDOWS\System32\DriverStore\FileRepository\iigd_dch.inf_amd64_8f062540d3fd067f\ocl\bin\x64\cpu_device64.dll
0x00007ffafdb30000 - 0x00007ffafde8b000 	C:\WINDOWS\System32\DriverStore\FileRepository\iigd_dch.inf_amd64_8f062540d3fd067f\igdrcl64.dll
0x00007ffb47b20000 - 0x00007ffb47c3d000 	C:\WINDOWS\System32\DriverStore\FileRepository\iigd_dch.inf_amd64_8f062540d3fd067f\igdgmm64.dll
0x00007ffb08d10000 - 0x00007ffb08dd4000 	C:\WINDOWS\System32\DriverStore\FileRepository\iigd_dch.inf_amd64_8f062540d3fd067f\igdfcl64.dll
0x00007ffb45810000 - 0x00007ffb47ab5000 	C:\WINDOWS\System32\DriverStore\FileRepository\iigd_dch.inf_amd64_8f062540d3fd067f\igc64.dll
0x00007ffad2400000 - 0x00007ffad4a6a000 	C:\WINDOWS\system32\nvcompiler.dll
0x00007ffb07e20000 - 0x00007ffb07f06000 	C:\WINDOWS\System32\DriverStore\FileRepository\iigd_dch.inf_amd64_8f062540d3fd067f\ocl\bin\x64\tbb\ocltbb64.dll
0x00007ffad0db0000 - 0x00007ffad23fa000 	C:\WINDOWS\System32\DriverStore\FileRepository\iigd_dch.inf_amd64_8f062540d3fd067f\ocl\bin\x64\OclCpuBackEnd64.dll
0x00007ffae7da0000 - 0x00007ffae83f0000 	C:\WINDOWS\System32\DriverStore\FileRepository\iigd_dch.inf_amd64_8f062540d3fd067f\ocl\bin\x64\__ocl_svml_l9.dll
0x00007ffaf1140000 - 0x00007ffaf152e000 	C:\WINDOWS\System32\DriverStore\FileRepository\iigd_dch.inf_amd64_8f062540d3fd067f\ocl\bin\x64\clang_compiler64.dll
0x00007ffab98c0000 - 0x00007ffabdc76000 	C:\WINDOWS\System32\DriverStore\FileRepository\iigd_dch.inf_amd64_8f062540d3fd067f\common_clang64.dll

dbghelp: loaded successfully - version: 4.0.5 - missing functions: none
symbol engine: initialized successfully - sym options: 0x614 - pdb path: .;C:\Program Files\Java\jdk-11.0.2\bin;C:\WINDOWS\SYSTEM32;C:\WINDOWS\WinSxS\amd64_microsoft.windows.common-controls_6595b64144ccf1df_6.0.18362.476_none_e6c4b11b130f2595;C:\Program Files\Java\jdk-11.0.2\bin\server;C:\Users\Daglemino\AppData\Local\Temp;C:\WINDOWS\System32\DriverStore\FileRepository\nvhm.inf_amd64_d1c40a54a36b6122;C:\WINDOWS\System32\DriverStore\FileRepository\iigd_dch.inf_amd64_8f062540d3fd067f;C:\WINDOWS\System32\DriverStore\FileRepository\iigd_dch.inf_amd64_8f062540d3fd067f\ocl\bin\x64;C:\WINDOWS\System32\DriverStore\FileRepository\iigd_dch.inf_amd64_8f062540d3fd067f\ocl\bin\x64\tbb

VM Arguments:
jvm_args: -Dorg.gradle.native=false -javaagent:build/tmp/expandedArchives/org.jacoco.agent-0.8.5.jar_6a2df60c47de373ea127d14406367999/jacocoagent.jar=destfile=build/jacoco/test.exec,append=true,inclnolocationclasses=false,dumponexit=true,output=file,jmx=false -Xmx512m -Dfile.encoding=windows-1252 -Duser.country=AT -Duser.language=de -Duser.variant -ea 
java_command: worker.org.gradle.process.internal.worker.GradleWorkerMain 'Gradle Test Executor 24'
java_class_path (initial): C:\\Users\\Daglemino\\.gradle\\caches\\5.6.2\\workerMain\\gradle-worker.jar;D:\\development\\java\\studium\\neureka\\build\\classes\\java\\test;D:\\development\\java\\studium\\neureka\\build\\classes\\groovy\\test;D:\\development\\java\\studium\\neureka\\build\\resources\\test;D:\\development\\java\\studium\\neureka\\build\\classes\\java\\main;D:\\development\\java\\studium\\neureka\\build\\classes\\groovy\\main;D:\\development\\java\\studium\\neureka\\build\\resources\\main;C:\\Users\\Daglemino\\.gradle\\caches\\modules-2\\files-2.1\\org.jocl\\jocl\\2.0.0\\79c9e57adcea8bed6c8eeec9df964467d80105fe\\jocl-2.0.0.jar;C:\\Users\\Daglemino\\.gradle\\caches\\modules-2\\files-2.1\\org.jetbrains\\annotations\\16.0.2\\dab5655eb9abe23f2245c34e66c9813c7daf4563\\annotations-16.0.2.jar;C:\\Users\\Daglemino\\.gradle\\caches\\modules-2\\files-2.1\\org.codehaus.groovy\\groovy-all\\2.4.14\\cd1a8ce914f5fe86c00a917b0577da6f367edcf9\\groovy-all-2.4.14.jar;C:\\Users\\Daglemino\\.gradle\\caches\\modules-2\\files-2.1\\junit\\junit\\4.12\\2973d150c0dc1fefe998f834810d68f278ea58ec\\junit-4.12.jar;C:\\Users\\Daglemino\\.gradle\\caches\\modules-2\\files-2.1\\org.hamcrest\\hamcrest-core\\1.3\\42a25dc3219429f0e5d060061f71acb49bf010a0\\hamcrest-core-1.3.jar
Launcher Type: SUN_STANDARD

[Global flags]
     intx CICompilerCount                          = 4                                         {product} {ergonomic}
     uint ConcGCThreads                            = 3                                         {product} {ergonomic}
     uint G1ConcRefinementThreads                  = 10                                        {product} {ergonomic}
   size_t G1HeapRegionSize                         = 1048576                                   {product} {ergonomic}
    uintx GCDrainStackTargetSize                   = 64                                        {product} {ergonomic}
   size_t InitialHeapSize                          = 264241152                                 {product} {ergonomic}
   size_t MarkStackSize                            = 4194304                                   {product} {ergonomic}
   size_t MaxHeapSize                              = 536870912                                 {product} {command line}
   size_t MaxNewSize                               = 321912832                                 {product} {ergonomic}
   size_t MinHeapDeltaBytes                        = 1048576                                   {product} {ergonomic}
    uintx NonNMethodCodeHeapSize                   = 5835340                                {pd product} {ergonomic}
    uintx NonProfiledCodeHeapSize                  = 122911450                              {pd product} {ergonomic}
    uintx ProfiledCodeHeapSize                     = 122911450                              {pd product} {ergonomic}
    uintx ReservedCodeCacheSize                    = 251658240                              {pd product} {ergonomic}
     bool SegmentedCodeCache                       = true                                      {product} {ergonomic}
     bool UseCompressedClassPointers               = true                                 {lp64_product} {ergonomic}
     bool UseCompressedOops                        = true                                 {lp64_product} {ergonomic}
     bool UseG1GC                                  = true                                      {product} {ergonomic}
     bool UseLargePagesIndividualAllocation        = false                                  {pd product} {ergonomic}

Logging:
Log output configuration:
 #0: stdout all=warning uptime,level,tags
 #1: stderr all=off uptime,level,tags

Environment Variables:
JAVA_HOME=C:\Program Files\Java\jdk-12.0.2
PATH=C:\Program Files (x86)\Common Files\Oracle\Java\javapath;C:\windows\system32;C:\windows;C:\windows\System32\Wbem;C:\windows\System32\WindowsPowerShell\v1.0\;C:\windows\System32\OpenSSH\;C:\Program Files (x86)\NVIDIA Corporation\PhysX\Common;D:\development\version control\Git\cmd;D:\Software\posgres\pg11\bin;C:\Program Files\Intel\WiFi\bin\;C:\Program Files\Common Files\Intel\WirelessCommon\;C:\Program Files (x86)\Windows Kits\10\Windows Performance Toolkit\;C:\Program Files\Java\jdk-12.0.2\lib;C:\WINDOWS\system32;C:\WINDOWS;C:\WINDOWS\System32\Wbem;C:\WINDOWS\System32\WindowsPowerShell\v1.0\;C:\WINDOWS\System32\OpenSSH\;;C:\Program Files (x86)\Gpg4win\..\GnuPG\bin;C:\Users\Daglemino\AppData\Local\Programs\Python\Python36-32\Scripts\;C:\Users\Daglemino\AppData\Local\Programs\Python\Python36-32\;C:\Users\Daglemino\AppData\Local\Microsoft\WindowsApps
USERNAME=Daglemino
OS=Windows_NT
PROCESSOR_IDENTIFIER=Intel64 Family 6 Model 158 Stepping 10, GenuineIntel



---------------  S Y S T E M  ---------------

OS: Windows 10 , 64 bit Build 18362 (10.0.18362.329)

CPU:total 12 (initial active 12) (6 cores per cpu, 2 threads per core) family 6 model 158 stepping 10, cmov, cx8, fxsr, mmx, sse, sse2, sse3, ssse3, sse4.1, sse4.2, popcnt, avx, avx2, aes, clmul, erms, 3dnowpref, lzcnt, ht, tsc, tscinvbit, bmi1, bmi2, adx, fma

Memory: 4k page, system-wide physical 16122M (5611M free)
TotalPageFile size 24862M (AvailPageFile size 2764M)
current process WorkingSet (physical memory assigned to process): 487M, peak: 490M
current process commit charge ("private bytes"): 655M, peak: 657M

vm_info: Java HotSpot(TM) 64-Bit Server VM (11.0.2+9-LTS) for windows-amd64 JRE (11.0.2+9-LTS), built on Jan 18 2019 05:24:10 by "mach5one" with MS VC++ 15.5 (VS2017)

END.
