#
# A fatal error has been detected by the Java Runtime Environment:
#
#  EXCEPTION_ACCESS_VIOLATION (0xc0000005) at pc=0x00007ffa0562300c, pid=15460, tid=4596
#
# JRE version: Java(TM) SE Runtime Environment (11.0.2+9) (build 11.0.2+9-LTS)
# Java VM: Java HotSpot(TM) 64-Bit Server VM (11.0.2+9-LTS, mixed mode, tiered, compressed oops, g1 gc, windows-amd64)
# Problematic frame:
# C  [OpenCL.dll+0x300c]
#
# No core dump will be written. Minidumps are not enabled by default on client versions of Windows
#
# If you would like to submit a bug report, please visit:
#   http://bugreport.java.com/bugreport/crash.jsp
# The crash happened outside the Java Virtual Machine in native code.
# See problematic frame for where to report the bug.
#

---------------  S U M M A R Y ------------

Command Line: -Dorg.gradle.native=false -javaagent:build/tmp/expandedArchives/org.jacoco.agent-0.8.5.jar_6a2df60c47de373ea127d14406367999/jacocoagent.jar=destfile=build/jacoco/test.exec,append=true,inclnolocationclasses=false,dumponexit=true,output=file,jmx=false -Xmx512m -Dfile.encoding=windows-1252 -Duser.country=AT -Duser.language=de -Duser.variant -ea worker.org.gradle.process.internal.worker.GradleWorkerMain 'Gradle Test Executor 47'

Host: Intel(R) Core(TM) i7-8750H CPU @ 2.20GHz, 12 cores, 15G,  Windows 10 , 64 bit Build 18362 (10.0.18362.329)
Time: Fri Nov 15 18:41:13 2019 Mitteleuropäische Zeit elapsed time: 19 seconds (0d 0h 0m 19s)

---------------  T H R E A D  ---------------

Current thread (0x00000284f7ae7800):  JavaThread "Cleaner-0" daemon [_thread_in_native, id=4596, stack(0x000000ec4a800000,0x000000ec4a900000)]

Stack: [0x000000ec4a800000,0x000000ec4a900000],  sp=0x000000ec4a8fefc8,  free space=1019k
Native frames: (J=compiled Java code, j=interpreted, Vv=VM code, C=native code)
C  [OpenCL.dll+0x300c]

Java frames: (J=compiled Java code, j=interpreted, Vv=VM code)
j  org.jocl.CL.clReleaseMemObjectNative(Lorg/jocl/cl_mem;)I+0
j  org.jocl.CL.clReleaseMemObject(Lorg/jocl/cl_mem;)I+5
j  neureka.core.device.openCL.OpenCLDevice._rmv(Lneureka/core/device/openCL/OpenCLDevice$cl_tsr;)V+24
j  neureka.core.device.openCL.OpenCLDevice.lambda$_add$1(Lneureka/core/device/openCL/OpenCLDevice$cl_tsr;)V+9
j  neureka.core.device.openCL.OpenCLDevice$$Lambda$176.run()V+8
J 1053 c1 jdk.internal.ref.CleanerImpl$PhantomCleanableRef.performCleanup()V java.base@11.0.2 (10 bytes) @ 0x00000284dec96e5c [0x00000284dec96d60+0x00000000000000fc]
J 1052 c1 jdk.internal.ref.PhantomCleanable.clean()V java.base@11.0.2 (16 bytes) @ 0x00000284dec9690c [0x00000284dec96760+0x00000000000001ac]
j  jdk.internal.ref.CleanerImpl.run()V+77 java.base@11.0.2
j  java.lang.Thread.run()V+11 java.base@11.0.2
j  jdk.internal.misc.InnocuousThread.run()V+20 java.base@11.0.2
v  ~StubRoutines::call_stub

siginfo: EXCEPTION_ACCESS_VIOLATION (0xc0000005), reading address 0x0000000000000090


Register to memory mapping:

RIP=0x00007ffa0562300c OpenCL.dll
RAX=0x0 is NULL
RBX={method} {0x00000284f80f6b60} 'clReleaseMemObjectNative' '(Lorg/jocl/cl_mem;)I' in 'org/jocl/CL'
RCX=0x00000284f2b24640 points into unknown readable memory: 00 00 00 00 00 00 00 00
RDX=0x000000ec4a8ff060 is pointing into the stack for thread: 0x00000284f7ae7800
RSP=0x000000ec4a8fefc8 is pointing into the stack for thread: 0x00000284f7ae7800
RBP=0x000000ec4a8ff040 is pointing into the stack for thread: 0x00000284f7ae7800
RSI=0x000002848ec6a420 is pointing into metadata
RDI=0x0000000000000198 is an unknown value
R8 =0x0000000000000042 is an unknown value
R9 =0x00000000ec0072e8 is an oop: org.jocl.cl_mem 
{0x00000000ec0072e8} - klass: 'org/jocl/cl_mem'
R10=0x0000000000000180 is an unknown value
R11=0x00007ff9a7b6e0e8 jvm.dll
R12=0x0 is NULL
R13={method} {0x00000284f80f6b60} 'clReleaseMemObjectNative' '(Lorg/jocl/cl_mem;)I' in 'org/jocl/CL'
R14=0x000000ec4a8ff060 is pointing into the stack for thread: 0x00000284f7ae7800
R15=0x00000284f7ae7800 is a thread


Registers:
RAX=0x0000000000000000, RBX=0x00000284f80f6b58, RCX=0x00000284f2b24640, RDX=0x000000ec4a8ff060
RSP=0x000000ec4a8fefc8, RBP=0x000000ec4a8ff040, RSI=0x000002848ec6a420, RDI=0x0000000000000198
R8 =0x0000000000000042, R9 =0x00000000ec0072e8, R10=0x0000000000000180, R11=0x00007ff9a7b6e0e8
R12=0x0000000000000000, R13=0x00000284f80f6b58, R14=0x000000ec4a8ff060, R15=0x00000284f7ae7800
RIP=0x00007ffa0562300c, EFLAGS=0x0000000000010202

Top of Stack: (sp=0x000000ec4a8fefc8)
0x000000ec4a8fefc8:   00000284de4af037 00000284f80f6b58
0x000000ec4a8fefd8:   00000284df009074 000000ec4a8ff118
0x000000ec4a8fefe8:   00007ff9a76edad9 000002848ec6b888
0x000000ec4a8feff8:   000000ec4a8feff8 0000000000000000
0x000000ec4a8ff008:   000000ec4a8ff060 00000284f8102a40
0x000000ec4a8ff018:   0000000000000000 00000000ec002420
0x000000ec4a8ff028:   00000284f80f6b58 0000000000000000
0x000000ec4a8ff038:   000000ec4a8ff060 000000ec4a8ff0b0
0x000000ec4a8ff048:   00000284de4a9840 00000000ec002420
0x000000ec4a8ff058:   00000284de4abf96 00000000ec0072e8
0x000000ec4a8ff068:   000000ec4a8ff068 00000284f80f6aa5
0x000000ec4a8ff078:   000000ec4a8ff0c8 00000284f8102a40
0x000000ec4a8ff088:   0000000000000000 00000000ec002420
0x000000ec4a8ff098:   00000284f80f6ac8 000000ec4a8ff060
0x000000ec4a8ff0a8:   000000ec4a8ff0c8 000000ec4a8ff118
0x000000ec4a8ff0b8:   00000284de4a9840 00000000ec147080 

Instructions: (pc=0x00007ffa0562300c)
0x00007ffa05622fec:   48 ff a0 28 01 00 00 cc cc cc cc cc cc cc cc cc
0x00007ffa05622ffc:   cc cc cc cc 48 85 c9 75 04 8d 41 da c3 48 8b 01
0x00007ffa0562300c:   48 ff a0 90 00 00 00 cc cc cc cc cc cc cc cc cc
0x00007ffa0562301c:   cc cc cc cc 48 85 c9 75 04 8d 41 d4 c3 48 8b 01 


Stack slot to memory mapping:
stack at sp + 0 slots: 0x00000284de4af037 is at code_begin+1047 in an Interpreter codelet
method entry point (kind = native)  [0x00000284de4aec20, 0x00000284de4af780]  2912 bytes
stack at sp + 1 slots: {method} {0x00000284f80f6b60} 'clReleaseMemObjectNative' '(Lorg/jocl/cl_mem;)I' in 'org/jocl/CL'
stack at sp + 2 slots: 0x00000284df009074 is at entry_point+84 in (nmethod*)0x00000284df008e10
stack at sp + 3 slots: 0x000000ec4a8ff118 is pointing into the stack for thread: 0x00000284f7ae7800
stack at sp + 4 slots: 0x00007ff9a76edad9 jvm.dll
stack at sp + 5 slots: 0x000002848ec6b888 is pointing into metadata
stack at sp + 6 slots: 0x000000ec4a8feff8 is pointing into the stack for thread: 0x00000284f7ae7800
stack at sp + 7 slots: 0x0 is NULL


---------------  P R O C E S S  ---------------

Threads class SMR info:
_java_thread_list=0x000002848cc971f0, length=20, elements={
0x00000284d6186000, 0x00000284f21d1800, 0x00000284f21f4800, 0x00000284f225b000,
0x00000284f225c000, 0x00000284f2260800, 0x00000284f2267800, 0x00000284f226a800,
0x00000284f1989800, 0x00000284f2725000, 0x00000284f45b6800, 0x00000284f4d6b000,
0x00000284f61be800, 0x00000284f491a000, 0x00000284f44d8800, 0x00000284f3ec8800,
0x00000284f7007800, 0x00000284f7ae7800, 0x000002848a4aa000, 0x000002848ab49800
}

Java Threads: ( => current thread )
  0x00000284d6186000 JavaThread "main" [_thread_blocked, id=5056, stack(0x000000ec47900000,0x000000ec47a00000)]
  0x00000284f21d1800 JavaThread "Reference Handler" daemon [_thread_blocked, id=12152, stack(0x000000ec48000000,0x000000ec48100000)]
  0x00000284f21f4800 JavaThread "Finalizer" daemon [_thread_blocked, id=17996, stack(0x000000ec48100000,0x000000ec48200000)]
  0x00000284f225b000 JavaThread "Signal Dispatcher" daemon [_thread_blocked, id=16780, stack(0x000000ec48200000,0x000000ec48300000)]
  0x00000284f225c000 JavaThread "Attach Listener" daemon [_thread_blocked, id=9904, stack(0x000000ec48300000,0x000000ec48400000)]
  0x00000284f2260800 JavaThread "C2 CompilerThread0" daemon [_thread_in_native, id=1952, stack(0x000000ec48400000,0x000000ec48500000)]
  0x00000284f2267800 JavaThread "C1 CompilerThread0" daemon [_thread_in_native, id=13208, stack(0x000000ec48500000,0x000000ec48600000)]
  0x00000284f226a800 JavaThread "Sweeper thread" daemon [_thread_blocked, id=8400, stack(0x000000ec48600000,0x000000ec48700000)]
  0x00000284f1989800 JavaThread "Common-Cleaner" daemon [_thread_blocked, id=6488, stack(0x000000ec48700000,0x000000ec48800000)]
  0x00000284f2725000 JavaThread "Service Thread" daemon [_thread_blocked, id=7304, stack(0x000000ec48900000,0x000000ec48a00000)]
  0x00000284f45b6800 JavaThread "Test worker" [_thread_blocked, id=17676, stack(0x000000ec49200000,0x000000ec49300000)]
  0x00000284f4d6b000 JavaThread "/127.0.0.1:51516 to /127.0.0.1:51515 workers Thread 2" [_thread_blocked, id=17840, stack(0x000000ec49300000,0x000000ec49400000)]
  0x00000284f61be800 JavaThread "/127.0.0.1:51516 to /127.0.0.1:51515 workers Thread 3" [_thread_in_native, id=1480, stack(0x000000ec49400000,0x000000ec49500000)]
  0x00000284f491a000 JavaThread "Java2D Disposer" daemon [_thread_blocked, id=15728, stack(0x000000ec49500000,0x000000ec49600000)]
  0x00000284f44d8800 JavaThread "AWT-Shutdown" [_thread_blocked, id=6072, stack(0x000000ec49600000,0x000000ec49700000)]
  0x00000284f3ec8800 JavaThread "AWT-Windows" daemon [_thread_in_native, id=11956, stack(0x000000ec49700000,0x000000ec49800000)]
  0x00000284f7007800 JavaThread "AWT-EventQueue-0" [_thread_in_native, id=11056, stack(0x000000ec49800000,0x000000ec49900000)]
=>0x00000284f7ae7800 JavaThread "Cleaner-0" daemon [_thread_in_native, id=4596, stack(0x000000ec4a800000,0x000000ec4a900000)]
  0x000002848a4aa000 JavaThread "C2 CompilerThread1" daemon [_thread_in_native, id=4888, stack(0x000000ec4a900000,0x000000ec4aa00000)]
  0x000002848ab49800 JavaThread "C2 CompilerThread2" daemon [_thread_in_native, id=7140, stack(0x000000ec4ab00000,0x000000ec4ac00000)]

Other Threads:
  0x00000284f21ce800 VMThread "VM Thread" [stack: 0x000000ec47f00000,0x000000ec48000000] [id=17280]
  0x00000284f270d800 WatcherThread [stack: 0x000000ec48a00000,0x000000ec48b00000] [id=14236]
  0x00000284d619d800 GCTaskThread "GC Thread#0" [stack: 0x000000ec47a00000,0x000000ec47b00000] [id=12660]
  0x00000284f38ae000 GCTaskThread "GC Thread#1" [stack: 0x000000ec48b00000,0x000000ec48c00000] [id=12236]
  0x00000284f404f800 GCTaskThread "GC Thread#2" [stack: 0x000000ec48c00000,0x000000ec48d00000] [id=11984]
  0x00000284f4880000 GCTaskThread "GC Thread#3" [stack: 0x000000ec48d00000,0x000000ec48e00000] [id=13984]
  0x00000284f28fd800 GCTaskThread "GC Thread#4" [stack: 0x000000ec48e00000,0x000000ec48f00000] [id=16460]
  0x00000284f2e49800 GCTaskThread "GC Thread#5" [stack: 0x000000ec48f00000,0x000000ec49000000] [id=11256]
  0x00000284f2cd9800 GCTaskThread "GC Thread#6" [stack: 0x000000ec49900000,0x000000ec49a00000] [id=15368]
  0x00000284f52cf800 GCTaskThread "GC Thread#7" [stack: 0x000000ec49a00000,0x000000ec49b00000] [id=11392]
  0x00000284f5ebf000 GCTaskThread "GC Thread#8" [stack: 0x000000ec49b00000,0x000000ec49c00000] [id=2888]
  0x00000284f4552800 GCTaskThread "GC Thread#9" [stack: 0x000000ec49c00000,0x000000ec49d00000] [id=13052]
  0x00000284d61ae800 ConcurrentGCThread "G1 Main Marker" [stack: 0x000000ec47b00000,0x000000ec47c00000] [id=17928]
  0x00000284d61b1000 ConcurrentGCThread "G1 Conc#0" [stack: 0x000000ec47c00000,0x000000ec47d00000] [id=14456]
  0x00000284f6dae000 ConcurrentGCThread "G1 Conc#1" [stack: 0x000000ec49d00000,0x000000ec49e00000] [id=2324]
  0x00000284f7301000 ConcurrentGCThread "G1 Conc#2" [stack: 0x000000ec49e00000,0x000000ec49f00000] [id=15240]
  0x00000284f1838800 ConcurrentGCThread "G1 Refine#0" [stack: 0x000000ec47d00000,0x000000ec47e00000] [id=5960]
  0x00000284f183b000 ConcurrentGCThread "G1 Young RemSet Sampling" [stack: 0x000000ec47e00000,0x000000ec47f00000] [id=18112]

Threads with active compile tasks:
C2 CompilerThread02812       4       javax.swing.text.GapContent::createPosition (188 bytes)
C1 CompilerThread02949   !   3       java.awt.GradientPaintContext::<init> (649 bytes)
C2 CompilerThread12160       4       org.jacoco.agent.rt.internal_43f5073.asm.ClassReader::readCode (5089 bytes)
C2 CompilerThread22592 % !   4       javax.swing.text.PlainDocument::insertUpdate @ 124 (410 bytes)

VM state:not at safepoint (normal execution)

VM Mutex/Monitor currently owned by a thread:  ([mutex/lock_event])
[0x00000284d6180230] CodeCache_lock - owner thread: 0x00000284f2267800
[0x00000284d6183f50] Compile_lock - owner thread: 0x00000284f2267800
[0x00000284d6184d60] MethodCompileQueue_lock - owner thread: 0x0000000000000000

Heap address: 0x00000000e0000000, size: 512 MB, Compressed Oops mode: 32-bit
Narrow klass base: 0x0000000000000000, Narrow klass shift: 3
Compressed class space size: 1073741824 Address: 0x0000000100000000

Heap:
 garbage-first heap   total 258048K, used 16122K [0x00000000e0000000, 0x0000000100000000)
  region size 1024K, 11 young (11264K), 4 survivors (4096K)
 Metaspace       used 24267K, capacity 25254K, committed 25472K, reserved 1071104K
  class space    used 2749K, capacity 3178K, committed 3200K, reserved 1048576K
Heap Regions: E=young(eden), S=young(survivor), O=old, HS=humongous(starts), HC=humongous(continues), CS=collection set, F=free, A=archive, TAMS=top-at-mark-start (previous, next)
|   0|0x00000000e0000000, 0x00000000e0100000, 0x00000000e0100000|100%| O|  |TAMS 0x00000000e004b800, 0x00000000e0000000| Untracked 
|   1|0x00000000e0100000, 0x00000000e0200000, 0x00000000e0200000|100%|HS|  |TAMS 0x00000000e0100000, 0x00000000e0100000| Complete 
|   2|0x00000000e0200000, 0x00000000e0300000, 0x00000000e0300000|100%|HC|  |TAMS 0x00000000e0200000, 0x00000000e0200000| Complete 
|   3|0x00000000e0300000, 0x00000000e0400000, 0x00000000e0400000|100%|HC|  |TAMS 0x00000000e0300000, 0x00000000e0300000| Complete 
|   4|0x00000000e0400000, 0x00000000e0500000, 0x00000000e0500000|100%| O|  |TAMS 0x00000000e0400000, 0x00000000e0400000| Untracked 
|   5|0x00000000e0500000, 0x00000000e05d1a00, 0x00000000e0600000| 81%| O|  |TAMS 0x00000000e0500000, 0x00000000e0500000| Untracked 
|   6|0x00000000e0600000, 0x00000000e0600000, 0x00000000e0700000|  0%| F|  |TAMS 0x00000000e0600000, 0x00000000e0600000| Untracked 
|   7|0x00000000e0700000, 0x00000000e0700000, 0x00000000e0800000|  0%| F|  |TAMS 0x00000000e0700000, 0x00000000e0700000| Untracked 
|   8|0x00000000e0800000, 0x00000000e0800000, 0x00000000e0900000|  0%| F|  |TAMS 0x00000000e0800000, 0x00000000e0800000| Untracked 
|   9|0x00000000e0900000, 0x00000000e0900000, 0x00000000e0a00000|  0%| F|  |TAMS 0x00000000e0900000, 0x00000000e0900000| Untracked 
|  10|0x00000000e0a00000, 0x00000000e0a00000, 0x00000000e0b00000|  0%| F|  |TAMS 0x00000000e0a00000, 0x00000000e0a00000| Untracked 
|  11|0x00000000e0b00000, 0x00000000e0b00000, 0x00000000e0c00000|  0%| F|  |TAMS 0x00000000e0b00000, 0x00000000e0b00000| Untracked 
|  12|0x00000000e0c00000, 0x00000000e0c00000, 0x00000000e0d00000|  0%| F|  |TAMS 0x00000000e0c00000, 0x00000000e0c00000| Untracked 
|  13|0x00000000e0d00000, 0x00000000e0d00000, 0x00000000e0e00000|  0%| F|  |TAMS 0x00000000e0d00000, 0x00000000e0d00000| Untracked 
|  14|0x00000000e0e00000, 0x00000000e0e00000, 0x00000000e0f00000|  0%| F|  |TAMS 0x00000000e0e00000, 0x00000000e0e00000| Untracked 
|  15|0x00000000e0f00000, 0x00000000e0f00000, 0x00000000e1000000|  0%| F|  |TAMS 0x00000000e0f00000, 0x00000000e0f00000| Untracked 
|  16|0x00000000e1000000, 0x00000000e1000000, 0x00000000e1100000|  0%| F|  |TAMS 0x00000000e1000000, 0x00000000e1000000| Untracked 
|  17|0x00000000e1100000, 0x00000000e1100000, 0x00000000e1200000|  0%| F|  |TAMS 0x00000000e1100000, 0x00000000e1100000| Untracked 
|  18|0x00000000e1200000, 0x00000000e1200000, 0x00000000e1300000|  0%| F|  |TAMS 0x00000000e1200000, 0x00000000e1200000| Untracked 
|  19|0x00000000e1300000, 0x00000000e1300000, 0x00000000e1400000|  0%| F|  |TAMS 0x00000000e1300000, 0x00000000e1300000| Untracked 
|  20|0x00000000e1400000, 0x00000000e1400000, 0x00000000e1500000|  0%| F|  |TAMS 0x00000000e1400000, 0x00000000e1400000| Untracked 
|  21|0x00000000e1500000, 0x00000000e1500000, 0x00000000e1600000|  0%| F|  |TAMS 0x00000000e1500000, 0x00000000e1500000| Untracked 
|  22|0x00000000e1600000, 0x00000000e1600000, 0x00000000e1700000|  0%| F|  |TAMS 0x00000000e1600000, 0x00000000e1600000| Untracked 
|  23|0x00000000e1700000, 0x00000000e1700000, 0x00000000e1800000|  0%| F|  |TAMS 0x00000000e1700000, 0x00000000e1700000| Untracked 
|  24|0x00000000e1800000, 0x00000000e1800000, 0x00000000e1900000|  0%| F|  |TAMS 0x00000000e1800000, 0x00000000e1800000| Untracked 
|  25|0x00000000e1900000, 0x00000000e1900000, 0x00000000e1a00000|  0%| F|  |TAMS 0x00000000e1900000, 0x00000000e1900000| Untracked 
|  26|0x00000000e1a00000, 0x00000000e1a00000, 0x00000000e1b00000|  0%| F|  |TAMS 0x00000000e1a00000, 0x00000000e1a00000| Untracked 
|  27|0x00000000e1b00000, 0x00000000e1b00000, 0x00000000e1c00000|  0%| F|  |TAMS 0x00000000e1b00000, 0x00000000e1b00000| Untracked 
|  28|0x00000000e1c00000, 0x00000000e1c00000, 0x00000000e1d00000|  0%| F|  |TAMS 0x00000000e1c00000, 0x00000000e1c00000| Untracked 
|  29|0x00000000e1d00000, 0x00000000e1d00000, 0x00000000e1e00000|  0%| F|  |TAMS 0x00000000e1d00000, 0x00000000e1d00000| Untracked 
|  30|0x00000000e1e00000, 0x00000000e1e00000, 0x00000000e1f00000|  0%| F|  |TAMS 0x00000000e1e00000, 0x00000000e1e00000| Untracked 
|  31|0x00000000e1f00000, 0x00000000e1f00000, 0x00000000e2000000|  0%| F|  |TAMS 0x00000000e1f00000, 0x00000000e1f00000| Untracked 
|  32|0x00000000e2000000, 0x00000000e2000000, 0x00000000e2100000|  0%| F|  |TAMS 0x00000000e2000000, 0x00000000e2000000| Untracked 
|  33|0x00000000e2100000, 0x00000000e2100000, 0x00000000e2200000|  0%| F|  |TAMS 0x00000000e2100000, 0x00000000e2100000| Untracked 
|  34|0x00000000e2200000, 0x00000000e2200000, 0x00000000e2300000|  0%| F|  |TAMS 0x00000000e2200000, 0x00000000e2200000| Untracked 
|  35|0x00000000e2300000, 0x00000000e2300000, 0x00000000e2400000|  0%| F|  |TAMS 0x00000000e2300000, 0x00000000e2300000| Untracked 
|  36|0x00000000e2400000, 0x00000000e2400000, 0x00000000e2500000|  0%| F|  |TAMS 0x00000000e2400000, 0x00000000e2400000| Untracked 
|  37|0x00000000e2500000, 0x00000000e2500000, 0x00000000e2600000|  0%| F|  |TAMS 0x00000000e2500000, 0x00000000e2500000| Untracked 
|  38|0x00000000e2600000, 0x00000000e2600000, 0x00000000e2700000|  0%| F|  |TAMS 0x00000000e2600000, 0x00000000e2600000| Untracked 
|  39|0x00000000e2700000, 0x00000000e2700000, 0x00000000e2800000|  0%| F|  |TAMS 0x00000000e2700000, 0x00000000e2700000| Untracked 
|  40|0x00000000e2800000, 0x00000000e2800000, 0x00000000e2900000|  0%| F|  |TAMS 0x00000000e2800000, 0x00000000e2800000| Untracked 
|  41|0x00000000e2900000, 0x00000000e2900000, 0x00000000e2a00000|  0%| F|  |TAMS 0x00000000e2900000, 0x00000000e2900000| Untracked 
|  42|0x00000000e2a00000, 0x00000000e2a00000, 0x00000000e2b00000|  0%| F|  |TAMS 0x00000000e2a00000, 0x00000000e2a00000| Untracked 
|  43|0x00000000e2b00000, 0x00000000e2b00000, 0x00000000e2c00000|  0%| F|  |TAMS 0x00000000e2b00000, 0x00000000e2b00000| Untracked 
|  44|0x00000000e2c00000, 0x00000000e2c00000, 0x00000000e2d00000|  0%| F|  |TAMS 0x00000000e2c00000, 0x00000000e2c00000| Untracked 
|  45|0x00000000e2d00000, 0x00000000e2d00000, 0x00000000e2e00000|  0%| F|  |TAMS 0x00000000e2d00000, 0x00000000e2d00000| Untracked 
|  46|0x00000000e2e00000, 0x00000000e2e00000, 0x00000000e2f00000|  0%| F|  |TAMS 0x00000000e2e00000, 0x00000000e2e00000| Untracked 
|  47|0x00000000e2f00000, 0x00000000e2f00000, 0x00000000e3000000|  0%| F|  |TAMS 0x00000000e2f00000, 0x00000000e2f00000| Untracked 
|  48|0x00000000e3000000, 0x00000000e3000000, 0x00000000e3100000|  0%| F|  |TAMS 0x00000000e3000000, 0x00000000e3000000| Untracked 
|  49|0x00000000e3100000, 0x00000000e3100000, 0x00000000e3200000|  0%| F|  |TAMS 0x00000000e3100000, 0x00000000e3100000| Untracked 
|  50|0x00000000e3200000, 0x00000000e3200000, 0x00000000e3300000|  0%| F|  |TAMS 0x00000000e3200000, 0x00000000e3200000| Untracked 
|  51|0x00000000e3300000, 0x00000000e3300000, 0x00000000e3400000|  0%| F|  |TAMS 0x00000000e3300000, 0x00000000e3300000| Untracked 
|  52|0x00000000e3400000, 0x00000000e3400000, 0x00000000e3500000|  0%| F|  |TAMS 0x00000000e3400000, 0x00000000e3400000| Untracked 
|  53|0x00000000e3500000, 0x00000000e3500000, 0x00000000e3600000|  0%| F|  |TAMS 0x00000000e3500000, 0x00000000e3500000| Untracked 
|  54|0x00000000e3600000, 0x00000000e3600000, 0x00000000e3700000|  0%| F|  |TAMS 0x00000000e3600000, 0x00000000e3600000| Untracked 
|  55|0x00000000e3700000, 0x00000000e3700000, 0x00000000e3800000|  0%| F|  |TAMS 0x00000000e3700000, 0x00000000e3700000| Untracked 
|  56|0x00000000e3800000, 0x00000000e3800000, 0x00000000e3900000|  0%| F|  |TAMS 0x00000000e3800000, 0x00000000e3800000| Untracked 
|  57|0x00000000e3900000, 0x00000000e3900000, 0x00000000e3a00000|  0%| F|  |TAMS 0x00000000e3900000, 0x00000000e3900000| Untracked 
|  58|0x00000000e3a00000, 0x00000000e3a00000, 0x00000000e3b00000|  0%| F|  |TAMS 0x00000000e3a00000, 0x00000000e3a00000| Untracked 
|  59|0x00000000e3b00000, 0x00000000e3b00000, 0x00000000e3c00000|  0%| F|  |TAMS 0x00000000e3b00000, 0x00000000e3b00000| Untracked 
|  60|0x00000000e3c00000, 0x00000000e3c00000, 0x00000000e3d00000|  0%| F|  |TAMS 0x00000000e3c00000, 0x00000000e3c00000| Untracked 
|  61|0x00000000e3d00000, 0x00000000e3d00000, 0x00000000e3e00000|  0%| F|  |TAMS 0x00000000e3d00000, 0x00000000e3d00000| Untracked 
|  62|0x00000000e3e00000, 0x00000000e3e00000, 0x00000000e3f00000|  0%| F|  |TAMS 0x00000000e3e00000, 0x00000000e3e00000| Untracked 
|  63|0x00000000e3f00000, 0x00000000e3f00000, 0x00000000e4000000|  0%| F|  |TAMS 0x00000000e3f00000, 0x00000000e3f00000| Untracked 
|  64|0x00000000e4000000, 0x00000000e4000000, 0x00000000e4100000|  0%| F|  |TAMS 0x00000000e4000000, 0x00000000e4000000| Untracked 
|  65|0x00000000e4100000, 0x00000000e4100000, 0x00000000e4200000|  0%| F|  |TAMS 0x00000000e4100000, 0x00000000e4100000| Untracked 
|  66|0x00000000e4200000, 0x00000000e4200000, 0x00000000e4300000|  0%| F|  |TAMS 0x00000000e4200000, 0x00000000e4200000| Untracked 
|  67|0x00000000e4300000, 0x00000000e4300000, 0x00000000e4400000|  0%| F|  |TAMS 0x00000000e4300000, 0x00000000e4300000| Untracked 
|  68|0x00000000e4400000, 0x00000000e4400000, 0x00000000e4500000|  0%| F|  |TAMS 0x00000000e4400000, 0x00000000e4400000| Untracked 
|  69|0x00000000e4500000, 0x00000000e4500000, 0x00000000e4600000|  0%| F|  |TAMS 0x00000000e4500000, 0x00000000e4500000| Untracked 
|  70|0x00000000e4600000, 0x00000000e4600000, 0x00000000e4700000|  0%| F|  |TAMS 0x00000000e4600000, 0x00000000e4600000| Untracked 
|  71|0x00000000e4700000, 0x00000000e4700000, 0x00000000e4800000|  0%| F|  |TAMS 0x00000000e4700000, 0x00000000e4700000| Untracked 
|  72|0x00000000e4800000, 0x00000000e4800000, 0x00000000e4900000|  0%| F|  |TAMS 0x00000000e4800000, 0x00000000e4800000| Untracked 
|  73|0x00000000e4900000, 0x00000000e4900000, 0x00000000e4a00000|  0%| F|  |TAMS 0x00000000e4900000, 0x00000000e4900000| Untracked 
|  74|0x00000000e4a00000, 0x00000000e4a00000, 0x00000000e4b00000|  0%| F|  |TAMS 0x00000000e4a00000, 0x00000000e4a00000| Untracked 
|  75|0x00000000e4b00000, 0x00000000e4b00000, 0x00000000e4c00000|  0%| F|  |TAMS 0x00000000e4b00000, 0x00000000e4b00000| Untracked 
|  76|0x00000000e4c00000, 0x00000000e4c00000, 0x00000000e4d00000|  0%| F|  |TAMS 0x00000000e4c00000, 0x00000000e4c00000| Untracked 
|  77|0x00000000e4d00000, 0x00000000e4d00000, 0x00000000e4e00000|  0%| F|  |TAMS 0x00000000e4d00000, 0x00000000e4d00000| Untracked 
|  78|0x00000000e4e00000, 0x00000000e4e00000, 0x00000000e4f00000|  0%| F|  |TAMS 0x00000000e4e00000, 0x00000000e4e00000| Untracked 
|  79|0x00000000e4f00000, 0x00000000e4f00000, 0x00000000e5000000|  0%| F|  |TAMS 0x00000000e4f00000, 0x00000000e4f00000| Untracked 
|  80|0x00000000e5000000, 0x00000000e5000000, 0x00000000e5100000|  0%| F|  |TAMS 0x00000000e5000000, 0x00000000e5000000| Untracked 
|  81|0x00000000e5100000, 0x00000000e5100000, 0x00000000e5200000|  0%| F|  |TAMS 0x00000000e5100000, 0x00000000e5100000| Untracked 
|  82|0x00000000e5200000, 0x00000000e5200000, 0x00000000e5300000|  0%| F|  |TAMS 0x00000000e5200000, 0x00000000e5200000| Untracked 
|  83|0x00000000e5300000, 0x00000000e5300000, 0x00000000e5400000|  0%| F|  |TAMS 0x00000000e5300000, 0x00000000e5300000| Untracked 
|  84|0x00000000e5400000, 0x00000000e5400000, 0x00000000e5500000|  0%| F|  |TAMS 0x00000000e5400000, 0x00000000e5400000| Untracked 
|  85|0x00000000e5500000, 0x00000000e5500000, 0x00000000e5600000|  0%| F|  |TAMS 0x00000000e5500000, 0x00000000e5500000| Untracked 
|  86|0x00000000e5600000, 0x00000000e5600000, 0x00000000e5700000|  0%| F|  |TAMS 0x00000000e5600000, 0x00000000e5600000| Untracked 
|  87|0x00000000e5700000, 0x00000000e5700000, 0x00000000e5800000|  0%| F|  |TAMS 0x00000000e5700000, 0x00000000e5700000| Untracked 
|  88|0x00000000e5800000, 0x00000000e5800000, 0x00000000e5900000|  0%| F|  |TAMS 0x00000000e5800000, 0x00000000e5800000| Untracked 
|  89|0x00000000e5900000, 0x00000000e5900000, 0x00000000e5a00000|  0%| F|  |TAMS 0x00000000e5900000, 0x00000000e5900000| Untracked 
|  90|0x00000000e5a00000, 0x00000000e5a00000, 0x00000000e5b00000|  0%| F|  |TAMS 0x00000000e5a00000, 0x00000000e5a00000| Untracked 
|  91|0x00000000e5b00000, 0x00000000e5b00000, 0x00000000e5c00000|  0%| F|  |TAMS 0x00000000e5b00000, 0x00000000e5b00000| Untracked 
|  92|0x00000000e5c00000, 0x00000000e5c00000, 0x00000000e5d00000|  0%| F|  |TAMS 0x00000000e5c00000, 0x00000000e5c00000| Untracked 
|  93|0x00000000e5d00000, 0x00000000e5d00000, 0x00000000e5e00000|  0%| F|  |TAMS 0x00000000e5d00000, 0x00000000e5d00000| Untracked 
|  94|0x00000000e5e00000, 0x00000000e5e00000, 0x00000000e5f00000|  0%| F|  |TAMS 0x00000000e5e00000, 0x00000000e5e00000| Untracked 
|  95|0x00000000e5f00000, 0x00000000e5f00000, 0x00000000e6000000|  0%| F|  |TAMS 0x00000000e5f00000, 0x00000000e5f00000| Untracked 
|  96|0x00000000e6000000, 0x00000000e6000000, 0x00000000e6100000|  0%| F|  |TAMS 0x00000000e6000000, 0x00000000e6000000| Untracked 
|  97|0x00000000e6100000, 0x00000000e6100000, 0x00000000e6200000|  0%| F|  |TAMS 0x00000000e6100000, 0x00000000e6100000| Untracked 
|  98|0x00000000e6200000, 0x00000000e6200000, 0x00000000e6300000|  0%| F|  |TAMS 0x00000000e6200000, 0x00000000e6200000| Untracked 
|  99|0x00000000e6300000, 0x00000000e6300000, 0x00000000e6400000|  0%| F|  |TAMS 0x00000000e6300000, 0x00000000e6300000| Untracked 
| 100|0x00000000e6400000, 0x00000000e6400000, 0x00000000e6500000|  0%| F|  |TAMS 0x00000000e6400000, 0x00000000e6400000| Untracked 
| 101|0x00000000e6500000, 0x00000000e6500000, 0x00000000e6600000|  0%| F|  |TAMS 0x00000000e6500000, 0x00000000e6500000| Untracked 
| 102|0x00000000e6600000, 0x00000000e6600000, 0x00000000e6700000|  0%| F|  |TAMS 0x00000000e6600000, 0x00000000e6600000| Untracked 
| 103|0x00000000e6700000, 0x00000000e6700000, 0x00000000e6800000|  0%| F|  |TAMS 0x00000000e6700000, 0x00000000e6700000| Untracked 
| 104|0x00000000e6800000, 0x00000000e6800000, 0x00000000e6900000|  0%| F|  |TAMS 0x00000000e6800000, 0x00000000e6800000| Untracked 
| 105|0x00000000e6900000, 0x00000000e6900000, 0x00000000e6a00000|  0%| F|  |TAMS 0x00000000e6900000, 0x00000000e6900000| Untracked 
| 106|0x00000000e6a00000, 0x00000000e6a00000, 0x00000000e6b00000|  0%| F|  |TAMS 0x00000000e6a00000, 0x00000000e6a00000| Untracked 
| 107|0x00000000e6b00000, 0x00000000e6b00000, 0x00000000e6c00000|  0%| F|  |TAMS 0x00000000e6b00000, 0x00000000e6b00000| Untracked 
| 108|0x00000000e6c00000, 0x00000000e6c00000, 0x00000000e6d00000|  0%| F|  |TAMS 0x00000000e6c00000, 0x00000000e6c00000| Untracked 
| 109|0x00000000e6d00000, 0x00000000e6d00000, 0x00000000e6e00000|  0%| F|  |TAMS 0x00000000e6d00000, 0x00000000e6d00000| Untracked 
| 110|0x00000000e6e00000, 0x00000000e6e00000, 0x00000000e6f00000|  0%| F|  |TAMS 0x00000000e6e00000, 0x00000000e6e00000| Untracked 
| 111|0x00000000e6f00000, 0x00000000e6f00000, 0x00000000e7000000|  0%| F|  |TAMS 0x00000000e6f00000, 0x00000000e6f00000| Untracked 
| 112|0x00000000e7000000, 0x00000000e7000000, 0x00000000e7100000|  0%| F|  |TAMS 0x00000000e7000000, 0x00000000e7000000| Untracked 
| 113|0x00000000e7100000, 0x00000000e7100000, 0x00000000e7200000|  0%| F|  |TAMS 0x00000000e7100000, 0x00000000e7100000| Untracked 
| 114|0x00000000e7200000, 0x00000000e7200000, 0x00000000e7300000|  0%| F|  |TAMS 0x00000000e7200000, 0x00000000e7200000| Untracked 
| 115|0x00000000e7300000, 0x00000000e7300000, 0x00000000e7400000|  0%| F|  |TAMS 0x00000000e7300000, 0x00000000e7300000| Untracked 
| 116|0x00000000e7400000, 0x00000000e7400000, 0x00000000e7500000|  0%| F|  |TAMS 0x00000000e7400000, 0x00000000e7400000| Untracked 
| 117|0x00000000e7500000, 0x00000000e7500000, 0x00000000e7600000|  0%| F|  |TAMS 0x00000000e7500000, 0x00000000e7500000| Untracked 
| 118|0x00000000e7600000, 0x00000000e7600000, 0x00000000e7700000|  0%| F|  |TAMS 0x00000000e7600000, 0x00000000e7600000| Untracked 
| 119|0x00000000e7700000, 0x00000000e7700000, 0x00000000e7800000|  0%| F|  |TAMS 0x00000000e7700000, 0x00000000e7700000| Untracked 
| 120|0x00000000e7800000, 0x00000000e7800000, 0x00000000e7900000|  0%| F|  |TAMS 0x00000000e7800000, 0x00000000e7800000| Untracked 
| 121|0x00000000e7900000, 0x00000000e7900000, 0x00000000e7a00000|  0%| F|  |TAMS 0x00000000e7900000, 0x00000000e7900000| Untracked 
| 122|0x00000000e7a00000, 0x00000000e7a00000, 0x00000000e7b00000|  0%| F|  |TAMS 0x00000000e7a00000, 0x00000000e7a00000| Untracked 
| 123|0x00000000e7b00000, 0x00000000e7b00000, 0x00000000e7c00000|  0%| F|  |TAMS 0x00000000e7b00000, 0x00000000e7b00000| Untracked 
| 124|0x00000000e7c00000, 0x00000000e7c00000, 0x00000000e7d00000|  0%| F|  |TAMS 0x00000000e7c00000, 0x00000000e7c00000| Untracked 
| 125|0x00000000e7d00000, 0x00000000e7d00000, 0x00000000e7e00000|  0%| F|  |TAMS 0x00000000e7d00000, 0x00000000e7d00000| Untracked 
| 126|0x00000000e7e00000, 0x00000000e7e00000, 0x00000000e7f00000|  0%| F|  |TAMS 0x00000000e7e00000, 0x00000000e7e00000| Untracked 
| 127|0x00000000e7f00000, 0x00000000e7f00000, 0x00000000e8000000|  0%| F|  |TAMS 0x00000000e7f00000, 0x00000000e7f00000| Untracked 
| 128|0x00000000e8000000, 0x00000000e8000000, 0x00000000e8100000|  0%| F|  |TAMS 0x00000000e8000000, 0x00000000e8000000| Untracked 
| 129|0x00000000e8100000, 0x00000000e8100000, 0x00000000e8200000|  0%| F|  |TAMS 0x00000000e8100000, 0x00000000e8100000| Untracked 
| 130|0x00000000e8200000, 0x00000000e8200000, 0x00000000e8300000|  0%| F|  |TAMS 0x00000000e8200000, 0x00000000e8200000| Untracked 
| 131|0x00000000e8300000, 0x00000000e8300000, 0x00000000e8400000|  0%| F|  |TAMS 0x00000000e8300000, 0x00000000e8300000| Untracked 
| 132|0x00000000e8400000, 0x00000000e8400000, 0x00000000e8500000|  0%| F|  |TAMS 0x00000000e8400000, 0x00000000e8400000| Untracked 
| 133|0x00000000e8500000, 0x00000000e8500000, 0x00000000e8600000|  0%| F|  |TAMS 0x00000000e8500000, 0x00000000e8500000| Untracked 
| 134|0x00000000e8600000, 0x00000000e8600000, 0x00000000e8700000|  0%| F|  |TAMS 0x00000000e8600000, 0x00000000e8600000| Untracked 
| 135|0x00000000e8700000, 0x00000000e8700000, 0x00000000e8800000|  0%| F|  |TAMS 0x00000000e8700000, 0x00000000e8700000| Untracked 
| 136|0x00000000e8800000, 0x00000000e8800000, 0x00000000e8900000|  0%| F|  |TAMS 0x00000000e8800000, 0x00000000e8800000| Untracked 
| 137|0x00000000e8900000, 0x00000000e8900000, 0x00000000e8a00000|  0%| F|  |TAMS 0x00000000e8900000, 0x00000000e8900000| Untracked 
| 138|0x00000000e8a00000, 0x00000000e8a00000, 0x00000000e8b00000|  0%| F|  |TAMS 0x00000000e8a00000, 0x00000000e8a00000| Untracked 
| 139|0x00000000e8b00000, 0x00000000e8b00000, 0x00000000e8c00000|  0%| F|  |TAMS 0x00000000e8b00000, 0x00000000e8b00000| Untracked 
| 140|0x00000000e8c00000, 0x00000000e8c00000, 0x00000000e8d00000|  0%| F|  |TAMS 0x00000000e8c00000, 0x00000000e8c00000| Untracked 
| 141|0x00000000e8d00000, 0x00000000e8d00000, 0x00000000e8e00000|  0%| F|  |TAMS 0x00000000e8d00000, 0x00000000e8d00000| Untracked 
| 142|0x00000000e8e00000, 0x00000000e8e00000, 0x00000000e8f00000|  0%| F|  |TAMS 0x00000000e8e00000, 0x00000000e8e00000| Untracked 
| 143|0x00000000e8f00000, 0x00000000e8f00000, 0x00000000e9000000|  0%| F|  |TAMS 0x00000000e8f00000, 0x00000000e8f00000| Untracked 
| 144|0x00000000e9000000, 0x00000000e9000000, 0x00000000e9100000|  0%| F|  |TAMS 0x00000000e9000000, 0x00000000e9000000| Untracked 
| 145|0x00000000e9100000, 0x00000000e9100000, 0x00000000e9200000|  0%| F|  |TAMS 0x00000000e9100000, 0x00000000e9100000| Untracked 
| 146|0x00000000e9200000, 0x00000000e9200000, 0x00000000e9300000|  0%| F|  |TAMS 0x00000000e9200000, 0x00000000e9200000| Untracked 
| 147|0x00000000e9300000, 0x00000000e9300000, 0x00000000e9400000|  0%| F|  |TAMS 0x00000000e9300000, 0x00000000e9300000| Untracked 
| 148|0x00000000e9400000, 0x00000000e9400000, 0x00000000e9500000|  0%| F|  |TAMS 0x00000000e9400000, 0x00000000e9400000| Untracked 
| 149|0x00000000e9500000, 0x00000000e9500000, 0x00000000e9600000|  0%| F|  |TAMS 0x00000000e9500000, 0x00000000e9500000| Untracked 
| 150|0x00000000e9600000, 0x00000000e9600000, 0x00000000e9700000|  0%| F|  |TAMS 0x00000000e9600000, 0x00000000e9600000| Untracked 
| 151|0x00000000e9700000, 0x00000000e9700000, 0x00000000e9800000|  0%| F|  |TAMS 0x00000000e9700000, 0x00000000e9700000| Untracked 
| 152|0x00000000e9800000, 0x00000000e9800000, 0x00000000e9900000|  0%| F|  |TAMS 0x00000000e9800000, 0x00000000e9800000| Untracked 
| 153|0x00000000e9900000, 0x00000000e9900000, 0x00000000e9a00000|  0%| F|  |TAMS 0x00000000e9900000, 0x00000000e9900000| Untracked 
| 154|0x00000000e9a00000, 0x00000000e9a00000, 0x00000000e9b00000|  0%| F|  |TAMS 0x00000000e9a00000, 0x00000000e9a00000| Untracked 
| 155|0x00000000e9b00000, 0x00000000e9b00000, 0x00000000e9c00000|  0%| F|  |TAMS 0x00000000e9b00000, 0x00000000e9b00000| Untracked 
| 156|0x00000000e9c00000, 0x00000000e9c00000, 0x00000000e9d00000|  0%| F|  |TAMS 0x00000000e9c00000, 0x00000000e9c00000| Untracked 
| 157|0x00000000e9d00000, 0x00000000e9d00000, 0x00000000e9e00000|  0%| F|  |TAMS 0x00000000e9d00000, 0x00000000e9d00000| Untracked 
| 158|0x00000000e9e00000, 0x00000000e9e00000, 0x00000000e9f00000|  0%| F|  |TAMS 0x00000000e9e00000, 0x00000000e9e00000| Untracked 
| 159|0x00000000e9f00000, 0x00000000e9f00000, 0x00000000ea000000|  0%| F|  |TAMS 0x00000000e9f00000, 0x00000000e9f00000| Untracked 
| 160|0x00000000ea000000, 0x00000000ea000000, 0x00000000ea100000|  0%| F|  |TAMS 0x00000000ea000000, 0x00000000ea000000| Untracked 
| 161|0x00000000ea100000, 0x00000000ea100000, 0x00000000ea200000|  0%| F|  |TAMS 0x00000000ea100000, 0x00000000ea100000| Untracked 
| 162|0x00000000ea200000, 0x00000000ea200000, 0x00000000ea300000|  0%| F|  |TAMS 0x00000000ea200000, 0x00000000ea200000| Untracked 
| 163|0x00000000ea300000, 0x00000000ea300000, 0x00000000ea400000|  0%| F|  |TAMS 0x00000000ea300000, 0x00000000ea300000| Untracked 
| 164|0x00000000ea400000, 0x00000000ea400000, 0x00000000ea500000|  0%| F|  |TAMS 0x00000000ea400000, 0x00000000ea400000| Untracked 
| 165|0x00000000ea500000, 0x00000000ea500000, 0x00000000ea600000|  0%| F|  |TAMS 0x00000000ea500000, 0x00000000ea500000| Untracked 
| 166|0x00000000ea600000, 0x00000000ea600000, 0x00000000ea700000|  0%| F|  |TAMS 0x00000000ea600000, 0x00000000ea600000| Untracked 
| 167|0x00000000ea700000, 0x00000000ea700000, 0x00000000ea800000|  0%| F|  |TAMS 0x00000000ea700000, 0x00000000ea700000| Untracked 
| 168|0x00000000ea800000, 0x00000000ea800000, 0x00000000ea900000|  0%| F|  |TAMS 0x00000000ea800000, 0x00000000ea800000| Untracked 
| 169|0x00000000ea900000, 0x00000000ea900000, 0x00000000eaa00000|  0%| F|  |TAMS 0x00000000ea900000, 0x00000000ea900000| Untracked 
| 170|0x00000000eaa00000, 0x00000000eaa00000, 0x00000000eab00000|  0%| F|  |TAMS 0x00000000eaa00000, 0x00000000eaa00000| Untracked 
| 171|0x00000000eab00000, 0x00000000eab00000, 0x00000000eac00000|  0%| F|  |TAMS 0x00000000eab00000, 0x00000000eab00000| Untracked 
| 172|0x00000000eac00000, 0x00000000eac00000, 0x00000000ead00000|  0%| F|  |TAMS 0x00000000eac00000, 0x00000000eac00000| Untracked 
| 173|0x00000000ead00000, 0x00000000ead00000, 0x00000000eae00000|  0%| F|  |TAMS 0x00000000ead00000, 0x00000000ead00000| Untracked 
| 174|0x00000000eae00000, 0x00000000eae00000, 0x00000000eaf00000|  0%| F|  |TAMS 0x00000000eae00000, 0x00000000eae00000| Untracked 
| 175|0x00000000eaf00000, 0x00000000eaf00000, 0x00000000eb000000|  0%| F|  |TAMS 0x00000000eaf00000, 0x00000000eaf00000| Untracked 
| 176|0x00000000eb000000, 0x00000000eb000000, 0x00000000eb100000|  0%| F|  |TAMS 0x00000000eb000000, 0x00000000eb000000| Untracked 
| 177|0x00000000eb100000, 0x00000000eb100000, 0x00000000eb200000|  0%| F|  |TAMS 0x00000000eb100000, 0x00000000eb100000| Untracked 
| 178|0x00000000eb200000, 0x00000000eb200000, 0x00000000eb300000|  0%| F|  |TAMS 0x00000000eb200000, 0x00000000eb200000| Untracked 
| 179|0x00000000eb300000, 0x00000000eb300000, 0x00000000eb400000|  0%| F|  |TAMS 0x00000000eb300000, 0x00000000eb300000| Untracked 
| 180|0x00000000eb400000, 0x00000000eb400000, 0x00000000eb500000|  0%| F|  |TAMS 0x00000000eb400000, 0x00000000eb400000| Untracked 
| 181|0x00000000eb500000, 0x00000000eb500000, 0x00000000eb600000|  0%| F|  |TAMS 0x00000000eb500000, 0x00000000eb500000| Untracked 
| 182|0x00000000eb600000, 0x00000000eb600000, 0x00000000eb700000|  0%| F|  |TAMS 0x00000000eb600000, 0x00000000eb600000| Untracked 
| 183|0x00000000eb700000, 0x00000000eb700000, 0x00000000eb800000|  0%| F|  |TAMS 0x00000000eb700000, 0x00000000eb700000| Untracked 
| 184|0x00000000eb800000, 0x00000000eb800000, 0x00000000eb900000|  0%| F|  |TAMS 0x00000000eb800000, 0x00000000eb800000| Untracked 
| 185|0x00000000eb900000, 0x00000000eb900000, 0x00000000eba00000|  0%| F|  |TAMS 0x00000000eb900000, 0x00000000eb900000| Untracked 
| 186|0x00000000eba00000, 0x00000000eba00000, 0x00000000ebb00000|  0%| F|  |TAMS 0x00000000eba00000, 0x00000000eba00000| Untracked 
| 187|0x00000000ebb00000, 0x00000000ebb00000, 0x00000000ebc00000|  0%| F|  |TAMS 0x00000000ebb00000, 0x00000000ebb00000| Untracked 
| 188|0x00000000ebc00000, 0x00000000ebc00000, 0x00000000ebd00000|  0%| F|  |TAMS 0x00000000ebc00000, 0x00000000ebc00000| Untracked 
| 189|0x00000000ebd00000, 0x00000000ebd00000, 0x00000000ebe00000|  0%| F|  |TAMS 0x00000000ebd00000, 0x00000000ebd00000| Untracked 
| 190|0x00000000ebe00000, 0x00000000ebeed0b0, 0x00000000ebf00000| 92%| S|CS|TAMS 0x00000000ebe00000, 0x00000000ebe00000| Complete 
| 191|0x00000000ebf00000, 0x00000000ec000000, 0x00000000ec000000|100%| S|CS|TAMS 0x00000000ebf00000, 0x00000000ebf00000| Complete 
| 192|0x00000000ec000000, 0x00000000ec100000, 0x00000000ec100000|100%| S|CS|TAMS 0x00000000ec000000, 0x00000000ec000000| Complete 
| 193|0x00000000ec100000, 0x00000000ec200000, 0x00000000ec200000|100%| S|CS|TAMS 0x00000000ec100000, 0x00000000ec100000| Complete 
| 194|0x00000000ec200000, 0x00000000ec200000, 0x00000000ec300000|  0%| F|  |TAMS 0x00000000ec200000, 0x00000000ec200000| Untracked 
| 195|0x00000000ec300000, 0x00000000ec300000, 0x00000000ec400000|  0%| F|  |TAMS 0x00000000ec300000, 0x00000000ec300000| Untracked 
| 196|0x00000000ec400000, 0x00000000ec400000, 0x00000000ec500000|  0%| F|  |TAMS 0x00000000ec400000, 0x00000000ec400000| Untracked 
| 197|0x00000000ec500000, 0x00000000ec500000, 0x00000000ec600000|  0%| F|  |TAMS 0x00000000ec500000, 0x00000000ec500000| Untracked 
| 198|0x00000000ec600000, 0x00000000ec600000, 0x00000000ec700000|  0%| F|  |TAMS 0x00000000ec600000, 0x00000000ec600000| Untracked 
| 199|0x00000000ec700000, 0x00000000ec700000, 0x00000000ec800000|  0%| F|  |TAMS 0x00000000ec700000, 0x00000000ec700000| Untracked 
| 200|0x00000000ec800000, 0x00000000ec800000, 0x00000000ec900000|  0%| F|  |TAMS 0x00000000ec800000, 0x00000000ec800000| Untracked 
| 201|0x00000000ec900000, 0x00000000ec900000, 0x00000000eca00000|  0%| F|  |TAMS 0x00000000ec900000, 0x00000000ec900000| Untracked 
| 202|0x00000000eca00000, 0x00000000eca00000, 0x00000000ecb00000|  0%| F|  |TAMS 0x00000000eca00000, 0x00000000eca00000| Untracked 
| 203|0x00000000ecb00000, 0x00000000ecb00000, 0x00000000ecc00000|  0%| F|  |TAMS 0x00000000ecb00000, 0x00000000ecb00000| Untracked 
| 204|0x00000000ecc00000, 0x00000000ecc00000, 0x00000000ecd00000|  0%| F|  |TAMS 0x00000000ecc00000, 0x00000000ecc00000| Untracked 
| 205|0x00000000ecd00000, 0x00000000ecd00000, 0x00000000ece00000|  0%| F|  |TAMS 0x00000000ecd00000, 0x00000000ecd00000| Untracked 
| 206|0x00000000ece00000, 0x00000000ece00000, 0x00000000ecf00000|  0%| F|  |TAMS 0x00000000ece00000, 0x00000000ece00000| Untracked 
| 207|0x00000000ecf00000, 0x00000000ecf00000, 0x00000000ed000000|  0%| F|  |TAMS 0x00000000ecf00000, 0x00000000ecf00000| Untracked 
| 208|0x00000000ed000000, 0x00000000ed000000, 0x00000000ed100000|  0%| F|  |TAMS 0x00000000ed000000, 0x00000000ed000000| Untracked 
| 209|0x00000000ed100000, 0x00000000ed100000, 0x00000000ed200000|  0%| F|  |TAMS 0x00000000ed100000, 0x00000000ed100000| Untracked 
| 210|0x00000000ed200000, 0x00000000ed200000, 0x00000000ed300000|  0%| F|  |TAMS 0x00000000ed200000, 0x00000000ed200000| Untracked 
| 211|0x00000000ed300000, 0x00000000ed300000, 0x00000000ed400000|  0%| F|  |TAMS 0x00000000ed300000, 0x00000000ed300000| Untracked 
| 212|0x00000000ed400000, 0x00000000ed400000, 0x00000000ed500000|  0%| F|  |TAMS 0x00000000ed400000, 0x00000000ed400000| Untracked 
| 213|0x00000000ed500000, 0x00000000ed500000, 0x00000000ed600000|  0%| F|  |TAMS 0x00000000ed500000, 0x00000000ed500000| Untracked 
| 214|0x00000000ed600000, 0x00000000ed600000, 0x00000000ed700000|  0%| F|  |TAMS 0x00000000ed600000, 0x00000000ed600000| Untracked 
| 215|0x00000000ed700000, 0x00000000ed700000, 0x00000000ed800000|  0%| F|  |TAMS 0x00000000ed700000, 0x00000000ed700000| Untracked 
| 216|0x00000000ed800000, 0x00000000ed800000, 0x00000000ed900000|  0%| F|  |TAMS 0x00000000ed800000, 0x00000000ed800000| Untracked 
| 217|0x00000000ed900000, 0x00000000ed900000, 0x00000000eda00000|  0%| F|  |TAMS 0x00000000ed900000, 0x00000000ed900000| Untracked 
| 218|0x00000000eda00000, 0x00000000eda00000, 0x00000000edb00000|  0%| F|  |TAMS 0x00000000eda00000, 0x00000000eda00000| Untracked 
| 219|0x00000000edb00000, 0x00000000edb00000, 0x00000000edc00000|  0%| F|  |TAMS 0x00000000edb00000, 0x00000000edb00000| Untracked 
| 220|0x00000000edc00000, 0x00000000edc00000, 0x00000000edd00000|  0%| F|  |TAMS 0x00000000edc00000, 0x00000000edc00000| Untracked 
| 221|0x00000000edd00000, 0x00000000edd00000, 0x00000000ede00000|  0%| F|  |TAMS 0x00000000edd00000, 0x00000000edd00000| Untracked 
| 222|0x00000000ede00000, 0x00000000ede00000, 0x00000000edf00000|  0%| F|  |TAMS 0x00000000ede00000, 0x00000000ede00000| Untracked 
| 223|0x00000000edf00000, 0x00000000edf00000, 0x00000000ee000000|  0%| F|  |TAMS 0x00000000edf00000, 0x00000000edf00000| Untracked 
| 224|0x00000000ee000000, 0x00000000ee000000, 0x00000000ee100000|  0%| F|  |TAMS 0x00000000ee000000, 0x00000000ee000000| Untracked 
| 225|0x00000000ee100000, 0x00000000ee100000, 0x00000000ee200000|  0%| F|  |TAMS 0x00000000ee100000, 0x00000000ee100000| Untracked 
| 226|0x00000000ee200000, 0x00000000ee200000, 0x00000000ee300000|  0%| F|  |TAMS 0x00000000ee200000, 0x00000000ee200000| Untracked 
| 227|0x00000000ee300000, 0x00000000ee300000, 0x00000000ee400000|  0%| F|  |TAMS 0x00000000ee300000, 0x00000000ee300000| Untracked 
| 228|0x00000000ee400000, 0x00000000ee400000, 0x00000000ee500000|  0%| F|  |TAMS 0x00000000ee400000, 0x00000000ee400000| Untracked 
| 229|0x00000000ee500000, 0x00000000ee500000, 0x00000000ee600000|  0%| F|  |TAMS 0x00000000ee500000, 0x00000000ee500000| Untracked 
| 230|0x00000000ee600000, 0x00000000ee600000, 0x00000000ee700000|  0%| F|  |TAMS 0x00000000ee600000, 0x00000000ee600000| Untracked 
| 231|0x00000000ee700000, 0x00000000ee700000, 0x00000000ee800000|  0%| F|  |TAMS 0x00000000ee700000, 0x00000000ee700000| Untracked 
| 232|0x00000000ee800000, 0x00000000ee800000, 0x00000000ee900000|  0%| F|  |TAMS 0x00000000ee800000, 0x00000000ee800000| Untracked 
| 233|0x00000000ee900000, 0x00000000ee900000, 0x00000000eea00000|  0%| F|  |TAMS 0x00000000ee900000, 0x00000000ee900000| Untracked 
| 234|0x00000000eea00000, 0x00000000eea00000, 0x00000000eeb00000|  0%| F|  |TAMS 0x00000000eea00000, 0x00000000eea00000| Untracked 
| 235|0x00000000eeb00000, 0x00000000eeb00000, 0x00000000eec00000|  0%| F|  |TAMS 0x00000000eeb00000, 0x00000000eeb00000| Untracked 
| 236|0x00000000eec00000, 0x00000000eec00000, 0x00000000eed00000|  0%| F|  |TAMS 0x00000000eec00000, 0x00000000eec00000| Untracked 
| 237|0x00000000eed00000, 0x00000000eed00000, 0x00000000eee00000|  0%| F|  |TAMS 0x00000000eed00000, 0x00000000eed00000| Untracked 
| 238|0x00000000eee00000, 0x00000000eee00000, 0x00000000eef00000|  0%| F|  |TAMS 0x00000000eee00000, 0x00000000eee00000| Untracked 
| 239|0x00000000eef00000, 0x00000000eef00000, 0x00000000ef000000|  0%| F|  |TAMS 0x00000000eef00000, 0x00000000eef00000| Untracked 
| 240|0x00000000ef000000, 0x00000000ef000000, 0x00000000ef100000|  0%| F|  |TAMS 0x00000000ef000000, 0x00000000ef000000| Untracked 
| 241|0x00000000ef100000, 0x00000000ef100000, 0x00000000ef200000|  0%| F|  |TAMS 0x00000000ef100000, 0x00000000ef100000| Untracked 
| 242|0x00000000ef200000, 0x00000000ef200000, 0x00000000ef300000|  0%| F|  |TAMS 0x00000000ef200000, 0x00000000ef200000| Untracked 
| 243|0x00000000ef300000, 0x00000000ef300000, 0x00000000ef400000|  0%| F|  |TAMS 0x00000000ef300000, 0x00000000ef300000| Untracked 
| 244|0x00000000ef400000, 0x00000000ef4bb388, 0x00000000ef500000| 73%| E|  |TAMS 0x00000000ef400000, 0x00000000ef400000| Complete 
| 245|0x00000000ef500000, 0x00000000ef600000, 0x00000000ef600000|100%| E|CS|TAMS 0x00000000ef500000, 0x00000000ef500000| Complete 
| 246|0x00000000ef600000, 0x00000000ef700000, 0x00000000ef700000|100%| E|CS|TAMS 0x00000000ef600000, 0x00000000ef600000| Complete 
| 247|0x00000000ef700000, 0x00000000ef800000, 0x00000000ef800000|100%| E|CS|TAMS 0x00000000ef700000, 0x00000000ef700000| Complete 
| 248|0x00000000ef800000, 0x00000000ef900000, 0x00000000ef900000|100%| E|CS|TAMS 0x00000000ef800000, 0x00000000ef800000| Complete 
| 249|0x00000000ef900000, 0x00000000efa00000, 0x00000000efa00000|100%| E|CS|TAMS 0x00000000ef900000, 0x00000000ef900000| Complete 
| 250|0x00000000efa00000, 0x00000000efb00000, 0x00000000efb00000|100%| E|CS|TAMS 0x00000000efa00000, 0x00000000efa00000| Complete 
| 251|0x00000000efb00000, 0x00000000efc00000, 0x00000000efc00000|100%| E|CS|TAMS 0x00000000efb00000, 0x00000000efb00000| Complete 

Card table byte_map: [0x00000284edaf0000,0x00000284edbf0000] _byte_map_base: 0x00000284ed3f0000

Marking Bits (Prev, Next): (CMBitMap*) 0x00000284d61abbe0, (CMBitMap*) 0x00000284d61abba8
 Prev Bits: [0x00000284ee4f0000, 0x00000284eecf0000)
 Next Bits: [0x00000284edcf0000, 0x00000284ee4f0000)

Polling page: 0x00000284d4150000

Metaspace:

Usage:
  Non-class:     21.62 MB capacity,    21.02 MB ( 97%) used,   508.18 KB (  2%) free+waste,   107.44 KB ( <1%) overhead. 
      Class:      3.10 MB capacity,     2.69 MB ( 87%) used,   372.50 KB ( 12%) free+waste,    55.63 KB (  2%) overhead. 
       Both:     24.72 MB capacity,    23.71 MB ( 96%) used,   880.68 KB (  3%) free+waste,   163.06 KB ( <1%) overhead. 

Virtual space:
  Non-class space:       22.00 MB reserved,      21.75 MB ( 99%) committed 
      Class space:        1.00 GB reserved,       3.13 MB ( <1%) committed 
             Both:        1.02 GB reserved,      24.88 MB (  2%) committed 

Chunk freelists:
   Non-Class:  512 bytes
       Class:  0 bytes
        Both:  512 bytes

CodeHeap 'non-profiled nmethods': size=120000Kb used=1613Kb max_used=1613Kb free=118386Kb
 bounds [0x00000284e5f70000, 0x00000284e61e0000, 0x00000284ed4a0000]
CodeHeap 'profiled nmethods': size=120000Kb used=6444Kb max_used=6444Kb free=113555Kb
 bounds [0x00000284dea40000, 0x00000284df090000, 0x00000284e5f70000]
CodeHeap 'non-nmethods': size=5760Kb used=1290Kb max_used=1338Kb free=4469Kb
 bounds [0x00000284de4a0000, 0x00000284de710000, 0x00000284dea40000]
 total_blobs=4275 nmethods=2910 adapters=603
 compilation: enabled
              stopped_count=0, restarted_count=0
 full_count=0

Compilation events (10 events):
Event: 19.570 Thread 0x00000284f2267800 nmethod 2897 0x00000284df068790 code [0x00000284df068980, 0x00000284df068dc0]
Event: 19.570 Thread 0x00000284f2267800 2898       3       java.security.AccessControlContext::<init> (63 bytes)
Event: 19.570 Thread 0x00000284f2267800 nmethod 2898 0x00000284df068f10 code [0x00000284df069100, 0x00000284df0695b0]
Event: 19.570 Thread 0x00000284f2267800 2899       3       java.security.AccessControlContext::<init> (30 bytes)
Event: 19.570 Thread 0x00000284f2267800 nmethod 2899 0x00000284df069710 code [0x00000284df0698e0, 0x00000284df069b98]
Event: 19.570 Thread 0x00000284f2267800 2900       3       java.awt.EventQueue::eventToCacheIndex (80 bytes)
Event: 19.570 Thread 0x00000284f2267800 nmethod 2900 0x00000284df069c90 code [0x00000284df069e60, 0x00000284df06a3d8]
Event: 19.570 Thread 0x00000284f2267800 2901       3       java.awt.Point::<init> (15 bytes)
Event: 19.570 Thread 0x00000284f2267800 nmethod 2901 0x00000284df06a490 code [0x00000284df06a640, 0x00000284df06a858]
Event: 19.577 Thread 0x00000284f2267800 2902   !   3       java.lang.ref.ReferenceQueue::remove (125 bytes)

GC Heap History (6 events):
Event: 0.386 GC heap before
{Heap before GC invocations=0 (full 0):
 garbage-first heap   total 258048K, used 23552K [0x00000000e0000000, 0x0000000100000000)
  region size 1024K, 24 young (24576K), 0 survivors (0K)
 Metaspace       used 10904K, capacity 11079K, committed 11136K, reserved 1058816K
  class space    used 1062K, capacity 1142K, committed 1152K, reserved 1048576K
}
Event: 0.388 GC heap after
{Heap after GC invocations=1 (full 0):
 garbage-first heap   total 258048K, used 3374K [0x00000000e0000000, 0x0000000100000000)
  region size 1024K, 3 young (3072K), 3 survivors (3072K)
 Metaspace       used 10904K, capacity 11079K, committed 11136K, reserved 1058816K
  class space    used 1062K, capacity 1142K, committed 1152K, reserved 1048576K
}
Event: 0.949 GC heap before
{Heap before GC invocations=1 (full 0):
 garbage-first heap   total 258048K, used 43310K [0x00000000e0000000, 0x0000000100000000)
  region size 1024K, 43 young (44032K), 3 survivors (3072K)
 Metaspace       used 20606K, capacity 21171K, committed 21248K, reserved 1069056K
  class space    used 2266K, capacity 2487K, committed 2560K, reserved 1048576K
}
Event: 0.953 GC heap after
{Heap after GC invocations=2 (full 0):
 garbage-first heap   total 258048K, used 5107K [0x00000000e0000000, 0x0000000100000000)
  region size 1024K, 5 young (5120K), 5 survivors (5120K)
 Metaspace       used 20606K, capacity 21171K, committed 21248K, reserved 1069056K
  class space    used 2266K, capacity 2487K, committed 2560K, reserved 1048576K
}
Event: 19.571 GC heap before
{Heap before GC invocations=3 (full 0):
 garbage-first heap   total 258048K, used 61427K [0x00000000e0000000, 0x0000000100000000)
  region size 1024K, 58 young (59392K), 5 survivors (5120K)
 Metaspace       used 24228K, capacity 25250K, committed 25472K, reserved 1071104K
  class space    used 2749K, capacity 3178K, committed 3200K, reserved 1048576K
}
Event: 19.577 GC heap after
{Heap after GC invocations=4 (full 0):
 garbage-first heap   total 258048K, used 9978K [0x00000000e0000000, 0x0000000100000000)
  region size 1024K, 4 young (4096K), 4 survivors (4096K)
 Metaspace       used 24228K, capacity 25250K, committed 25472K, reserved 1071104K
  class space    used 2749K, capacity 3178K, committed 3200K, reserved 1048576K
}

Deoptimization events (10 events):
Event: 19.233 Thread 0x00000284f45b6800 Uncommon trap: reason=class_check action=maybe_recompile pc=0x00000284e60129b0 method=org.jacoco.agent.rt.internal_43f5073.asm.Frame.getAbstractTypeFromApiFormat(Lorg/jacoco/agent/rt/internal_43f5073/asm/SymbolTable;Ljava/lang/Object;)I @ 19 c2
Event: 19.233 Thread 0x00000284f45b6800 Uncommon trap: reason=class_check action=maybe_recompile pc=0x00000284e60129b0 method=org.jacoco.agent.rt.internal_43f5073.asm.Frame.getAbstractTypeFromApiFormat(Lorg/jacoco/agent/rt/internal_43f5073/asm/SymbolTable;Ljava/lang/Object;)I @ 19 c2
Event: 19.233 Thread 0x00000284f45b6800 Uncommon trap: reason=class_check action=maybe_recompile pc=0x00000284e60129b0 method=org.jacoco.agent.rt.internal_43f5073.asm.Frame.getAbstractTypeFromApiFormat(Lorg/jacoco/agent/rt/internal_43f5073/asm/SymbolTable;Ljava/lang/Object;)I @ 19 c2
Event: 19.236 Thread 0x00000284f45b6800 Uncommon trap: reason=unstable_if action=reinterpret pc=0x00000284e6034278 method=jdk.internal.org.objectweb.asm.Type.getArgumentsAndReturnSizes(Ljava/lang/String;)I @ 88 c2
Event: 19.266 Thread 0x00000284f45b6800 Uncommon trap: reason=unstable_if action=reinterpret pc=0x00000284e5fff894 method=org.jacoco.agent.rt.internal_43f5073.asm.Type.getArgumentsAndReturnSizes(Ljava/lang/String;)I @ 123 c2
Event: 19.336 Thread 0x00000284f45b6800 Uncommon trap: reason=unstable_if action=reinterpret pc=0x00000284e6007ca4 method=org.jacoco.agent.rt.internal_43f5073.asm.Type.getArgumentsAndReturnSizes(Ljava/lang/String;)I @ 123 c2
Event: 19.463 Thread 0x00000284f45b6800 Uncommon trap: reason=null_check action=make_not_entrant pc=0x00000284e60d34a0 method=neureka.core.Tsr.is64()Z @ 11 c2
Event: 19.472 Thread 0x00000284f45b6800 Uncommon trap: reason=unstable_if action=reinterpret pc=0x00000284e60dce0c method=org.jacoco.agent.rt.internal_43f5073.asm.commons.AnalyzerAdapter.pop(Ljava/lang/String;)V @ 77 c2
Event: 19.474 Thread 0x00000284f45b6800 Uncommon trap: reason=unstable_if action=reinterpret pc=0x00000284e606a294 method=java.lang.invoke.InvokerBytecodeGenerator.loadInsnOpcode(Ljava/lang/invoke/LambdaForm$BasicType;)I @ 8 c2
Event: 19.493 Thread 0x00000284f45b6800 Uncommon trap: reason=unstable_if action=reinterpret pc=0x00000284e60422e8 method=jdk.internal.org.objectweb.asm.Frame.execute(IILjdk/internal/org/objectweb/asm/ClassWriter;Ljdk/internal/org/objectweb/asm/Item;)V @ 1 c2

Classes redefined (0 events):
No events

Internal exceptions (10 events):
Event: 19.462 Thread 0x00000284f45b6800 Exception <a 'java/lang/NoSuchMethodError'{0x00000000edba7da0}: java.lang.invoke.DirectMethodHandle$Holder.invokeStatic(Ljava/lang/Object;Ljava/lang/Object;Ljava/lang/Object;Ljava/lang/Object;Ljava/lang/Object;Ljava/lang/Object;Ljava/lang/Object;Ljava/lan
Event: 19.463 Thread 0x00000284f45b6800 Implicit null exception at 0x00000284e60d3450 to 0x00000284e60d3496
Event: 19.474 Thread 0x00000284f45b6800 Exception <a 'java/lang/NoSuchMethodError'{0x00000000ed93be60}: java.lang.invoke.DirectMethodHandle$Holder.invokeStatic(Ljava/lang/Object;Ljava/lang/Object;Ljava/lang/Object;Ljava/lang/Object;Ljava/lang/Object;Ljava/lang/Object;Ljava/lang/Object;Ljava/lan
Event: 19.479 Thread 0x00000284f45b6800 Exception <a 'java/lang/NoSuchMethodError'{0x00000000ed9ee2f0}: java.lang.invoke.DirectMethodHandle$Holder.invokeSpecial(Ljava/lang/Object;Ljava/lang/Object;IILjava/lang/Object;ILjava/lang/Object;)Ljava/lang/Object;> (0x00000000ed9ee2f0) thrown at [t:/wor
Event: 19.479 Thread 0x00000284f45b6800 Exception <a 'java/lang/NoSuchMethodError'{0x00000000ed9f1a18}: java.lang.invoke.DelegatingMethodHandle$Holder.reinvoke_L(Ljava/lang/Object;IILjava/lang/Object;ILjava/lang/Object;)Ljava/lang/Object;> (0x00000000ed9f1a18) thrown at [t:/workspace/open/src/h
Event: 19.479 Thread 0x00000284f45b6800 Exception <a 'java/lang/NoSuchMethodError'{0x00000000ed802d00}: java.lang.invoke.DirectMethodHandle$Holder.invokeSpecial(Ljava/lang/Object;Ljava/lang/Object;Ljava/lang/Object;ILjava/lang/Object;)Ljava/lang/Object;> (0x00000000ed802d00) thrown at [t:/works
Event: 19.479 Thread 0x00000284f45b6800 Exception <a 'java/lang/NoSuchMethodError'{0x00000000ed806438}: java.lang.invoke.Invokers$Holder.linkToTargetMethod(Ljava/lang/Object;ILjava/lang/Object;Ljava/lang/Object;)Ljava/lang/Object;> (0x00000000ed806438) thrown at [t:/workspace/open/src/hotspot/s
Event: 19.482 Thread 0x00000284f45b6800 Exception <a 'java/lang/NoSuchMethodError'{0x00000000ed80b9b8}: java.lang.invoke.DirectMethodHandle$Holder.invokeStatic(Ljava/lang/Object;Ljava/lang/Object;Ljava/lang/Object;Ljava/lang/Object;Ljava/lang/Object;)V> (0x00000000ed80b9b8) thrown at [t:/worksp
Event: 19.489 Thread 0x00000284f45b6800 Exception <a 'java/lang/NoSuchMethodError'{0x00000000ed820d50}: java.lang.invoke.DirectMethodHandle$Holder.invokeSpecial(Ljava/lang/Object;Ljava/lang/Object;Ljava/lang/Object;Ljava/lang/Object;)V> (0x00000000ed820d50) thrown at [t:/workspace/open/src/hots
Event: 19.492 Thread 0x00000284f45b6800 Exception <a 'java/lang/NoSuchMethodError'{0x00000000ed8cebc0}: java.lang.invoke.DirectMethodHandle$Holder.invokeStatic(Ljava/lang/Object;Ljava/lang/Object;Ljava/lang/Object;Ljava/lang/Object;Ljava/lang/Object;Ljava/lang/Object;)V> (0x00000000ed8cebc0) th

Events (10 events):
Event: 19.553 Thread 0x00000284f45b6800 DEOPT PACKING pc=0x00000284defde776 sp=0x000000ec492fbfd0
Event: 19.553 Thread 0x00000284f45b6800 DEOPT UNPACKING pc=0x00000284de4c8d4e sp=0x000000ec492fb570 mode 0
Event: 19.554 Thread 0x00000284f45b6800 DEOPT PACKING pc=0x00000284defde776 sp=0x000000ec492fbfd0
Event: 19.554 Thread 0x00000284f45b6800 DEOPT UNPACKING pc=0x00000284de4c8d4e sp=0x000000ec492fb570 mode 0
Event: 19.556 Thread 0x00000284f45b6800 DEOPT PACKING pc=0x00000284defde776 sp=0x000000ec492fbfd0
Event: 19.556 Thread 0x00000284f45b6800 DEOPT UNPACKING pc=0x00000284de4c8d4e sp=0x000000ec492fb570 mode 0
Event: 19.557 Thread 0x00000284f45b6800 DEOPT PACKING pc=0x00000284defde776 sp=0x000000ec492fbfd0
Event: 19.557 Thread 0x00000284f45b6800 DEOPT UNPACKING pc=0x00000284de4c8d4e sp=0x000000ec492fb570 mode 0
Event: 19.571 Executing VM operation: G1CollectForAllocation
Event: 19.577 Executing VM operation: G1CollectForAllocation done


Dynamic libraries:
0x00007ff603ea0000 - 0x00007ff603ee7000 	C:\Program Files\Java\jdk-11.0.2\bin\java.exe
0x00007ffa140a0000 - 0x00007ffa14290000 	C:\WINDOWS\SYSTEM32\ntdll.dll
0x00007ffa13310000 - 0x00007ffa133c2000 	C:\WINDOWS\System32\KERNEL32.DLL
0x00007ffa11180000 - 0x00007ffa11423000 	C:\WINDOWS\System32\KERNELBASE.dll
0x00007ffa0dc00000 - 0x00007ffa0dc8f000 	C:\WINDOWS\SYSTEM32\apphelp.dll
0x00007ffa13d40000 - 0x00007ffa13de3000 	C:\WINDOWS\System32\ADVAPI32.dll
0x00007ffa13270000 - 0x00007ffa1330e000 	C:\WINDOWS\System32\msvcrt.dll
0x00007ffa13fc0000 - 0x00007ffa14057000 	C:\WINDOWS\System32\sechost.dll
0x00007ffa12990000 - 0x00007ffa12ab0000 	C:\WINDOWS\System32\RPCRT4.dll
0x00007ffa13ba0000 - 0x00007ffa13d34000 	C:\WINDOWS\System32\USER32.dll
0x00007ffa11f50000 - 0x00007ffa11f71000 	C:\WINDOWS\System32\win32u.dll
0x00007ffa13df0000 - 0x00007ffa13e16000 	C:\WINDOWS\System32\GDI32.dll
0x00007ffa11bb0000 - 0x00007ffa11d44000 	C:\WINDOWS\System32\gdi32full.dll
0x00007ffa11fe0000 - 0x00007ffa1207e000 	C:\WINDOWS\System32\msvcp_win.dll
0x00007ffa11d50000 - 0x00007ffa11e4a000 	C:\WINDOWS\System32\ucrtbase.dll
0x00007ff9f5530000 - 0x00007ff9f57b5000 	C:\WINDOWS\WinSxS\amd64_microsoft.windows.common-controls_6595b64144ccf1df_6.0.18362.476_none_e6c4b11b130f2595\COMCTL32.dll
0x00007ffa137d0000 - 0x00007ffa13b06000 	C:\WINDOWS\System32\combase.dll
0x00007ffa11e80000 - 0x00007ffa11f00000 	C:\WINDOWS\System32\bcryptPrimitives.dll
0x00007ffa04c30000 - 0x00007ffa04c3a000 	C:\WINDOWS\SYSTEM32\VERSION.dll
0x00007ffa134a0000 - 0x00007ffa134ce000 	C:\WINDOWS\System32\IMM32.DLL
0x00007ffa0da10000 - 0x00007ffa0da26000 	C:\Program Files\Java\jdk-11.0.2\bin\vcruntime140.dll
0x00007ffa0d960000 - 0x00007ffa0da0a000 	C:\Program Files\Java\jdk-11.0.2\bin\msvcp140.dll
0x00007ff9a7100000 - 0x00007ff9a7c27000 	C:\Program Files\Java\jdk-11.0.2\bin\server\jvm.dll
0x00007ffa127d0000 - 0x00007ffa127d8000 	C:\WINDOWS\System32\PSAPI.DLL
0x00007ff9e01d0000 - 0x00007ff9e01d9000 	C:\WINDOWS\SYSTEM32\WSOCK32.dll
0x00007ffa0da70000 - 0x00007ffa0da94000 	C:\WINDOWS\SYSTEM32\WINMM.dll
0x00007ffa134d0000 - 0x00007ffa1353f000 	C:\WINDOWS\System32\WS2_32.dll
0x00007ffa0da40000 - 0x00007ffa0da6d000 	C:\WINDOWS\SYSTEM32\winmmbase.dll
0x00007ffa11f00000 - 0x00007ffa11f4a000 	C:\WINDOWS\System32\cfgmgr32.dll
0x00007ffa10fd0000 - 0x00007ffa10fe1000 	C:\WINDOWS\System32\kernel.appcore.dll
0x00007ffa0d940000 - 0x00007ffa0d951000 	C:\Program Files\Java\jdk-11.0.2\bin\verify.dll
0x00007ffa0f970000 - 0x00007ffa0fb64000 	C:\WINDOWS\SYSTEM32\DBGHELP.DLL
0x00007ff9df6a0000 - 0x00007ff9df6ca000 	C:\WINDOWS\SYSTEM32\dbgcore.DLL
0x00007ffa0d910000 - 0x00007ffa0d939000 	C:\Program Files\Java\jdk-11.0.2\bin\java.dll
0x00007ff9f3380000 - 0x00007ff9f33af000 	C:\Program Files\Java\jdk-11.0.2\bin\instrument.dll
0x00007ffa0d8f0000 - 0x00007ffa0d906000 	C:\Program Files\Java\jdk-11.0.2\bin\zip.dll
0x00007ffa0dba0000 - 0x00007ffa0dbaa000 	C:\Program Files\Java\jdk-11.0.2\bin\jimage.dll
0x00007ffa12b80000 - 0x00007ffa13265000 	C:\WINDOWS\System32\SHELL32.dll
0x00007ffa13720000 - 0x00007ffa137c9000 	C:\WINDOWS\System32\shcore.dll
0x00007ffa11430000 - 0x00007ffa11bae000 	C:\WINDOWS\System32\windows.storage.dll
0x00007ffa10ff0000 - 0x00007ffa1100f000 	C:\WINDOWS\System32\profapi.dll
0x00007ffa10f80000 - 0x00007ffa10fca000 	C:\WINDOWS\System32\powrprof.dll
0x00007ffa10f70000 - 0x00007ffa10f80000 	C:\WINDOWS\System32\UMPDC.dll
0x00007ffa13e20000 - 0x00007ffa13e72000 	C:\WINDOWS\System32\shlwapi.dll
0x00007ffa12130000 - 0x00007ffa12147000 	C:\WINDOWS\System32\cryptsp.dll
0x00007ffa0b880000 - 0x00007ffa0b899000 	C:\Program Files\Java\jdk-11.0.2\bin\net.dll
0x00007ff9f7500000 - 0x00007ff9f76d6000 	C:\WINDOWS\SYSTEM32\urlmon.dll
0x00007ffa0dcd0000 - 0x00007ffa0ddc0000 	C:\WINDOWS\SYSTEM32\WINHTTP.dll
0x00007ff9fb340000 - 0x00007ff9fb5e6000 	C:\WINDOWS\SYSTEM32\iertutil.dll
0x00007ffa109b0000 - 0x00007ffa109bc000 	C:\WINDOWS\SYSTEM32\CRYPTBASE.DLL
0x00007ffa107e0000 - 0x00007ffa10847000 	C:\WINDOWS\system32\mswsock.dll
0x00007ffa074d0000 - 0x00007ffa074e3000 	C:\Program Files\Java\jdk-11.0.2\bin\nio.dll
0x00007ff9d4820000 - 0x00007ff9d4836000 	C:\WINDOWS\system32\napinsp.dll
0x00007ff9d4800000 - 0x00007ff9d481a000 	C:\WINDOWS\system32\pnrpnsp.dll
0x00007ffa10530000 - 0x00007ffa105fa000 	C:\WINDOWS\SYSTEM32\DNSAPI.dll
0x00007ffa12150000 - 0x00007ffa12158000 	C:\WINDOWS\System32\NSI.dll
0x00007ffa104f0000 - 0x00007ffa1052a000 	C:\WINDOWS\SYSTEM32\IPHLPAPI.DLL
0x00007ff9d47f0000 - 0x00007ff9d47fe000 	C:\WINDOWS\System32\winrnr.dll
0x00007ffa0dca0000 - 0x00007ffa0dcbc000 	C:\WINDOWS\system32\NLAapi.dll
0x00007ffa0ded0000 - 0x00007ffa0dee5000 	C:\WINDOWS\system32\wshbth.dll
0x00007ffa07830000 - 0x00007ffa0783a000 	C:\Windows\System32\rasadhlp.dll
0x00007ffa023e0000 - 0x00007ffa02457000 	C:\WINDOWS\System32\fwpuclnt.dll
0x00007ffa11e50000 - 0x00007ffa11e76000 	C:\WINDOWS\System32\bcrypt.dll
0x00007ffa10350000 - 0x00007ffa10383000 	C:\WINDOWS\system32\rsaenh.dll
0x00007ffa10e90000 - 0x00007ffa10eb5000 	C:\WINDOWS\SYSTEM32\USERENV.dll
0x00007ffa04120000 - 0x00007ffa04136000 	C:\WINDOWS\SYSTEM32\dhcpcsvc6.DLL
0x00007ffa052a0000 - 0x00007ffa052bc000 	C:\WINDOWS\SYSTEM32\dhcpcsvc.DLL
0x00007ff9a5490000 - 0x00007ff9a562f000 	C:\Program Files\Java\jdk-11.0.2\bin\awt.dll
0x00007ffa12ab0000 - 0x00007ffa12b74000 	C:\WINDOWS\System32\OLEAUT32.dll
0x00007ffa0c380000 - 0x00007ffa0c940000 	C:\WINDOWS\SYSTEM32\d2d1.dll
0x00007ffa0f270000 - 0x00007ffa0f29d000 	C:\WINDOWS\system32\DWMAPI.DLL
0x00007ffa0ec80000 - 0x00007ffa0ed19000 	C:\WINDOWS\system32\uxtheme.dll
0x00007ff9eae50000 - 0x00007ff9eafa6000 	C:\WINDOWS\system32\opengl32.dll
0x00007ff9ee9d0000 - 0x00007ff9ee9fc000 	C:\WINDOWS\SYSTEM32\GLU32.dll
0x00007ffa0fbe0000 - 0x00007ffa0fc00000 	C:\WINDOWS\SYSTEM32\dxcore.dll
0x00007ffa13e80000 - 0x00007ffa13fb6000 	C:\WINDOWS\System32\MSCTF.dll
0x00007ffa13540000 - 0x00007ffa13696000 	C:\WINDOWS\System32\ole32.dll
0x00007ff9f3260000 - 0x00007ff9f32e0000 	C:\Program Files\Java\jdk-11.0.2\bin\freetype.dll
0x00007ff9dec70000 - 0x00007ff9decdf000 	C:\Program Files\Java\jdk-11.0.2\bin\fontmanager.dll
0x00007ffa126a0000 - 0x00007ffa12742000 	C:\WINDOWS\System32\clbcatq.dll
0x00007ffa06ae0000 - 0x00007ffa06c8f000 	C:\WINDOWS\SYSTEM32\WindowsCodecs.dll
0x00007ff9ee3f0000 - 0x00007ff9ee42a000 	C:\WINDOWS\system32\dataexchange.dll
0x00007ffa0c940000 - 0x00007ffa0cb9b000 	C:\WINDOWS\system32\d3d11.dll
0x00007ffa0d020000 - 0x00007ffa0d1fb000 	C:\WINDOWS\system32\dcomp.dll
0x00007ffa0fc70000 - 0x00007ffa0fd5b000 	C:\WINDOWS\system32\dxgi.dll
0x00007ffa0ef20000 - 0x00007ffa0f17a000 	C:\WINDOWS\system32\twinapi.appcore.dll
0x00007ffa0f430000 - 0x00007ffa0f459000 	C:\WINDOWS\system32\RMCLIENT.dll
0x00007ff9eea30000 - 0x00007ff9eeace000 	C:\WINDOWS\System32\TextInputFramework.dll
0x00007ffa06fa0000 - 0x00007ffa072ca000 	C:\WINDOWS\System32\CoreUIComponents.dll
0x00007ffa0d580000 - 0x00007ffa0d654000 	C:\WINDOWS\System32\CoreMessaging.dll
0x00007ffa0ffd0000 - 0x00007ffa10001000 	C:\WINDOWS\SYSTEM32\ntmarta.dll
0x00007ffa0df10000 - 0x00007ffa0e063000 	C:\WINDOWS\SYSTEM32\wintypes.dll
0x00007ff9f7190000 - 0x00007ff9f71f5000 	C:\WINDOWS\system32\Oleacc.dll
0x00007ff9f3220000 - 0x00007ff9f325d000 	C:\Users\Daglemino\AppData\Local\Temp\JOCL_2_0_0-windows-x86_64.dll
0x00007ffa05620000 - 0x00007ffa0563d000 	C:\WINDOWS\SYSTEM32\OpenCL.dll
0x00007ff98e7f0000 - 0x00007ff98fe70000 	C:\WINDOWS\System32\DriverStore\FileRepository\nvhm.inf_amd64_d1c40a54a36b6122\nvopencl64.dll
0x00007ffa121d0000 - 0x00007ffa12640000 	C:\WINDOWS\System32\SETUPAPI.dll
0x00007ff9c55b0000 - 0x00007ff9c56d2000 	C:\WINDOWS\SYSTEM32\nvfatbinaryLoader.dll
0x00007ff9f7900000 - 0x00007ff9f7df8000 	C:\WINDOWS\system32\nvapi64.dll
0x00007ffa10d70000 - 0x00007ffa10d9a000 	C:\WINDOWS\SYSTEM32\DEVOBJ.dll
0x00007ffa11f80000 - 0x00007ffa11fdc000 	C:\WINDOWS\System32\WINTRUST.dll
0x00007ffa11010000 - 0x00007ffa11022000 	C:\WINDOWS\System32\MSASN1.dll
0x00007ffa11030000 - 0x00007ffa11179000 	C:\WINDOWS\System32\CRYPT32.dll
0x00007ff9916b0000 - 0x00007ff991835000 	C:\WINDOWS\System32\DriverStore\FileRepository\iigd_dch.inf_amd64_8f062540d3fd067f\IntelOpenCL64.dll
0x00007ff98e680000 - 0x00007ff98e7e1000 	C:\WINDOWS\System32\DriverStore\FileRepository\iigd_dch.inf_amd64_8f062540d3fd067f\ocl\bin\x64\intelocl64.dll
0x00007ff9cf110000 - 0x00007ff9cf17e000 	C:\WINDOWS\System32\DriverStore\FileRepository\iigd_dch.inf_amd64_8f062540d3fd067f\ocl\bin\x64\task_executor64.dll
0x00007ff9c9780000 - 0x00007ff9c9806000 	C:\WINDOWS\System32\DriverStore\FileRepository\iigd_dch.inf_amd64_8f062540d3fd067f\ocl\bin\x64\cpu_device64.dll
0x00007ff98e320000 - 0x00007ff98e67b000 	C:\WINDOWS\System32\DriverStore\FileRepository\iigd_dch.inf_amd64_8f062540d3fd067f\igdrcl64.dll
0x00007ffa00110000 - 0x00007ffa0022d000 	C:\WINDOWS\System32\DriverStore\FileRepository\iigd_dch.inf_amd64_8f062540d3fd067f\igdgmm64.dll
0x00007ff997b00000 - 0x00007ff997bc4000 	C:\WINDOWS\System32\DriverStore\FileRepository\iigd_dch.inf_amd64_8f062540d3fd067f\igdfcl64.dll
0x00007ff9fdb70000 - 0x00007ff9ffe15000 	C:\WINDOWS\System32\DriverStore\FileRepository\iigd_dch.inf_amd64_8f062540d3fd067f\igc64.dll
0x00007ff98bcb0000 - 0x00007ff98e31a000 	C:\WINDOWS\system32\nvcompiler.dll
0x00007ff98ff50000 - 0x00007ff990036000 	C:\WINDOWS\System32\DriverStore\FileRepository\iigd_dch.inf_amd64_8f062540d3fd067f\ocl\bin\x64\tbb\ocltbb64.dll
0x00007ff98a660000 - 0x00007ff98bcaa000 	C:\WINDOWS\System32\DriverStore\FileRepository\iigd_dch.inf_amd64_8f062540d3fd067f\ocl\bin\x64\OclCpuBackEnd64.dll
0x00007ff98a010000 - 0x00007ff98a660000 	C:\WINDOWS\System32\DriverStore\FileRepository\iigd_dch.inf_amd64_8f062540d3fd067f\ocl\bin\x64\__ocl_svml_l9.dll
0x00007ff989c20000 - 0x00007ff98a00e000 	C:\WINDOWS\System32\DriverStore\FileRepository\iigd_dch.inf_amd64_8f062540d3fd067f\ocl\bin\x64\clang_compiler64.dll
0x00007ff985860000 - 0x00007ff989c16000 	C:\WINDOWS\System32\DriverStore\FileRepository\iigd_dch.inf_amd64_8f062540d3fd067f\common_clang64.dll

dbghelp: loaded successfully - version: 4.0.5 - missing functions: none
symbol engine: initialized successfully - sym options: 0x614 - pdb path: .;C:\Program Files\Java\jdk-11.0.2\bin;C:\WINDOWS\SYSTEM32;C:\WINDOWS\WinSxS\amd64_microsoft.windows.common-controls_6595b64144ccf1df_6.0.18362.476_none_e6c4b11b130f2595;C:\Program Files\Java\jdk-11.0.2\bin\server;C:\Users\Daglemino\AppData\Local\Temp;C:\WINDOWS\System32\DriverStore\FileRepository\nvhm.inf_amd64_d1c40a54a36b6122;C:\WINDOWS\System32\DriverStore\FileRepository\iigd_dch.inf_amd64_8f062540d3fd067f;C:\WINDOWS\System32\DriverStore\FileRepository\iigd_dch.inf_amd64_8f062540d3fd067f\ocl\bin\x64;C:\WINDOWS\System32\DriverStore\FileRepository\iigd_dch.inf_amd64_8f062540d3fd067f\ocl\bin\x64\tbb

VM Arguments:
jvm_args: -Dorg.gradle.native=false -javaagent:build/tmp/expandedArchives/org.jacoco.agent-0.8.5.jar_6a2df60c47de373ea127d14406367999/jacocoagent.jar=destfile=build/jacoco/test.exec,append=true,inclnolocationclasses=false,dumponexit=true,output=file,jmx=false -Xmx512m -Dfile.encoding=windows-1252 -Duser.country=AT -Duser.language=de -Duser.variant -ea 
java_command: worker.org.gradle.process.internal.worker.GradleWorkerMain 'Gradle Test Executor 47'
java_class_path (initial): C:\\Users\\Daglemino\\.gradle\\caches\\5.6.2\\workerMain\\gradle-worker.jar;D:\\development\\java\\studium\\neureka\\build\\classes\\java\\test;D:\\development\\java\\studium\\neureka\\build\\classes\\groovy\\test;D:\\development\\java\\studium\\neureka\\build\\resources\\test;D:\\development\\java\\studium\\neureka\\build\\classes\\java\\main;D:\\development\\java\\studium\\neureka\\build\\classes\\groovy\\main;D:\\development\\java\\studium\\neureka\\build\\resources\\main;C:\\Users\\Daglemino\\.gradle\\caches\\modules-2\\files-2.1\\org.jocl\\jocl\\2.0.0\\79c9e57adcea8bed6c8eeec9df964467d80105fe\\jocl-2.0.0.jar;C:\\Users\\Daglemino\\.gradle\\caches\\modules-2\\files-2.1\\org.jetbrains\\annotations\\16.0.2\\dab5655eb9abe23f2245c34e66c9813c7daf4563\\annotations-16.0.2.jar;C:\\Users\\Daglemino\\.gradle\\caches\\modules-2\\files-2.1\\org.codehaus.groovy\\groovy-all\\2.4.14\\cd1a8ce914f5fe86c00a917b0577da6f367edcf9\\groovy-all-2.4.14.jar;C:\\Users\\Daglemino\\.gradle\\caches\\modules-2\\files-2.1\\junit\\junit\\4.12\\2973d150c0dc1fefe998f834810d68f278ea58ec\\junit-4.12.jar;C:\\Users\\Daglemino\\.gradle\\caches\\modules-2\\files-2.1\\org.hamcrest\\hamcrest-core\\1.3\\42a25dc3219429f0e5d060061f71acb49bf010a0\\hamcrest-core-1.3.jar
Launcher Type: SUN_STANDARD

[Global flags]
     intx CICompilerCount                          = 4                                         {product} {ergonomic}
     uint ConcGCThreads                            = 3                                         {product} {ergonomic}
     uint G1ConcRefinementThreads                  = 10                                        {product} {ergonomic}
   size_t G1HeapRegionSize                         = 1048576                                   {product} {ergonomic}
    uintx GCDrainStackTargetSize                   = 64                                        {product} {ergonomic}
   size_t InitialHeapSize                          = 264241152                                 {product} {ergonomic}
   size_t MarkStackSize                            = 4194304                                   {product} {ergonomic}
   size_t MaxHeapSize                              = 536870912                                 {product} {command line}
   size_t MaxNewSize                               = 321912832                                 {product} {ergonomic}
   size_t MinHeapDeltaBytes                        = 1048576                                   {product} {ergonomic}
    uintx NonNMethodCodeHeapSize                   = 5835340                                {pd product} {ergonomic}
    uintx NonProfiledCodeHeapSize                  = 122911450                              {pd product} {ergonomic}
    uintx ProfiledCodeHeapSize                     = 122911450                              {pd product} {ergonomic}
    uintx ReservedCodeCacheSize                    = 251658240                              {pd product} {ergonomic}
     bool SegmentedCodeCache                       = true                                      {product} {ergonomic}
     bool UseCompressedClassPointers               = true                                 {lp64_product} {ergonomic}
     bool UseCompressedOops                        = true                                 {lp64_product} {ergonomic}
     bool UseG1GC                                  = true                                      {product} {ergonomic}
     bool UseLargePagesIndividualAllocation        = false                                  {pd product} {ergonomic}

Logging:
Log output configuration:
 #0: stdout all=warning uptime,level,tags
 #1: stderr all=off uptime,level,tags

Environment Variables:
JAVA_HOME=C:\Program Files\Java\jdk-12.0.2
PATH=C:\Program Files (x86)\Common Files\Oracle\Java\javapath;C:\windows\system32;C:\windows;C:\windows\System32\Wbem;C:\windows\System32\WindowsPowerShell\v1.0\;C:\windows\System32\OpenSSH\;C:\Program Files (x86)\NVIDIA Corporation\PhysX\Common;D:\development\version control\Git\cmd;D:\Software\posgres\pg11\bin;C:\Program Files\Intel\WiFi\bin\;C:\Program Files\Common Files\Intel\WirelessCommon\;C:\Program Files (x86)\Windows Kits\10\Windows Performance Toolkit\;C:\Program Files\Java\jdk-12.0.2\lib;C:\WINDOWS\system32;C:\WINDOWS;C:\WINDOWS\System32\Wbem;C:\WINDOWS\System32\WindowsPowerShell\v1.0\;C:\WINDOWS\System32\OpenSSH\;;C:\Program Files (x86)\Gpg4win\..\GnuPG\bin;C:\Users\Daglemino\AppData\Local\Programs\Python\Python36-32\Scripts\;C:\Users\Daglemino\AppData\Local\Programs\Python\Python36-32\;C:\Users\Daglemino\AppData\Local\Microsoft\WindowsApps
USERNAME=Daglemino
OS=Windows_NT
PROCESSOR_IDENTIFIER=Intel64 Family 6 Model 158 Stepping 10, GenuineIntel



---------------  S Y S T E M  ---------------

OS: Windows 10 , 64 bit Build 18362 (10.0.18362.329)

CPU:total 12 (initial active 12) (6 cores per cpu, 2 threads per core) family 6 model 158 stepping 10, cmov, cx8, fxsr, mmx, sse, sse2, sse3, ssse3, sse4.1, sse4.2, popcnt, avx, avx2, aes, clmul, erms, 3dnowpref, lzcnt, ht, tsc, tscinvbit, bmi1, bmi2, adx, fma

Memory: 4k page, system-wide physical 16122M (7498M free)
TotalPageFile size 23034M (AvailPageFile size 10111M)
current process WorkingSet (physical memory assigned to process): 429M, peak: 433M
current process commit charge ("private bytes"): 677M, peak: 681M

vm_info: Java HotSpot(TM) 64-Bit Server VM (11.0.2+9-LTS) for windows-amd64 JRE (11.0.2+9-LTS), built on Jan 18 2019 05:24:10 by "mach5one" with MS VC++ 15.5 (VS2017)

END.
