#
# A fatal error has been detected by the Java Runtime Environment:
#
#  EXCEPTION_ACCESS_VIOLATION (0xc0000005) at pc=0x00007ffb2cf7300c, pid=10052, tid=28116
#
# JRE version: Java(TM) SE Runtime Environment (11.0.2+9) (build 11.0.2+9-LTS)
# Java VM: Java HotSpot(TM) 64-Bit Server VM (11.0.2+9-LTS, mixed mode, tiered, compressed oops, g1 gc, windows-amd64)
# Problematic frame:
# C  [OpenCL.dll+0x300c]
#
# No core dump will be written. Minidumps are not enabled by default on client versions of Windows
#
# If you would like to submit a bug report, please visit:
#   http://bugreport.java.com/bugreport/crash.jsp
# The crash happened outside the Java Virtual Machine in native code.
# See problematic frame for where to report the bug.
#

---------------  S U M M A R Y ------------

Command Line: -Dorg.gradle.native=false -javaagent:build/tmp/expandedArchives/org.jacoco.agent-0.8.5.jar_6a2df60c47de373ea127d14406367999/jacocoagent.jar=destfile=build/jacoco/test.exec,append=true,inclnolocationclasses=false,dumponexit=true,output=file,jmx=false -Xmx512m -Dfile.encoding=windows-1252 -Duser.country=AT -Duser.language=de -Duser.variant -ea worker.org.gradle.process.internal.worker.GradleWorkerMain 'Gradle Test Executor 20'

Host: Intel(R) Core(TM) i7-8750H CPU @ 2.20GHz, 12 cores, 15G,  Windows 10 , 64 bit Build 18362 (10.0.18362.329)
Time: Wed Nov 20 00:27:29 2019 Mitteleuropäische Zeit elapsed time: 17 seconds (0d 0h 0m 17s)

---------------  T H R E A D  ---------------

Current thread (0x000002be8fd5d000):  JavaThread "Cleaner-0" daemon [_thread_in_native, id=28116, stack(0x000000d619700000,0x000000d619800000)]

Stack: [0x000000d619700000,0x000000d619800000],  sp=0x000000d6197fea68,  free space=1018k
Native frames: (J=compiled Java code, j=interpreted, Vv=VM code, C=native code)
C  [OpenCL.dll+0x300c]

Java frames: (J=compiled Java code, j=interpreted, Vv=VM code)
j  org.jocl.CL.clReleaseMemObjectNative(Lorg/jocl/cl_mem;)I+0
j  org.jocl.CL.clReleaseMemObject(Lorg/jocl/cl_mem;)I+5
j  neureka.core.device.openCL.OpenCLDevice._rmv(Lneureka/core/device/WeakTensorReference;)V+43
j  neureka.core.device.openCL.OpenCLDevice.lambda$_add$3(Lneureka/core/device/WeakTensorReference;)V+9
j  neureka.core.device.openCL.OpenCLDevice$$Lambda$195.run()V+8
J 1066 c1 jdk.internal.ref.CleanerImpl$PhantomCleanableRef.performCleanup()V java.base@11.0.2 (10 bytes) @ 0x000002be807f435c [0x000002be807f4260+0x00000000000000fc]
J 1065 c1 jdk.internal.ref.PhantomCleanable.clean()V java.base@11.0.2 (16 bytes) @ 0x000002be807f3e0c [0x000002be807f3c60+0x00000000000001ac]
j  jdk.internal.ref.CleanerImpl.run()V+77 java.base@11.0.2
j  java.lang.Thread.run()V+11 java.base@11.0.2
j  jdk.internal.misc.InnocuousThread.run()V+20 java.base@11.0.2
v  ~StubRoutines::call_stub

siginfo: EXCEPTION_ACCESS_VIOLATION (0xc0000005), reading address 0x0000000000000090


Register to memory mapping:

RIP=0x00007ffb2cf7300c OpenCL.dll
RAX=0x0 is NULL
RBX={method} {0x000002be929c35a8} 'clReleaseMemObjectNative' '(Lorg/jocl/cl_mem;)I' in 'org/jocl/CL'
RCX=0x000002befc59ebe0 points into unknown readable memory: 00 00 00 00 00 00 00 00
RDX=0x000000d6197feb08 is pointing into the stack for thread: 0x000002be8fd5d000
RSP=0x000000d6197fea68 is pointing into the stack for thread: 0x000002be8fd5d000
RBP=0x000000d6197feae8 is pointing into the stack for thread: 0x000002be8fd5d000
RSI=0x000002be929f1f80 is pointing into metadata
RDI=0x0000000000000de0 is an unknown value
R8 =0x0000000000000042 is an unknown value
R9 =0x00000000e72f8308 is an oop: org.jocl.cl_mem 
{0x00000000e72f8308} - klass: 'org/jocl/cl_mem'
R10=0x00000000000001b2 is an unknown value
R11=0x00007ffadd42e0e8 jvm.dll
R12=0x0 is NULL
R13={method} {0x000002be929c35a8} 'clReleaseMemObjectNative' '(Lorg/jocl/cl_mem;)I' in 'org/jocl/CL'
R14=0x000000d6197feb08 is pointing into the stack for thread: 0x000002be8fd5d000
R15=0x000002be8fd5d000 is a thread


Registers:
RAX=0x0000000000000000, RBX=0x000002be929c35a0, RCX=0x000002befc59ebe0, RDX=0x000000d6197feb08
RSP=0x000000d6197fea68, RBP=0x000000d6197feae8, RSI=0x000002be929f1f80, RDI=0x0000000000000de0
R8 =0x0000000000000042, R9 =0x00000000e72f8308, R10=0x00000000000001b2, R11=0x00007ffadd42e0e8
R12=0x0000000000000000, R13=0x000002be929c35a0, R14=0x000000d6197feb08, R15=0x000002be8fd5d000
RIP=0x00007ffb2cf7300c, EFLAGS=0x0000000000010202

Top of Stack: (sp=0x000000d6197fea68)
0x000000d6197fea68:   000002be8000f037 000002be929c35a0
0x000000d6197fea78:   00000000e72f7f30 000000d6197feb58
0x000000d6197fea88:   000002be80d9e3bc 00000000e72f7f00
0x000000d6197fea98:   000002be80d8ebfc 000000d6197feaa0
0x000000d6197feaa8:   0000000000000000 000000d6197feb08
0x000000d6197feab8:   000002be929ce080 0000000000000000
0x000000d6197feac8:   00000000e710b120 000002be929c35a0
0x000000d6197fead8:   0000000000000000 000000d6197feb08
0x000000d6197feae8:   000000d6197feb58 000002be80009840
0x000000d6197feaf8:   00000000e710b120 000002be8000bf96
0x000000d6197feb08:   00000000e72f8308 000000d6197feb10
0x000000d6197feb18:   000002be929c34ed 000000d6197feb70
0x000000d6197feb28:   000002be929ce080 0000000000000000
0x000000d6197feb38:   00000000e710b120 000002be929c3510
0x000000d6197feb48:   000000d6197feb08 000000d6197feb70
0x000000d6197feb58:   000000d6197febc0 000002be80009840 

Instructions: (pc=0x00007ffb2cf7300c)
0x00007ffb2cf72fec:   48 ff a0 28 01 00 00 cc cc cc cc cc cc cc cc cc
0x00007ffb2cf72ffc:   cc cc cc cc 48 85 c9 75 04 8d 41 da c3 48 8b 01
0x00007ffb2cf7300c:   48 ff a0 90 00 00 00 cc cc cc cc cc cc cc cc cc
0x00007ffb2cf7301c:   cc cc cc cc 48 85 c9 75 04 8d 41 d4 c3 48 8b 01 


Stack slot to memory mapping:
stack at sp + 0 slots: 0x000002be8000f037 is at code_begin+1047 in an Interpreter codelet
method entry point (kind = native)  [0x000002be8000ec20, 0x000002be8000f780]  2912 bytes
stack at sp + 1 slots: {method} {0x000002be929c35a8} 'clReleaseMemObjectNative' '(Lorg/jocl/cl_mem;)I' in 'org/jocl/CL'
stack at sp + 2 slots: 0x00000000e72f7f30 is an oop: neureka.core.device.openCL.OpenCLDevice$$Lambda$192/0x0000000100352040 
{0x00000000e72f7f30} - klass: 'neureka/core/device/openCL/OpenCLDevice$$Lambda$192'
stack at sp + 3 slots: 0x000000d6197feb58 is pointing into the stack for thread: 0x000002be8fd5d000
stack at sp + 4 slots: 0x000002be80d9e3bc is at entry_point+60 in (nmethod*)0x000002be80d9e190
stack at sp + 5 slots: 0x00000000e72f7f00 is an oop: java.util.TreeMap 
{0x00000000e72f7f00} - klass: 'java/util/TreeMap'
stack at sp + 6 slots: 0x000002be80d8ebfc is at entry_point+380 in (nmethod*)0x000002be80d8e890
stack at sp + 7 slots: 0x000000d6197feaa0 is pointing into the stack for thread: 0x000002be8fd5d000


---------------  P R O C E S S  ---------------

Threads class SMR info:
_java_thread_list=0x000002befe937ca0, length=21, elements={
0x000002beed715000, 0x000002befa735800, 0x000002befa762800, 0x000002befa7c2000,
0x000002befa7c3000, 0x000002befa7c7000, 0x000002befa7c9000, 0x000002befa7d6000,
0x000002bef9ef0000, 0x000002befadaa000, 0x000002befd77d000, 0x000002befca06000,
0x000002befbd64800, 0x000002befd573800, 0x000002befec5c800, 0x000002befc229000,
0x000002befecd5800, 0x000002be8fd5d000, 0x000002befd780000, 0x000002befd87b000,
0x000002befd780800
}

Java Threads: ( => current thread )
  0x000002beed715000 JavaThread "main" [_thread_blocked, id=27604, stack(0x000000d616800000,0x000000d616900000)]
  0x000002befa735800 JavaThread "Reference Handler" daemon [_thread_blocked, id=24072, stack(0x000000d616f00000,0x000000d617000000)]
  0x000002befa762800 JavaThread "Finalizer" daemon [_thread_blocked, id=29500, stack(0x000000d617000000,0x000000d617100000)]
  0x000002befa7c2000 JavaThread "Signal Dispatcher" daemon [_thread_blocked, id=26344, stack(0x000000d617100000,0x000000d617200000)]
  0x000002befa7c3000 JavaThread "Attach Listener" daemon [_thread_blocked, id=31696, stack(0x000000d617200000,0x000000d617300000)]
  0x000002befa7c7000 JavaThread "C2 CompilerThread0" daemon [_thread_in_native, id=22604, stack(0x000000d617300000,0x000000d617400000)]
  0x000002befa7c9000 JavaThread "C1 CompilerThread0" daemon [_thread_in_native, id=19204, stack(0x000000d617400000,0x000000d617500000)]
  0x000002befa7d6000 JavaThread "Sweeper thread" daemon [_thread_blocked, id=25652, stack(0x000000d617500000,0x000000d617600000)]
  0x000002bef9ef0000 JavaThread "Common-Cleaner" daemon [_thread_blocked, id=21120, stack(0x000000d617600000,0x000000d617700000)]
  0x000002befadaa000 JavaThread "Service Thread" daemon [_thread_blocked, id=29356, stack(0x000000d617700000,0x000000d617800000)]
  0x000002befd77d000 JavaThread "Test worker" [_thread_in_Java, id=13776, stack(0x000000d618100000,0x000000d618200000)]
  0x000002befca06000 JavaThread "/127.0.0.1:63245 to /127.0.0.1:63243 workers Thread 2" [_thread_blocked, id=30016, stack(0x000000d618200000,0x000000d618300000)]
  0x000002befbd64800 JavaThread "/127.0.0.1:63245 to /127.0.0.1:63243 workers Thread 3" [_thread_in_native, id=30640, stack(0x000000d618300000,0x000000d618400000)]
  0x000002befd573800 JavaThread "Java2D Disposer" daemon [_thread_blocked, id=28620, stack(0x000000d618800000,0x000000d618900000)]
  0x000002befec5c800 JavaThread "AWT-Shutdown" [_thread_blocked, id=32380, stack(0x000000d618900000,0x000000d618a00000)]
  0x000002befc229000 JavaThread "AWT-Windows" daemon [_thread_in_native, id=32000, stack(0x000000d618a00000,0x000000d618b00000)]
  0x000002befecd5800 JavaThread "AWT-EventQueue-0" [_thread_in_native, id=23116, stack(0x000000d618b00000,0x000000d618c00000)]
=>0x000002be8fd5d000 JavaThread "Cleaner-0" daemon [_thread_in_native, id=28116, stack(0x000000d619700000,0x000000d619800000)]
  0x000002befd780000 JavaThread "TimerQueue" daemon [_thread_blocked, id=30616, stack(0x000000d617a00000,0x000000d617b00000)]
  0x000002befd87b000 JavaThread "C2 CompilerThread1" daemon [_thread_in_native, id=14288, stack(0x000000d619800000,0x000000d619900000)]
  0x000002befd780800 JavaThread "C2 CompilerThread2" daemon [_thread_in_native, id=32540, stack(0x000000d619900000,0x000000d619a00000)]

Other Threads:
  0x000002befa731800 VMThread "VM Thread" [stack: 0x000000d616e00000,0x000000d616f00000] [id=1160]
  0x000002befaa49800 WatcherThread [stack: 0x000000d617800000,0x000000d617900000] [id=30112]
  0x000002beed72e000 GCTaskThread "GC Thread#0" [stack: 0x000000d616900000,0x000000d616a00000] [id=21812]
  0x000002befbbd3800 GCTaskThread "GC Thread#1" [stack: 0x000000d617b00000,0x000000d617c00000] [id=14736]
  0x000002befbf2a800 GCTaskThread "GC Thread#2" [stack: 0x000000d617c00000,0x000000d617d00000] [id=11012]
  0x000002befacc5800 GCTaskThread "GC Thread#3" [stack: 0x000000d617d00000,0x000000d617e00000] [id=29404]
  0x000002befc035800 GCTaskThread "GC Thread#4" [stack: 0x000000d617e00000,0x000000d617f00000] [id=24480]
  0x000002befc036000 GCTaskThread "GC Thread#5" [stack: 0x000000d617f00000,0x000000d618000000] [id=29660]
  0x000002befbfe7000 GCTaskThread "GC Thread#6" [stack: 0x000000d618400000,0x000000d618500000] [id=31756]
  0x000002befe7db800 GCTaskThread "GC Thread#7" [stack: 0x000000d618500000,0x000000d618600000] [id=7556]
  0x000002befea12800 GCTaskThread "GC Thread#8" [stack: 0x000000d619a00000,0x000000d619b00000] [id=10668]
  0x000002befb1a9000 GCTaskThread "GC Thread#9" [stack: 0x000000d619b00000,0x000000d619c00000] [id=22328]
  0x000002beed73f800 ConcurrentGCThread "G1 Main Marker" [stack: 0x000000d616a00000,0x000000d616b00000] [id=30676]
  0x000002beed741800 ConcurrentGCThread "G1 Conc#0" [stack: 0x000000d616b00000,0x000000d616c00000] [id=26552]
  0x000002befcf85800 ConcurrentGCThread "G1 Conc#1" [stack: 0x000000d618600000,0x000000d618700000] [id=29344]
  0x000002befcc99800 ConcurrentGCThread "G1 Conc#2" [stack: 0x000000d618700000,0x000000d618800000] [id=30300]
  0x000002beed7de000 ConcurrentGCThread "G1 Refine#0" [stack: 0x000000d616c00000,0x000000d616d00000] [id=10936]
  0x000002bef9da2800 ConcurrentGCThread "G1 Young RemSet Sampling" [stack: 0x000000d616d00000,0x000000d616e00000] [id=32160]

Threads with active compile tasks:
C2 CompilerThread03828   !   4       javax.swing.text.AbstractDocument$LeafElement::<init> (58 bytes)
C1 CompilerThread03839       3       neureka.core.function.factory.assembly.FunctionBuilder::_build (2346 bytes)
C2 CompilerThread13479   !   4       javax.swing.text.PlainDocument::insertUpdate (410 bytes)
C2 CompilerThread23470       4       javax.swing.text.GapContent::createPosition (188 bytes)

VM state:not at safepoint (normal execution)

VM Mutex/Monitor currently owned by a thread: None

Heap address: 0x00000000e0000000, size: 512 MB, Compressed Oops mode: 32-bit
Narrow klass base: 0x0000000000000000, Narrow klass shift: 3
Compressed class space size: 1073741824 Address: 0x0000000100000000

Heap:
 garbage-first heap   total 258048K, used 24938K [0x00000000e0000000, 0x0000000100000000)
  region size 1024K, 23 young (23552K), 11 survivors (11264K)
 Metaspace       used 29837K, capacity 30916K, committed 31104K, reserved 1077248K
  class space    used 3169K, capacity 3613K, committed 3712K, reserved 1048576K
Heap Regions: E=young(eden), S=young(survivor), O=old, HS=humongous(starts), HC=humongous(continues), CS=collection set, F=free, A=archive, TAMS=top-at-mark-start (previous, next)
|   0|0x00000000e0000000, 0x00000000e0100000, 0x00000000e0100000|100%|HS|  |TAMS 0x00000000e0000000, 0x00000000e0000000| Complete 
|   1|0x00000000e0100000, 0x00000000e0200000, 0x00000000e0200000|100%|HC|  |TAMS 0x00000000e0100000, 0x00000000e0100000| Complete 
|   2|0x00000000e0200000, 0x00000000e0300000, 0x00000000e0300000|100%|HC|  |TAMS 0x00000000e0200000, 0x00000000e0200000| Complete 
|   3|0x00000000e0300000, 0x00000000e0300000, 0x00000000e0400000|  0%| F|  |TAMS 0x00000000e0300000, 0x00000000e0300000| Untracked 
|   4|0x00000000e0400000, 0x00000000e0400000, 0x00000000e0500000|  0%| F|  |TAMS 0x00000000e0400000, 0x00000000e0400000| Untracked 
|   5|0x00000000e0500000, 0x00000000e0500000, 0x00000000e0600000|  0%| F|  |TAMS 0x00000000e0500000, 0x00000000e0500000| Untracked 
|   6|0x00000000e0600000, 0x00000000e0600000, 0x00000000e0700000|  0%| F|  |TAMS 0x00000000e0600000, 0x00000000e0600000| Untracked 
|   7|0x00000000e0700000, 0x00000000e0700000, 0x00000000e0800000|  0%| F|  |TAMS 0x00000000e0700000, 0x00000000e0700000| Untracked 
|   8|0x00000000e0800000, 0x00000000e0800000, 0x00000000e0900000|  0%| F|  |TAMS 0x00000000e0800000, 0x00000000e0800000| Untracked 
|   9|0x00000000e0900000, 0x00000000e0900000, 0x00000000e0a00000|  0%| F|  |TAMS 0x00000000e0900000, 0x00000000e0900000| Untracked 
|  10|0x00000000e0a00000, 0x00000000e0a00000, 0x00000000e0b00000|  0%| F|  |TAMS 0x00000000e0a00000, 0x00000000e0a00000| Untracked 
|  11|0x00000000e0b00000, 0x00000000e0b00000, 0x00000000e0c00000|  0%| F|  |TAMS 0x00000000e0b00000, 0x00000000e0b00000| Untracked 
|  12|0x00000000e0c00000, 0x00000000e0c00000, 0x00000000e0d00000|  0%| F|  |TAMS 0x00000000e0c00000, 0x00000000e0c00000| Untracked 
|  13|0x00000000e0d00000, 0x00000000e0d00000, 0x00000000e0e00000|  0%| F|  |TAMS 0x00000000e0d00000, 0x00000000e0d00000| Untracked 
|  14|0x00000000e0e00000, 0x00000000e0e00000, 0x00000000e0f00000|  0%| F|  |TAMS 0x00000000e0e00000, 0x00000000e0e00000| Untracked 
|  15|0x00000000e0f00000, 0x00000000e0f00000, 0x00000000e1000000|  0%| F|  |TAMS 0x00000000e0f00000, 0x00000000e0f00000| Untracked 
|  16|0x00000000e1000000, 0x00000000e1000000, 0x00000000e1100000|  0%| F|  |TAMS 0x00000000e1000000, 0x00000000e1000000| Untracked 
|  17|0x00000000e1100000, 0x00000000e1100000, 0x00000000e1200000|  0%| F|  |TAMS 0x00000000e1100000, 0x00000000e1100000| Untracked 
|  18|0x00000000e1200000, 0x00000000e1200000, 0x00000000e1300000|  0%| F|  |TAMS 0x00000000e1200000, 0x00000000e1200000| Untracked 
|  19|0x00000000e1300000, 0x00000000e1300000, 0x00000000e1400000|  0%| F|  |TAMS 0x00000000e1300000, 0x00000000e1300000| Untracked 
|  20|0x00000000e1400000, 0x00000000e1400000, 0x00000000e1500000|  0%| F|  |TAMS 0x00000000e1400000, 0x00000000e1400000| Untracked 
|  21|0x00000000e1500000, 0x00000000e1500000, 0x00000000e1600000|  0%| F|  |TAMS 0x00000000e1500000, 0x00000000e1500000| Untracked 
|  22|0x00000000e1600000, 0x00000000e1600000, 0x00000000e1700000|  0%| F|  |TAMS 0x00000000e1600000, 0x00000000e1600000| Untracked 
|  23|0x00000000e1700000, 0x00000000e1700000, 0x00000000e1800000|  0%| F|  |TAMS 0x00000000e1700000, 0x00000000e1700000| Untracked 
|  24|0x00000000e1800000, 0x00000000e1800000, 0x00000000e1900000|  0%| F|  |TAMS 0x00000000e1800000, 0x00000000e1800000| Untracked 
|  25|0x00000000e1900000, 0x00000000e1900000, 0x00000000e1a00000|  0%| F|  |TAMS 0x00000000e1900000, 0x00000000e1900000| Untracked 
|  26|0x00000000e1a00000, 0x00000000e1a00000, 0x00000000e1b00000|  0%| F|  |TAMS 0x00000000e1a00000, 0x00000000e1a00000| Untracked 
|  27|0x00000000e1b00000, 0x00000000e1b00000, 0x00000000e1c00000|  0%| F|  |TAMS 0x00000000e1b00000, 0x00000000e1b00000| Untracked 
|  28|0x00000000e1c00000, 0x00000000e1c00000, 0x00000000e1d00000|  0%| F|  |TAMS 0x00000000e1c00000, 0x00000000e1c00000| Untracked 
|  29|0x00000000e1d00000, 0x00000000e1d00000, 0x00000000e1e00000|  0%| F|  |TAMS 0x00000000e1d00000, 0x00000000e1d00000| Untracked 
|  30|0x00000000e1e00000, 0x00000000e1e00000, 0x00000000e1f00000|  0%| F|  |TAMS 0x00000000e1e00000, 0x00000000e1e00000| Untracked 
|  31|0x00000000e1f00000, 0x00000000e1f00000, 0x00000000e2000000|  0%| F|  |TAMS 0x00000000e1f00000, 0x00000000e1f00000| Untracked 
|  32|0x00000000e2000000, 0x00000000e2000000, 0x00000000e2100000|  0%| F|  |TAMS 0x00000000e2000000, 0x00000000e2000000| Untracked 
|  33|0x00000000e2100000, 0x00000000e2100000, 0x00000000e2200000|  0%| F|  |TAMS 0x00000000e2100000, 0x00000000e2100000| Untracked 
|  34|0x00000000e2200000, 0x00000000e2200000, 0x00000000e2300000|  0%| F|  |TAMS 0x00000000e2200000, 0x00000000e2200000| Untracked 
|  35|0x00000000e2300000, 0x00000000e2300000, 0x00000000e2400000|  0%| F|  |TAMS 0x00000000e2300000, 0x00000000e2300000| Untracked 
|  36|0x00000000e2400000, 0x00000000e2400000, 0x00000000e2500000|  0%| F|  |TAMS 0x00000000e2400000, 0x00000000e2400000| Untracked 
|  37|0x00000000e2500000, 0x00000000e2500000, 0x00000000e2600000|  0%| F|  |TAMS 0x00000000e2500000, 0x00000000e2500000| Untracked 
|  38|0x00000000e2600000, 0x00000000e2600000, 0x00000000e2700000|  0%| F|  |TAMS 0x00000000e2600000, 0x00000000e2600000| Untracked 
|  39|0x00000000e2700000, 0x00000000e2700000, 0x00000000e2800000|  0%| F|  |TAMS 0x00000000e2700000, 0x00000000e2700000| Untracked 
|  40|0x00000000e2800000, 0x00000000e2800000, 0x00000000e2900000|  0%| F|  |TAMS 0x00000000e2800000, 0x00000000e2800000| Untracked 
|  41|0x00000000e2900000, 0x00000000e2900000, 0x00000000e2a00000|  0%| F|  |TAMS 0x00000000e2900000, 0x00000000e2900000| Untracked 
|  42|0x00000000e2a00000, 0x00000000e2a00000, 0x00000000e2b00000|  0%| F|  |TAMS 0x00000000e2a00000, 0x00000000e2a00000| Untracked 
|  43|0x00000000e2b00000, 0x00000000e2b00000, 0x00000000e2c00000|  0%| F|  |TAMS 0x00000000e2b00000, 0x00000000e2b00000| Untracked 
|  44|0x00000000e2c00000, 0x00000000e2c00000, 0x00000000e2d00000|  0%| F|  |TAMS 0x00000000e2c00000, 0x00000000e2c00000| Untracked 
|  45|0x00000000e2d00000, 0x00000000e2d00000, 0x00000000e2e00000|  0%| F|  |TAMS 0x00000000e2d00000, 0x00000000e2d00000| Untracked 
|  46|0x00000000e2e00000, 0x00000000e2e00000, 0x00000000e2f00000|  0%| F|  |TAMS 0x00000000e2e00000, 0x00000000e2e00000| Untracked 
|  47|0x00000000e2f00000, 0x00000000e2f00000, 0x00000000e3000000|  0%| F|  |TAMS 0x00000000e2f00000, 0x00000000e2f00000| Untracked 
|  48|0x00000000e3000000, 0x00000000e3000000, 0x00000000e3100000|  0%| F|  |TAMS 0x00000000e3000000, 0x00000000e3000000| Untracked 
|  49|0x00000000e3100000, 0x00000000e3100000, 0x00000000e3200000|  0%| F|  |TAMS 0x00000000e3100000, 0x00000000e3100000| Untracked 
|  50|0x00000000e3200000, 0x00000000e3200000, 0x00000000e3300000|  0%| F|  |TAMS 0x00000000e3200000, 0x00000000e3200000| Untracked 
|  51|0x00000000e3300000, 0x00000000e3300000, 0x00000000e3400000|  0%| F|  |TAMS 0x00000000e3300000, 0x00000000e3300000| Untracked 
|  52|0x00000000e3400000, 0x00000000e3400000, 0x00000000e3500000|  0%| F|  |TAMS 0x00000000e3400000, 0x00000000e3400000| Untracked 
|  53|0x00000000e3500000, 0x00000000e3500000, 0x00000000e3600000|  0%| F|  |TAMS 0x00000000e3500000, 0x00000000e3500000| Untracked 
|  54|0x00000000e3600000, 0x00000000e3600000, 0x00000000e3700000|  0%| F|  |TAMS 0x00000000e3600000, 0x00000000e3600000| Untracked 
|  55|0x00000000e3700000, 0x00000000e3700000, 0x00000000e3800000|  0%| F|  |TAMS 0x00000000e3700000, 0x00000000e3700000| Untracked 
|  56|0x00000000e3800000, 0x00000000e3800000, 0x00000000e3900000|  0%| F|  |TAMS 0x00000000e3800000, 0x00000000e3800000| Untracked 
|  57|0x00000000e3900000, 0x00000000e3900000, 0x00000000e3a00000|  0%| F|  |TAMS 0x00000000e3900000, 0x00000000e3900000| Untracked 
|  58|0x00000000e3a00000, 0x00000000e3a00000, 0x00000000e3b00000|  0%| F|  |TAMS 0x00000000e3a00000, 0x00000000e3a00000| Untracked 
|  59|0x00000000e3b00000, 0x00000000e3b00000, 0x00000000e3c00000|  0%| F|  |TAMS 0x00000000e3b00000, 0x00000000e3b00000| Untracked 
|  60|0x00000000e3c00000, 0x00000000e3c00000, 0x00000000e3d00000|  0%| F|  |TAMS 0x00000000e3c00000, 0x00000000e3c00000| Untracked 
|  61|0x00000000e3d00000, 0x00000000e3d00000, 0x00000000e3e00000|  0%| F|  |TAMS 0x00000000e3d00000, 0x00000000e3d00000| Untracked 
|  62|0x00000000e3e00000, 0x00000000e3e00000, 0x00000000e3f00000|  0%| F|  |TAMS 0x00000000e3e00000, 0x00000000e3e00000| Untracked 
|  63|0x00000000e3f00000, 0x00000000e3f00000, 0x00000000e4000000|  0%| F|  |TAMS 0x00000000e3f00000, 0x00000000e3f00000| Untracked 
|  64|0x00000000e4000000, 0x00000000e4000000, 0x00000000e4100000|  0%| F|  |TAMS 0x00000000e4000000, 0x00000000e4000000| Untracked 
|  65|0x00000000e4100000, 0x00000000e4100000, 0x00000000e4200000|  0%| F|  |TAMS 0x00000000e4100000, 0x00000000e4100000| Untracked 
|  66|0x00000000e4200000, 0x00000000e4200000, 0x00000000e4300000|  0%| F|  |TAMS 0x00000000e4200000, 0x00000000e4200000| Untracked 
|  67|0x00000000e4300000, 0x00000000e4300000, 0x00000000e4400000|  0%| F|  |TAMS 0x00000000e4300000, 0x00000000e4300000| Untracked 
|  68|0x00000000e4400000, 0x00000000e4400000, 0x00000000e4500000|  0%| F|  |TAMS 0x00000000e4400000, 0x00000000e4400000| Untracked 
|  69|0x00000000e4500000, 0x00000000e4500000, 0x00000000e4600000|  0%| F|  |TAMS 0x00000000e4500000, 0x00000000e4500000| Untracked 
|  70|0x00000000e4600000, 0x00000000e4600000, 0x00000000e4700000|  0%| F|  |TAMS 0x00000000e4600000, 0x00000000e4600000| Untracked 
|  71|0x00000000e4700000, 0x00000000e4700000, 0x00000000e4800000|  0%| F|  |TAMS 0x00000000e4700000, 0x00000000e4700000| Untracked 
|  72|0x00000000e4800000, 0x00000000e4800000, 0x00000000e4900000|  0%| F|  |TAMS 0x00000000e4800000, 0x00000000e4800000| Untracked 
|  73|0x00000000e4900000, 0x00000000e4900000, 0x00000000e4a00000|  0%| F|  |TAMS 0x00000000e4900000, 0x00000000e4900000| Untracked 
|  74|0x00000000e4a00000, 0x00000000e4a00000, 0x00000000e4b00000|  0%| F|  |TAMS 0x00000000e4a00000, 0x00000000e4a00000| Untracked 
|  75|0x00000000e4b00000, 0x00000000e4b00000, 0x00000000e4c00000|  0%| F|  |TAMS 0x00000000e4b00000, 0x00000000e4b00000| Untracked 
|  76|0x00000000e4c00000, 0x00000000e4c00000, 0x00000000e4d00000|  0%| F|  |TAMS 0x00000000e4c00000, 0x00000000e4c00000| Untracked 
|  77|0x00000000e4d00000, 0x00000000e4d00000, 0x00000000e4e00000|  0%| F|  |TAMS 0x00000000e4d00000, 0x00000000e4d00000| Untracked 
|  78|0x00000000e4e00000, 0x00000000e4e00000, 0x00000000e4f00000|  0%| F|  |TAMS 0x00000000e4e00000, 0x00000000e4e00000| Untracked 
|  79|0x00000000e4f00000, 0x00000000e4f00000, 0x00000000e5000000|  0%| F|  |TAMS 0x00000000e4f00000, 0x00000000e4f00000| Untracked 
|  80|0x00000000e5000000, 0x00000000e5000000, 0x00000000e5100000|  0%| F|  |TAMS 0x00000000e5000000, 0x00000000e5000000| Untracked 
|  81|0x00000000e5100000, 0x00000000e5100000, 0x00000000e5200000|  0%| F|  |TAMS 0x00000000e5100000, 0x00000000e5100000| Untracked 
|  82|0x00000000e5200000, 0x00000000e5200000, 0x00000000e5300000|  0%| F|  |TAMS 0x00000000e5200000, 0x00000000e5200000| Untracked 
|  83|0x00000000e5300000, 0x00000000e5300000, 0x00000000e5400000|  0%| F|  |TAMS 0x00000000e5300000, 0x00000000e5300000| Untracked 
|  84|0x00000000e5400000, 0x00000000e5400000, 0x00000000e5500000|  0%| F|  |TAMS 0x00000000e5400000, 0x00000000e5400000| Untracked 
|  85|0x00000000e5500000, 0x00000000e5500000, 0x00000000e5600000|  0%| F|  |TAMS 0x00000000e5500000, 0x00000000e5500000| Untracked 
|  86|0x00000000e5600000, 0x00000000e5600000, 0x00000000e5700000|  0%| F|  |TAMS 0x00000000e5600000, 0x00000000e5600000| Untracked 
|  87|0x00000000e5700000, 0x00000000e5700000, 0x00000000e5800000|  0%| F|  |TAMS 0x00000000e5700000, 0x00000000e5700000| Untracked 
|  88|0x00000000e5800000, 0x00000000e5800000, 0x00000000e5900000|  0%| F|  |TAMS 0x00000000e5800000, 0x00000000e5800000| Untracked 
|  89|0x00000000e5900000, 0x00000000e5900000, 0x00000000e5a00000|  0%| F|  |TAMS 0x00000000e5900000, 0x00000000e5900000| Untracked 
|  90|0x00000000e5a00000, 0x00000000e5a00000, 0x00000000e5b00000|  0%| F|  |TAMS 0x00000000e5a00000, 0x00000000e5a00000| Untracked 
|  91|0x00000000e5b00000, 0x00000000e5b00000, 0x00000000e5c00000|  0%| F|  |TAMS 0x00000000e5b00000, 0x00000000e5b00000| Untracked 
|  92|0x00000000e5c00000, 0x00000000e5c00000, 0x00000000e5d00000|  0%| F|  |TAMS 0x00000000e5c00000, 0x00000000e5c00000| Untracked 
|  93|0x00000000e5d00000, 0x00000000e5d00000, 0x00000000e5e00000|  0%| F|  |TAMS 0x00000000e5d00000, 0x00000000e5d00000| Untracked 
|  94|0x00000000e5e00000, 0x00000000e5e00000, 0x00000000e5f00000|  0%| F|  |TAMS 0x00000000e5e00000, 0x00000000e5e00000| Untracked 
|  95|0x00000000e5f00000, 0x00000000e5f00000, 0x00000000e6000000|  0%| F|  |TAMS 0x00000000e5f00000, 0x00000000e5f00000| Untracked 
|  96|0x00000000e6000000, 0x00000000e6000000, 0x00000000e6100000|  0%| F|  |TAMS 0x00000000e6000000, 0x00000000e6000000| Untracked 
|  97|0x00000000e6100000, 0x00000000e6100000, 0x00000000e6200000|  0%| F|  |TAMS 0x00000000e6100000, 0x00000000e6100000| Untracked 
|  98|0x00000000e6200000, 0x00000000e6200000, 0x00000000e6300000|  0%| F|  |TAMS 0x00000000e6200000, 0x00000000e6200000| Untracked 
|  99|0x00000000e6300000, 0x00000000e6300000, 0x00000000e6400000|  0%| F|  |TAMS 0x00000000e6300000, 0x00000000e6300000| Untracked 
| 100|0x00000000e6400000, 0x00000000e6400000, 0x00000000e6500000|  0%| F|  |TAMS 0x00000000e6400000, 0x00000000e6400000| Untracked 
| 101|0x00000000e6500000, 0x00000000e6500000, 0x00000000e6600000|  0%| F|  |TAMS 0x00000000e6500000, 0x00000000e6500000| Untracked 
| 102|0x00000000e6600000, 0x00000000e6600000, 0x00000000e6700000|  0%| F|  |TAMS 0x00000000e6600000, 0x00000000e6600000| Untracked 
| 103|0x00000000e6700000, 0x00000000e6700000, 0x00000000e6800000|  0%| F|  |TAMS 0x00000000e6700000, 0x00000000e6700000| Untracked 
| 104|0x00000000e6800000, 0x00000000e6800000, 0x00000000e6900000|  0%| F|  |TAMS 0x00000000e6800000, 0x00000000e6800000| Untracked 
| 105|0x00000000e6900000, 0x00000000e6900000, 0x00000000e6a00000|  0%| F|  |TAMS 0x00000000e6900000, 0x00000000e6900000| Untracked 
| 106|0x00000000e6a00000, 0x00000000e6a00000, 0x00000000e6b00000|  0%| F|  |TAMS 0x00000000e6a00000, 0x00000000e6a00000| Untracked 
| 107|0x00000000e6b00000, 0x00000000e6b00000, 0x00000000e6c00000|  0%| F|  |TAMS 0x00000000e6b00000, 0x00000000e6b00000| Untracked 
| 108|0x00000000e6c00000, 0x00000000e6c5a820, 0x00000000e6d00000| 35%| S|CS|TAMS 0x00000000e6c00000, 0x00000000e6c00000| Complete 
| 109|0x00000000e6d00000, 0x00000000e6e00000, 0x00000000e6e00000|100%| S|CS|TAMS 0x00000000e6d00000, 0x00000000e6d00000| Complete 
| 110|0x00000000e6e00000, 0x00000000e6f00000, 0x00000000e6f00000|100%| S|CS|TAMS 0x00000000e6e00000, 0x00000000e6e00000| Complete 
| 111|0x00000000e6f00000, 0x00000000e7000000, 0x00000000e7000000|100%| S|CS|TAMS 0x00000000e6f00000, 0x00000000e6f00000| Complete 
| 112|0x00000000e7000000, 0x00000000e7100000, 0x00000000e7100000|100%| S|CS|TAMS 0x00000000e7000000, 0x00000000e7000000| Complete 
| 113|0x00000000e7100000, 0x00000000e7200000, 0x00000000e7200000|100%| S|CS|TAMS 0x00000000e7100000, 0x00000000e7100000| Complete 
| 114|0x00000000e7200000, 0x00000000e7300000, 0x00000000e7300000|100%| S|CS|TAMS 0x00000000e7200000, 0x00000000e7200000| Complete 
| 115|0x00000000e7300000, 0x00000000e7400000, 0x00000000e7400000|100%| S|CS|TAMS 0x00000000e7300000, 0x00000000e7300000| Complete 
| 116|0x00000000e7400000, 0x00000000e7500000, 0x00000000e7500000|100%| S|CS|TAMS 0x00000000e7400000, 0x00000000e7400000| Complete 
| 117|0x00000000e7500000, 0x00000000e7600000, 0x00000000e7600000|100%| S|CS|TAMS 0x00000000e7500000, 0x00000000e7500000| Complete 
| 118|0x00000000e7600000, 0x00000000e7700000, 0x00000000e7700000|100%| S|CS|TAMS 0x00000000e7600000, 0x00000000e7600000| Complete 
| 119|0x00000000e7700000, 0x00000000e7700000, 0x00000000e7800000|  0%| F|  |TAMS 0x00000000e7700000, 0x00000000e7700000| Untracked 
| 120|0x00000000e7800000, 0x00000000e7800000, 0x00000000e7900000|  0%| F|  |TAMS 0x00000000e7800000, 0x00000000e7800000| Untracked 
| 121|0x00000000e7900000, 0x00000000e7900000, 0x00000000e7a00000|  0%| F|  |TAMS 0x00000000e7900000, 0x00000000e7900000| Untracked 
| 122|0x00000000e7a00000, 0x00000000e7a00000, 0x00000000e7b00000|  0%| F|  |TAMS 0x00000000e7a00000, 0x00000000e7a00000| Untracked 
| 123|0x00000000e7b00000, 0x00000000e7b00000, 0x00000000e7c00000|  0%| F|  |TAMS 0x00000000e7b00000, 0x00000000e7b00000| Untracked 
| 124|0x00000000e7c00000, 0x00000000e7c00000, 0x00000000e7d00000|  0%| F|  |TAMS 0x00000000e7c00000, 0x00000000e7c00000| Untracked 
| 125|0x00000000e7d00000, 0x00000000e7d00000, 0x00000000e7e00000|  0%| F|  |TAMS 0x00000000e7d00000, 0x00000000e7d00000| Untracked 
| 126|0x00000000e7e00000, 0x00000000e7e00000, 0x00000000e7f00000|  0%| F|  |TAMS 0x00000000e7e00000, 0x00000000e7e00000| Untracked 
| 127|0x00000000e7f00000, 0x00000000e7f00000, 0x00000000e8000000|  0%| F|  |TAMS 0x00000000e7f00000, 0x00000000e7f00000| Untracked 
| 128|0x00000000e8000000, 0x00000000e8000000, 0x00000000e8100000|  0%| F|  |TAMS 0x00000000e8000000, 0x00000000e8000000| Untracked 
| 129|0x00000000e8100000, 0x00000000e8100000, 0x00000000e8200000|  0%| F|  |TAMS 0x00000000e8100000, 0x00000000e8100000| Untracked 
| 130|0x00000000e8200000, 0x00000000e8200000, 0x00000000e8300000|  0%| F|  |TAMS 0x00000000e8200000, 0x00000000e8200000| Untracked 
| 131|0x00000000e8300000, 0x00000000e8300000, 0x00000000e8400000|  0%| F|  |TAMS 0x00000000e8300000, 0x00000000e8300000| Untracked 
| 132|0x00000000e8400000, 0x00000000e8400000, 0x00000000e8500000|  0%| F|  |TAMS 0x00000000e8400000, 0x00000000e8400000| Untracked 
| 133|0x00000000e8500000, 0x00000000e8500000, 0x00000000e8600000|  0%| F|  |TAMS 0x00000000e8500000, 0x00000000e8500000| Untracked 
| 134|0x00000000e8600000, 0x00000000e8600000, 0x00000000e8700000|  0%| F|  |TAMS 0x00000000e8600000, 0x00000000e8600000| Untracked 
| 135|0x00000000e8700000, 0x00000000e8700000, 0x00000000e8800000|  0%| F|  |TAMS 0x00000000e8700000, 0x00000000e8700000| Untracked 
| 136|0x00000000e8800000, 0x00000000e8800000, 0x00000000e8900000|  0%| F|  |TAMS 0x00000000e8800000, 0x00000000e8800000| Untracked 
| 137|0x00000000e8900000, 0x00000000e8900000, 0x00000000e8a00000|  0%| F|  |TAMS 0x00000000e8900000, 0x00000000e8900000| Untracked 
| 138|0x00000000e8a00000, 0x00000000e8a00000, 0x00000000e8b00000|  0%| F|  |TAMS 0x00000000e8a00000, 0x00000000e8a00000| Untracked 
| 139|0x00000000e8b00000, 0x00000000e8b00000, 0x00000000e8c00000|  0%| F|  |TAMS 0x00000000e8b00000, 0x00000000e8b00000| Untracked 
| 140|0x00000000e8c00000, 0x00000000e8c00000, 0x00000000e8d00000|  0%| F|  |TAMS 0x00000000e8c00000, 0x00000000e8c00000| Untracked 
| 141|0x00000000e8d00000, 0x00000000e8d00000, 0x00000000e8e00000|  0%| F|  |TAMS 0x00000000e8d00000, 0x00000000e8d00000| Untracked 
| 142|0x00000000e8e00000, 0x00000000e8e00000, 0x00000000e8f00000|  0%| F|  |TAMS 0x00000000e8e00000, 0x00000000e8e00000| Untracked 
| 143|0x00000000e8f00000, 0x00000000e8f00000, 0x00000000e9000000|  0%| F|  |TAMS 0x00000000e8f00000, 0x00000000e8f00000| Untracked 
| 144|0x00000000e9000000, 0x00000000e9000000, 0x00000000e9100000|  0%| F|  |TAMS 0x00000000e9000000, 0x00000000e9000000| Untracked 
| 145|0x00000000e9100000, 0x00000000e9100000, 0x00000000e9200000|  0%| F|  |TAMS 0x00000000e9100000, 0x00000000e9100000| Untracked 
| 146|0x00000000e9200000, 0x00000000e9200000, 0x00000000e9300000|  0%| F|  |TAMS 0x00000000e9200000, 0x00000000e9200000| Untracked 
| 147|0x00000000e9300000, 0x00000000e9300000, 0x00000000e9400000|  0%| F|  |TAMS 0x00000000e9300000, 0x00000000e9300000| Untracked 
| 148|0x00000000e9400000, 0x00000000e9400000, 0x00000000e9500000|  0%| F|  |TAMS 0x00000000e9400000, 0x00000000e9400000| Untracked 
| 149|0x00000000e9500000, 0x00000000e9500000, 0x00000000e9600000|  0%| F|  |TAMS 0x00000000e9500000, 0x00000000e9500000| Untracked 
| 150|0x00000000e9600000, 0x00000000e9600000, 0x00000000e9700000|  0%| F|  |TAMS 0x00000000e9600000, 0x00000000e9600000| Untracked 
| 151|0x00000000e9700000, 0x00000000e9700000, 0x00000000e9800000|  0%| F|  |TAMS 0x00000000e9700000, 0x00000000e9700000| Untracked 
| 152|0x00000000e9800000, 0x00000000e9800000, 0x00000000e9900000|  0%| F|  |TAMS 0x00000000e9800000, 0x00000000e9800000| Untracked 
| 153|0x00000000e9900000, 0x00000000e9900000, 0x00000000e9a00000|  0%| F|  |TAMS 0x00000000e9900000, 0x00000000e9900000| Untracked 
| 154|0x00000000e9a00000, 0x00000000e9a00000, 0x00000000e9b00000|  0%| F|  |TAMS 0x00000000e9a00000, 0x00000000e9a00000| Untracked 
| 155|0x00000000e9b00000, 0x00000000e9b00000, 0x00000000e9c00000|  0%| F|  |TAMS 0x00000000e9b00000, 0x00000000e9b00000| Untracked 
| 156|0x00000000e9c00000, 0x00000000e9c00000, 0x00000000e9d00000|  0%| F|  |TAMS 0x00000000e9c00000, 0x00000000e9c00000| Untracked 
| 157|0x00000000e9d00000, 0x00000000e9d00000, 0x00000000e9e00000|  0%| F|  |TAMS 0x00000000e9d00000, 0x00000000e9d00000| Untracked 
| 158|0x00000000e9e00000, 0x00000000e9e00000, 0x00000000e9f00000|  0%| F|  |TAMS 0x00000000e9e00000, 0x00000000e9e00000| Untracked 
| 159|0x00000000e9f00000, 0x00000000e9f00000, 0x00000000ea000000|  0%| F|  |TAMS 0x00000000e9f00000, 0x00000000e9f00000| Untracked 
| 160|0x00000000ea000000, 0x00000000ea000000, 0x00000000ea100000|  0%| F|  |TAMS 0x00000000ea000000, 0x00000000ea000000| Untracked 
| 161|0x00000000ea100000, 0x00000000ea100000, 0x00000000ea200000|  0%| F|  |TAMS 0x00000000ea100000, 0x00000000ea100000| Untracked 
| 162|0x00000000ea200000, 0x00000000ea200000, 0x00000000ea300000|  0%| F|  |TAMS 0x00000000ea200000, 0x00000000ea200000| Untracked 
| 163|0x00000000ea300000, 0x00000000ea300000, 0x00000000ea400000|  0%| F|  |TAMS 0x00000000ea300000, 0x00000000ea300000| Untracked 
| 164|0x00000000ea400000, 0x00000000ea400000, 0x00000000ea500000|  0%| F|  |TAMS 0x00000000ea400000, 0x00000000ea400000| Untracked 
| 165|0x00000000ea500000, 0x00000000ea500000, 0x00000000ea600000|  0%| F|  |TAMS 0x00000000ea500000, 0x00000000ea500000| Untracked 
| 166|0x00000000ea600000, 0x00000000ea600000, 0x00000000ea700000|  0%| F|  |TAMS 0x00000000ea600000, 0x00000000ea600000| Untracked 
| 167|0x00000000ea700000, 0x00000000ea700000, 0x00000000ea800000|  0%| F|  |TAMS 0x00000000ea700000, 0x00000000ea700000| Untracked 
| 168|0x00000000ea800000, 0x00000000ea800000, 0x00000000ea900000|  0%| F|  |TAMS 0x00000000ea800000, 0x00000000ea800000| Untracked 
| 169|0x00000000ea900000, 0x00000000ea900000, 0x00000000eaa00000|  0%| F|  |TAMS 0x00000000ea900000, 0x00000000ea900000| Untracked 
| 170|0x00000000eaa00000, 0x00000000eaa00000, 0x00000000eab00000|  0%| F|  |TAMS 0x00000000eaa00000, 0x00000000eaa00000| Untracked 
| 171|0x00000000eab00000, 0x00000000eab00000, 0x00000000eac00000|  0%| F|  |TAMS 0x00000000eab00000, 0x00000000eab00000| Untracked 
| 172|0x00000000eac00000, 0x00000000eac00000, 0x00000000ead00000|  0%| F|  |TAMS 0x00000000eac00000, 0x00000000eac00000| Untracked 
| 173|0x00000000ead00000, 0x00000000ead00000, 0x00000000eae00000|  0%| F|  |TAMS 0x00000000ead00000, 0x00000000ead00000| Untracked 
| 174|0x00000000eae00000, 0x00000000eae00000, 0x00000000eaf00000|  0%| F|  |TAMS 0x00000000eae00000, 0x00000000eae00000| Untracked 
| 175|0x00000000eaf00000, 0x00000000eaf00000, 0x00000000eb000000|  0%| F|  |TAMS 0x00000000eaf00000, 0x00000000eaf00000| Untracked 
| 176|0x00000000eb000000, 0x00000000eb000000, 0x00000000eb100000|  0%| F|  |TAMS 0x00000000eb000000, 0x00000000eb000000| Untracked 
| 177|0x00000000eb100000, 0x00000000eb100000, 0x00000000eb200000|  0%| F|  |TAMS 0x00000000eb100000, 0x00000000eb100000| Untracked 
| 178|0x00000000eb200000, 0x00000000eb200000, 0x00000000eb300000|  0%| F|  |TAMS 0x00000000eb200000, 0x00000000eb200000| Untracked 
| 179|0x00000000eb300000, 0x00000000eb300000, 0x00000000eb400000|  0%| F|  |TAMS 0x00000000eb300000, 0x00000000eb300000| Untracked 
| 180|0x00000000eb400000, 0x00000000eb400000, 0x00000000eb500000|  0%| F|  |TAMS 0x00000000eb400000, 0x00000000eb400000| Untracked 
| 181|0x00000000eb500000, 0x00000000eb500000, 0x00000000eb600000|  0%| F|  |TAMS 0x00000000eb500000, 0x00000000eb500000| Untracked 
| 182|0x00000000eb600000, 0x00000000eb600000, 0x00000000eb700000|  0%| F|  |TAMS 0x00000000eb600000, 0x00000000eb600000| Untracked 
| 183|0x00000000eb700000, 0x00000000eb700000, 0x00000000eb800000|  0%| F|  |TAMS 0x00000000eb700000, 0x00000000eb700000| Untracked 
| 184|0x00000000eb800000, 0x00000000eb800000, 0x00000000eb900000|  0%| F|  |TAMS 0x00000000eb800000, 0x00000000eb800000| Untracked 
| 185|0x00000000eb900000, 0x00000000eb900000, 0x00000000eba00000|  0%| F|  |TAMS 0x00000000eb900000, 0x00000000eb900000| Untracked 
| 186|0x00000000eba00000, 0x00000000eba00000, 0x00000000ebb00000|  0%| F|  |TAMS 0x00000000eba00000, 0x00000000eba00000| Untracked 
| 187|0x00000000ebb00000, 0x00000000ebb00000, 0x00000000ebc00000|  0%| F|  |TAMS 0x00000000ebb00000, 0x00000000ebb00000| Untracked 
| 188|0x00000000ebc00000, 0x00000000ebc00000, 0x00000000ebd00000|  0%| F|  |TAMS 0x00000000ebc00000, 0x00000000ebc00000| Untracked 
| 189|0x00000000ebd00000, 0x00000000ebd00000, 0x00000000ebe00000|  0%| F|  |TAMS 0x00000000ebd00000, 0x00000000ebd00000| Untracked 
| 190|0x00000000ebe00000, 0x00000000ebe00000, 0x00000000ebf00000|  0%| F|  |TAMS 0x00000000ebe00000, 0x00000000ebe00000| Untracked 
| 191|0x00000000ebf00000, 0x00000000ebf00000, 0x00000000ec000000|  0%| F|  |TAMS 0x00000000ebf00000, 0x00000000ebf00000| Untracked 
| 192|0x00000000ec000000, 0x00000000ec000000, 0x00000000ec100000|  0%| F|  |TAMS 0x00000000ec000000, 0x00000000ec000000| Untracked 
| 193|0x00000000ec100000, 0x00000000ec100000, 0x00000000ec200000|  0%| F|  |TAMS 0x00000000ec100000, 0x00000000ec100000| Untracked 
| 194|0x00000000ec200000, 0x00000000ec200000, 0x00000000ec300000|  0%| F|  |TAMS 0x00000000ec200000, 0x00000000ec200000| Untracked 
| 195|0x00000000ec300000, 0x00000000ec300000, 0x00000000ec400000|  0%| F|  |TAMS 0x00000000ec300000, 0x00000000ec300000| Untracked 
| 196|0x00000000ec400000, 0x00000000ec400000, 0x00000000ec500000|  0%| F|  |TAMS 0x00000000ec400000, 0x00000000ec400000| Untracked 
| 197|0x00000000ec500000, 0x00000000ec500000, 0x00000000ec600000|  0%| F|  |TAMS 0x00000000ec500000, 0x00000000ec500000| Untracked 
| 198|0x00000000ec600000, 0x00000000ec600000, 0x00000000ec700000|  0%| F|  |TAMS 0x00000000ec600000, 0x00000000ec600000| Untracked 
| 199|0x00000000ec700000, 0x00000000ec700000, 0x00000000ec800000|  0%| F|  |TAMS 0x00000000ec700000, 0x00000000ec700000| Untracked 
| 200|0x00000000ec800000, 0x00000000ec800000, 0x00000000ec900000|  0%| F|  |TAMS 0x00000000ec800000, 0x00000000ec800000| Untracked 
| 201|0x00000000ec900000, 0x00000000ec900000, 0x00000000eca00000|  0%| F|  |TAMS 0x00000000ec900000, 0x00000000ec900000| Untracked 
| 202|0x00000000eca00000, 0x00000000eca00000, 0x00000000ecb00000|  0%| F|  |TAMS 0x00000000eca00000, 0x00000000eca00000| Untracked 
| 203|0x00000000ecb00000, 0x00000000ecb00000, 0x00000000ecc00000|  0%| F|  |TAMS 0x00000000ecb00000, 0x00000000ecb00000| Untracked 
| 204|0x00000000ecc00000, 0x00000000ecc00000, 0x00000000ecd00000|  0%| F|  |TAMS 0x00000000ecc00000, 0x00000000ecc00000| Untracked 
| 205|0x00000000ecd00000, 0x00000000ecd00000, 0x00000000ece00000|  0%| F|  |TAMS 0x00000000ecd00000, 0x00000000ecd00000| Untracked 
| 206|0x00000000ece00000, 0x00000000ece00000, 0x00000000ecf00000|  0%| F|  |TAMS 0x00000000ece00000, 0x00000000ece00000| Untracked 
| 207|0x00000000ecf00000, 0x00000000ecf00000, 0x00000000ed000000|  0%| F|  |TAMS 0x00000000ecf00000, 0x00000000ecf00000| Untracked 
| 208|0x00000000ed000000, 0x00000000ed000000, 0x00000000ed100000|  0%| F|  |TAMS 0x00000000ed000000, 0x00000000ed000000| Untracked 
| 209|0x00000000ed100000, 0x00000000ed100000, 0x00000000ed200000|  0%| F|  |TAMS 0x00000000ed100000, 0x00000000ed100000| Untracked 
| 210|0x00000000ed200000, 0x00000000ed200000, 0x00000000ed300000|  0%| F|  |TAMS 0x00000000ed200000, 0x00000000ed200000| Untracked 
| 211|0x00000000ed300000, 0x00000000ed300000, 0x00000000ed400000|  0%| F|  |TAMS 0x00000000ed300000, 0x00000000ed300000| Untracked 
| 212|0x00000000ed400000, 0x00000000ed400000, 0x00000000ed500000|  0%| F|  |TAMS 0x00000000ed400000, 0x00000000ed400000| Untracked 
| 213|0x00000000ed500000, 0x00000000ed500000, 0x00000000ed600000|  0%| F|  |TAMS 0x00000000ed500000, 0x00000000ed500000| Untracked 
| 214|0x00000000ed600000, 0x00000000ed600000, 0x00000000ed700000|  0%| F|  |TAMS 0x00000000ed600000, 0x00000000ed600000| Untracked 
| 215|0x00000000ed700000, 0x00000000ed700000, 0x00000000ed800000|  0%| F|  |TAMS 0x00000000ed700000, 0x00000000ed700000| Untracked 
| 216|0x00000000ed800000, 0x00000000ed800000, 0x00000000ed900000|  0%| F|  |TAMS 0x00000000ed800000, 0x00000000ed800000| Untracked 
| 217|0x00000000ed900000, 0x00000000ed900000, 0x00000000eda00000|  0%| F|  |TAMS 0x00000000ed900000, 0x00000000ed900000| Untracked 
| 218|0x00000000eda00000, 0x00000000eda00000, 0x00000000edb00000|  0%| F|  |TAMS 0x00000000eda00000, 0x00000000eda00000| Untracked 
| 219|0x00000000edb00000, 0x00000000edb00000, 0x00000000edc00000|  0%| F|  |TAMS 0x00000000edb00000, 0x00000000edb00000| Untracked 
| 220|0x00000000edc00000, 0x00000000edc00000, 0x00000000edd00000|  0%| F|  |TAMS 0x00000000edc00000, 0x00000000edc00000| Untracked 
| 221|0x00000000edd00000, 0x00000000edd00000, 0x00000000ede00000|  0%| F|  |TAMS 0x00000000edd00000, 0x00000000edd00000| Untracked 
| 222|0x00000000ede00000, 0x00000000ede00000, 0x00000000edf00000|  0%| F|  |TAMS 0x00000000ede00000, 0x00000000ede00000| Untracked 
| 223|0x00000000edf00000, 0x00000000edf00000, 0x00000000ee000000|  0%| F|  |TAMS 0x00000000edf00000, 0x00000000edf00000| Untracked 
| 224|0x00000000ee000000, 0x00000000ee000000, 0x00000000ee100000|  0%| F|  |TAMS 0x00000000ee000000, 0x00000000ee000000| Untracked 
| 225|0x00000000ee100000, 0x00000000ee100000, 0x00000000ee200000|  0%| F|  |TAMS 0x00000000ee100000, 0x00000000ee100000| Untracked 
| 226|0x00000000ee200000, 0x00000000ee200000, 0x00000000ee300000|  0%| F|  |TAMS 0x00000000ee200000, 0x00000000ee200000| Untracked 
| 227|0x00000000ee300000, 0x00000000ee300000, 0x00000000ee400000|  0%| F|  |TAMS 0x00000000ee300000, 0x00000000ee300000| Untracked 
| 228|0x00000000ee400000, 0x00000000ee400000, 0x00000000ee500000|  0%| F|  |TAMS 0x00000000ee400000, 0x00000000ee400000| Untracked 
| 229|0x00000000ee500000, 0x00000000ee500000, 0x00000000ee600000|  0%| F|  |TAMS 0x00000000ee500000, 0x00000000ee500000| Untracked 
| 230|0x00000000ee600000, 0x00000000ee600000, 0x00000000ee700000|  0%| F|  |TAMS 0x00000000ee600000, 0x00000000ee600000| Untracked 
| 231|0x00000000ee700000, 0x00000000ee700000, 0x00000000ee800000|  0%| F|  |TAMS 0x00000000ee700000, 0x00000000ee700000| Untracked 
| 232|0x00000000ee800000, 0x00000000ee800000, 0x00000000ee900000|  0%| F|  |TAMS 0x00000000ee800000, 0x00000000ee800000| Untracked 
| 233|0x00000000ee900000, 0x00000000ee900000, 0x00000000eea00000|  0%| F|  |TAMS 0x00000000ee900000, 0x00000000ee900000| Untracked 
| 234|0x00000000eea00000, 0x00000000eea00000, 0x00000000eeb00000|  0%| F|  |TAMS 0x00000000eea00000, 0x00000000eea00000| Untracked 
| 235|0x00000000eeb00000, 0x00000000eeb00000, 0x00000000eec00000|  0%| F|  |TAMS 0x00000000eeb00000, 0x00000000eeb00000| Untracked 
| 236|0x00000000eec00000, 0x00000000eec00000, 0x00000000eed00000|  0%| F|  |TAMS 0x00000000eec00000, 0x00000000eec00000| Untracked 
| 237|0x00000000eed00000, 0x00000000eed00000, 0x00000000eee00000|  0%| F|  |TAMS 0x00000000eed00000, 0x00000000eed00000| Untracked 
| 238|0x00000000eee00000, 0x00000000eee00000, 0x00000000eef00000|  0%| F|  |TAMS 0x00000000eee00000, 0x00000000eee00000| Untracked 
| 239|0x00000000eef00000, 0x00000000ef000000, 0x00000000ef000000|100%| E|  |TAMS 0x00000000eef00000, 0x00000000eef00000| Complete 
| 240|0x00000000ef000000, 0x00000000ef100000, 0x00000000ef100000|100%| E|CS|TAMS 0x00000000ef000000, 0x00000000ef000000| Complete 
| 241|0x00000000ef100000, 0x00000000ef200000, 0x00000000ef200000|100%| E|CS|TAMS 0x00000000ef100000, 0x00000000ef100000| Complete 
| 242|0x00000000ef200000, 0x00000000ef300000, 0x00000000ef300000|100%| E|CS|TAMS 0x00000000ef200000, 0x00000000ef200000| Complete 
| 243|0x00000000ef300000, 0x00000000ef400000, 0x00000000ef400000|100%| E|CS|TAMS 0x00000000ef300000, 0x00000000ef300000| Complete 
| 244|0x00000000ef400000, 0x00000000ef500000, 0x00000000ef500000|100%| E|CS|TAMS 0x00000000ef400000, 0x00000000ef400000| Complete 
| 245|0x00000000ef500000, 0x00000000ef600000, 0x00000000ef600000|100%| E|CS|TAMS 0x00000000ef500000, 0x00000000ef500000| Complete 
| 246|0x00000000ef600000, 0x00000000ef700000, 0x00000000ef700000|100%| E|CS|TAMS 0x00000000ef600000, 0x00000000ef600000| Complete 
| 247|0x00000000ef700000, 0x00000000ef800000, 0x00000000ef800000|100%| E|CS|TAMS 0x00000000ef700000, 0x00000000ef700000| Complete 
| 248|0x00000000ef800000, 0x00000000ef900000, 0x00000000ef900000|100%| E|CS|TAMS 0x00000000ef800000, 0x00000000ef800000| Complete 
| 249|0x00000000ef900000, 0x00000000efa00000, 0x00000000efa00000|100%| E|CS|TAMS 0x00000000ef900000, 0x00000000ef900000| Complete 
| 250|0x00000000efa00000, 0x00000000efb00000, 0x00000000efb00000|100%| E|CS|TAMS 0x00000000efa00000, 0x00000000efa00000| Complete 
| 251|0x00000000efb00000, 0x00000000efc00000, 0x00000000efc00000|100%| E|CS|TAMS 0x00000000efb00000, 0x00000000efb00000| Complete 

Card table byte_map: [0x000002bef6090000,0x000002bef6190000] _byte_map_base: 0x000002bef5990000

Marking Bits (Prev, Next): (CMBitMap*) 0x000002beed73c850, (CMBitMap*) 0x000002beed73c818
 Prev Bits: [0x000002bef6a90000, 0x000002bef7290000)
 Next Bits: [0x000002bef6290000, 0x000002bef6a90000)

Polling page: 0x000002beeb6a0000

Metaspace:

Usage:
  Non-class:     26.66 MB capacity,    26.04 MB ( 98%) used,   530.86 KB (  2%) free+waste,   104.44 KB ( <1%) overhead. 
      Class:      3.53 MB capacity,     3.10 MB ( 88%) used,   390.28 KB ( 11%) free+waste,    52.75 KB (  1%) overhead. 
       Both:     30.19 MB capacity,    29.14 MB ( 97%) used,   921.14 KB (  3%) free+waste,   157.19 KB ( <1%) overhead. 

Virtual space:
  Non-class space:       28.00 MB reserved,      26.75 MB ( 96%) committed 
      Class space:        1.00 GB reserved,       3.63 MB ( <1%) committed 
             Both:        1.03 GB reserved,      30.38 MB (  3%) committed 

Chunk freelists:
   Non-Class:  0 bytes
       Class:  0 bytes
        Both:  0 bytes

CodeHeap 'non-profiled nmethods': size=120000Kb used=2285Kb max_used=2285Kb free=117714Kb
 bounds [0x000002be87ad0000, 0x000002be87d40000, 0x000002be8f000000]
CodeHeap 'profiled nmethods': size=120000Kb used=8584Kb max_used=8584Kb free=111415Kb
 bounds [0x000002be805a0000, 0x000002be80e10000, 0x000002be87ad0000]
CodeHeap 'non-nmethods': size=5760Kb used=2309Kb max_used=2365Kb free=3450Kb
 bounds [0x000002be80000000, 0x000002be80270000, 0x000002be805a0000]
 total_blobs=5563 nmethods=3640 adapters=841
 compilation: enabled
              stopped_count=0, restarted_count=0
 full_count=0

Compilation events (10 events):
Event: 16.980 Thread 0x000002befa7c9000 nmethod 3808 0x000002be80626110 code [0x000002be806262c0, 0x000002be80626438]
Event: 16.992 Thread 0x000002befa7c9000 3813       3       javax.swing.plaf.metal.OceanTheme::getBlack (4 bytes)
Event: 16.992 Thread 0x000002befa7c9000 nmethod 3813 0x000002be80656590 code [0x000002be80656740, 0x000002be806568b8]
Event: 16.994 Thread 0x000002befd780800 nmethod 3469 0x000002be87d03b90 code [0x000002be87d03dc0, 0x000002be87d047e8]
Event: 16.994 Thread 0x000002befd780800 3812 %s    4       sun.java2d.loops.GraphicsPrimitiveMgr::locatePrim @ 28 (95 bytes)
Event: 17.000 Thread 0x000002befa7c9000 3814       3       javax.swing.plaf.metal.MetalUtils$GradientPainter::drawVerticalGradient (184 bytes)
Event: 17.016 Thread 0x000002befa7c9000 nmethod 3814 0x000002be80dd4d10 code [0x000002be80dd5040, 0x000002be80dd5f70]
Event: 17.017 Thread 0x000002befa7c9000 3815   !   3       java.lang.ref.ReferenceQueue::remove (125 bytes)
Event: 17.019 Thread 0x000002befa7c9000 nmethod 3815 0x000002be8076e810 code [0x000002be8076ea40, 0x000002be8076f2e0]
Event: 17.019 Thread 0x000002befa7c9000 3817   !   3       javax.swing.JComponent::paintChildren (691 bytes)

GC Heap History (6 events):
Event: 0.431 GC heap before
{Heap before GC invocations=0 (full 0):
 garbage-first heap   total 258048K, used 23552K [0x00000000e0000000, 0x0000000100000000)
  region size 1024K, 24 young (24576K), 0 survivors (0K)
 Metaspace       used 10914K, capacity 11080K, committed 11136K, reserved 1058816K
  class space    used 1062K, capacity 1142K, committed 1152K, reserved 1048576K
}
Event: 0.434 GC heap after
{Heap after GC invocations=1 (full 0):
 garbage-first heap   total 258048K, used 2871K [0x00000000e0000000, 0x0000000100000000)
  region size 1024K, 3 young (3072K), 3 survivors (3072K)
 Metaspace       used 10914K, capacity 11080K, committed 11136K, reserved 1058816K
  class space    used 1062K, capacity 1142K, committed 1152K, reserved 1048576K
}
Event: 1.524 GC heap before
{Heap before GC invocations=1 (full 0):
 garbage-first heap   total 258048K, used 129847K [0x00000000e0000000, 0x0000000100000000)
  region size 1024K, 118 young (120832K), 3 survivors (3072K)
 Metaspace       used 20760K, capacity 21109K, committed 21248K, reserved 1069056K
  class space    used 2067K, capacity 2203K, committed 2304K, reserved 1048576K
}
Event: 1.531 GC heap after
{Heap after GC invocations=2 (full 0):
 garbage-first heap   total 258048K, used 6111K [0x00000000e0000000, 0x0000000100000000)
  region size 1024K, 6 young (6144K), 6 survivors (6144K)
 Metaspace       used 20760K, capacity 21109K, committed 21248K, reserved 1069056K
  class space    used 2067K, capacity 2203K, committed 2304K, reserved 1048576K
}
Event: 17.001 GC heap before
{Heap before GC invocations=3 (full 0):
 garbage-first heap   total 258048K, used 139231K [0x00000000e0000000, 0x0000000100000000)
  region size 1024K, 133 young (136192K), 6 survivors (6144K)
 Metaspace       used 29749K, capacity 30793K, committed 31104K, reserved 1077248K
  class space    used 3160K, capacity 3594K, committed 3712K, reserved 1048576K
}
Event: 17.016 GC heap after
{Heap after GC invocations=4 (full 0):
 garbage-first heap   total 258048K, used 13674K [0x00000000e0000000, 0x0000000100000000)
  region size 1024K, 11 young (11264K), 11 survivors (11264K)
 Metaspace       used 29749K, capacity 30793K, committed 31104K, reserved 1077248K
  class space    used 3160K, capacity 3594K, committed 3712K, reserved 1048576K
}

Deoptimization events (10 events):
Event: 2.064 Thread 0x000002befd77d000 Uncommon trap: reason=profile_predicate action=maybe_recompile pc=0x000002be87c6f978 method=java.util.Arrays.binarySearch0([Ljava/lang/Object;IILjava/lang/Object;Ljava/util/Comparator;)I @ 25 c2
Event: 2.094 Thread 0x000002befd77d000 Uncommon trap: reason=profile_predicate action=maybe_recompile pc=0x000002be87c6f978 method=java.util.Arrays.binarySearch0([Ljava/lang/Object;IILjava/lang/Object;Ljava/util/Comparator;)I @ 25 c2
Event: 2.094 Thread 0x000002befd77d000 Uncommon trap: reason=profile_predicate action=maybe_recompile pc=0x000002be87c6f978 method=java.util.Arrays.binarySearch0([Ljava/lang/Object;IILjava/lang/Object;Ljava/util/Comparator;)I @ 25 c2
Event: 2.094 Thread 0x000002befd77d000 Uncommon trap: reason=profile_predicate action=maybe_recompile pc=0x000002be87c6f978 method=java.util.Arrays.binarySearch0([Ljava/lang/Object;IILjava/lang/Object;Ljava/util/Comparator;)I @ 25 c2
Event: 2.414 Thread 0x000002befd77d000 Uncommon trap: reason=unstable_if action=reinterpret pc=0x000002be87b68330 method=java.io.WinNTFileSystem.normalize(Ljava/lang/String;)Ljava/lang/String; @ 74 c2
Event: 16.492 Thread 0x000002befd77d000 Uncommon trap: reason=unstable_if action=reinterpret pc=0x000002be87c7e1fc method=javax.swing.text.GapContent.findSortIndex(Ljavax/swing/text/GapContent$MarkData;)I @ 17 c2
Event: 16.523 Thread 0x000002befd77d000 Uncommon trap: reason=unstable_if action=reinterpret pc=0x000002be87c107c0 method=org.jacoco.agent.rt.internal_43f5073.asm.commons.AnalyzerAdapter.execute(IILjava/lang/String;)V @ 1140 c2
Event: 16.597 Thread 0x000002befd77d000 Uncommon trap: reason=intrinsic_or_type_checked_inlining action=make_not_entrant pc=0x000002be87cc616c method=java.util.Vector.copyInto([Ljava/lang/Object;)V @ 11 c2
Event: 16.868 Thread 0x000002befd77d000 Uncommon trap: reason=class_check action=maybe_recompile pc=0x000002be87b5492c method=java.util.regex.Matcher.match(II)Z @ 121 c2
Event: 16.949 Thread 0x000002befd77d000 Uncommon trap: reason=unstable_if action=reinterpret pc=0x000002be87c26998 method=jdk.internal.org.objectweb.asm.Frame.execute(IILjdk/internal/org/objectweb/asm/ClassWriter;Ljdk/internal/org/objectweb/asm/Item;)V @ 1 c2

Classes redefined (0 events):
No events

Internal exceptions (10 events):
Event: 2.393 Thread 0x000002befd77d000 Exception <a 'java/lang/ClassNotFoundException'{0x00000000eb5642e8}: neureka/core/device/openCL/OpenCLPlatformCustomizer> (0x00000000eb5642e8) thrown at [t:/workspace/open/src/hotspot/share/classfile/systemDictionary.cpp, line 231]
Event: 16.486 Thread 0x000002befd77d000 Exception <a 'java/lang/ClassNotFoundException'{0x00000000eaec07f8}: java/util/ArrayListBeanInfo> (0x00000000eaec07f8) thrown at [t:/workspace/open/src/hotspot/share/classfile/systemDictionary.cpp, line 231]
Event: 16.486 Thread 0x000002befd77d000 Exception <a 'java/lang/ClassNotFoundException'{0x00000000eaec1ab8}: java/util/AbstractListBeanInfo> (0x00000000eaec1ab8) thrown at [t:/workspace/open/src/hotspot/share/classfile/systemDictionary.cpp, line 231]
Event: 16.486 Thread 0x000002befd77d000 Exception <a 'java/lang/ClassNotFoundException'{0x00000000eaec2da0}: java/util/AbstractCollectionBeanInfo> (0x00000000eaec2da0) thrown at [t:/workspace/open/src/hotspot/share/classfile/systemDictionary.cpp, line 231]
Event: 16.486 Thread 0x000002befd77d000 Exception <a 'java/lang/ClassNotFoundException'{0x00000000eaec4060}: java/util/AbstractCollectionCustomizer> (0x00000000eaec4060) thrown at [t:/workspace/open/src/hotspot/share/classfile/systemDictionary.cpp, line 231]
Event: 16.487 Thread 0x000002befd77d000 Exception <a 'java/lang/ClassNotFoundException'{0x00000000eaed0b48}: java/util/AbstractListCustomizer> (0x00000000eaed0b48) thrown at [t:/workspace/open/src/hotspot/share/classfile/systemDictionary.cpp, line 231]
Event: 16.488 Thread 0x000002befd77d000 Exception <a 'java/lang/ClassNotFoundException'{0x00000000eaede498}: java/util/ArrayListCustomizer> (0x00000000eaede498) thrown at [t:/workspace/open/src/hotspot/share/classfile/systemDictionary.cpp, line 231]
Event: 16.520 Thread 0x000002befd77d000 Exception <a 'java/lang/ClassNotFoundException'{0x00000000ead34b58}: neureka/core/device/openCL/OpenCLDeviceBeanInfo> (0x00000000ead34b58) thrown at [t:/workspace/open/src/hotspot/share/classfile/systemDictionary.cpp, line 231]
Event: 16.520 Thread 0x000002befd77d000 Exception <a 'java/lang/ClassNotFoundException'{0x00000000ead3a678}: neureka/core/device/openCL/OpenCLDeviceCustomizer> (0x00000000ead3a678) thrown at [t:/workspace/open/src/hotspot/share/classfile/systemDictionary.cpp, line 231]
Event: 16.940 Thread 0x000002befd77d000 Exception <a 'java/lang/NoSuchMethodError'{0x00000000e7c8fc10}: java.lang.invoke.DirectMethodHandle$Holder.invokeStatic(Ljava/lang/Object;Ljava/lang/Object;Ljava/lang/Object;Ljava/lang/Object;Ljava/lang/Object;Ljava/lang/Object;Ljava/lang/Object;Ljava/lan

Events (10 events):
Event: 16.949 Thread 0x000002befd77d000 DEOPT PACKING pc=0x000002be87c26998 sp=0x000000d6181fad20
Event: 16.949 Thread 0x000002befd77d000 DEOPT UNPACKING pc=0x000002be80028f2f sp=0x000000d6181facc0 mode 2
Event: 16.952 Thread 0x000002befd77d000 DEOPT PACKING pc=0x000002be80cb91c9 sp=0x000000d6181fbeb0
Event: 16.952 Thread 0x000002befd77d000 DEOPT UNPACKING pc=0x000002be80028d4e sp=0x000000d6181fb368 mode 0
Event: 16.971 loading class neureka/core/function/factory/assembly/FunctionConstructor$1
Event: 16.971 loading class neureka/core/function/factory/assembly/FunctionConstructor$1 done
Event: 17.001 Executing VM operation: G1CollectForAllocation
Event: 17.016 Executing VM operation: G1CollectForAllocation done
Event: 17.018 Executing VM operation: BulkRevokeBias
Event: 17.019 Executing VM operation: BulkRevokeBias done


Dynamic libraries:
0x00007ff677950000 - 0x00007ff677997000 	C:\Program Files\Java\jdk-11.0.2\bin\java.exe
0x00007ffb56ea0000 - 0x00007ffb57090000 	C:\WINDOWS\SYSTEM32\ntdll.dll
0x00007ffb55740000 - 0x00007ffb557f2000 	C:\WINDOWS\System32\KERNEL32.DLL
0x00007ffb54100000 - 0x00007ffb543a3000 	C:\WINDOWS\System32\KERNELBASE.dll
0x00007ffb51860000 - 0x00007ffb518ef000 	C:\WINDOWS\SYSTEM32\apphelp.dll
0x00007ffb558b0000 - 0x00007ffb55953000 	C:\WINDOWS\System32\ADVAPI32.dll
0x00007ffb55800000 - 0x00007ffb5589e000 	C:\WINDOWS\System32\msvcrt.dll
0x00007ffb56410000 - 0x00007ffb564a7000 	C:\WINDOWS\System32\sechost.dll
0x00007ffb55a10000 - 0x00007ffb55b30000 	C:\WINDOWS\System32\RPCRT4.dll
0x00007ffb555a0000 - 0x00007ffb55734000 	C:\WINDOWS\System32\USER32.dll
0x00007ffb53f30000 - 0x00007ffb53f51000 	C:\WINDOWS\System32\win32u.dll
0x00007ffb563e0000 - 0x00007ffb56406000 	C:\WINDOWS\System32\GDI32.dll
0x00007ffb53f60000 - 0x00007ffb540f4000 	C:\WINDOWS\System32\gdi32full.dll
0x00007ffb54400000 - 0x00007ffb5449e000 	C:\WINDOWS\System32\msvcp_win.dll
0x00007ffb53e30000 - 0x00007ffb53f2a000 	C:\WINDOWS\System32\ucrtbase.dll
0x00007ffb37ec0000 - 0x00007ffb38145000 	C:\WINDOWS\WinSxS\amd64_microsoft.windows.common-controls_6595b64144ccf1df_6.0.18362.476_none_e6c4b11b130f2595\COMCTL32.dll
0x00007ffb4b220000 - 0x00007ffb4b22a000 	C:\WINDOWS\SYSTEM32\VERSION.dll
0x00007ffb54f50000 - 0x00007ffb55286000 	C:\WINDOWS\System32\combase.dll
0x00007ffb544a0000 - 0x00007ffb54520000 	C:\WINDOWS\System32\bcryptPrimitives.dll
0x00007ffb553f0000 - 0x00007ffb5541e000 	C:\WINDOWS\System32\IMM32.DLL
0x00007ffb37b40000 - 0x00007ffb37b56000 	C:\Program Files\Java\jdk-11.0.2\bin\vcruntime140.dll
0x00007ffb269b0000 - 0x00007ffb26a5a000 	C:\Program Files\Java\jdk-11.0.2\bin\msvcp140.dll
0x00007ffadc9c0000 - 0x00007ffadd4e7000 	C:\Program Files\Java\jdk-11.0.2\bin\server\jvm.dll
0x00007ffb55580000 - 0x00007ffb55588000 	C:\WINDOWS\System32\PSAPI.DLL
0x00007ffb34470000 - 0x00007ffb34479000 	C:\WINDOWS\SYSTEM32\WSOCK32.dll
0x00007ffb50200000 - 0x00007ffb50224000 	C:\WINDOWS\SYSTEM32\WINMM.dll
0x00007ffb55290000 - 0x00007ffb552ff000 	C:\WINDOWS\System32\WS2_32.dll
0x00007ffb4ff70000 - 0x00007ffb4ff9d000 	C:\WINDOWS\SYSTEM32\WINMMBASE.dll
0x00007ffb54f00000 - 0x00007ffb54f4a000 	C:\WINDOWS\System32\cfgmgr32.dll
0x00007ffb53d80000 - 0x00007ffb53d91000 	C:\WINDOWS\System32\kernel.appcore.dll
0x00007ffb37300000 - 0x00007ffb37311000 	C:\Program Files\Java\jdk-11.0.2\bin\verify.dll
0x00007ffb52740000 - 0x00007ffb52934000 	C:\WINDOWS\SYSTEM32\DBGHELP.DLL
0x00007ffb2cd30000 - 0x00007ffb2cd5a000 	C:\WINDOWS\SYSTEM32\dbgcore.DLL
0x00007ffb36d10000 - 0x00007ffb36d39000 	C:\Program Files\Java\jdk-11.0.2\bin\java.dll
0x00007ffb37070000 - 0x00007ffb3709f000 	C:\Program Files\Java\jdk-11.0.2\bin\instrument.dll
0x00007ffb371a0000 - 0x00007ffb371b6000 	C:\Program Files\Java\jdk-11.0.2\bin\zip.dll
0x00007ffb37c90000 - 0x00007ffb37c9a000 	C:\Program Files\Java\jdk-11.0.2\bin\jimage.dll
0x00007ffb55cf0000 - 0x00007ffb563d5000 	C:\WINDOWS\System32\SHELL32.dll
0x00007ffb55960000 - 0x00007ffb55a09000 	C:\WINDOWS\System32\shcore.dll
0x00007ffb545d0000 - 0x00007ffb54d4e000 	C:\WINDOWS\System32\windows.storage.dll
0x00007ffb53e10000 - 0x00007ffb53e2f000 	C:\WINDOWS\System32\profapi.dll
0x00007ffb53da0000 - 0x00007ffb53dea000 	C:\WINDOWS\System32\powrprof.dll
0x00007ffb53d70000 - 0x00007ffb53d80000 	C:\WINDOWS\System32\UMPDC.dll
0x00007ffb55520000 - 0x00007ffb55572000 	C:\WINDOWS\System32\shlwapi.dll
0x00007ffb543e0000 - 0x00007ffb543f7000 	C:\WINDOWS\System32\cryptsp.dll
0x00007ffb36cf0000 - 0x00007ffb36d09000 	C:\Program Files\Java\jdk-11.0.2\bin\net.dll
0x00007ffb4f280000 - 0x00007ffb4f370000 	C:\WINDOWS\SYSTEM32\WINHTTP.dll
0x00007ffb3a1c0000 - 0x00007ffb3a396000 	C:\WINDOWS\SYSTEM32\urlmon.dll
0x00007ffb3c570000 - 0x00007ffb3c816000 	C:\WINDOWS\SYSTEM32\iertutil.dll
0x00007ffb537b0000 - 0x00007ffb537bc000 	C:\WINDOWS\SYSTEM32\CRYPTBASE.DLL
0x00007ffb535e0000 - 0x00007ffb53647000 	C:\WINDOWS\system32\mswsock.dll
0x00007ffb30490000 - 0x00007ffb304a3000 	C:\Program Files\Java\jdk-11.0.2\bin\nio.dll
0x00007ffb1ec60000 - 0x00007ffb1ec76000 	C:\WINDOWS\system32\napinsp.dll
0x00007ffb1ec20000 - 0x00007ffb1ec3a000 	C:\WINDOWS\system32\pnrpnsp.dll
0x00007ffb53330000 - 0x00007ffb533fa000 	C:\WINDOWS\SYSTEM32\DNSAPI.dll
0x00007ffb55590000 - 0x00007ffb55598000 	C:\WINDOWS\System32\NSI.dll
0x00007ffb532f0000 - 0x00007ffb5332a000 	C:\WINDOWS\SYSTEM32\IPHLPAPI.DLL
0x00007ffb1ec10000 - 0x00007ffb1ec1e000 	C:\WINDOWS\System32\winrnr.dll
0x00007ffb4f540000 - 0x00007ffb4f55c000 	C:\WINDOWS\system32\NLAapi.dll
0x00007ffb4f560000 - 0x00007ffb4f575000 	C:\WINDOWS\system32\wshbth.dll
0x00007ffb4bad0000 - 0x00007ffb4bada000 	C:\Windows\System32\rasadhlp.dll
0x00007ffb45790000 - 0x00007ffb45807000 	C:\WINDOWS\System32\fwpuclnt.dll
0x00007ffb543b0000 - 0x00007ffb543d6000 	C:\WINDOWS\System32\bcrypt.dll
0x00007ffb53150000 - 0x00007ffb53183000 	C:\WINDOWS\system32\rsaenh.dll
0x00007ffb53c90000 - 0x00007ffb53cb5000 	C:\WINDOWS\SYSTEM32\USERENV.dll
0x00007ffb4a0d0000 - 0x00007ffb4a0e6000 	C:\WINDOWS\SYSTEM32\dhcpcsvc6.DLL
0x00007ffb4b3a0000 - 0x00007ffb4b3bc000 	C:\WINDOWS\SYSTEM32\dhcpcsvc.DLL
0x00007ffafdfc0000 - 0x00007ffafe15f000 	C:\Program Files\Java\jdk-11.0.2\bin\awt.dll
0x00007ffb55300000 - 0x00007ffb553c4000 	C:\WINDOWS\System32\OLEAUT32.dll
0x00007ffb4f9b0000 - 0x00007ffb4ff70000 	C:\WINDOWS\SYSTEM32\d2d1.dll
0x00007ffb51f70000 - 0x00007ffb51f9d000 	C:\WINDOWS\system32\DWMAPI.DLL
0x00007ffb51b60000 - 0x00007ffb51bf9000 	C:\WINDOWS\system32\uxtheme.dll
0x00007ffb1deb0000 - 0x00007ffb1e006000 	C:\WINDOWS\system32\opengl32.dll
0x00007ffb1efe0000 - 0x00007ffb1f00c000 	C:\WINDOWS\SYSTEM32\GLU32.dll
0x00007ffb529e0000 - 0x00007ffb52a00000 	C:\WINDOWS\SYSTEM32\dxcore.dll
0x00007ffb56b30000 - 0x00007ffb56c66000 	C:\WINDOWS\System32\MSCTF.dll
0x00007ffb55b30000 - 0x00007ffb55c86000 	C:\WINDOWS\System32\ole32.dll
0x00007ffb26930000 - 0x00007ffb269b0000 	C:\Program Files\Java\jdk-11.0.2\bin\freetype.dll
0x00007ffb0a140000 - 0x00007ffb0a1af000 	C:\Program Files\Java\jdk-11.0.2\bin\fontmanager.dll
0x00007ffb56c70000 - 0x00007ffb56d12000 	C:\WINDOWS\System32\clbcatq.dll
0x00007ffb4d6b0000 - 0x00007ffb4d85f000 	C:\WINDOWS\SYSTEM32\WindowsCodecs.dll
0x00007ffb1d2a0000 - 0x00007ffb1d2da000 	C:\WINDOWS\system32\dataexchange.dll
0x00007ffb50bb0000 - 0x00007ffb50d8b000 	C:\WINDOWS\system32\dcomp.dll
0x00007ffb4ffa0000 - 0x00007ffb501fb000 	C:\WINDOWS\system32\d3d11.dll
0x00007ffb52a70000 - 0x00007ffb52b5b000 	C:\WINDOWS\system32\dxgi.dll
0x00007ffb51d10000 - 0x00007ffb51f6a000 	C:\WINDOWS\system32\twinapi.appcore.dll
0x00007ffb52230000 - 0x00007ffb52259000 	C:\WINDOWS\system32\RMCLIENT.dll
0x00007ffb3bbc0000 - 0x00007ffb3bc5e000 	C:\WINDOWS\System32\TextInputFramework.dll
0x00007ffb506f0000 - 0x00007ffb507c4000 	C:\WINDOWS\System32\CoreMessaging.dll
0x00007ffb4d8a0000 - 0x00007ffb4dbca000 	C:\WINDOWS\System32\CoreUIComponents.dll
0x00007ffb52dd0000 - 0x00007ffb52e01000 	C:\WINDOWS\SYSTEM32\ntmarta.dll
0x00007ffb4f850000 - 0x00007ffb4f9a3000 	C:\WINDOWS\SYSTEM32\wintypes.dll
0x00007ffb38cf0000 - 0x00007ffb38d55000 	C:\WINDOWS\system32\Oleacc.dll
0x00007ffb2c630000 - 0x00007ffb2c66d000 	C:\Users\Daglemino\AppData\Local\Temp\JOCL_2_0_0-windows-x86_64.dll
0x00007ffb2cf70000 - 0x00007ffb2cf8d000 	C:\WINDOWS\SYSTEM32\OpenCL.dll
0x00007ffad5d00000 - 0x00007ffad7380000 	C:\WINDOWS\System32\DriverStore\FileRepository\nvhm.inf_amd64_d1c40a54a36b6122\nvopencl64.dll
0x00007ffb564b0000 - 0x00007ffb56920000 	C:\WINDOWS\System32\SETUPAPI.dll
0x00007ffb08660000 - 0x00007ffb08782000 	C:\WINDOWS\SYSTEM32\nvfatbinaryLoader.dll
0x00007ffb39830000 - 0x00007ffb39d28000 	C:\WINDOWS\system32\nvapi64.dll
0x00007ffb53b70000 - 0x00007ffb53b9a000 	C:\WINDOWS\SYSTEM32\DEVOBJ.dll
0x00007ffb54ea0000 - 0x00007ffb54efc000 	C:\WINDOWS\System32\WINTRUST.dll
0x00007ffb53df0000 - 0x00007ffb53e02000 	C:\WINDOWS\System32\MSASN1.dll
0x00007ffb54d50000 - 0x00007ffb54e99000 	C:\WINDOWS\System32\CRYPT32.dll
0x00007ffaef040000 - 0x00007ffaef1c5000 	C:\WINDOWS\System32\DriverStore\FileRepository\iigd_dch.inf_amd64_8f062540d3fd067f\IntelOpenCL64.dll
0x00007ffafba20000 - 0x00007ffafbb81000 	C:\WINDOWS\System32\DriverStore\FileRepository\iigd_dch.inf_amd64_8f062540d3fd067f\ocl\bin\x64\intelocl64.dll
0x00007ffb09550000 - 0x00007ffb095be000 	C:\WINDOWS\System32\DriverStore\FileRepository\iigd_dch.inf_amd64_8f062540d3fd067f\ocl\bin\x64\task_executor64.dll
0x00007ffb09000000 - 0x00007ffb09086000 	C:\WINDOWS\System32\DriverStore\FileRepository\iigd_dch.inf_amd64_8f062540d3fd067f\ocl\bin\x64\cpu_device64.dll
0x00007ffae75f0000 - 0x00007ffae794b000 	C:\WINDOWS\System32\DriverStore\FileRepository\iigd_dch.inf_amd64_8f062540d3fd067f\igdrcl64.dll
0x00007ffb47b20000 - 0x00007ffb47c3d000 	C:\WINDOWS\System32\DriverStore\FileRepository\iigd_dch.inf_amd64_8f062540d3fd067f\igdgmm64.dll
0x00007ffaf2750000 - 0x00007ffaf2814000 	C:\WINDOWS\System32\DriverStore\FileRepository\iigd_dch.inf_amd64_8f062540d3fd067f\igdfcl64.dll
0x00007ffb45810000 - 0x00007ffb47ab5000 	C:\WINDOWS\System32\DriverStore\FileRepository\iigd_dch.inf_amd64_8f062540d3fd067f\igc64.dll
0x00007ffac2b50000 - 0x00007ffac51ba000 	C:\WINDOWS\system32\nvcompiler.dll
0x00007ffadbaa0000 - 0x00007ffadc9b2000 	C:\WINDOWS\system32\nvptxJitCompiler.dll
0x00007ffaf2180000 - 0x00007ffaf2266000 	C:\WINDOWS\System32\DriverStore\FileRepository\iigd_dch.inf_amd64_8f062540d3fd067f\ocl\bin\x64\tbb\ocltbb64.dll
0x00007ffad1b40000 - 0x00007ffad318a000 	C:\WINDOWS\System32\DriverStore\FileRepository\iigd_dch.inf_amd64_8f062540d3fd067f\ocl\bin\x64\OclCpuBackEnd64.dll
0x00007ffae63c0000 - 0x00007ffae6a10000 	C:\WINDOWS\System32\DriverStore\FileRepository\iigd_dch.inf_amd64_8f062540d3fd067f\ocl\bin\x64\__ocl_svml_l9.dll
0x00007ffae5fd0000 - 0x00007ffae63be000 	C:\WINDOWS\System32\DriverStore\FileRepository\iigd_dch.inf_amd64_8f062540d3fd067f\ocl\bin\x64\clang_compiler64.dll
0x00007ffabe790000 - 0x00007ffac2b46000 	C:\WINDOWS\System32\DriverStore\FileRepository\iigd_dch.inf_amd64_8f062540d3fd067f\common_clang64.dll

dbghelp: loaded successfully - version: 4.0.5 - missing functions: none
symbol engine: initialized successfully - sym options: 0x614 - pdb path: .;C:\Program Files\Java\jdk-11.0.2\bin;C:\WINDOWS\SYSTEM32;C:\WINDOWS\WinSxS\amd64_microsoft.windows.common-controls_6595b64144ccf1df_6.0.18362.476_none_e6c4b11b130f2595;C:\Program Files\Java\jdk-11.0.2\bin\server;C:\Users\Daglemino\AppData\Local\Temp;C:\WINDOWS\System32\DriverStore\FileRepository\nvhm.inf_amd64_d1c40a54a36b6122;C:\WINDOWS\System32\DriverStore\FileRepository\iigd_dch.inf_amd64_8f062540d3fd067f;C:\WINDOWS\System32\DriverStore\FileRepository\iigd_dch.inf_amd64_8f062540d3fd067f\ocl\bin\x64;C:\WINDOWS\System32\DriverStore\FileRepository\iigd_dch.inf_amd64_8f062540d3fd067f\ocl\bin\x64\tbb

VM Arguments:
jvm_args: -Dorg.gradle.native=false -javaagent:build/tmp/expandedArchives/org.jacoco.agent-0.8.5.jar_6a2df60c47de373ea127d14406367999/jacocoagent.jar=destfile=build/jacoco/test.exec,append=true,inclnolocationclasses=false,dumponexit=true,output=file,jmx=false -Xmx512m -Dfile.encoding=windows-1252 -Duser.country=AT -Duser.language=de -Duser.variant -ea 
java_command: worker.org.gradle.process.internal.worker.GradleWorkerMain 'Gradle Test Executor 20'
java_class_path (initial): C:\\Users\\Daglemino\\.gradle\\caches\\5.6.2\\workerMain\\gradle-worker.jar;D:\\development\\java\\studium\\neureka\\build\\classes\\java\\test;D:\\development\\java\\studium\\neureka\\build\\classes\\groovy\\test;D:\\development\\java\\studium\\neureka\\build\\resources\\test;D:\\development\\java\\studium\\neureka\\build\\classes\\java\\main;D:\\development\\java\\studium\\neureka\\build\\classes\\groovy\\main;D:\\development\\java\\studium\\neureka\\build\\resources\\main;C:\\Users\\Daglemino\\.gradle\\caches\\modules-2\\files-2.1\\org.jocl\\jocl\\2.0.0\\79c9e57adcea8bed6c8eeec9df964467d80105fe\\jocl-2.0.0.jar;C:\\Users\\Daglemino\\.gradle\\caches\\modules-2\\files-2.1\\org.jetbrains\\annotations\\16.0.2\\dab5655eb9abe23f2245c34e66c9813c7daf4563\\annotations-16.0.2.jar;C:\\Users\\Daglemino\\.gradle\\caches\\modules-2\\files-2.1\\org.codehaus.groovy\\groovy-all\\2.4.14\\cd1a8ce914f5fe86c00a917b0577da6f367edcf9\\groovy-all-2.4.14.jar;C:\\Users\\Daglemino\\.gradle\\caches\\modules-2\\files-2.1\\junit\\junit\\4.12\\2973d150c0dc1fefe998f834810d68f278ea58ec\\junit-4.12.jar;C:\\Users\\Daglemino\\.gradle\\caches\\modules-2\\files-2.1\\org.hamcrest\\hamcrest-core\\1.3\\42a25dc3219429f0e5d060061f71acb49bf010a0\\hamcrest-core-1.3.jar
Launcher Type: SUN_STANDARD

[Global flags]
     intx CICompilerCount                          = 4                                         {product} {ergonomic}
     uint ConcGCThreads                            = 3                                         {product} {ergonomic}
     uint G1ConcRefinementThreads                  = 10                                        {product} {ergonomic}
   size_t G1HeapRegionSize                         = 1048576                                   {product} {ergonomic}
    uintx GCDrainStackTargetSize                   = 64                                        {product} {ergonomic}
   size_t InitialHeapSize                          = 264241152                                 {product} {ergonomic}
   size_t MarkStackSize                            = 4194304                                   {product} {ergonomic}
   size_t MaxHeapSize                              = 536870912                                 {product} {command line}
   size_t MaxNewSize                               = 321912832                                 {product} {ergonomic}
   size_t MinHeapDeltaBytes                        = 1048576                                   {product} {ergonomic}
    uintx NonNMethodCodeHeapSize                   = 5835340                                {pd product} {ergonomic}
    uintx NonProfiledCodeHeapSize                  = 122911450                              {pd product} {ergonomic}
    uintx ProfiledCodeHeapSize                     = 122911450                              {pd product} {ergonomic}
    uintx ReservedCodeCacheSize                    = 251658240                              {pd product} {ergonomic}
     bool SegmentedCodeCache                       = true                                      {product} {ergonomic}
     bool UseCompressedClassPointers               = true                                 {lp64_product} {ergonomic}
     bool UseCompressedOops                        = true                                 {lp64_product} {ergonomic}
     bool UseG1GC                                  = true                                      {product} {ergonomic}
     bool UseLargePagesIndividualAllocation        = false                                  {pd product} {ergonomic}

Logging:
Log output configuration:
 #0: stdout all=warning uptime,level,tags
 #1: stderr all=off uptime,level,tags

Environment Variables:
JAVA_HOME=C:\Program Files\Java\jdk-12.0.2
PATH=C:\Program Files (x86)\Common Files\Oracle\Java\javapath;C:\windows\system32;C:\windows;C:\windows\System32\Wbem;C:\windows\System32\WindowsPowerShell\v1.0\;C:\windows\System32\OpenSSH\;C:\Program Files (x86)\NVIDIA Corporation\PhysX\Common;D:\development\version control\Git\cmd;D:\Software\posgres\pg11\bin;C:\Program Files\Intel\WiFi\bin\;C:\Program Files\Common Files\Intel\WirelessCommon\;C:\Program Files (x86)\Windows Kits\10\Windows Performance Toolkit\;C:\Program Files\Java\jdk-12.0.2\lib;C:\WINDOWS\system32;C:\WINDOWS;C:\WINDOWS\System32\Wbem;C:\WINDOWS\System32\WindowsPowerShell\v1.0\;C:\WINDOWS\System32\OpenSSH\;;C:\Program Files (x86)\Gpg4win\..\GnuPG\bin;C:\Users\Daglemino\AppData\Local\Programs\Python\Python36-32\Scripts\;C:\Users\Daglemino\AppData\Local\Programs\Python\Python36-32\;C:\Users\Daglemino\AppData\Local\Microsoft\WindowsApps
USERNAME=Daglemino
OS=Windows_NT
PROCESSOR_IDENTIFIER=Intel64 Family 6 Model 158 Stepping 10, GenuineIntel



---------------  S Y S T E M  ---------------

OS: Windows 10 , 64 bit Build 18362 (10.0.18362.329)

CPU:total 12 (initial active 12) (6 cores per cpu, 2 threads per core) family 6 model 158 stepping 10, cmov, cx8, fxsr, mmx, sse, sse2, sse3, ssse3, sse4.1, sse4.2, popcnt, avx, avx2, aes, clmul, erms, 3dnowpref, lzcnt, ht, tsc, tscinvbit, bmi1, bmi2, adx, fma

Memory: 4k page, system-wide physical 16122M (4496M free)
TotalPageFile size 29376M (AvailPageFile size 4658M)
current process WorkingSet (physical memory assigned to process): 495M, peak: 495M
current process commit charge ("private bytes"): 638M, peak: 662M

vm_info: Java HotSpot(TM) 64-Bit Server VM (11.0.2+9-LTS) for windows-amd64 JRE (11.0.2+9-LTS), built on Jan 18 2019 05:24:10 by "mach5one" with MS VC++ 15.5 (VS2017)

END.
