#
# A fatal error has been detected by the Java Runtime Environment:
#
#  EXCEPTION_ACCESS_VIOLATION (0xc0000005) at pc=0x00007ffa0dbb300c, pid=14080, tid=14936
#
# JRE version: Java(TM) SE Runtime Environment (11.0.2+9) (build 11.0.2+9-LTS)
# Java VM: Java HotSpot(TM) 64-Bit Server VM (11.0.2+9-LTS, mixed mode, tiered, compressed oops, g1 gc, windows-amd64)
# Problematic frame:
# C  [OpenCL.dll+0x300c]
#
# No core dump will be written. Minidumps are not enabled by default on client versions of Windows
#
# If you would like to submit a bug report, please visit:
#   http://bugreport.java.com/bugreport/crash.jsp
# The crash happened outside the Java Virtual Machine in native code.
# See problematic frame for where to report the bug.
#

---------------  S U M M A R Y ------------

Command Line: -Dorg.gradle.native=false -javaagent:build/tmp/expandedArchives/org.jacoco.agent-0.8.5.jar_6a2df60c47de373ea127d14406367999/jacocoagent.jar=destfile=build/jacoco/test.exec,append=true,inclnolocationclasses=false,dumponexit=true,output=file,jmx=false -Xmx512m -Dfile.encoding=windows-1252 -Duser.country=AT -Duser.language=de -Duser.variant -ea worker.org.gradle.process.internal.worker.GradleWorkerMain 'Gradle Test Executor 48'

Host: Intel(R) Core(TM) i7-8750H CPU @ 2.20GHz, 12 cores, 15G,  Windows 10 , 64 bit Build 18362 (10.0.18362.329)
Time: Fri Nov 15 18:48:17 2019 Mitteleuropäische Zeit elapsed time: 21 seconds (0d 0h 0m 21s)

---------------  T H R E A D  ---------------

Current thread (0x0000020d6ea9e000):  JavaThread "Cleaner-0" daemon [_thread_in_native, id=14936, stack(0x000000cf69300000,0x000000cf69400000)]

Stack: [0x000000cf69300000,0x000000cf69400000],  sp=0x000000cf693fee18,  free space=1019k
Native frames: (J=compiled Java code, j=interpreted, Vv=VM code, C=native code)
C  [OpenCL.dll+0x300c]

Java frames: (J=compiled Java code, j=interpreted, Vv=VM code)
j  org.jocl.CL.clReleaseMemObjectNative(Lorg/jocl/cl_mem;)I+0
j  org.jocl.CL.clReleaseMemObject(Lorg/jocl/cl_mem;)I+5
j  neureka.core.device.openCL.OpenCLDevice.lambda$_add$1(Lneureka/core/device/openCL/OpenCLDevice$cl_tsr;)V+30
j  neureka.core.device.openCL.OpenCLDevice$$Lambda$195.run()V+4
J 1066 c1 jdk.internal.ref.CleanerImpl$PhantomCleanableRef.performCleanup()V java.base@11.0.2 (10 bytes) @ 0x0000020d533ca25c [0x0000020d533ca160+0x00000000000000fc]
J 1065 c1 jdk.internal.ref.PhantomCleanable.clean()V java.base@11.0.2 (16 bytes) @ 0x0000020d533c9d0c [0x0000020d533c9b60+0x00000000000001ac]
j  jdk.internal.ref.CleanerImpl.run()V+77 java.base@11.0.2
j  java.lang.Thread.run()V+11 java.base@11.0.2
j  jdk.internal.misc.InnocuousThread.run()V+20 java.base@11.0.2
v  ~StubRoutines::call_stub

siginfo: EXCEPTION_ACCESS_VIOLATION (0xc0000005), reading address 0x0000000000000090


Register to memory mapping:

RIP=0x00007ffa0dbb300c OpenCL.dll
RAX=0x0 is NULL
RBX={method} {0x0000020d6fa1fa70} 'clReleaseMemObjectNative' '(Lorg/jocl/cl_mem;)I' in 'org/jocl/CL'
RCX=0x0000020d6759bde0 points into unknown readable memory: 00 00 00 00 00 00 00 00
RDX=0x000000cf693feeb0 is pointing into the stack for thread: 0x0000020d6ea9e000
RSP=0x000000cf693fee18 is pointing into the stack for thread: 0x0000020d6ea9e000
RBP=0x000000cf693fee90 is pointing into the stack for thread: 0x0000020d6ea9e000
RSI=0x0000000000000140 is an unknown value
RDI=0x0000000000000652 is an unknown value
R8 =0x0000000000000042 is an unknown value
R9 =0x00000000e06a6ac8 is an oop: org.jocl.cl_mem 
{0x00000000e06a6ac8} - klass: 'org/jocl/cl_mem'
R10=0x00000000000001ce is an unknown value
R11=0x00007ff9a7b6e0e8 jvm.dll
R12=0x0 is NULL
R13={method} {0x0000020d6fa1fa70} 'clReleaseMemObjectNative' '(Lorg/jocl/cl_mem;)I' in 'org/jocl/CL'
R14=0x000000cf693feeb0 is pointing into the stack for thread: 0x0000020d6ea9e000
R15=0x0000020d6ea9e000 is a thread


Registers:
RAX=0x0000000000000000, RBX=0x0000020d6fa1fa68, RCX=0x0000020d6759bde0, RDX=0x000000cf693feeb0
RSP=0x000000cf693fee18, RBP=0x000000cf693fee90, RSI=0x0000000000000140, RDI=0x0000000000000652
R8 =0x0000000000000042, R9 =0x00000000e06a6ac8, R10=0x00000000000001ce, R11=0x00007ff9a7b6e0e8
R12=0x0000000000000000, R13=0x0000020d6fa1fa68, R14=0x000000cf693feeb0, R15=0x0000020d6ea9e000
RIP=0x00007ffa0dbb300c, EFLAGS=0x0000000000010202

Top of Stack: (sp=0x000000cf693fee18)
0x000000cf693fee18:   0000020d52bdf037 0000020d6fa1fa68
0x000000cf693fee28:   00000000e3208800 0000000000000000
0x000000cf693fee38:   000000cf693fee28 0000020d66981f66
0x000000cf693fee48:   000000cf693fee48 0000000000000000
0x000000cf693fee58:   000000cf693feeb0 0000020d6fa2b988
0x000000cf693fee68:   0000000000000000 00000000e081bc30
0x000000cf693fee78:   0000020d6fa1fa68 0000000000000000
0x000000cf693fee88:   000000cf693feeb0 000000cf693fef00
0x000000cf693fee98:   0000020d52bd9840 00000000e081bc30
0x000000cf693feea8:   0000020d52bdbf96 00000000e06a6ac8
0x000000cf693feeb8:   000000cf693feeb8 0000020d6fa1f9b5
0x000000cf693feec8:   000000cf693fef18 0000020d6fa2b988
0x000000cf693feed8:   0000000000000000 00000000e081bc30
0x000000cf693feee8:   0000020d6fa1f9d8 000000cf693feeb0
0x000000cf693feef8:   000000cf693fef18 000000cf693fef68
0x000000cf693fef08:   0000020d52bd9840 00000000e081d2b8 

Instructions: (pc=0x00007ffa0dbb300c)
0x00007ffa0dbb2fec:   48 ff a0 28 01 00 00 cc cc cc cc cc cc cc cc cc
0x00007ffa0dbb2ffc:   cc cc cc cc 48 85 c9 75 04 8d 41 da c3 48 8b 01
0x00007ffa0dbb300c:   48 ff a0 90 00 00 00 cc cc cc cc cc cc cc cc cc
0x00007ffa0dbb301c:   cc cc cc cc 48 85 c9 75 04 8d 41 d4 c3 48 8b 01 


Stack slot to memory mapping:
stack at sp + 0 slots: 0x0000020d52bdf037 is at code_begin+1047 in an Interpreter codelet
method entry point (kind = native)  [0x0000020d52bdec20, 0x0000020d52bdf780]  2912 bytes
stack at sp + 1 slots: {method} {0x0000020d6fa1fa70} 'clReleaseMemObjectNative' '(Lorg/jocl/cl_mem;)I' in 'org/jocl/CL'
stack at sp + 2 slots: 0x00000000e3208800 is an oop: java.io.PrintStream 
{0x00000000e3208800} - klass: 'java/io/PrintStream'
stack at sp + 3 slots: 0x0 is NULL
stack at sp + 4 slots: 0x000000cf693fee28 is pointing into the stack for thread: 0x0000020d6ea9e000
stack at sp + 5 slots: 0x0000020d66981f66 is pointing into metadata
stack at sp + 6 slots: 0x000000cf693fee48 is pointing into the stack for thread: 0x0000020d6ea9e000
stack at sp + 7 slots: 0x0 is NULL


---------------  P R O C E S S  ---------------

Threads class SMR info:
_java_thread_list=0x0000020d7f999560, length=20, elements={
0x0000020d49085000, 0x0000020d66ff8800, 0x0000020d66ff9800, 0x0000020d67085000,
0x0000020d67085800, 0x0000020d67089800, 0x0000020d6708a800, 0x0000020d67093000,
0x0000020d667b2800, 0x0000020d67595800, 0x0000020d694d0000, 0x0000020d677e1800,
0x0000020d696d5800, 0x0000020d685e4000, 0x0000020d683e2800, 0x0000020d68fc2000,
0x0000020d69eff000, 0x0000020d6e80a000, 0x0000020d6ea9e000, 0x0000020d01943000
}

Java Threads: ( => current thread )
  0x0000020d49085000 JavaThread "main" [_thread_blocked, id=17996, stack(0x000000cf66300000,0x000000cf66400000)]
  0x0000020d66ff8800 JavaThread "Reference Handler" daemon [_thread_blocked, id=18368, stack(0x000000cf66a00000,0x000000cf66b00000)]
  0x0000020d66ff9800 JavaThread "Finalizer" daemon [_thread_blocked, id=15460, stack(0x000000cf66b00000,0x000000cf66c00000)]
  0x0000020d67085000 JavaThread "Signal Dispatcher" daemon [_thread_blocked, id=9540, stack(0x000000cf66c00000,0x000000cf66d00000)]
  0x0000020d67085800 JavaThread "Attach Listener" daemon [_thread_blocked, id=1632, stack(0x000000cf66d00000,0x000000cf66e00000)]
  0x0000020d67089800 JavaThread "C2 CompilerThread0" daemon [_thread_blocked, id=14764, stack(0x000000cf66e00000,0x000000cf66f00000)]
  0x0000020d6708a800 JavaThread "C1 CompilerThread0" daemon [_thread_blocked, id=2380, stack(0x000000cf66f00000,0x000000cf67000000)]
  0x0000020d67093000 JavaThread "Sweeper thread" daemon [_thread_blocked, id=4644, stack(0x000000cf67000000,0x000000cf67100000)]
  0x0000020d667b2800 JavaThread "Common-Cleaner" daemon [_thread_blocked, id=2724, stack(0x000000cf67100000,0x000000cf67200000)]
  0x0000020d67595800 JavaThread "Service Thread" daemon [_thread_blocked, id=13080, stack(0x000000cf67300000,0x000000cf67400000)]
  0x0000020d694d0000 JavaThread "Test worker" [_thread_blocked, id=5248, stack(0x000000cf67c00000,0x000000cf67d00000)]
  0x0000020d677e1800 JavaThread "/127.0.0.1:51591 to /127.0.0.1:51590 workers Thread 2" [_thread_blocked, id=9204, stack(0x000000cf67500000,0x000000cf67600000)]
  0x0000020d696d5800 JavaThread "/127.0.0.1:51591 to /127.0.0.1:51590 workers Thread 3" [_thread_in_native, id=5012, stack(0x000000cf67d00000,0x000000cf67e00000)]
  0x0000020d685e4000 JavaThread "Java2D Disposer" daemon [_thread_blocked, id=5956, stack(0x000000cf67f00000,0x000000cf68000000)]
  0x0000020d683e2800 JavaThread "AWT-Shutdown" [_thread_blocked, id=7624, stack(0x000000cf68000000,0x000000cf68100000)]
  0x0000020d68fc2000 JavaThread "AWT-Windows" daemon [_thread_in_native, id=16604, stack(0x000000cf68100000,0x000000cf68200000)]
  0x0000020d69eff000 JavaThread "AWT-EventQueue-0" [_thread_blocked, id=9988, stack(0x000000cf68200000,0x000000cf68300000)]
  0x0000020d6e80a000 JavaThread "TimerQueue" daemon [_thread_blocked, id=1036, stack(0x000000cf68c00000,0x000000cf68d00000)]
=>0x0000020d6ea9e000 JavaThread "Cleaner-0" daemon [_thread_in_native, id=14936, stack(0x000000cf69300000,0x000000cf69400000)]
  0x0000020d01943000 JavaThread "C2 CompilerThread1" daemon [_thread_blocked, id=13752, stack(0x000000cf69500000,0x000000cf69600000)]

Other Threads:
  0x0000020d66ff4000 VMThread "VM Thread" [stack: 0x000000cf66900000,0x000000cf66a00000] [id=8088]
  0x0000020d6757a800 WatcherThread [stack: 0x000000cf67400000,0x000000cf67500000] [id=15100]
  0x0000020d4909e000 GCTaskThread "GC Thread#0" [stack: 0x000000cf66400000,0x000000cf66500000] [id=7392]
  0x0000020d67c2f000 GCTaskThread "GC Thread#1" [stack: 0x000000cf67600000,0x000000cf67700000] [id=9736]
  0x0000020d6875d000 GCTaskThread "GC Thread#2" [stack: 0x000000cf67700000,0x000000cf67800000] [id=13780]
  0x0000020d687ae000 GCTaskThread "GC Thread#3" [stack: 0x000000cf67800000,0x000000cf67900000] [id=11408]
  0x0000020d67ba9800 GCTaskThread "GC Thread#4" [stack: 0x000000cf67900000,0x000000cf67a00000] [id=17196]
  0x0000020d687e9800 GCTaskThread "GC Thread#5" [stack: 0x000000cf67a00000,0x000000cf67b00000] [id=17592]
  0x0000020d6a930800 GCTaskThread "GC Thread#6" [stack: 0x000000cf68300000,0x000000cf68400000] [id=15260]
  0x0000020d6a931000 GCTaskThread "GC Thread#7" [stack: 0x000000cf68400000,0x000000cf68500000] [id=2252]
  0x0000020d69f20000 GCTaskThread "GC Thread#8" [stack: 0x000000cf68500000,0x000000cf68600000] [id=4136]
  0x0000020d69f21000 GCTaskThread "GC Thread#9" [stack: 0x000000cf68600000,0x000000cf68700000] [id=17680]
  0x0000020d490ae800 ConcurrentGCThread "G1 Main Marker" [stack: 0x000000cf66500000,0x000000cf66600000] [id=17176]
  0x0000020d490b1000 ConcurrentGCThread "G1 Conc#0" [stack: 0x000000cf66600000,0x000000cf66700000] [id=11124]
  0x0000020d69586800 ConcurrentGCThread "G1 Conc#1" [stack: 0x000000cf68700000,0x000000cf68800000] [id=13776]
  0x0000020d69a64000 ConcurrentGCThread "G1 Conc#2" [stack: 0x000000cf68800000,0x000000cf68900000] [id=15524]
  0x0000020d66660800 ConcurrentGCThread "G1 Refine#0" [stack: 0x000000cf66700000,0x000000cf66800000] [id=4476]
  0x0000020d66665000 ConcurrentGCThread "G1 Young RemSet Sampling" [stack: 0x000000cf66800000,0x000000cf66900000] [id=3608]

Threads with active compile tasks:

VM state:not at safepoint (normal execution)

VM Mutex/Monitor currently owned by a thread: None

Heap address: 0x00000000e0000000, size: 512 MB, Compressed Oops mode: 32-bit
Narrow klass base: 0x0000000000000000, Narrow klass shift: 3
Compressed class space size: 1073741824 Address: 0x0000000100000000

Heap:
 garbage-first heap   total 61440K, used 13895K [0x00000000e0000000, 0x0000000100000000)
  region size 1024K, 1 young (1024K), 0 survivors (0K)
 Metaspace       used 25444K, capacity 26586K, committed 26624K, reserved 1073152K
  class space    used 2825K, capacity 3309K, committed 3328K, reserved 1048576K
Heap Regions: E=young(eden), S=young(survivor), O=old, HS=humongous(starts), HC=humongous(continues), CS=collection set, F=free, A=archive, TAMS=top-at-mark-start (previous, next)
|   0|0x00000000e0000000, 0x00000000e0100000, 0x00000000e0100000|100%|HS|  |TAMS 0x00000000e0000000, 0x00000000e0000000| Untracked 
|   1|0x00000000e0100000, 0x00000000e0200000, 0x00000000e0200000|100%|HC|  |TAMS 0x00000000e0100000, 0x00000000e0100000| Untracked 
|   2|0x00000000e0200000, 0x00000000e0300000, 0x00000000e0300000|100%|HC|  |TAMS 0x00000000e0200000, 0x00000000e0200000| Untracked 
|   3|0x00000000e0300000, 0x00000000e03fffe0, 0x00000000e0400000| 99%| O|  |TAMS 0x00000000e0300000, 0x00000000e0300000| Untracked 
|   4|0x00000000e0400000, 0x00000000e04fba68, 0x00000000e0500000| 98%| O|  |TAMS 0x00000000e0400000, 0x00000000e0400000| Untracked 
|   5|0x00000000e0500000, 0x00000000e05ffff8, 0x00000000e0600000| 99%| O|  |TAMS 0x00000000e0500000, 0x00000000e0500000| Untracked 
|   6|0x00000000e0600000, 0x00000000e06ffa10, 0x00000000e0700000| 99%| O|  |TAMS 0x00000000e0600000, 0x00000000e0600000| Untracked 
|   7|0x00000000e0700000, 0x00000000e0800000, 0x00000000e0800000|100%| O|  |TAMS 0x00000000e0700000, 0x00000000e0700000| Untracked 
|   8|0x00000000e0800000, 0x00000000e08432e8, 0x00000000e0900000| 26%| O|  |TAMS 0x00000000e0800000, 0x00000000e0800000| Untracked 
|   9|0x00000000e0900000, 0x00000000e0900000, 0x00000000e0a00000|  0%| F|  |TAMS 0x00000000e0900000, 0x00000000e0900000| Untracked 
|  10|0x00000000e0a00000, 0x00000000e0a00000, 0x00000000e0b00000|  0%| F|  |TAMS 0x00000000e0a00000, 0x00000000e0a00000| Untracked 
|  11|0x00000000e0b00000, 0x00000000e0b00000, 0x00000000e0c00000|  0%| F|  |TAMS 0x00000000e0b00000, 0x00000000e0b00000| Untracked 
|  12|0x00000000e0c00000, 0x00000000e0c00000, 0x00000000e0d00000|  0%| F|  |TAMS 0x00000000e0c00000, 0x00000000e0c00000| Untracked 
|  13|0x00000000e0d00000, 0x00000000e0d00000, 0x00000000e0e00000|  0%| F|  |TAMS 0x00000000e0d00000, 0x00000000e0d00000| Untracked 
|  14|0x00000000e0e00000, 0x00000000e0e00000, 0x00000000e0f00000|  0%| F|  |TAMS 0x00000000e0e00000, 0x00000000e0e00000| Untracked 
|  15|0x00000000e0f00000, 0x00000000e0f00000, 0x00000000e1000000|  0%| F|  |TAMS 0x00000000e0f00000, 0x00000000e0f00000| Untracked 
|  16|0x00000000e1000000, 0x00000000e1000000, 0x00000000e1100000|  0%| F|  |TAMS 0x00000000e1000000, 0x00000000e1000000| Untracked 
|  17|0x00000000e1100000, 0x00000000e1100000, 0x00000000e1200000|  0%| F|  |TAMS 0x00000000e1100000, 0x00000000e1100000| Untracked 
|  18|0x00000000e1200000, 0x00000000e1200000, 0x00000000e1300000|  0%| F|  |TAMS 0x00000000e1200000, 0x00000000e1200000| Untracked 
|  19|0x00000000e1300000, 0x00000000e1300000, 0x00000000e1400000|  0%| F|  |TAMS 0x00000000e1300000, 0x00000000e1300000| Untracked 
|  20|0x00000000e1400000, 0x00000000e1400000, 0x00000000e1500000|  0%| F|  |TAMS 0x00000000e1400000, 0x00000000e1400000| Untracked 
|  21|0x00000000e1500000, 0x00000000e1500000, 0x00000000e1600000|  0%| F|  |TAMS 0x00000000e1500000, 0x00000000e1500000| Untracked 
|  22|0x00000000e1600000, 0x00000000e1600000, 0x00000000e1700000|  0%| F|  |TAMS 0x00000000e1600000, 0x00000000e1600000| Untracked 
|  23|0x00000000e1700000, 0x00000000e1700000, 0x00000000e1800000|  0%| F|  |TAMS 0x00000000e1700000, 0x00000000e1700000| Untracked 
|  24|0x00000000e1800000, 0x00000000e1800000, 0x00000000e1900000|  0%| F|  |TAMS 0x00000000e1800000, 0x00000000e1800000| Untracked 
|  25|0x00000000e1900000, 0x00000000e1900000, 0x00000000e1a00000|  0%| F|  |TAMS 0x00000000e1900000, 0x00000000e1900000| Untracked 
|  26|0x00000000e1a00000, 0x00000000e1a00000, 0x00000000e1b00000|  0%| F|  |TAMS 0x00000000e1a00000, 0x00000000e1a00000| Untracked 
|  27|0x00000000e1b00000, 0x00000000e1b00000, 0x00000000e1c00000|  0%| F|  |TAMS 0x00000000e1b00000, 0x00000000e1b00000| Untracked 
|  28|0x00000000e1c00000, 0x00000000e1c00000, 0x00000000e1d00000|  0%| F|  |TAMS 0x00000000e1c00000, 0x00000000e1c00000| Untracked 
|  29|0x00000000e1d00000, 0x00000000e1d00000, 0x00000000e1e00000|  0%| F|  |TAMS 0x00000000e1d00000, 0x00000000e1d00000| Untracked 
|  30|0x00000000e1e00000, 0x00000000e1e00000, 0x00000000e1f00000|  0%| F|  |TAMS 0x00000000e1e00000, 0x00000000e1e00000| Untracked 
|  31|0x00000000e1f00000, 0x00000000e1f00000, 0x00000000e2000000|  0%| F|  |TAMS 0x00000000e1f00000, 0x00000000e1f00000| Untracked 
|  32|0x00000000e2000000, 0x00000000e2000000, 0x00000000e2100000|  0%| F|  |TAMS 0x00000000e2000000, 0x00000000e2000000| Untracked 
|  33|0x00000000e2100000, 0x00000000e2100000, 0x00000000e2200000|  0%| F|  |TAMS 0x00000000e2100000, 0x00000000e2100000| Untracked 
|  34|0x00000000e2200000, 0x00000000e2200000, 0x00000000e2300000|  0%| F|  |TAMS 0x00000000e2200000, 0x00000000e2200000| Untracked 
|  35|0x00000000e2300000, 0x00000000e2300000, 0x00000000e2400000|  0%| F|  |TAMS 0x00000000e2300000, 0x00000000e2300000| Untracked 
|  36|0x00000000e2400000, 0x00000000e2400000, 0x00000000e2500000|  0%| F|  |TAMS 0x00000000e2400000, 0x00000000e2400000| Untracked 
|  37|0x00000000e2500000, 0x00000000e2500000, 0x00000000e2600000|  0%| F|  |TAMS 0x00000000e2500000, 0x00000000e2500000| Untracked 
|  38|0x00000000e2600000, 0x00000000e2600000, 0x00000000e2700000|  0%| F|  |TAMS 0x00000000e2600000, 0x00000000e2600000| Untracked 
|  39|0x00000000e2700000, 0x00000000e2700000, 0x00000000e2800000|  0%| F|  |TAMS 0x00000000e2700000, 0x00000000e2700000| Untracked 
|  40|0x00000000e2800000, 0x00000000e2800000, 0x00000000e2900000|  0%| F|  |TAMS 0x00000000e2800000, 0x00000000e2800000| Untracked 
|  41|0x00000000e2900000, 0x00000000e2900000, 0x00000000e2a00000|  0%| F|  |TAMS 0x00000000e2900000, 0x00000000e2900000| Untracked 
|  42|0x00000000e2a00000, 0x00000000e2a00000, 0x00000000e2b00000|  0%| F|  |TAMS 0x00000000e2a00000, 0x00000000e2a00000| Untracked 
|  43|0x00000000e2b00000, 0x00000000e2b00000, 0x00000000e2c00000|  0%| F|  |TAMS 0x00000000e2b00000, 0x00000000e2b00000| Untracked 
|  44|0x00000000e2c00000, 0x00000000e2c00000, 0x00000000e2d00000|  0%| F|  |TAMS 0x00000000e2c00000, 0x00000000e2c00000| Untracked 
|  45|0x00000000e2d00000, 0x00000000e2d00000, 0x00000000e2e00000|  0%| F|  |TAMS 0x00000000e2d00000, 0x00000000e2d00000| Untracked 
|  46|0x00000000e2e00000, 0x00000000e2e00000, 0x00000000e2f00000|  0%| F|  |TAMS 0x00000000e2e00000, 0x00000000e2e00000| Untracked 
|  47|0x00000000e2f00000, 0x00000000e2f00000, 0x00000000e3000000|  0%| F|  |TAMS 0x00000000e2f00000, 0x00000000e2f00000| Untracked 
|  48|0x00000000e3000000, 0x00000000e3000000, 0x00000000e3100000|  0%| F|  |TAMS 0x00000000e3000000, 0x00000000e3000000| Untracked 
|  49|0x00000000e3100000, 0x00000000e3100000, 0x00000000e3200000|  0%| F|  |TAMS 0x00000000e3100000, 0x00000000e3100000| Untracked 
|  50|0x00000000e3200000, 0x00000000e3249c50, 0x00000000e3300000| 28%| E|  |TAMS 0x00000000e3200000, 0x00000000e3200000| Complete 
|  51|0x00000000e3300000, 0x00000000e33ffff8, 0x00000000e3400000| 99%| O|  |TAMS 0x00000000e3300000, 0x00000000e3300000| Untracked 
|  54|0x00000000e3600000, 0x00000000e3700000, 0x00000000e3700000|100%| O|  |TAMS 0x00000000e3600000, 0x00000000e3600000| Untracked 
|  56|0x00000000e3800000, 0x00000000e38b7080, 0x00000000e3900000| 71%| O|  |TAMS 0x00000000e3800000, 0x00000000e3800000| Untracked 
|  60|0x00000000e3c00000, 0x00000000e3c1f610, 0x00000000e3d00000| 12%| O|  |TAMS 0x00000000e3c00000, 0x00000000e3c00000| Untracked 
|  66|0x00000000e4200000, 0x00000000e4227ad0, 0x00000000e4300000| 15%| O|  |TAMS 0x00000000e4200000, 0x00000000e4200000| Untracked 
| 107|0x00000000e6b00000, 0x00000000e6bffff0, 0x00000000e6c00000| 99%| O|  |TAMS 0x00000000e6b00000, 0x00000000e6b00000| Untracked 
| 109|0x00000000e6d00000, 0x00000000e6db5908, 0x00000000e6e00000| 70%| O|  |TAMS 0x00000000e6d00000, 0x00000000e6d00000| Untracked 
| 159|0x00000000e9f00000, 0x00000000e9f0a118, 0x00000000ea000000|  3%| O|  |TAMS 0x00000000e9f00000, 0x00000000e9f00000| Untracked 
| 162|0x00000000ea200000, 0x00000000ea295bd0, 0x00000000ea300000| 58%| O|  |TAMS 0x00000000ea200000, 0x00000000ea200000| Untracked 

Card table byte_map: [0x0000020d62950000,0x0000020d62a50000] _byte_map_base: 0x0000020d62250000

Marking Bits (Prev, Next): (CMBitMap*) 0x0000020d490abd10, (CMBitMap*) 0x0000020d490abcd8
 Prev Bits: [0x0000020d63350000, 0x0000020d63b50000)
 Next Bits: [0x0000020d62b50000, 0x0000020d63350000)

Polling page: 0x0000020d48d90000

Metaspace:

Usage:
  Non-class:     22.73 MB capacity,    22.09 MB ( 97%) used,   532.55 KB (  2%) free+waste,   125.63 KB ( <1%) overhead. 
      Class:      3.23 MB capacity,     2.76 MB ( 85%) used,   419.62 KB ( 13%) free+waste,    63.81 KB (  2%) overhead. 
       Both:     25.96 MB capacity,    24.85 MB ( 96%) used,   952.16 KB (  4%) free+waste,   189.44 KB ( <1%) overhead. 

Virtual space:
  Non-class space:       24.00 MB reserved,      22.75 MB ( 95%) committed 
      Class space:        1.00 GB reserved,       3.25 MB ( <1%) committed 
             Both:        1.02 GB reserved,      26.00 MB (  2%) committed 

Chunk freelists:
   Non-Class:  2.38 KB
       Class:  2.38 KB
        Both:  4.75 KB

CodeHeap 'non-profiled nmethods': size=120000Kb used=2477Kb max_used=2501Kb free=117522Kb
 bounds [0x0000020d5a6a0000, 0x0000020d5a920000, 0x0000020d61bd0000]
CodeHeap 'profiled nmethods': size=120000Kb used=8778Kb max_used=9100Kb free=111221Kb
 bounds [0x0000020d53170000, 0x0000020d53a60000, 0x0000020d5a6a0000]
CodeHeap 'non-nmethods': size=5760Kb used=1293Kb max_used=1350Kb free=4466Kb
 bounds [0x0000020d52bd0000, 0x0000020d52e40000, 0x0000020d53170000]
 total_blobs=5573 nmethods=3682 adapters=610
 compilation: enabled
              stopped_count=0, restarted_count=0
 full_count=0

Compilation events (10 events):
Event: 20.992 Thread 0x0000020d6708a800 3856       3       sun.nio.cs.SingleByte$Decoder::decodeLoop (28 bytes)
Event: 20.992 Thread 0x0000020d6708a800 nmethod 3856 0x0000020d53244290 code [0x0000020d53244480, 0x0000020d532448c0]
Event: 20.994 Thread 0x0000020d6708a800 3857       1       java.nio.HeapFloatBuffer::isDirect (2 bytes)
Event: 20.994 Thread 0x0000020d6708a800 nmethod 3857 0x0000020d5a70fd10 code [0x0000020d5a70fec0, 0x0000020d5a70ffd8]
Event: 21.003 Thread 0x0000020d67089800 3858   !   4       sun.java2d.SunGraphics2D::drawLine (74 bytes)
Event: 21.003 Thread 0x0000020d01943000 3859       4       sun.java2d.pipe.PixelToParallelogramConverter::drawLine (30 bytes)
Event: 21.004 Thread 0x0000020d01943000 nmethod 3859 0x0000020d5a70f990 code [0x0000020d5a70fb40, 0x0000020d5a70fc08]
Event: 21.005 Thread 0x0000020d67089800 nmethod 3858 0x0000020d5a70f290 code [0x0000020d5a70f480, 0x0000020d5a70f6f0]
Event: 21.037 Thread 0x0000020d6708a800 3860       3       java.io.OutputStream::<init> (5 bytes)
Event: 21.037 Thread 0x0000020d6708a800 nmethod 3860 0x0000020d53221e90 code [0x0000020d53222040, 0x0000020d532221f8]

GC Heap History (10 events):
Event: 1.529 GC heap before
{Heap before GC invocations=4 (full 0):
 garbage-first heap   total 258048K, used 91605K [0x00000000e0000000, 0x0000000100000000)
  region size 1024K, 84 young (86016K), 4 survivors (4096K)
 Metaspace       used 23402K, capacity 24179K, committed 24192K, reserved 1071104K
  class space    used 2601K, capacity 2936K, committed 2944K, reserved 1048576K
}
Event: 1.532 GC heap after
{Heap after GC invocations=5 (full 0):
 garbage-first heap   total 258048K, used 10775K [0x00000000e0000000, 0x0000000100000000)
  region size 1024K, 5 young (5120K), 5 survivors (5120K)
 Metaspace       used 23402K, capacity 24179K, committed 24192K, reserved 1071104K
  class space    used 2601K, capacity 2936K, committed 2944K, reserved 1048576K
}
Event: 1.957 GC heap before
{Heap before GC invocations=5 (full 0):
 garbage-first heap   total 258048K, used 132631K [0x00000000e0000000, 0x0000000100000000)
  region size 1024K, 124 young (126976K), 5 survivors (5120K)
 Metaspace       used 24491K, capacity 25563K, committed 25728K, reserved 1071104K
  class space    used 2745K, capacity 3191K, committed 3200K, reserved 1048576K
}
Event: 1.965 GC heap after
{Heap after GC invocations=6 (full 0):
 garbage-first heap   total 258048K, used 12130K [0x00000000e0000000, 0x0000000100000000)
  region size 1024K, 7 young (7168K), 7 survivors (7168K)
 Metaspace       used 24491K, capacity 25563K, committed 25728K, reserved 1071104K
  class space    used 2745K, capacity 3191K, committed 3200K, reserved 1048576K
}
Event: 2.331 GC heap before
{Heap before GC invocations=6 (full 0):
 garbage-first heap   total 258048K, used 158562K [0x00000000e0000000, 0x0000000100000000)
  region size 1024K, 151 young (154624K), 7 survivors (7168K)
 Metaspace       used 24807K, capacity 25959K, committed 26112K, reserved 1073152K
  class space    used 2778K, capacity 3253K, committed 3328K, reserved 1048576K
}
Event: 2.337 GC heap after
{Heap after GC invocations=7 (full 0):
 garbage-first heap   total 258048K, used 14904K [0x00000000e0000000, 0x0000000100000000)
  region size 1024K, 9 young (9216K), 9 survivors (9216K)
 Metaspace       used 24807K, capacity 25959K, committed 26112K, reserved 1073152K
  class space    used 2778K, capacity 3253K, committed 3328K, reserved 1048576K
}
Event: 2.552 GC heap before
{Heap before GC invocations=7 (full 0):
 garbage-first heap   total 258048K, used 160312K [0x00000000e0000000, 0x0000000100000000)
  region size 1024K, 151 young (154624K), 9 survivors (9216K)
 Metaspace       used 24935K, capacity 26063K, committed 26368K, reserved 1073152K
  class space    used 2785K, capacity 3265K, committed 3328K, reserved 1048576K
}
Event: 2.558 GC heap after
{Heap after GC invocations=8 (full 0):
 garbage-first heap   total 258048K, used 15124K [0x00000000e0000000, 0x0000000100000000)
  region size 1024K, 9 young (9216K), 9 survivors (9216K)
 Metaspace       used 24935K, capacity 26063K, committed 26368K, reserved 1073152K
  class space    used 2785K, capacity 3265K, committed 3328K, reserved 1048576K
}
Event: 21.013 GC heap before
{Heap before GC invocations=8 (full 0):
 garbage-first heap   total 258048K, used 114452K [0x00000000e0000000, 0x0000000100000000)
  region size 1024K, 108 young (110592K), 9 survivors (9216K)
 Metaspace       used 25442K, capacity 26586K, committed 26624K, reserved 1073152K
  class space    used 2825K, capacity 3309K, committed 3328K, reserved 1048576K
}
Event: 21.036 GC heap after
{Heap after GC invocations=9 (full 1):
 garbage-first heap   total 61440K, used 13895K [0x00000000e0000000, 0x0000000100000000)
  region size 1024K, 0 young (0K), 0 survivors (0K)
 Metaspace       used 25442K, capacity 26586K, committed 26624K, reserved 1073152K
  class space    used 2825K, capacity 3309K, committed 3328K, reserved 1048576K
}

Deoptimization events (10 events):
Event: 2.230 Thread 0x0000020d694d0000 Uncommon trap: reason=class_check action=maybe_recompile pc=0x0000020d5a8af9a8 method=jdk.internal.misc.Unsafe.allocateUninitializedArray(Ljava/lang/Class;I)Ljava/lang/Object; @ 48 c2
Event: 2.230 Thread 0x0000020d694d0000 Uncommon trap: reason=class_check action=maybe_recompile pc=0x0000020d5a8af9a8 method=jdk.internal.misc.Unsafe.allocateUninitializedArray(Ljava/lang/Class;I)Ljava/lang/Object; @ 48 c2
Event: 2.233 Thread 0x0000020d694d0000 Uncommon trap: reason=class_check action=maybe_recompile pc=0x0000020d5a8af9a8 method=jdk.internal.misc.Unsafe.allocateUninitializedArray(Ljava/lang/Class;I)Ljava/lang/Object; @ 48 c2
Event: 2.233 Thread 0x0000020d694d0000 Uncommon trap: reason=class_check action=maybe_recompile pc=0x0000020d5a8af9a8 method=jdk.internal.misc.Unsafe.allocateUninitializedArray(Ljava/lang/Class;I)Ljava/lang/Object; @ 48 c2
Event: 2.302 Thread 0x0000020d694d0000 Uncommon trap: reason=unstable_if action=reinterpret pc=0x0000020d5a7e8868 method=sun.font.CMap$CMapFormat4.getGlyph(I)C @ 70 c2
Event: 2.616 Thread 0x0000020d694d0000 Uncommon trap: reason=class_check action=maybe_recompile pc=0x0000020d5a7322ac method=java.util.regex.Matcher.match(II)Z @ 121 c2
Event: 2.617 Thread 0x0000020d694d0000 Uncommon trap: reason=intrinsic_or_type_checked_inlining action=make_not_entrant pc=0x0000020d5a8c3828 method=javax.swing.text.AbstractDocument$BranchElement.replace(II[Ljavax/swing/text/Element;)V @ 87 c2
Event: 2.653 Thread 0x0000020d694d0000 Uncommon trap: reason=unstable_if action=reinterpret pc=0x0000020d5a78b7b4 method=java.io.WinNTFileSystem.normalize(Ljava/lang/String;)Ljava/lang/String; @ 74 c2
Event: 3.636 Thread 0x0000020d694d0000 Uncommon trap: reason=unstable_if action=reinterpret pc=0x0000020d5a8ff290 method=org.jacoco.agent.rt.internal_43f5073.asm.commons.AnalyzerAdapter.execute(IILjava/lang/String;)V @ 1753 c2
Event: 20.918 Thread 0x0000020d694d0000 Uncommon trap: reason=null_check action=make_not_entrant pc=0x0000020d5a6f02a0 method=neureka.core.Tsr.is64()Z @ 11 c2

Classes redefined (0 events):
No events

Internal exceptions (10 events):
Event: 1.930 Thread 0x0000020d694d0000 Exception <a 'java/lang/NoSuchMethodError'{0x00000000e8734c30}: java.lang.invoke.DirectMethodHandle$Holder.invokeSpecial(Ljava/lang/Object;Ljava/lang/Object;IILjava/lang/Object;Ljava/lang/Object;Ljava/lang/Object;Ljava/lang/Object;Ljava/lang/Object;Ljava/
Event: 1.930 Thread 0x0000020d694d0000 Exception <a 'java/lang/NoSuchMethodError'{0x00000000e87397d8}: java.lang.invoke.DelegatingMethodHandle$Holder.reinvoke_L(Ljava/lang/Object;IILjava/lang/Object;Ljava/lang/Object;Ljava/lang/Object;Ljava/lang/Object;Ljava/lang/Object;Ljava/lang/Object;Ljava
Event: 1.934 Thread 0x0000020d694d0000 Exception <a 'java/lang/NoSuchMethodError'{0x00000000e87f5758}: java.lang.invoke.DirectMethodHandle$Holder.invokeStatic(Ljava/lang/Object;Ljava/lang/Object;Ljava/lang/Object;Ljava/lang/Object;Ljava/lang/Object;Ljava/lang/Object;Ljava/lang/Object;Ljava/lan
Event: 1.935 Thread 0x0000020d694d0000 Exception <a 'java/lang/NoSuchMethodError'{0x00000000e8617d10}: java.lang.invoke.DirectMethodHandle$Holder.invokeStatic(Ljava/lang/Object;Ljava/lang/Object;Ljava/lang/Object;Ljava/lang/Object;Ljava/lang/Object;Ljava/lang/Object;Ljava/lang/Object;Ljava/lan
Event: 1.936 Thread 0x0000020d694d0000 Exception <a 'java/lang/NoSuchMethodError'{0x00000000e8649300}: java.lang.invoke.DirectMethodHandle$Holder.invokeSpecial(Ljava/lang/Object;Ljava/lang/Object;Ljava/lang/Object;Ljava/lang/Object;Ljava/lang/Object;Ljava/lang/Object;Ljava/lang/Object;Ljava/la
Event: 1.937 Thread 0x0000020d694d0000 Exception <a 'java/lang/NoSuchMethodError'{0x00000000e8677c70}: java.lang.invoke.Invokers$Holder.linkToTargetMethod(Ljava/lang/Object;Ljava/lang/Object;Ljava/lang/Object;Ljava/lang/Object;Ljava/lang/Object;Ljava/lang/Object;Ljava/lang/Object;Ljava/lang/Ob
Event: 1.939 Thread 0x0000020d694d0000 Implicit null exception at 0x0000020d5a7e7df8 to 0x0000020d5a7e7e86
Event: 1.965 Thread 0x0000020d694d0000 Implicit null exception at 0x0000020d5a853e48 to 0x0000020d5a855172
Event: 2.278 Thread 0x0000020d694d0000 Exception <a 'java/lang/NoSuchMethodError'{0x00000000e83598a8}: java.lang.invoke.DirectMethodHandle$Holder.invokeStatic(Ljava/lang/Object;Ljava/lang/Object;Ljava/lang/Object;Ljava/lang/Object;Ljava/lang/Object;Ljava/lang/Object;Ljava/lang/Object;Ljava/lan
Event: 20.918 Thread 0x0000020d694d0000 Implicit null exception at 0x0000020d5a6f0250 to 0x0000020d5a6f0296

Events (10 events):
Event: 20.831 loading class org/jocl/Sizeof
Event: 20.831 loading class org/jocl/Sizeof done
Event: 20.834 Executing VM operation: RevokeBias
Event: 20.835 Executing VM operation: RevokeBias done
Event: 20.836 Thread 0x0000020d01943000 Thread added: 0x0000020d01943000
Event: 20.918 Thread 0x0000020d694d0000 Uncommon trap: trap_request=0xfffffff4 fr.pc=0x0000020d5a6f02a0 relative=0x0000000000000080
Event: 20.918 Thread 0x0000020d694d0000 DEOPT PACKING pc=0x0000020d5a6f02a0 sp=0x000000cf67cfc5c0
Event: 20.918 Thread 0x0000020d694d0000 DEOPT UNPACKING pc=0x0000020d52bf8f2f sp=0x000000cf67cfc548 mode 2
Event: 21.013 Executing VM operation: G1CollectFull
Event: 21.036 Executing VM operation: G1CollectFull done


Dynamic libraries:
0x00007ff603ea0000 - 0x00007ff603ee7000 	C:\Program Files\Java\jdk-11.0.2\bin\java.exe
0x00007ffa140a0000 - 0x00007ffa14290000 	C:\WINDOWS\SYSTEM32\ntdll.dll
0x00007ffa13310000 - 0x00007ffa133c2000 	C:\WINDOWS\System32\KERNEL32.DLL
0x00007ffa11180000 - 0x00007ffa11423000 	C:\WINDOWS\System32\KERNELBASE.dll
0x00007ffa0dc00000 - 0x00007ffa0dc8f000 	C:\WINDOWS\SYSTEM32\apphelp.dll
0x00007ffa13d40000 - 0x00007ffa13de3000 	C:\WINDOWS\System32\ADVAPI32.dll
0x00007ffa13270000 - 0x00007ffa1330e000 	C:\WINDOWS\System32\msvcrt.dll
0x00007ffa13fc0000 - 0x00007ffa14057000 	C:\WINDOWS\System32\sechost.dll
0x00007ffa12990000 - 0x00007ffa12ab0000 	C:\WINDOWS\System32\RPCRT4.dll
0x00007ffa13ba0000 - 0x00007ffa13d34000 	C:\WINDOWS\System32\USER32.dll
0x00007ffa11f50000 - 0x00007ffa11f71000 	C:\WINDOWS\System32\win32u.dll
0x00007ffa13df0000 - 0x00007ffa13e16000 	C:\WINDOWS\System32\GDI32.dll
0x00007ffa11bb0000 - 0x00007ffa11d44000 	C:\WINDOWS\System32\gdi32full.dll
0x00007ffa11fe0000 - 0x00007ffa1207e000 	C:\WINDOWS\System32\msvcp_win.dll
0x00007ffa11d50000 - 0x00007ffa11e4a000 	C:\WINDOWS\System32\ucrtbase.dll
0x00007ff9f5530000 - 0x00007ff9f57b5000 	C:\WINDOWS\WinSxS\amd64_microsoft.windows.common-controls_6595b64144ccf1df_6.0.18362.476_none_e6c4b11b130f2595\COMCTL32.dll
0x00007ffa137d0000 - 0x00007ffa13b06000 	C:\WINDOWS\System32\combase.dll
0x00007ffa04c30000 - 0x00007ffa04c3a000 	C:\WINDOWS\SYSTEM32\VERSION.dll
0x00007ffa11e80000 - 0x00007ffa11f00000 	C:\WINDOWS\System32\bcryptPrimitives.dll
0x00007ffa134a0000 - 0x00007ffa134ce000 	C:\WINDOWS\System32\IMM32.DLL
0x00007ffa0da10000 - 0x00007ffa0da26000 	C:\Program Files\Java\jdk-11.0.2\bin\vcruntime140.dll
0x00007ffa0d960000 - 0x00007ffa0da0a000 	C:\Program Files\Java\jdk-11.0.2\bin\msvcp140.dll
0x00007ff9a7100000 - 0x00007ff9a7c27000 	C:\Program Files\Java\jdk-11.0.2\bin\server\jvm.dll
0x00007ffa127d0000 - 0x00007ffa127d8000 	C:\WINDOWS\System32\PSAPI.DLL
0x00007ff9e01d0000 - 0x00007ff9e01d9000 	C:\WINDOWS\SYSTEM32\WSOCK32.dll
0x00007ffa0da70000 - 0x00007ffa0da94000 	C:\WINDOWS\SYSTEM32\WINMM.dll
0x00007ffa134d0000 - 0x00007ffa1353f000 	C:\WINDOWS\System32\WS2_32.dll
0x00007ffa0da40000 - 0x00007ffa0da6d000 	C:\WINDOWS\SYSTEM32\winmmbase.dll
0x00007ffa11f00000 - 0x00007ffa11f4a000 	C:\WINDOWS\System32\cfgmgr32.dll
0x00007ffa10fd0000 - 0x00007ffa10fe1000 	C:\WINDOWS\System32\kernel.appcore.dll
0x00007ffa0d940000 - 0x00007ffa0d951000 	C:\Program Files\Java\jdk-11.0.2\bin\verify.dll
0x00007ffa0f970000 - 0x00007ffa0fb64000 	C:\WINDOWS\SYSTEM32\DBGHELP.DLL
0x00007ff9df6a0000 - 0x00007ff9df6ca000 	C:\WINDOWS\SYSTEM32\dbgcore.DLL
0x00007ffa0d910000 - 0x00007ffa0d939000 	C:\Program Files\Java\jdk-11.0.2\bin\java.dll
0x00007ff9f3480000 - 0x00007ff9f34af000 	C:\Program Files\Java\jdk-11.0.2\bin\instrument.dll
0x00007ffa0d8f0000 - 0x00007ffa0d906000 	C:\Program Files\Java\jdk-11.0.2\bin\zip.dll
0x00007ffa0dba0000 - 0x00007ffa0dbaa000 	C:\Program Files\Java\jdk-11.0.2\bin\jimage.dll
0x00007ffa12b80000 - 0x00007ffa13265000 	C:\WINDOWS\System32\SHELL32.dll
0x00007ffa13720000 - 0x00007ffa137c9000 	C:\WINDOWS\System32\shcore.dll
0x00007ffa11430000 - 0x00007ffa11bae000 	C:\WINDOWS\System32\windows.storage.dll
0x00007ffa10ff0000 - 0x00007ffa1100f000 	C:\WINDOWS\System32\profapi.dll
0x00007ffa10f80000 - 0x00007ffa10fca000 	C:\WINDOWS\System32\powrprof.dll
0x00007ffa10f70000 - 0x00007ffa10f80000 	C:\WINDOWS\System32\UMPDC.dll
0x00007ffa13e20000 - 0x00007ffa13e72000 	C:\WINDOWS\System32\shlwapi.dll
0x00007ffa12130000 - 0x00007ffa12147000 	C:\WINDOWS\System32\cryptsp.dll
0x00007ffa0b880000 - 0x00007ffa0b899000 	C:\Program Files\Java\jdk-11.0.2\bin\net.dll
0x00007ff9f7500000 - 0x00007ff9f76d6000 	C:\WINDOWS\SYSTEM32\urlmon.dll
0x00007ffa0dcd0000 - 0x00007ffa0ddc0000 	C:\WINDOWS\SYSTEM32\WINHTTP.dll
0x00007ff9fb340000 - 0x00007ff9fb5e6000 	C:\WINDOWS\SYSTEM32\iertutil.dll
0x00007ffa109b0000 - 0x00007ffa109bc000 	C:\WINDOWS\SYSTEM32\CRYPTBASE.DLL
0x00007ffa107e0000 - 0x00007ffa10847000 	C:\WINDOWS\system32\mswsock.dll
0x00007ffa074d0000 - 0x00007ffa074e3000 	C:\Program Files\Java\jdk-11.0.2\bin\nio.dll
0x00007ff9d4820000 - 0x00007ff9d4836000 	C:\WINDOWS\system32\napinsp.dll
0x00007ff9d4800000 - 0x00007ff9d481a000 	C:\WINDOWS\system32\pnrpnsp.dll
0x00007ffa10530000 - 0x00007ffa105fa000 	C:\WINDOWS\SYSTEM32\DNSAPI.dll
0x00007ffa12150000 - 0x00007ffa12158000 	C:\WINDOWS\System32\NSI.dll
0x00007ffa104f0000 - 0x00007ffa1052a000 	C:\WINDOWS\SYSTEM32\IPHLPAPI.DLL
0x00007ff9d47f0000 - 0x00007ff9d47fe000 	C:\WINDOWS\System32\winrnr.dll
0x00007ffa0dca0000 - 0x00007ffa0dcbc000 	C:\WINDOWS\system32\NLAapi.dll
0x00007ffa0ded0000 - 0x00007ffa0dee5000 	C:\WINDOWS\system32\wshbth.dll
0x00007ffa07830000 - 0x00007ffa0783a000 	C:\Windows\System32\rasadhlp.dll
0x00007ffa023e0000 - 0x00007ffa02457000 	C:\WINDOWS\System32\fwpuclnt.dll
0x00007ffa11e50000 - 0x00007ffa11e76000 	C:\WINDOWS\System32\bcrypt.dll
0x00007ffa10350000 - 0x00007ffa10383000 	C:\WINDOWS\system32\rsaenh.dll
0x00007ffa10e90000 - 0x00007ffa10eb5000 	C:\WINDOWS\SYSTEM32\USERENV.dll
0x00007ffa04120000 - 0x00007ffa04136000 	C:\WINDOWS\SYSTEM32\dhcpcsvc6.DLL
0x00007ffa052a0000 - 0x00007ffa052bc000 	C:\WINDOWS\SYSTEM32\dhcpcsvc.DLL
0x00007ff9a5490000 - 0x00007ff9a562f000 	C:\Program Files\Java\jdk-11.0.2\bin\awt.dll
0x00007ffa12ab0000 - 0x00007ffa12b74000 	C:\WINDOWS\System32\OLEAUT32.dll
0x00007ffa0c380000 - 0x00007ffa0c940000 	C:\WINDOWS\SYSTEM32\d2d1.dll
0x00007ffa0f270000 - 0x00007ffa0f29d000 	C:\WINDOWS\system32\DWMAPI.DLL
0x00007ffa0ec80000 - 0x00007ffa0ed19000 	C:\WINDOWS\system32\uxtheme.dll
0x00007ff9eae50000 - 0x00007ff9eafa6000 	C:\WINDOWS\system32\opengl32.dll
0x00007ff9ee9d0000 - 0x00007ff9ee9fc000 	C:\WINDOWS\SYSTEM32\GLU32.dll
0x00007ffa0fbe0000 - 0x00007ffa0fc00000 	C:\WINDOWS\SYSTEM32\dxcore.dll
0x00007ffa13e80000 - 0x00007ffa13fb6000 	C:\WINDOWS\System32\MSCTF.dll
0x00007ffa13540000 - 0x00007ffa13696000 	C:\WINDOWS\System32\ole32.dll
0x00007ff9f3400000 - 0x00007ff9f3480000 	C:\Program Files\Java\jdk-11.0.2\bin\freetype.dll
0x00007ff9f3390000 - 0x00007ff9f33ff000 	C:\Program Files\Java\jdk-11.0.2\bin\fontmanager.dll
0x00007ffa126a0000 - 0x00007ffa12742000 	C:\WINDOWS\System32\clbcatq.dll
0x00007ffa06ae0000 - 0x00007ffa06c8f000 	C:\WINDOWS\SYSTEM32\WindowsCodecs.dll
0x00007ff9ee3f0000 - 0x00007ff9ee42a000 	C:\WINDOWS\system32\dataexchange.dll
0x00007ffa0d020000 - 0x00007ffa0d1fb000 	C:\WINDOWS\system32\dcomp.dll
0x00007ffa0c940000 - 0x00007ffa0cb9b000 	C:\WINDOWS\system32\d3d11.dll
0x00007ffa0fc70000 - 0x00007ffa0fd5b000 	C:\WINDOWS\system32\dxgi.dll
0x00007ffa0ef20000 - 0x00007ffa0f17a000 	C:\WINDOWS\system32\twinapi.appcore.dll
0x00007ffa0f430000 - 0x00007ffa0f459000 	C:\WINDOWS\system32\RMCLIENT.dll
0x00007ff9eea30000 - 0x00007ff9eeace000 	C:\WINDOWS\System32\TextInputFramework.dll
0x00007ffa06fa0000 - 0x00007ffa072ca000 	C:\WINDOWS\System32\CoreUIComponents.dll
0x00007ffa0d580000 - 0x00007ffa0d654000 	C:\WINDOWS\System32\CoreMessaging.dll
0x00007ffa0df10000 - 0x00007ffa0e063000 	C:\WINDOWS\SYSTEM32\wintypes.dll
0x00007ffa0ffd0000 - 0x00007ffa10001000 	C:\WINDOWS\SYSTEM32\ntmarta.dll
0x00007ff9f7190000 - 0x00007ff9f71f5000 	C:\WINDOWS\system32\Oleacc.dll
0x00007ff9f32a0000 - 0x00007ff9f32dd000 	C:\Users\Daglemino\AppData\Local\Temp\JOCL_2_0_0-windows-x86_64.dll
0x00007ffa0dbb0000 - 0x00007ffa0dbcd000 	C:\WINDOWS\SYSTEM32\OpenCL.dll
0x00007ff98e7f0000 - 0x00007ff98fe70000 	C:\WINDOWS\System32\DriverStore\FileRepository\nvhm.inf_amd64_d1c40a54a36b6122\nvopencl64.dll
0x00007ffa121d0000 - 0x00007ffa12640000 	C:\WINDOWS\System32\SETUPAPI.dll
0x00007ff9c55b0000 - 0x00007ff9c56d2000 	C:\WINDOWS\SYSTEM32\nvfatbinaryLoader.dll
0x00007ff9f7900000 - 0x00007ff9f7df8000 	C:\WINDOWS\system32\nvapi64.dll
0x00007ffa10d70000 - 0x00007ffa10d9a000 	C:\WINDOWS\SYSTEM32\DEVOBJ.dll
0x00007ffa11f80000 - 0x00007ffa11fdc000 	C:\WINDOWS\System32\WINTRUST.dll
0x00007ffa11010000 - 0x00007ffa11022000 	C:\WINDOWS\System32\MSASN1.dll
0x00007ffa11030000 - 0x00007ffa11179000 	C:\WINDOWS\System32\CRYPT32.dll
0x00007ff9916b0000 - 0x00007ff991835000 	C:\WINDOWS\System32\DriverStore\FileRepository\iigd_dch.inf_amd64_8f062540d3fd067f\IntelOpenCL64.dll
0x00007ff98e680000 - 0x00007ff98e7e1000 	C:\WINDOWS\System32\DriverStore\FileRepository\iigd_dch.inf_amd64_8f062540d3fd067f\ocl\bin\x64\intelocl64.dll
0x00007ff9f3230000 - 0x00007ff9f329e000 	C:\WINDOWS\System32\DriverStore\FileRepository\iigd_dch.inf_amd64_8f062540d3fd067f\ocl\bin\x64\task_executor64.dll
0x00007ff9dec50000 - 0x00007ff9decd6000 	C:\WINDOWS\System32\DriverStore\FileRepository\iigd_dch.inf_amd64_8f062540d3fd067f\ocl\bin\x64\cpu_device64.dll
0x00007ff98e320000 - 0x00007ff98e67b000 	C:\WINDOWS\System32\DriverStore\FileRepository\iigd_dch.inf_amd64_8f062540d3fd067f\igdrcl64.dll
0x00007ffa00110000 - 0x00007ffa0022d000 	C:\WINDOWS\System32\DriverStore\FileRepository\iigd_dch.inf_amd64_8f062540d3fd067f\igdgmm64.dll
0x00007ff997b00000 - 0x00007ff997bc4000 	C:\WINDOWS\System32\DriverStore\FileRepository\iigd_dch.inf_amd64_8f062540d3fd067f\igdfcl64.dll
0x00007ff9fdb70000 - 0x00007ff9ffe15000 	C:\WINDOWS\System32\DriverStore\FileRepository\iigd_dch.inf_amd64_8f062540d3fd067f\igc64.dll
0x00007ff98bcb0000 - 0x00007ff98e31a000 	C:\WINDOWS\system32\nvcompiler.dll
0x00007ff98ff50000 - 0x00007ff990036000 	C:\WINDOWS\System32\DriverStore\FileRepository\iigd_dch.inf_amd64_8f062540d3fd067f\ocl\bin\x64\tbb\ocltbb64.dll
0x00007ff98a660000 - 0x00007ff98bcaa000 	C:\WINDOWS\System32\DriverStore\FileRepository\iigd_dch.inf_amd64_8f062540d3fd067f\ocl\bin\x64\OclCpuBackEnd64.dll
0x00007ff98a010000 - 0x00007ff98a660000 	C:\WINDOWS\System32\DriverStore\FileRepository\iigd_dch.inf_amd64_8f062540d3fd067f\ocl\bin\x64\__ocl_svml_l9.dll
0x00007ff989c20000 - 0x00007ff98a00e000 	C:\WINDOWS\System32\DriverStore\FileRepository\iigd_dch.inf_amd64_8f062540d3fd067f\ocl\bin\x64\clang_compiler64.dll
0x00007ff985860000 - 0x00007ff989c16000 	C:\WINDOWS\System32\DriverStore\FileRepository\iigd_dch.inf_amd64_8f062540d3fd067f\common_clang64.dll

dbghelp: loaded successfully - version: 4.0.5 - missing functions: none
symbol engine: initialized successfully - sym options: 0x614 - pdb path: .;C:\Program Files\Java\jdk-11.0.2\bin;C:\WINDOWS\SYSTEM32;C:\WINDOWS\WinSxS\amd64_microsoft.windows.common-controls_6595b64144ccf1df_6.0.18362.476_none_e6c4b11b130f2595;C:\Program Files\Java\jdk-11.0.2\bin\server;C:\Users\Daglemino\AppData\Local\Temp;C:\WINDOWS\System32\DriverStore\FileRepository\nvhm.inf_amd64_d1c40a54a36b6122;C:\WINDOWS\System32\DriverStore\FileRepository\iigd_dch.inf_amd64_8f062540d3fd067f;C:\WINDOWS\System32\DriverStore\FileRepository\iigd_dch.inf_amd64_8f062540d3fd067f\ocl\bin\x64;C:\WINDOWS\System32\DriverStore\FileRepository\iigd_dch.inf_amd64_8f062540d3fd067f\ocl\bin\x64\tbb

VM Arguments:
jvm_args: -Dorg.gradle.native=false -javaagent:build/tmp/expandedArchives/org.jacoco.agent-0.8.5.jar_6a2df60c47de373ea127d14406367999/jacocoagent.jar=destfile=build/jacoco/test.exec,append=true,inclnolocationclasses=false,dumponexit=true,output=file,jmx=false -Xmx512m -Dfile.encoding=windows-1252 -Duser.country=AT -Duser.language=de -Duser.variant -ea 
java_command: worker.org.gradle.process.internal.worker.GradleWorkerMain 'Gradle Test Executor 48'
java_class_path (initial): C:\\Users\\Daglemino\\.gradle\\caches\\5.6.2\\workerMain\\gradle-worker.jar;D:\\development\\java\\studium\\neureka\\build\\classes\\java\\test;D:\\development\\java\\studium\\neureka\\build\\classes\\groovy\\test;D:\\development\\java\\studium\\neureka\\build\\resources\\test;D:\\development\\java\\studium\\neureka\\build\\classes\\java\\main;D:\\development\\java\\studium\\neureka\\build\\classes\\groovy\\main;D:\\development\\java\\studium\\neureka\\build\\resources\\main;C:\\Users\\Daglemino\\.gradle\\caches\\modules-2\\files-2.1\\org.jocl\\jocl\\2.0.0\\79c9e57adcea8bed6c8eeec9df964467d80105fe\\jocl-2.0.0.jar;C:\\Users\\Daglemino\\.gradle\\caches\\modules-2\\files-2.1\\org.jetbrains\\annotations\\16.0.2\\dab5655eb9abe23f2245c34e66c9813c7daf4563\\annotations-16.0.2.jar;C:\\Users\\Daglemino\\.gradle\\caches\\modules-2\\files-2.1\\org.codehaus.groovy\\groovy-all\\2.4.14\\cd1a8ce914f5fe86c00a917b0577da6f367edcf9\\groovy-all-2.4.14.jar;C:\\Users\\Daglemino\\.gradle\\caches\\modules-2\\files-2.1\\junit\\junit\\4.12\\2973d150c0dc1fefe998f834810d68f278ea58ec\\junit-4.12.jar;C:\\Users\\Daglemino\\.gradle\\caches\\modules-2\\files-2.1\\org.hamcrest\\hamcrest-core\\1.3\\42a25dc3219429f0e5d060061f71acb49bf010a0\\hamcrest-core-1.3.jar
Launcher Type: SUN_STANDARD

[Global flags]
     intx CICompilerCount                          = 4                                         {product} {ergonomic}
     uint ConcGCThreads                            = 3                                         {product} {ergonomic}
     uint G1ConcRefinementThreads                  = 10                                        {product} {ergonomic}
   size_t G1HeapRegionSize                         = 1048576                                   {product} {ergonomic}
    uintx GCDrainStackTargetSize                   = 64                                        {product} {ergonomic}
   size_t InitialHeapSize                          = 264241152                                 {product} {ergonomic}
   size_t MarkStackSize                            = 4194304                                   {product} {ergonomic}
   size_t MaxHeapSize                              = 536870912                                 {product} {command line}
   size_t MaxNewSize                               = 321912832                                 {product} {ergonomic}
   size_t MinHeapDeltaBytes                        = 1048576                                   {product} {ergonomic}
    uintx NonNMethodCodeHeapSize                   = 5835340                                {pd product} {ergonomic}
    uintx NonProfiledCodeHeapSize                  = 122911450                              {pd product} {ergonomic}
    uintx ProfiledCodeHeapSize                     = 122911450                              {pd product} {ergonomic}
    uintx ReservedCodeCacheSize                    = 251658240                              {pd product} {ergonomic}
     bool SegmentedCodeCache                       = true                                      {product} {ergonomic}
     bool UseCompressedClassPointers               = true                                 {lp64_product} {ergonomic}
     bool UseCompressedOops                        = true                                 {lp64_product} {ergonomic}
     bool UseG1GC                                  = true                                      {product} {ergonomic}
     bool UseLargePagesIndividualAllocation        = false                                  {pd product} {ergonomic}

Logging:
Log output configuration:
 #0: stdout all=warning uptime,level,tags
 #1: stderr all=off uptime,level,tags

Environment Variables:
JAVA_HOME=C:\Program Files\Java\jdk-12.0.2
PATH=C:\Program Files (x86)\Common Files\Oracle\Java\javapath;C:\windows\system32;C:\windows;C:\windows\System32\Wbem;C:\windows\System32\WindowsPowerShell\v1.0\;C:\windows\System32\OpenSSH\;C:\Program Files (x86)\NVIDIA Corporation\PhysX\Common;D:\development\version control\Git\cmd;D:\Software\posgres\pg11\bin;C:\Program Files\Intel\WiFi\bin\;C:\Program Files\Common Files\Intel\WirelessCommon\;C:\Program Files (x86)\Windows Kits\10\Windows Performance Toolkit\;C:\Program Files\Java\jdk-12.0.2\lib;C:\WINDOWS\system32;C:\WINDOWS;C:\WINDOWS\System32\Wbem;C:\WINDOWS\System32\WindowsPowerShell\v1.0\;C:\WINDOWS\System32\OpenSSH\;;C:\Program Files (x86)\Gpg4win\..\GnuPG\bin;C:\Users\Daglemino\AppData\Local\Programs\Python\Python36-32\Scripts\;C:\Users\Daglemino\AppData\Local\Programs\Python\Python36-32\;C:\Users\Daglemino\AppData\Local\Microsoft\WindowsApps
USERNAME=Daglemino
OS=Windows_NT
PROCESSOR_IDENTIFIER=Intel64 Family 6 Model 158 Stepping 10, GenuineIntel



---------------  S Y S T E M  ---------------

OS: Windows 10 , 64 bit Build 18362 (10.0.18362.329)

CPU:total 12 (initial active 12) (6 cores per cpu, 2 threads per core) family 6 model 158 stepping 10, cmov, cx8, fxsr, mmx, sse, sse2, sse3, ssse3, sse4.1, sse4.2, popcnt, avx, avx2, aes, clmul, erms, 3dnowpref, lzcnt, ht, tsc, tscinvbit, bmi1, bmi2, adx, fma

Memory: 4k page, system-wide physical 16122M (8019M free)
TotalPageFile size 23034M (AvailPageFile size 10801M)
current process WorkingSet (physical memory assigned to process): 346M, peak: 534M
current process commit charge ("private bytes"): 454M, peak: 687M

vm_info: Java HotSpot(TM) 64-Bit Server VM (11.0.2+9-LTS) for windows-amd64 JRE (11.0.2+9-LTS), built on Jan 18 2019 05:24:10 by "mach5one" with MS VC++ 15.5 (VS2017)

END.
