------------------------------------------------------------------------------------------------------------------------

[2018-10-21 13:40:37 #1 store] 
Database 'C:\Users\Gleethos\Dropbox\workspace\neureka.io\src\objectdb-2.7.6\db\Cores.odb' is opened by 5596@Aximon

[2018-10-21 13:40:37 #2 store] 
Configuration path: C:\Users\Gleethos\Dropbox\workspace\neureka.io\src\objectdb-2.7.6\objectdb.conf

[2018-10-21 13:40:37 #3 type] 
Type NAPI.NUnitCore is not enhanced.

------------------------------------------------------------------------------------------------------------------------

[2018-10-21 13:45:42 #1 store] 
Database 'C:\Users\Gleethos\Dropbox\workspace\neureka.io\src\objectdb-2.7.6\db\Cores.odb' is opened by 17432@Aximon

[2018-10-21 13:45:42 #2 store] 
Configuration path: C:\Users\Gleethos\Dropbox\workspace\neureka.io\src\objectdb-2.7.6\objectdb.conf

[2018-10-21 13:45:42 #3 type] 
Type NAPI.NUnitCore is not enhanced.

[2018-10-21 13:45:44 #4 store] 
Database 'C:\Users\Gleethos\Dropbox\workspace\neureka.io\src\objectdb-2.7.6\db\Cores.odb' is closed by 17432@Aximon

------------------------------------------------------------------------------------------------------------------------

[2018-10-21 13:47:04 #1 store] 
Database 'C:\Users\Gleethos\Dropbox\workspace\neureka.io\src\objectdb-2.7.6\db\Cores.odb' is opened by 19168@Aximon

[2018-10-21 13:47:04 #2 store] 
Configuration path: C:\Users\Gleethos\Dropbox\workspace\neureka.io\src\objectdb-2.7.6\objectdb.conf

[2018-10-21 13:47:04 #3 type] 
Type NAPI.NUnitCore is not enhanced.

[2018-10-21 13:47:04 #4 store] 
Database 'C:\Users\Gleethos\Dropbox\workspace\neureka.io\src\objectdb-2.7.6\db\Cores.odb' is closed by 19168@Aximon

------------------------------------------------------------------------------------------------------------------------

[2018-10-21 13:48:11 #1 store] 
Database 'C:\Users\Gleethos\Dropbox\workspace\neureka.io\src\objectdb-2.7.6\db\Cores.odb' is opened by 18976@Aximon

[2018-10-21 13:48:11 #2 store] 
Configuration path: C:\Users\Gleethos\Dropbox\workspace\neureka.io\src\objectdb-2.7.6\objectdb.conf

[2018-10-21 13:48:12 #3 type] 
Type NAPI.NUnitCore is not enhanced.

------------------------------------------------------------------------------------------------------------------------

[2018-10-21 13:48:39 #1 store] 
Database 'C:\Users\Gleethos\Dropbox\workspace\neureka.io\src\objectdb-2.7.6\db\Cores.odb' is opened by 18640@Aximon

[2018-10-21 13:48:39 #2 store] 
Configuration path: C:\Users\Gleethos\Dropbox\workspace\neureka.io\src\objectdb-2.7.6\objectdb.conf

[2018-10-21 13:48:40 #3 type] 
Type NAPI.NUnitCore is not enhanced.

------------------------------------------------------------------------------------------------------------------------

[2018-10-21 13:49:13 #1 store] 
Database 'C:\Users\Gleethos\Dropbox\workspace\neureka.io\src\objectdb-2.7.6\db\Cores.odb' is opened by 12788@Aximon

[2018-10-21 13:49:13 #2 store] 
Configuration path: C:\Users\Gleethos\Dropbox\workspace\neureka.io\src\objectdb-2.7.6\objectdb.conf

[2018-10-21 13:49:14 #3 type] 
Type NAPI.NUnitCore is not enhanced.

[2018-10-21 13:49:14 #4 store] 
Database 'C:\Users\Gleethos\Dropbox\workspace\neureka.io\src\objectdb-2.7.6\db\Cores.odb' is closed by 12788@Aximon

------------------------------------------------------------------------------------------------------------------------

[2018-10-21 13:57:09 #1 store] 
Database 'C:\Users\Gleethos\Dropbox\workspace\neureka.io\src\objectdb-2.7.6\db\Cores.odb' is opened by 18680@Aximon

[2018-10-21 13:57:09 #2 store] 
Configuration path: C:\Users\Gleethos\Dropbox\workspace\neureka.io\src\objectdb-2.7.6\objectdb.conf

[2018-10-21 13:57:09 #3 type] 
Type NAPI.NUnitCore is not enhanced.

[2018-10-21 13:57:10 #4 store] 
Database 'C:\Users\Gleethos\Dropbox\workspace\neureka.io\src\objectdb-2.7.6\db\Cores.odb' is closed by 18680@Aximon

------------------------------------------------------------------------------------------------------------------------

[2018-10-21 13:57:35 #1 store] 
Database 'C:\Users\Gleethos\Dropbox\workspace\neureka.io\src\objectdb-2.7.6\db\Cores.odb' is opened by 16416@Aximon

[2018-10-21 13:57:35 #2 store] 
Configuration path: C:\Users\Gleethos\Dropbox\workspace\neureka.io\src\objectdb-2.7.6\objectdb.conf

[2018-10-21 13:57:35 #3 type] 
Type NAPI.NUnitCore is not enhanced.

------------------------------------------------------------------------------------------------------------------------

[2018-10-21 13:58:22 #1 store] 
Database 'C:\Users\Gleethos\Dropbox\workspace\neureka.io\src\objectdb-2.7.6\db\Cores.odb' is opened by 4448@Aximon

[2018-10-21 13:58:22 #2 store] 
Configuration path: C:\Users\Gleethos\Dropbox\workspace\neureka.io\src\objectdb-2.7.6\objectdb.conf

[2018-10-21 13:58:22 #3 type] 
Type NAPI.NUnitCore is not enhanced.

------------------------------------------------------------------------------------------------------------------------

[2018-10-21 13:58:50 #1 store] 
Database 'C:\Users\Gleethos\Dropbox\workspace\neureka.io\src\objectdb-2.7.6\db\Cores.odb' is opened by 5464@Aximon

[2018-10-21 13:58:50 #2 store] 
Configuration path: C:\Users\Gleethos\Dropbox\workspace\neureka.io\src\objectdb-2.7.6\objectdb.conf

[2018-10-21 13:58:51 #3 type] 
Type NAPI.NUnitCore is not enhanced.

------------------------------------------------------------------------------------------------------------------------

[2018-10-21 14:02:50 #1 store] 
Database 'C:\Users\Gleethos\Dropbox\workspace\neureka.io\src\objectdb-2.7.6\db\Cores.odb' is opened by 16660@Aximon

[2018-10-21 14:02:51 #2 store] 
Configuration path: C:\Users\Gleethos\Dropbox\workspace\neureka.io\src\objectdb-2.7.6\objectdb.conf

[2018-10-21 14:02:51 #3 type] 
Type NAPI.NUnitCore is not enhanced.

------------------------------------------------------------------------------------------------------------------------

[2018-10-21 14:03:06 #1 store] 
Database 'C:\Users\Gleethos\Dropbox\workspace\neureka.io\src\objectdb-2.7.6\db\Cores.odb' is opened by 18564@Aximon

[2018-10-21 14:03:06 #2 store] 
Configuration path: C:\Users\Gleethos\Dropbox\workspace\neureka.io\src\objectdb-2.7.6\objectdb.conf

[2018-10-21 14:03:07 #3 type] 
Type NAPI.NUnitCore is not enhanced.

[2018-10-21 14:03:07 #4 store] 
Database 'C:\Users\Gleethos\Dropbox\workspace\neureka.io\src\objectdb-2.7.6\db\Cores.odb' is closed by 18564@Aximon

------------------------------------------------------------------------------------------------------------------------

[2018-10-21 14:03:20 #1 store] 
Database 'C:\Users\Gleethos\Dropbox\workspace\neureka.io\src\objectdb-2.7.6\db\Cores.odb' is opened by 12368@Aximon

[2018-10-21 14:03:20 #2 store] 
Configuration path: C:\Users\Gleethos\Dropbox\workspace\neureka.io\src\objectdb-2.7.6\objectdb.conf

[2018-10-21 14:03:21 #3 type] 
Type NAPI.NUnitCore is not enhanced.

------------------------------------------------------------------------------------------------------------------------

[2018-10-21 14:04:58 #1 store] 
Database 'C:\Users\Gleethos\Dropbox\workspace\neureka.io\src\objectdb-2.7.6\db\Cores.odb' is opened by 19352@Aximon

[2018-10-21 14:04:58 #2 store] 
Configuration path: C:\Users\Gleethos\Dropbox\workspace\neureka.io\src\objectdb-2.7.6\objectdb.conf

[2018-10-21 14:04:59 #3 type] 
Type NAPI.NUnitCore is not enhanced.

------------------------------------------------------------------------------------------------------------------------

[2018-10-21 14:05:58 #1 store] 
Database 'C:\Users\Gleethos\Dropbox\workspace\neureka.io\src\objectdb-2.7.6\db\Cores.odb' is opened by 800@Aximon

[2018-10-21 14:05:58 #2 store] 
Configuration path: C:\Users\Gleethos\Dropbox\workspace\neureka.io\src\objectdb-2.7.6\objectdb.conf

[2018-10-21 14:05:58 #3 type] 
Type NAPI.NUnitCore is not enhanced.

[2018-10-21 14:05:59 #4 store] 
Database 'C:\Users\Gleethos\Dropbox\workspace\neureka.io\src\objectdb-2.7.6\db\Cores.odb' is closed by 800@Aximon

------------------------------------------------------------------------------------------------------------------------

[2018-10-21 23:46:58 #1 store] 
Database 'C:\Users\Gleethos\Dropbox\workspace\neureka.io\src\objectdb-2.7.6\db\Cores.odb' is opened by 9748@Aximon

[2018-10-21 23:46:58 #2 store] 
Configuration path: C:\Users\Gleethos\Dropbox\workspace\neureka.io\src\objectdb-2.7.6\objectdb.conf

[2018-10-21 23:46:59 #3 type] 
Type NAPI.NUnitCore is not enhanced.

[2018-10-21 23:46:59 #4 store] 
Database 'C:\Users\Gleethos\Dropbox\workspace\neureka.io\src\objectdb-2.7.6\db\Cores.odb' is closed by 9748@Aximon

------------------------------------------------------------------------------------------------------------------------

[2018-10-21 23:47:44 #1 store] 
Database 'C:\Users\Gleethos\Dropbox\workspace\neureka.io\src\objectdb-2.7.6\db\Cores.odb' is opened by 6024@Aximon

[2018-10-21 23:47:44 #2 store] 
Configuration path: C:\Users\Gleethos\Dropbox\workspace\neureka.io\src\objectdb-2.7.6\objectdb.conf

[2018-10-21 23:47:45 #3 type] 
Type NAPI.NUnitCore is not enhanced.

[2018-10-21 23:47:45 #4 store] 
Database 'C:\Users\Gleethos\Dropbox\workspace\neureka.io\src\objectdb-2.7.6\db\Cores.odb' is closed by 6024@Aximon

------------------------------------------------------------------------------------------------------------------------

[2018-10-21 23:49:35 #1 store] 
Database 'C:\Users\Gleethos\Dropbox\workspace\neureka.io\src\objectdb-2.7.6\db\Cores.odb' is opened by 8404@Aximon

[2018-10-21 23:49:35 #2 store] 
Configuration path: C:\Users\Gleethos\Dropbox\workspace\neureka.io\src\objectdb-2.7.6\objectdb.conf

[2018-10-21 23:49:35 #3 type] 
Type NAPI.NUnitCore is not enhanced.

------------------------------------------------------------------------------------------------------------------------

[2018-10-21 23:53:18 #1 store] 
Database 'C:\Users\Gleethos\Dropbox\workspace\neureka.io\src\objectdb-2.7.6\db\Cores.odb' is opened by 568@Aximon

[2018-10-21 23:53:18 #2 store] 
Configuration path: C:\Users\Gleethos\Dropbox\workspace\neureka.io\src\objectdb-2.7.6\objectdb.conf

[2018-10-21 23:53:18 #3 type] 
Type NAPI.NUnitCore is not enhanced.

------------------------------------------------------------------------------------------------------------------------

[2018-10-21 23:57:13 #1 store] 
Database 'C:\Users\Gleethos\Dropbox\workspace\neureka.io\src\objectdb-2.7.6\db\Cores.odb' is opened by 1028@Aximon

[2018-10-21 23:57:13 #2 store] 
Configuration path: C:\Users\Gleethos\Dropbox\workspace\neureka.io\src\objectdb-2.7.6\objectdb.conf

[2018-10-21 23:57:13 #3 type] 
Type NAPI.NUnitCore is not enhanced.

[2018-10-21 23:57:14 #4 store] 
Database 'C:\Users\Gleethos\Dropbox\workspace\neureka.io\src\objectdb-2.7.6\db\Cores.odb' is closed by 1028@Aximon

------------------------------------------------------------------------------------------------------------------------

[2018-10-21 23:57:55 #1 store] 
Database 'C:\Users\Gleethos\Dropbox\workspace\neureka.io\src\objectdb-2.7.6\db\Cores.odb' is opened by 19068@Aximon

[2018-10-21 23:57:55 #2 store] 
Configuration path: C:\Users\Gleethos\Dropbox\workspace\neureka.io\src\objectdb-2.7.6\objectdb.conf

[2018-10-21 23:57:55 #3 type] 
Type NAPI.NUnitCore is not enhanced.

[2018-10-21 23:57:56 #4 store] 
Database 'C:\Users\Gleethos\Dropbox\workspace\neureka.io\src\objectdb-2.7.6\db\Cores.odb' is closed by 19068@Aximon

------------------------------------------------------------------------------------------------------------------------

[2018-10-21 23:58:45 #1 store] 
Database 'C:\Users\Gleethos\Dropbox\workspace\neureka.io\src\objectdb-2.7.6\db\Cores.odb' is opened by 17936@Aximon

[2018-10-21 23:58:45 #2 store] 
Configuration path: C:\Users\Gleethos\Dropbox\workspace\neureka.io\src\objectdb-2.7.6\objectdb.conf

[2018-10-21 23:58:45 #3 type] 
Type NAPI.NUnitCore is not enhanced.

[2018-10-21 23:59:57 #4 store] 
Database 'C:\Users\Gleethos\Dropbox\workspace\neureka.io\src\objectdb-2.7.6\db\Cores.odb' is closed by 17936@Aximon

