------------------------------------------------------------------------------------------------------------------------

[2018-10-20 11:12:18 #1 store] 
Database 'C:\Users\Gleethos\Dropbox\workspace\neureka.io\src\objectdb-2.7.6\db\Cores.odb' is opened by 20008@Aximon

[2018-10-20 11:12:18 #2 store] 
Configuration path: C:\Users\Gleethos\Dropbox\workspace\neureka.io\src\objectdb-2.7.6\objectdb.conf

[2018-10-20 11:12:19 #3 type] 
Type NAPI.NUnitCore is not enhanced.

------------------------------------------------------------------------------------------------------------------------

[2018-10-20 11:14:53 #1 store] 
Database 'C:\Users\Gleethos\Dropbox\workspace\neureka.io\src\objectdb-2.7.6\db\Cores.odb' is opened by 19468@Aximon

[2018-10-20 11:14:53 #2 store] 
Configuration path: C:\Users\Gleethos\Dropbox\workspace\neureka.io\src\objectdb-2.7.6\objectdb.conf

[2018-10-20 11:14:54 #3 type] 
Type NAPI.NUnitCore is not enhanced.

------------------------------------------------------------------------------------------------------------------------

[2018-10-20 11:15:40 #1 store] 
Database 'C:\Users\Gleethos\Dropbox\workspace\neureka.io\src\objectdb-2.7.6\db\Cores.odb' is opened by 2340@Aximon

[2018-10-20 11:15:40 #2 store] 
Configuration path: C:\Users\Gleethos\Dropbox\workspace\neureka.io\src\objectdb-2.7.6\objectdb.conf

[2018-10-20 11:15:40 #3 type] 
Type NAPI.NUnitCore is not enhanced.

------------------------------------------------------------------------------------------------------------------------

[2018-10-20 11:16:48 #1 store] 
Database 'C:\Users\Gleethos\Dropbox\workspace\neureka.io\src\objectdb-2.7.6\db\Cores.odb' is opened by 2264@Aximon

[2018-10-20 11:16:48 #2 store] 
Configuration path: C:\Users\Gleethos\Dropbox\workspace\neureka.io\src\objectdb-2.7.6\objectdb.conf

[2018-10-20 11:16:49 #3 type] 
Type NAPI.NUnitCore is not enhanced.

------------------------------------------------------------------------------------------------------------------------

[2018-10-20 14:12:45 #1 store] 
Database 'C:\Users\Gleethos\Dropbox\workspace\neureka.io\src\objectdb-2.7.6\db\Cores.odb' is opened by 9752@Aximon

[2018-10-20 14:12:45 #2 store] 
Configuration path: C:\Users\Gleethos\Dropbox\workspace\neureka.io\src\objectdb-2.7.6\objectdb.conf

[2018-10-20 14:12:45 #3 type] 
Type NAPI.NUnitCore is not enhanced.

------------------------------------------------------------------------------------------------------------------------

[2018-10-20 14:12:52 #1 store] 
Database 'C:\Users\Gleethos\Dropbox\workspace\neureka.io\src\objectdb-2.7.6\db\Cores.odb' is opened by 1156@Aximon

[2018-10-20 14:12:52 #2 store] 
Configuration path: C:\Users\Gleethos\Dropbox\workspace\neureka.io\src\objectdb-2.7.6\objectdb.conf

[2018-10-20 14:12:52 #3 type] 
Type NAPI.NUnitCore is not enhanced.

------------------------------------------------------------------------------------------------------------------------

[2018-10-20 14:13:22 #1 store] 
Database 'C:\Users\Gleethos\Dropbox\workspace\neureka.io\src\objectdb-2.7.6\db\Cores.odb' is opened by 13444@Aximon

[2018-10-20 14:13:22 #2 store] 
Configuration path: C:\Users\Gleethos\Dropbox\workspace\neureka.io\src\objectdb-2.7.6\objectdb.conf

[2018-10-20 14:13:23 #3 type] 
Type NAPI.NUnitCore is not enhanced.

------------------------------------------------------------------------------------------------------------------------

[2018-10-20 14:13:46 #1 store] 
Database 'C:\Users\Gleethos\Dropbox\workspace\neureka.io\src\objectdb-2.7.6\db\Cores.odb' is opened by 10112@Aximon

[2018-10-20 14:13:46 #2 store] 
Configuration path: C:\Users\Gleethos\Dropbox\workspace\neureka.io\src\objectdb-2.7.6\objectdb.conf

[2018-10-20 14:13:47 #3 type] 
Type NAPI.NUnitCore is not enhanced.

------------------------------------------------------------------------------------------------------------------------

[2018-10-20 14:15:42 #1 store] 
Database 'C:\Users\Gleethos\Dropbox\workspace\neureka.io\src\objectdb-2.7.6\db\Cores.odb' is opened by 7676@Aximon

[2018-10-20 14:15:42 #2 store] 
Configuration path: C:\Users\Gleethos\Dropbox\workspace\neureka.io\src\objectdb-2.7.6\objectdb.conf

[2018-10-20 14:15:42 #3 type] 
Type NAPI.NUnitCore is not enhanced.

------------------------------------------------------------------------------------------------------------------------

[2018-10-20 14:16:12 #1 store] 
Database 'C:\Users\Gleethos\Dropbox\workspace\neureka.io\src\objectdb-2.7.6\db\Cores.odb' is opened by 6400@Aximon

[2018-10-20 14:16:12 #2 store] 
Configuration path: C:\Users\Gleethos\Dropbox\workspace\neureka.io\src\objectdb-2.7.6\objectdb.conf

[2018-10-20 14:16:13 #3 type] 
Type NAPI.NUnitCore is not enhanced.

[2018-10-20 14:16:13 #4 store] 
Database 'C:\Users\Gleethos\Dropbox\workspace\neureka.io\src\objectdb-2.7.6\db\Cores.odb' is closed by 6400@Aximon

------------------------------------------------------------------------------------------------------------------------

[2018-10-20 14:25:50 #1 store] 
Database 'C:\Users\Gleethos\Dropbox\workspace\neureka.io\src\objectdb-2.7.6\db\Cores.odb' is opened by 11328@Aximon

[2018-10-20 14:25:50 #2 store] 
Configuration path: C:\Users\Gleethos\Dropbox\workspace\neureka.io\src\objectdb-2.7.6\objectdb.conf

[2018-10-20 14:25:50 #3 type] 
Type NAPI.NUnitCore is not enhanced.

[2018-10-20 14:25:51 #4 store] 
Database 'C:\Users\Gleethos\Dropbox\workspace\neureka.io\src\objectdb-2.7.6\db\Cores.odb' is closed by 11328@Aximon

------------------------------------------------------------------------------------------------------------------------

[2018-10-20 14:26:31 #1 store] 
Database 'C:\Users\Gleethos\Dropbox\workspace\neureka.io\src\objectdb-2.7.6\db\Cores.odb' is opened by 12692@Aximon

[2018-10-20 14:26:31 #2 store] 
Configuration path: C:\Users\Gleethos\Dropbox\workspace\neureka.io\src\objectdb-2.7.6\objectdb.conf

[2018-10-20 14:26:31 #3 type] 
Type NAPI.NUnitCore is not enhanced.

------------------------------------------------------------------------------------------------------------------------

[2018-10-20 14:29:05 #1 store] 
Database 'C:\Users\Gleethos\Dropbox\workspace\neureka.io\src\objectdb-2.7.6\db\Cores.odb' is opened by 13052@Aximon

[2018-10-20 14:29:05 #2 store] 
Configuration path: C:\Users\Gleethos\Dropbox\workspace\neureka.io\src\objectdb-2.7.6\objectdb.conf

[2018-10-20 14:29:05 #3 type] 
Type NAPI.NUnitCore is not enhanced.

------------------------------------------------------------------------------------------------------------------------

[2018-10-20 14:31:06 #1 store] 
Database 'C:\Users\Gleethos\Dropbox\workspace\neureka.io\src\objectdb-2.7.6\db\Cores.odb' is opened by 3600@Aximon

[2018-10-20 14:31:06 #2 store] 
Configuration path: C:\Users\Gleethos\Dropbox\workspace\neureka.io\src\objectdb-2.7.6\objectdb.conf

[2018-10-20 14:31:07 #3 type] 
Type NAPI.NUnitCore is not enhanced.

------------------------------------------------------------------------------------------------------------------------

[2018-10-20 15:03:32 #1 store] 
Database 'C:\Users\Gleethos\Dropbox\workspace\neureka.io\src\objectdb-2.7.6\db\Cores.odb' is opened by 10044@Aximon

[2018-10-20 15:03:32 #2 store] 
Configuration path: C:\Users\Gleethos\Dropbox\workspace\neureka.io\src\objectdb-2.7.6\objectdb.conf

[2018-10-20 15:03:33 #3 type] 
Type NAPI.NUnitCore is not enhanced.

------------------------------------------------------------------------------------------------------------------------

[2018-10-20 15:04:13 #1 store] 
Database 'C:\Users\Gleethos\Dropbox\workspace\neureka.io\src\objectdb-2.7.6\db\Cores.odb' is opened by 15748@Aximon

[2018-10-20 15:04:13 #2 store] 
Configuration path: C:\Users\Gleethos\Dropbox\workspace\neureka.io\src\objectdb-2.7.6\objectdb.conf

[2018-10-20 15:04:13 #3 type] 
Type NAPI.NUnitCore is not enhanced.

------------------------------------------------------------------------------------------------------------------------

[2018-10-20 15:04:37 #1 store] 
Database 'C:\Users\Gleethos\Dropbox\workspace\neureka.io\src\objectdb-2.7.6\db\Cores.odb' is opened by 8328@Aximon

[2018-10-20 15:04:37 #2 store] 
Configuration path: C:\Users\Gleethos\Dropbox\workspace\neureka.io\src\objectdb-2.7.6\objectdb.conf

[2018-10-20 15:04:37 #3 type] 
Type NAPI.NUnitCore is not enhanced.

------------------------------------------------------------------------------------------------------------------------

[2018-10-20 15:06:42 #1 store] 
Database 'C:\Users\Gleethos\Dropbox\workspace\neureka.io\src\objectdb-2.7.6\db\Cores.odb' is opened by 10836@Aximon

[2018-10-20 15:06:42 #2 store] 
Configuration path: C:\Users\Gleethos\Dropbox\workspace\neureka.io\src\objectdb-2.7.6\objectdb.conf

[2018-10-20 15:06:42 #3 type] 
Type NAPI.NUnitCore is not enhanced.

------------------------------------------------------------------------------------------------------------------------

[2018-10-20 15:08:22 #1 store] 
Database 'C:\Users\Gleethos\Dropbox\workspace\neureka.io\src\objectdb-2.7.6\db\Cores.odb' is opened by 3572@Aximon

[2018-10-20 15:08:22 #2 store] 
Configuration path: C:\Users\Gleethos\Dropbox\workspace\neureka.io\src\objectdb-2.7.6\objectdb.conf

[2018-10-20 15:08:22 #3 type] 
Type NAPI.NUnitCore is not enhanced.

[2018-10-20 15:08:23 #4 store] 
Database 'C:\Users\Gleethos\Dropbox\workspace\neureka.io\src\objectdb-2.7.6\db\Cores.odb' is closed by 3572@Aximon

------------------------------------------------------------------------------------------------------------------------

[2018-10-20 15:11:45 #1 store] 
Database 'C:\Users\Gleethos\Dropbox\workspace\neureka.io\src\objectdb-2.7.6\db\Cores.odb' is opened by 12244@Aximon

[2018-10-20 15:11:45 #2 store] 
Configuration path: C:\Users\Gleethos\Dropbox\workspace\neureka.io\src\objectdb-2.7.6\objectdb.conf

[2018-10-20 15:11:45 #3 type] 
Type NAPI.NUnitCore is not enhanced.

[2018-10-20 15:11:46 #4 store] 
Database 'C:\Users\Gleethos\Dropbox\workspace\neureka.io\src\objectdb-2.7.6\db\Cores.odb' is closed by 12244@Aximon

------------------------------------------------------------------------------------------------------------------------

[2018-10-20 15:13:24 #1 store] 
Database 'C:\Users\Gleethos\Dropbox\workspace\neureka.io\src\objectdb-2.7.6\db\Cores.odb' is opened by 6720@Aximon

[2018-10-20 15:13:24 #2 store] 
Configuration path: C:\Users\Gleethos\Dropbox\workspace\neureka.io\src\objectdb-2.7.6\objectdb.conf

[2018-10-20 15:13:24 #3 type] 
Type NAPI.NUnitCore is not enhanced.

[2018-10-20 15:13:25 #4 store] 
Database 'C:\Users\Gleethos\Dropbox\workspace\neureka.io\src\objectdb-2.7.6\db\Cores.odb' is closed by 6720@Aximon

------------------------------------------------------------------------------------------------------------------------

[2018-10-20 15:13:41 #1 store] 
Database 'C:\Users\Gleethos\Dropbox\workspace\neureka.io\src\objectdb-2.7.6\db\Cores.odb' is opened by 8128@Aximon

[2018-10-20 15:13:41 #2 store] 
Configuration path: C:\Users\Gleethos\Dropbox\workspace\neureka.io\src\objectdb-2.7.6\objectdb.conf

[2018-10-20 15:13:41 #3 type] 
Type NAPI.NUnitCore is not enhanced.

------------------------------------------------------------------------------------------------------------------------

[2018-10-20 15:14:42 #1 store] 
Database 'C:\Users\Gleethos\Dropbox\workspace\neureka.io\src\objectdb-2.7.6\db\Cores.odb' is opened by 15096@Aximon

[2018-10-20 15:14:42 #2 store] 
Configuration path: C:\Users\Gleethos\Dropbox\workspace\neureka.io\src\objectdb-2.7.6\objectdb.conf

[2018-10-20 15:14:42 #3 type] 
Type NAPI.NUnitCore is not enhanced.

------------------------------------------------------------------------------------------------------------------------

[2018-10-20 16:22:21 #1 store] 
Database 'C:\Users\Gleethos\Dropbox\workspace\neureka.io\src\objectdb-2.7.6\db\Cores.odb' is opened by 10464@Aximon

[2018-10-20 16:22:21 #2 store] 
Configuration path: C:\Users\Gleethos\Dropbox\workspace\neureka.io\src\objectdb-2.7.6\objectdb.conf

[2018-10-20 16:22:22 #3 type] 
Type NAPI.NUnitCore is not enhanced.

[2018-10-20 16:22:22 #4 store] 
Database 'C:\Users\Gleethos\Dropbox\workspace\neureka.io\src\objectdb-2.7.6\db\Cores.odb' is closed by 10464@Aximon

------------------------------------------------------------------------------------------------------------------------

[2018-10-20 16:23:49 #1 store] 
Database 'C:\Users\Gleethos\Dropbox\workspace\neureka.io\src\objectdb-2.7.6\db\Cores.odb' is opened by 9680@Aximon

[2018-10-20 16:23:49 #2 store] 
Configuration path: C:\Users\Gleethos\Dropbox\workspace\neureka.io\src\objectdb-2.7.6\objectdb.conf

[2018-10-20 16:23:49 #3 type] 
Type NAPI.NUnitCore is not enhanced.

------------------------------------------------------------------------------------------------------------------------

[2018-10-20 16:24:25 #1 store] 
Database 'C:\Users\Gleethos\Dropbox\workspace\neureka.io\src\objectdb-2.7.6\db\Cores.odb' is opened by 4684@Aximon

[2018-10-20 16:24:25 #2 store] 
Configuration path: C:\Users\Gleethos\Dropbox\workspace\neureka.io\src\objectdb-2.7.6\objectdb.conf

[2018-10-20 16:24:26 #3 type] 
Type NAPI.NUnitCore is not enhanced.

