------------------------------------------------------------------------------------------------------------------------

[2018-10-19 22:44:58 #1 store] 
Database 'C:\Users\Gleethos\Dropbox\workspace\neureka.io\src\objectdb-2.7.6\db\points.odb' is opened by 8636@Aximon

[2018-10-19 22:44:58 #2 store] 
Configuration path: C:\Users\Gleethos\Dropbox\workspace\neureka.io\src\objectdb-2.7.6\objectdb.conf

[2018-10-19 22:44:59 #3 type.registry] 
New type java.awt.geom.Point2D

[2018-10-19 22:44:59 #4 type.registry] 
New type java.awt.Point

------------------------------------------------------------------------------------------------------------------------

[2018-10-19 22:51:30 #1 store] 
Database 'C:\Users\Gleethos\Dropbox\workspace\neureka.io\src\objectdb-2.7.6\db\points.odb' has been recovered (tr. 6-7)

[2018-10-19 22:51:30 #2 store] 
Database 'C:\Users\Gleethos\Dropbox\workspace\neureka.io\src\objectdb-2.7.6\db\points.odb' is opened by 1968@Aximon

[2018-10-19 22:51:30 #3 store] 
Configuration path: C:\Users\Gleethos\Dropbox\workspace\neureka.io\src\objectdb-2.7.6\objectdb.conf

[2018-10-19 22:51:30 #4 type.registry] 
New type NAPI.NUnit

[2018-10-19 22:51:30 #5 type.registry] 
New type NAPI.NUnitCore

[2018-10-19 22:51:30 #6 type] 
Type NAPI.NUnitCore is not enhanced.

[2018-10-19 22:51:30 #7 type.registry] 
New type double[]

[2018-10-19 22:51:30 #8 type.registry] 
New type double[][]

[2018-10-19 22:51:30 #9 type.registry] 
New type NAPI.NUnit[]

[2018-10-19 22:51:30 #10 type.registry] 
New type NAPI.NUnit[][]

[2018-10-19 22:51:30 #11 type.registry] 
New type NAPI.NUnitPropertyHub

[2018-10-19 22:51:30 #12 type.registry] 
New type NAPI.NUnitCalculationCore

------------------------------------------------------------------------------------------------------------------------

[2018-10-19 22:51:49 #1 store] 
Database 'C:\Users\Gleethos\Dropbox\workspace\neureka.io\src\objectdb-2.7.6\db\points.odb' has been recovered (tr. 8-8)

[2018-10-19 22:51:50 #2 store] 
Database 'C:\Users\Gleethos\Dropbox\workspace\neureka.io\src\objectdb-2.7.6\db\points.odb' is opened by 19648@Aximon

[2018-10-19 22:51:50 #3 store] 
Configuration path: C:\Users\Gleethos\Dropbox\workspace\neureka.io\src\objectdb-2.7.6\objectdb.conf

[2018-10-19 22:51:50 #4 type] 
Type NAPI.NUnitCore is not enhanced.

------------------------------------------------------------------------------------------------------------------------

[2018-10-19 22:52:57 #1 store] 
Database 'C:\Users\Gleethos\Dropbox\workspace\neureka.io\src\objectdb-2.7.6\db\points.odb' is opened by 4296@Aximon

[2018-10-19 22:52:57 #2 store] 
Configuration path: C:\Users\Gleethos\Dropbox\workspace\neureka.io\src\objectdb-2.7.6\objectdb.conf

[2018-10-19 22:52:58 #3 type] 
Type NAPI.NUnitCore is not enhanced.

------------------------------------------------------------------------------------------------------------------------

[2018-10-19 22:53:12 #1 store] 
Database 'C:\Users\Gleethos\Dropbox\workspace\neureka.io\src\objectdb-2.7.6\db\points.odb' is opened by 11860@Aximon

[2018-10-19 22:53:12 #2 store] 
Configuration path: C:\Users\Gleethos\Dropbox\workspace\neureka.io\src\objectdb-2.7.6\objectdb.conf

[2018-10-19 22:53:12 #3 type] 
Type NAPI.NUnitCore is not enhanced.

------------------------------------------------------------------------------------------------------------------------

[2018-10-19 22:54:37 #1 store] 
Database 'C:\Users\Gleethos\Dropbox\workspace\neureka.io\src\objectdb-2.7.6\db\points.odb' is opened by 19152@Aximon

[2018-10-19 22:54:37 #2 store] 
Configuration path: C:\Users\Gleethos\Dropbox\workspace\neureka.io\src\objectdb-2.7.6\objectdb.conf

[2018-10-19 22:54:37 #3 type] 
Type NAPI.NUnitCore is not enhanced.

------------------------------------------------------------------------------------------------------------------------

[2018-10-19 22:57:12 #1 store] 
Database 'C:\Users\Gleethos\Dropbox\workspace\neureka.io\src\objectdb-2.7.6\db\points.odb' is opened by 9944@Aximon

[2018-10-19 22:57:12 #2 store] 
Configuration path: C:\Users\Gleethos\Dropbox\workspace\neureka.io\src\objectdb-2.7.6\objectdb.conf

[2018-10-19 22:57:12 #3 type] 
Type NAPI.NUnitCore is not enhanced.

------------------------------------------------------------------------------------------------------------------------

[2018-10-19 22:58:12 #1 store] 
Database 'C:\Users\Gleethos\Dropbox\workspace\neureka.io\src\objectdb-2.7.6\db\points.odb' has been recovered (tr. 9-10)

[2018-10-19 22:58:12 #2 store] 
Database 'C:\Users\Gleethos\Dropbox\workspace\neureka.io\src\objectdb-2.7.6\db\points.odb' is opened by 7304@Aximon

[2018-10-19 22:58:12 #3 store] 
Configuration path: C:\Users\Gleethos\Dropbox\workspace\neureka.io\src\objectdb-2.7.6\objectdb.conf

[2018-10-19 22:58:13 #4 type] 
Type NAPI.NUnitCore is not enhanced.

------------------------------------------------------------------------------------------------------------------------

[2018-10-19 22:59:02 #1 store] 
Database 'C:\Users\Gleethos\Dropbox\workspace\neureka.io\src\objectdb-2.7.6\db\points.odb' has been recovered (tr. 11-11)

[2018-10-19 22:59:02 #2 store] 
Database 'C:\Users\Gleethos\Dropbox\workspace\neureka.io\src\objectdb-2.7.6\db\points.odb' is opened by 1588@Aximon

[2018-10-19 22:59:02 #3 store] 
Configuration path: C:\Users\Gleethos\Dropbox\workspace\neureka.io\src\objectdb-2.7.6\objectdb.conf

[2018-10-19 22:59:02 #4 type] 
Type NAPI.NUnitCore is not enhanced.

------------------------------------------------------------------------------------------------------------------------

[2018-10-19 23:03:48 #1 store] 
Database 'C:\Users\Gleethos\Dropbox\workspace\neureka.io\src\objectdb-2.7.6\db\points.odb' has been recovered (tr. 12-12)

[2018-10-19 23:03:49 #2 store] 
Database 'C:\Users\Gleethos\Dropbox\workspace\neureka.io\src\objectdb-2.7.6\db\points.odb' is opened by 15296@Aximon

[2018-10-19 23:03:49 #3 store] 
Configuration path: C:\Users\Gleethos\Dropbox\workspace\neureka.io\src\objectdb-2.7.6\objectdb.conf

[2018-10-19 23:03:49 #4 type] 
Type NAPI.NUnitCore is not enhanced.

------------------------------------------------------------------------------------------------------------------------

[2018-10-19 23:04:16 #1 store] 
Database 'C:\Users\Gleethos\Dropbox\workspace\neureka.io\src\objectdb-2.7.6\db\points.odb' is opened by 18248@Aximon

[2018-10-19 23:04:16 #2 store] 
Configuration path: C:\Users\Gleethos\Dropbox\workspace\neureka.io\src\objectdb-2.7.6\objectdb.conf

[2018-10-19 23:04:16 #3 type] 
Type NAPI.NUnitCore is not enhanced.

------------------------------------------------------------------------------------------------------------------------

[2018-10-19 23:04:56 #1 store] 
Database 'C:\Users\Gleethos\Dropbox\workspace\neureka.io\src\objectdb-2.7.6\db\points.odb' has been recovered (tr. 13-13)

[2018-10-19 23:04:56 #2 store] 
Database 'C:\Users\Gleethos\Dropbox\workspace\neureka.io\src\objectdb-2.7.6\db\points.odb' is opened by 16132@Aximon

[2018-10-19 23:04:56 #3 store] 
Configuration path: C:\Users\Gleethos\Dropbox\workspace\neureka.io\src\objectdb-2.7.6\objectdb.conf

[2018-10-19 23:04:57 #4 type] 
Type NAPI.NUnitCore is not enhanced.

------------------------------------------------------------------------------------------------------------------------

[2018-10-19 23:05:35 #1 store] 
Database 'C:\Users\Gleethos\Dropbox\workspace\neureka.io\src\objectdb-2.7.6\db\points.odb' is opened by 4640@Aximon

[2018-10-19 23:05:35 #2 store] 
Configuration path: C:\Users\Gleethos\Dropbox\workspace\neureka.io\src\objectdb-2.7.6\objectdb.conf

[2018-10-19 23:05:35 #3 type] 
Type NAPI.NUnitCore is not enhanced.

------------------------------------------------------------------------------------------------------------------------

[2018-10-19 23:10:49 #1 store] 
Database 'C:\Users\Gleethos\Dropbox\workspace\neureka.io\src\objectdb-2.7.6\db\Cores.odb' is opened by 8556@Aximon

[2018-10-19 23:10:49 #2 store] 
Configuration path: C:\Users\Gleethos\Dropbox\workspace\neureka.io\src\objectdb-2.7.6\objectdb.conf

[2018-10-19 23:10:50 #3 type.registry] 
New type NAPI.NUnit

[2018-10-19 23:10:50 #4 type.registry] 
New type NAPI.NUnitCore

[2018-10-19 23:10:50 #5 type] 
Type NAPI.NUnitCore is not enhanced.

[2018-10-19 23:10:50 #6 type.registry] 
New type double[]

[2018-10-19 23:10:50 #7 type.registry] 
New type double[][]

[2018-10-19 23:10:50 #8 type.registry] 
New type NAPI.NUnit[]

[2018-10-19 23:10:50 #9 type.registry] 
New type NAPI.NUnit[][]

[2018-10-19 23:10:50 #10 type.registry] 
New type NAPI.NUnitPropertyHub

[2018-10-19 23:10:50 #11 type.registry] 
New type NAPI.NUnitCalculationCore

------------------------------------------------------------------------------------------------------------------------

[2018-10-19 23:11:25 #1 store] 
Database 'C:\Users\Gleethos\Dropbox\workspace\neureka.io\src\objectdb-2.7.6\db\Cores.odb' has been recovered (tr. 1-4)

[2018-10-19 23:11:25 #2 store] 
Database 'C:\Users\Gleethos\Dropbox\workspace\neureka.io\src\objectdb-2.7.6\db\Cores.odb' is opened by 18036@Aximon

[2018-10-19 23:11:25 #3 store] 
Configuration path: C:\Users\Gleethos\Dropbox\workspace\neureka.io\src\objectdb-2.7.6\objectdb.conf

[2018-10-19 23:11:25 #4 type] 
Type NAPI.NUnitCore is not enhanced.

------------------------------------------------------------------------------------------------------------------------

[2018-10-19 23:11:42 #1 store] 
Database 'C:\Users\Gleethos\Dropbox\workspace\neureka.io\src\objectdb-2.7.6\db\Cores.odb' is opened by 20448@Aximon

[2018-10-19 23:11:42 #2 store] 
Configuration path: C:\Users\Gleethos\Dropbox\workspace\neureka.io\src\objectdb-2.7.6\objectdb.conf

[2018-10-19 23:11:43 #3 type] 
Type NAPI.NUnitCore is not enhanced.

[2018-10-19 23:11:43 #4 store] 
Database 'C:\Users\Gleethos\Dropbox\workspace\neureka.io\src\objectdb-2.7.6\db\Cores.odb' is closed by 20448@Aximon

------------------------------------------------------------------------------------------------------------------------

[2018-10-19 23:13:38 #1 store] 
Database 'C:\Users\Gleethos\Dropbox\workspace\neureka.io\src\objectdb-2.7.6\db\Cores.odb' is opened by 6580@Aximon

[2018-10-19 23:13:38 #2 store] 
Configuration path: C:\Users\Gleethos\Dropbox\workspace\neureka.io\src\objectdb-2.7.6\objectdb.conf

[2018-10-19 23:13:39 #3 type.registry] 
New type NAPI.NUnit

[2018-10-19 23:13:39 #4 type.registry] 
New type NAPI.NUnitCore

[2018-10-19 23:13:39 #5 type] 
Type NAPI.NUnitCore is not enhanced.

[2018-10-19 23:13:39 #6 type.registry] 
New type double[]

[2018-10-19 23:13:39 #7 type.registry] 
New type double[][]

[2018-10-19 23:13:39 #8 type.registry] 
New type NAPI.NUnit[]

[2018-10-19 23:13:39 #9 type.registry] 
New type NAPI.NUnit[][]

[2018-10-19 23:13:39 #10 type.registry] 
New type NAPI.NUnitPropertyHub

[2018-10-19 23:13:39 #11 type.registry] 
New type NAPI.NUnitCalculationCore

[2018-10-19 23:13:39 #12 store] 
Database 'C:\Users\Gleethos\Dropbox\workspace\neureka.io\src\objectdb-2.7.6\db\Cores.odb' is closed by 6580@Aximon

